<?xml version="1.0" encoding="UTF-8"?><TestSessionContainer xmlns="http://www.codecover.org/xml/testsession-container" Date="1487051887998" TestSessionContainerId="4aa5bcfe-d247-4384-aa84-6ed3395de436" version="1.0">
<SrcFileList>
<SrcFile Content="&#13;&#10;public class Card {&#13;&#10;&#9;String cardType;&#13;&#10;&#9;int cost, worth, actionsGranted, buysGranted, cardsGranted, victoryPoints;&#13;&#10;&#9;boolean special, action;&#13;&#10;&#13;&#10;&#9;public Card(String type)&#13;&#10;&#9;{&#13;&#10;&#9;&#9;cardType=type;&#13;&#10;&#9;&#9;action=false;&#13;&#10;&#9;&#9;&#13;&#10;&#9;&#9;switch(type){&#13;&#10;&#9;&#9;&#9;case &quot;copper&quot;:&#13;&#10;&#9;&#9;&#9;&#9;makeCopper(this);&#13;&#10;&#9;&#9;&#9;&#9;break;&#13;&#10;&#9;&#9;&#9;case &quot;silver&quot;:&#13;&#10;&#9;&#9;&#9;&#9;makeSilver(this);&#13;&#10;&#9;&#9;&#9;&#9;break;&#13;&#10;&#9;&#9;&#9;case &quot;gold&quot;:&#13;&#10;&#9;&#9;&#9;&#9;makeGold(this);&#13;&#10;&#9;&#9;&#9;&#9;break;&#13;&#10;&#9;&#9;&#9;case &quot;estate&quot;:&#13;&#10;&#9;&#9;&#9;&#9;makeEstate(this);&#13;&#10;&#9;&#9;&#9;&#9;break;&#13;&#10;&#9;&#9;&#9;case &quot;duchy&quot;:&#13;&#10;&#9;&#9;&#9;&#9;makeDuchy(this);&#13;&#10;&#9;&#9;&#9;&#9;break;&#13;&#10;&#9;&#9;&#9;case &quot;province&quot;:&#13;&#10;&#9;&#9;&#9;&#9;makeProvince(this);&#13;&#10;&#9;&#9;&#9;&#9;break;&#13;&#10;&#9;&#9;&#9;case &quot;adventurer&quot;:&#13;&#10;&#9;&#9;&#9;&#9;makeAdventurer(this);&#13;&#10;&#9;&#9;&#9;&#9;action=true;&#13;&#10;&#9;&#9;&#9;&#9;break;&#13;&#10;&#9;&#9;&#9;case &quot;ambassador&quot;:&#13;&#10;&#9;&#9;&#9;&#9;makeAmbassador(this);&#13;&#10;&#9;&#9;&#9;&#9;action=true;&#13;&#10;&#9;&#9;&#9;&#9;break;&#13;&#10;&#9;&#9;&#9;case &quot;baron&quot;:&#13;&#10;&#9;&#9;&#9;&#9;makeBaron(this);&#13;&#10;&#9;&#9;&#9;&#9;action=true;&#13;&#10;&#9;&#9;&#9;&#9;break;&#13;&#10;&#9;&#9;&#9;case &quot;council room&quot;:&#13;&#10;&#9;&#9;&#9;&#9;makeCouncilRoom(this);&#13;&#10;&#9;&#9;&#9;&#9;action=true;&#13;&#10;&#9;&#9;&#9;&#9;break;&#13;&#10;&#9;&#9;&#9;case &quot;cutpurse&quot;:&#13;&#10;&#9;&#9;&#9;&#9;makeCutpurse(this);&#13;&#10;&#9;&#9;&#9;&#9;action=true;&#13;&#10;&#9;&#9;&#9;&#9;break;&#13;&#10;&#9;&#9;&#9;case &quot;embargo&quot;:&#13;&#10;&#9;&#9;&#9;&#9;makeEmbargo(this);&#13;&#10;&#9;&#9;&#9;&#9;action=true;&#13;&#10;&#9;&#9;&#9;&#9;break;&#13;&#10;&#9;&#9;&#9;case &quot;feast&quot;:&#13;&#10;&#9;&#9;&#9;&#9;makeFeast(this);&#13;&#10;&#9;&#9;&#9;&#9;action=true;&#13;&#10;&#9;&#9;&#9;&#9;break;&#13;&#10;&#9;&#9;&#9;case &quot;gardens&quot;:&#13;&#10;&#9;&#9;&#9;&#9;makeGardens(this);&#13;&#10;&#9;&#9;&#9;&#9;break;&#13;&#10;&#9;&#9;&#9;case &quot;great hall&quot;:&#13;&#10;&#9;&#9;&#9;&#9;makeGreatHall(this);&#13;&#10;&#9;&#9;&#9;&#9;action=true;&#13;&#10;&#9;&#9;&#9;&#9;break;&#13;&#10;&#9;&#9;&#9;case &quot;mine&quot;:&#13;&#10;&#9;&#9;&#9;&#9;makeMine(this);&#13;&#10;&#9;&#9;&#9;&#9;action=true;&#13;&#10;&#9;&#9;&#9;&#9;break;&#13;&#10;&#9;&#9;&#9;case &quot;smithy&quot;:&#13;&#10;&#9;&#9;&#9;&#9;makeSmithy(this);&#13;&#10;&#9;&#9;&#9;&#9;action=true;&#13;&#10;&#9;&#9;&#9;&#9;break;&#13;&#10;&#9;&#9;&#9;case &quot;village&quot;:&#13;&#10;&#9;&#9;&#9;&#9;makeVillage(this);&#13;&#10;&#9;&#9;&#9;&#9;action=true;&#13;&#10;&#9;&#9;&#9;&#9;break;&#13;&#10;&#9;&#9;&#9;case &quot;woodcutter&quot;:&#13;&#10;&#9;&#9;&#9;&#9;makeWoodcutter(this);&#13;&#10;&#9;&#9;&#9;&#9;action=true;&#13;&#10;&#9;&#9;&#9;&#9;break;&#13;&#10;&#9;&#9;&#9;case &quot;curse&quot;:&#13;&#10;&#9;&#9;&#9;&#9;makeCurse(this);&#13;&#10;&#9;&#9;&#9;&#9;break;&#13;&#10;&#9;&#9;&#9;}&#9;&#9;&#13;&#10;&#9;&#9;}&#13;&#10;&#9;private void makeCurse(Card card) {&#13;&#10;&#9;&#9;card.cost=0;&#13;&#10;&#9;&#9;card.worth=0;&#13;&#10;&#9;&#9;card.actionsGranted=0;&#13;&#10;&#9;&#9;card.buysGranted=0;&#13;&#10;&#9;&#9;card.cardsGranted=0;&#13;&#10;&#9;&#9;card.victoryPoints=(-1);&#13;&#10;&#9;&#9;special=false; &#13;&#10;&#9;&#9;return;&#13;&#10;&#9;&#9;&#13;&#10;&#9;}&#13;&#10;&#9;private void makeMine(Card card) {&#13;&#10;&#9;&#9;card.cost=5;&#13;&#10;&#9;&#9;card.worth=0;&#13;&#10;&#9;&#9;card.actionsGranted=0;&#13;&#10;&#9;&#9;card.buysGranted=0;&#13;&#10;&#9;&#9;card.cardsGranted=0;&#13;&#10;&#9;&#9;card.victoryPoints=0;&#13;&#10;&#9;&#9;special=true; //trash a treasure card, gain a treasure card costing up to 3 more put it in your hand &#13;&#10;&#9;&#9;return;&#13;&#10;&#9;&#9;&#13;&#10;&#9;}&#13;&#10;&#9;private void makeGreatHall(Card card) {&#13;&#10;&#9;&#9;card.cost=3;&#13;&#10;&#9;&#9;card.worth=0;&#13;&#10;&#9;&#9;card.actionsGranted=1;&#13;&#10;&#9;&#9;card.buysGranted=0;&#13;&#10;&#9;&#9;card.cardsGranted=1;&#13;&#10;&#9;&#9;card.victoryPoints=1;&#13;&#10;&#9;&#9;special=false;  &#13;&#10;&#9;&#9;return;&#9;&#13;&#10;&#9;&#9;&#13;&#10;&#9;}&#13;&#10;&#9;private void makeGardens(Card card) {&#13;&#10;&#9;&#9;card.cost=4;&#13;&#10;&#9;&#9;card.worth=0;&#13;&#10;&#9;&#9;card.actionsGranted=0;&#13;&#10;&#9;&#9;card.buysGranted=0;&#13;&#10;&#9;&#9;card.cardsGranted=0;&#13;&#10;&#9;&#9;card.victoryPoints=0;&#13;&#10;&#9;&#9;special=true; //worth 1 vp for every 10 cards in deck, (rounded down) &#13;&#10;&#9;&#9;return;&#9;&#13;&#10;&#9;&#9;&#13;&#10;&#9;}&#13;&#10;&#9;private void makeFeast(Card card) {&#13;&#10;&#9;&#9;card.cost=4;&#13;&#10;&#9;&#9;card.worth=0;&#13;&#10;&#9;&#9;card.actionsGranted=0;&#13;&#10;&#9;&#9;card.buysGranted=0;&#13;&#10;&#9;&#9;card.cardsGranted=0;&#13;&#10;&#9;&#9;card.victoryPoints=0;&#13;&#10;&#9;&#9;special=true; //Trash this card. Gain a card costing up to 5 gold &#13;&#10;&#9;&#9;return;&#9;&#13;&#10;&#9;&#9;&#13;&#10;&#9;}&#13;&#10;&#9;private void makeEmbargo(Card card) {&#13;&#10;&#9;&#9;card.cost=2;&#13;&#10;&#9;&#9;card.worth=2;&#13;&#10;&#9;&#9;card.actionsGranted=0;&#13;&#10;&#9;&#9;card.buysGranted=0;&#13;&#10;&#9;&#9;card.cardsGranted=0;&#13;&#10;&#9;&#9;card.victoryPoints=0;&#13;&#10;&#9;&#9;special=true; //trash this card, put embargo token on the top of a supply pile/ When a player buys a card, he gains a curse card per embargo token on that pile &#13;&#10;&#9;&#9;return;&#9;&#13;&#10;&#9;&#9;&#13;&#10;&#9;}&#13;&#10;&#9;private void makeCutpurse(Card card) {&#13;&#10;&#9;&#9;card.cost=4;&#13;&#10;&#9;&#9;card.worth=2;&#13;&#10;&#9;&#9;card.actionsGranted=0;&#13;&#10;&#9;&#9;card.buysGranted=0;&#13;&#10;&#9;&#9;card.cardsGranted=0;&#13;&#10;&#9;&#9;card.victoryPoints=0;&#13;&#10;&#9;&#9;special=true; //Each other player discards a Copper card (or reveals a hand with no Copper)&#13;&#10;&#9;&#9;return;&#9;&#13;&#10;&#9;&#9;&#13;&#10;&#9;}&#13;&#10;&#9;private void makeBaron(Card card) {&#13;&#10;&#9;&#9;card.cost=4;&#13;&#10;&#9;&#9;card.worth=0;&#13;&#10;&#9;&#9;card.actionsGranted=0;&#13;&#10;&#9;&#9;card.buysGranted=1;&#13;&#10;&#9;&#9;card.cardsGranted=0;&#13;&#10;&#9;&#9;card.victoryPoints=0;&#13;&#10;&#9;&#9;special=true; //You may discard an estate card and gain +4, or gain an estate card&#13;&#10;&#9;&#9;return;&#9;&#13;&#10;&#9;&#9;&#13;&#10;&#9;}&#13;&#10;&#9;private void makeAmbassador(Card card) {&#13;&#10;&#9;&#9;card.cost=3;&#13;&#10;&#9;&#9;card.worth=0;&#13;&#10;&#9;&#9;card.actionsGranted=0;&#13;&#10;&#9;&#9;card.buysGranted=0;&#13;&#10;&#9;&#9;card.cardsGranted=0;&#13;&#10;&#9;&#9;card.victoryPoints=0;&#13;&#10;&#9;&#9;special=true; //reveal a card from your hand, return up to 2 copies of it from your hand to the Supply, then each other player gains a copy of it /dead/&#13;&#10;&#9;&#9;return;&#9;&#13;&#10;&#9;&#9;&#13;&#10;&#9;}&#13;&#10;&#9;private void makeWoodcutter(Card card) {&#13;&#10;&#9;&#9;card.cost=3;&#13;&#10;&#9;&#9;card.worth=2;&#13;&#10;&#9;&#9;card.actionsGranted=0;&#13;&#10;&#9;&#9;card.buysGranted=1;&#13;&#10;&#9;&#9;card.cardsGranted=0;&#13;&#10;&#9;&#9;card.victoryPoints=0;&#13;&#10;&#9;&#9;special=false;&#13;&#10;&#9;&#9;return;&#9;&#13;&#10;&#9;&#9;&#13;&#10;&#9;}&#13;&#10;&#9;private void makeVillage(Card card) {&#13;&#10;&#9;&#9;card.cost=3;&#13;&#10;&#9;&#9;card.worth=0;&#13;&#10;&#9;&#9;card.actionsGranted=2;&#13;&#10;&#9;&#9;card.buysGranted=0;&#13;&#10;&#9;&#9;card.cardsGranted=1;&#13;&#10;&#9;&#9;card.victoryPoints=0;&#13;&#10;&#9;&#9;special=false;&#13;&#10;&#9;&#9;return;&#9;&#13;&#10;&#9;&#9;&#13;&#10;&#9;}&#13;&#10;&#9;private void makeSmithy(Card card) {&#13;&#10;&#9;&#9;card.cost=4;&#13;&#10;&#9;&#9;card.worth=0;&#13;&#10;&#9;&#9;card.actionsGranted=0;&#13;&#10;&#9;&#9;card.buysGranted=0;&#13;&#10;&#9;&#9;card.cardsGranted=3;&#13;&#10;&#9;&#9;card.victoryPoints=0;&#13;&#10;&#9;&#9;special=false;&#13;&#10;&#9;&#9;return;&#9;&#13;&#10;&#9;&#9;&#13;&#10;&#9;}&#13;&#10;&#9;&#13;&#10;&#9;private void makeCouncilRoom(Card card) {&#13;&#10;&#9;&#9;card.cost=5;&#13;&#10;&#9;&#9;card.worth=0;&#13;&#10;&#9;&#9;card.actionsGranted=0;&#13;&#10;&#9;&#9;card.buysGranted=1;&#13;&#10;&#9;&#9;card.cardsGranted=4;&#13;&#10;&#9;&#9;card.victoryPoints=0;&#13;&#10;&#9;&#9;special=true; //each other player draws a card&#13;&#10;&#9;&#9;return;&#9;&#13;&#10;&#9;&#9;&#13;&#10;&#9;}&#13;&#10;&#13;&#10;&#9;private void makeAdventurer(Card card) {&#13;&#10;&#9;&#9;card.cost=8;&#13;&#10;&#9;&#9;card.worth=0;&#13;&#10;&#9;&#9;card.actionsGranted=0;&#13;&#10;&#9;&#9;card.buysGranted=0;&#13;&#10;&#9;&#9;card.cardsGranted=0;&#13;&#10;&#9;&#9;card.victoryPoints=6;&#13;&#10;&#9;&#9;special=false;&#13;&#10;&#9;&#9;return;&#9;&#13;&#10;&#9;&#9;&#13;&#10;&#9;}&#13;&#10;&#9;private void makeProvince(Card card) {&#13;&#10;&#9;&#9;card.cost=8;&#13;&#10;&#9;&#9;card.worth=0;&#13;&#10;&#9;&#9;card.actionsGranted=0;&#13;&#10;&#9;&#9;card.buysGranted=0;&#13;&#10;&#9;&#9;card.cardsGranted=0;&#13;&#10;&#9;&#9;card.victoryPoints=6;&#13;&#10;&#9;&#9;special=false;&#13;&#10;&#9;&#9;return;&#9;&#13;&#10;&#9;&#9;&#13;&#10;&#9;}&#13;&#10;&#9;private void makeDuchy(Card card) {&#13;&#10;&#9;&#9;card.cost=5;&#13;&#10;&#9;&#9;card.worth=0;&#13;&#10;&#9;&#9;card.actionsGranted=0;&#13;&#10;&#9;&#9;card.buysGranted=0;&#13;&#10;&#9;&#9;card.cardsGranted=0;&#13;&#10;&#9;&#9;card.victoryPoints=3;&#13;&#10;&#9;&#9;special=false;&#13;&#10;&#9;&#9;return;&#9;&#13;&#10;&#9;&#9;&#13;&#10;&#9;}&#13;&#10;&#9;private void makeEstate(Card card) {&#13;&#10;&#9;&#9;card.cost=2;&#13;&#10;&#9;&#9;card.worth=0;&#13;&#10;&#9;&#9;card.actionsGranted=0;&#13;&#10;&#9;&#9;card.buysGranted=0;&#13;&#10;&#9;&#9;card.cardsGranted=0;&#13;&#10;&#9;&#9;card.victoryPoints=1;&#13;&#10;&#9;&#9;special=false;&#13;&#10;&#9;&#9;return;&#9;&#13;&#10;&#9;&#9;&#13;&#10;&#9;}&#13;&#10;&#13;&#10;&#9;private void makeGold(Card card) {&#13;&#10;&#9;&#9;card.cost=6;&#13;&#10;&#9;&#9;card.worth=3;&#13;&#10;&#9;&#9;card.actionsGranted=0;&#13;&#10;&#9;&#9;card.buysGranted=0;&#13;&#10;&#9;&#9;card.cardsGranted=0;&#13;&#10;&#9;&#9;card.victoryPoints=0;&#13;&#10;&#9;&#9;special=false;&#13;&#10;&#9;&#9;return;&#9;&#9;&#13;&#10;&#9;}&#13;&#10;&#13;&#10;&#9;private void makeSilver(Card card) {&#13;&#10;&#9;&#9;card.cost=3;&#13;&#10;&#9;&#9;card.worth=2;&#13;&#10;&#9;&#9;card.actionsGranted=0;&#13;&#10;&#9;&#9;card.buysGranted=0;&#13;&#10;&#9;&#9;card.cardsGranted=0;&#13;&#10;&#9;&#9;card.victoryPoints=0;&#13;&#10;&#9;&#9;special=false;&#13;&#10;&#9;&#9;return;&#13;&#10;&#9;&#9;&#13;&#10;&#9;}&#13;&#10;&#13;&#10;&#9;private void makeCopper(Card card) {&#13;&#10;&#9;&#9;card.cost=0;&#13;&#10;&#9;&#9;card.worth=1;&#13;&#10;&#9;&#9;card.actionsGranted=0;&#13;&#10;&#9;&#9;card.buysGranted=0;&#13;&#10;&#9;&#9;card.cardsGranted=0;&#13;&#10;&#9;&#9;card.victoryPoints=0;&#13;&#10;&#9;&#9;special=false;&#13;&#10;&#9;&#9;return;&#9;&#9;&#13;&#10;&#9;&#9;&#13;&#10;&#9;}&#13;&#10;&#9;&#13;&#10;&#9;public String toString(){&#13;&#10;&#9;&#9;String myInfo;&#13;&#10;&#9;&#9;myInfo=this.cardType;&#13;&#10;&#9;&#9;//myInfo=&quot;My name is &quot;+this.cardType;&#13;&#10;&#9;&#9;//myInfo+=&quot;. I cost &quot;+this.cost+&quot; gold.\n&quot;;&#13;&#10;&#9;&#9;//myInfo+=&quot;I grant &quot;+this.actionsGranted+&quot; actions. &quot;;&#13;&#10;&#9;&#9;//myInfo+=&quot;I also grant &quot;+this.buysGranted+&quot; additional buys.\n&quot;;&#13;&#10;&#9;&#9;//myInfo+=&quot;I shove &quot;+this.cardsGranted+&quot; more cards into your hand &quot;;&#13;&#10;&#9;&#9;//myInfo+=&quot;and am worth &quot;+this.victoryPoints+&quot; victory points. \n&quot;;&#13;&#10;&#9;&#9;//myInfo+=&quot;I currently am holding &quot;+this.embargoTokens+&quot; embargo tokens.\n&quot;;&#13;&#10;&#9;&#9;//if(this.special==true) myInfo+=&quot;I also do some other stuff\n&quot;;&#13;&#10;&#9;&#9;&#13;&#10;&#9;&#9;return myInfo;&#13;&#10;&#9;}&#13;&#10;&#9;&#13;&#10;&#9;public String[] allCards(){&#13;&#10;&#9;&#9;String allCards[] ={&quot;copper&quot;, &quot;silver&quot;, &quot;gold&quot;, &quot;estate&quot;, &quot;duchy&quot;, &quot;province&quot;, &quot;curse&quot;, &quot;adventurer&quot;, &quot;ambassador&quot;, &quot;baron&quot;, &quot;council room&quot;, &quot;cutpurse&quot;, &quot;embargo&quot;, &quot;feast&quot;, &quot;gardens&quot;, &quot;great hall&quot;, &quot;mine&quot;, &quot;smithy&quot;, &quot;village&quot;, &quot;woodcutter&quot;};&#13;&#10;&#9;&#9;return allCards;&#13;&#10;&#9;}&#13;&#10;&#13;&#10;}" Filename="Card.java" Intrnl_Id="1"/>
<SrcFile Content="import java.util.LinkedList;&#13;&#10;import java.util.List;&#13;&#10;import java.util.Random;&#13;&#10;&#13;&#10;public class CardSupply {&#13;&#10;&#9;SupplyStack copper, silver, gold, estate, duchy, province, curse, adventurer;&#13;&#10;&#9;SupplyStack ambassador, baron, councilRoom, cutPurse, embargo, feast, gardens;&#13;&#10;&#9;SupplyStack greatHall, mine, smithy, village, woodcutter;&#13;&#10;&#9;List&lt;String&gt; kingdomCards=&#9;&#9;new LinkedList&lt;String&gt;(); //contain kingdom cards used this game&#13;&#10;&#9;&#13;&#10;&#9;CardSupply(CardSupply supply){&#13;&#10;&#9;&#9;copper= &#9;new SupplyStack(&quot;copper&quot;, 0); //need 46 for supply &#13;&#10;&#9;&#9;silver=&#9;&#9;new SupplyStack(&quot;silver&quot;, 0); //need 40 for supply&#13;&#10;&#9;&#9;gold= &#9;&#9;new SupplyStack(&quot;gold&quot;, 0);//need 30&#13;&#10;&#9;&#9;estate=&#9;&#9;new SupplyStack(&quot;estate&quot;, 0); //Need 18&#13;&#10;&#9;&#9;duchy=&#9;&#9;new SupplyStack(&quot;duchy&quot;, 0); //need 12&#13;&#10;&#9;&#9;province= &#9;new SupplyStack(&quot;province&quot;, 0); //need 12&#13;&#10;&#9;&#9;curse=&#9; &#9;new SupplyStack(&quot;curse&quot;, 0); //need 10 for 2 players&#13;&#10;&#9;&#9;adventurer=&#9;new SupplyStack(&quot;adventurer&quot;, 0); //need 10&#13;&#10;&#9;&#9;ambassador=&#9;new SupplyStack(&quot;abassador&quot;, 0); //need 10&#13;&#10;&#9;&#9;baron= &#9;&#9;new SupplyStack(&quot;baron&quot;, 0); //need 10&#13;&#10;&#9;&#9;councilRoom=new SupplyStack(&quot;council room&quot;, 0); //need 10&#13;&#10;&#9;&#9;cutPurse= &#9;new SupplyStack(&quot;cutpurse&quot;, 0); //need 10&#13;&#10;&#9;&#9;embargo= &#9;new SupplyStack(&quot;embargo&quot;, 0); //need 10&#13;&#10;&#9;&#9;feast= &#9;&#9;new SupplyStack(&quot;feast&quot;, 0); //need 10&#13;&#10;&#9;&#9;gardens= &#9;new SupplyStack(&quot;gardens&quot;, 0); //need 10&#13;&#10;&#9;&#9;greatHall= &#9;new SupplyStack(&quot;great hall&quot;, 0); //need 10&#13;&#10;&#9;&#9;mine= &#9;&#9;new SupplyStack(&quot;mine&quot;, 0); //need 10&#13;&#10;&#9;&#9;smithy= &#9;new SupplyStack(&quot;smithy&quot;, 0); //need 10&#13;&#10;&#9;&#9;village= &#9;new SupplyStack(&quot;village&quot;, 0); //need 10&#13;&#10;&#9;&#9;woodcutter= new SupplyStack(&quot;woodcutter&quot;, 0); //need 10&#13;&#10;&#9;&#9;kingdomCards=supply.kingdomCards;&#13;&#10;&#9;&#9;}&#13;&#10;&#9;&#13;&#10;&#9;&#13;&#10;&#13;&#10;&#9;CardSupply(){&#13;&#10;&#9;&#9;copper= &#9;new SupplyStack(&quot;copper&quot;, 46); //need 46 for supply &#13;&#10;&#9;&#9;silver=&#9;&#9;new SupplyStack(&quot;silver&quot;,  40); //need 40 for supply&#13;&#10;&#9;&#9;gold= &#9;&#9;new SupplyStack(&quot;gold&quot;,  30);//need 30&#13;&#10;&#9;&#9;estate=&#9;&#9;new SupplyStack(&quot;estate&quot;,  12); //Need 18&#13;&#10;&#9;&#9;duchy=&#9;&#9;new SupplyStack(&quot;duchy&quot;,  12); //need 12&#13;&#10;&#9;&#9;province= &#9;new SupplyStack(&quot;province&quot;,  12); //need 12&#13;&#10;&#9;&#9;curse=&#9; &#9;new SupplyStack(&quot;curse&quot;,  10); //need 10 for 2 players&#13;&#10;&#9;&#9;adventurer=&#9;new SupplyStack(&quot;adventurer&quot;,  10); //need 10&#13;&#10;&#9;&#9;ambassador=&#9;new SupplyStack(&quot;abassador&quot;,  10); //need 10&#13;&#10;&#9;&#9;baron= &#9;&#9;new SupplyStack(&quot;baron&quot;,  10); //need 10&#13;&#10;&#9;&#9;councilRoom=new SupplyStack(&quot;council room&quot;,  10); //need 10&#13;&#10;&#9;&#9;cutPurse= &#9;new SupplyStack(&quot;cutpurse&quot;,  10); //need 10&#13;&#10;&#9;&#9;embargo= &#9;new SupplyStack(&quot;embargo&quot;,  10); //need 10&#13;&#10;&#9;&#9;feast= &#9;&#9;new SupplyStack(&quot;feast&quot;,  10); //need 10&#13;&#10;&#9;&#9;gardens= &#9;new SupplyStack(&quot;gardens&quot;,  10); //need 10&#13;&#10;&#9;&#9;greatHall= &#9;new SupplyStack(&quot;great hall&quot;,  10); //need 10&#13;&#10;&#9;&#9;mine= &#9;&#9;new SupplyStack(&quot;mine&quot;,  10); //need 10&#13;&#10;&#9;&#9;smithy= &#9;new SupplyStack(&quot;smithy&quot;,  10); //need 10&#13;&#10;&#9;&#9;village= &#9;new SupplyStack(&quot;village&quot;,  10); //need 10&#13;&#10;&#9;&#9;woodcutter= new SupplyStack(&quot;woodcutter&quot;,  10); //need 10&#13;&#10;&#9;&#9;selectKingdomCards();&#13;&#10;&#9;&#9;}&#13;&#10;&#13;&#10;&#13;&#10;&#9;private void selectKingdomCards() {&#13;&#10;&#9;&#9;String cardList[]={&quot;adventurer&quot;, &quot;ambassador&quot;, &quot;baron&quot;, &quot;council room&quot;, &quot;cutpurse&quot;, &quot;embargo&quot;, &quot;feast&quot;, &quot;gardens&quot;, &quot;great hall&quot;, &quot;mine&quot;, &quot;smithy&quot;, &quot;village&quot;, &quot;woodcutter&quot;};&#13;&#10;&#9;&#9;Random randomness=new Random();&#13;&#10;&#9;&#9;int index;&#13;&#10;&#9;&#9;&#13;&#10;&#9;&#9;while(kingdomCards.size()&lt;10){&#13;&#10;&#9;&#9;&#9;index=randomness.nextInt(13);&#13;&#10;&#9;&#9;&#9;if(!kingdomCards.contains(cardList[index])) kingdomCards.add(cardList[index]);&#13;&#10;&#9;&#9;}&#13;&#10;&#9;&#9;&#13;&#10;&#9;}&#13;&#10;&#9;&#13;&#10;&#9;public Card drawCard(){&#13;&#10;&#9;&#9;List&lt;String&gt; choices= new LinkedList&lt;String&gt;();&#13;&#10;&#9;&#9;String cardTypes[]=copper.type.allCards();&#13;&#10;&#9;&#9;for(String card : cardTypes){&#13;&#10;&#9;&#9;&#9;choices.add(card);&#13;&#10;&#9;&#9;}&#13;&#10;&#9;&#9;Random randomness= new Random();&#13;&#10;&#9;&#9;int index;&#13;&#10;&#9;&#9;Card card;&#13;&#10;&#13;&#10;&#9;&#9;index=randomness.nextInt(20);&#13;&#10;&#9;&#9;while(howMany(choices.get(index))&lt;=0){ //Grab different card types until one actually exists in the deck&#13;&#10;&#9;&#9;&#9;index=randomness.nextInt(20);&#13;&#10;&#9;&#9;}&#13;&#10;&#9;&#9;card = new Card(choices.get(index));&#13;&#10;&#9;&#9;removeCard(choices.get(index));&#13;&#10;&#9;&#9;return card;&#13;&#10;&#9;&#9;&#13;&#10;&#9;&#9;}&#13;&#10;&#9;&#13;&#10;&#9;public void removeCard(String string) {&#13;&#10;&#9;&#9;switch(string){&#13;&#10;&#9;&#9;case &quot;copper&quot;:&#13;&#10;&#9;&#9;&#9;copper.quantity--;&#13;&#10;&#9;&#9;&#9;return;&#13;&#10;&#9;&#9;case &quot;silver&quot;:&#13;&#10;&#9;&#9;&#9;silver.quantity--;&#13;&#10;&#9;&#9;&#9;return;&#13;&#10;&#9;&#9;case &quot;gold&quot;:&#13;&#10;&#9;&#9;&#9;gold.quantity--;&#13;&#10;&#9;&#9;&#9;return;&#13;&#10;&#9;&#9;case &quot;estate&quot;:&#13;&#10;&#9;&#9;&#9;estate.quantity--;&#13;&#10;&#9;&#9;&#9;return;&#13;&#10;&#9;&#9;case &quot;duchy&quot;:&#13;&#10;&#9;&#9;&#9;duchy.quantity--;&#13;&#10;&#9;&#9;&#9;return;&#13;&#10;&#9;&#9;case &quot;province&quot;:&#13;&#10;&#9;&#9;&#9;province.quantity--;&#13;&#10;&#9;&#9;&#9;return;&#13;&#10;&#9;&#9;case &quot;adventurer&quot;:&#13;&#10;&#9;&#9;&#9;adventurer.quantity--;&#13;&#10;&#9;&#9;&#9;return;&#13;&#10;&#9;&#9;case &quot;ambassador&quot;:&#13;&#10;&#9;&#9;&#9;ambassador.quantity--;&#13;&#10;&#9;&#9;&#9;return;&#13;&#10;&#9;&#9;case &quot;baron&quot;:&#13;&#10;&#9;&#9;&#9;baron.quantity--;&#13;&#10;&#9;&#9;&#9;return;&#13;&#10;&#9;&#9;case &quot;council room&quot;:&#13;&#10;&#9;&#9;&#9;councilRoom.quantity--;&#13;&#10;&#9;&#9;&#9;return;&#13;&#10;&#9;&#9;case &quot;cutpurse&quot;:&#13;&#10;&#9;&#9;&#9;cutPurse.quantity--;&#13;&#10;&#9;&#9;&#9;return; &#13;&#10;&#9;&#9;case &quot;embargo&quot;:&#13;&#10;&#9;&#9;&#9;embargo.quantity--;&#13;&#10;&#9;&#9;&#9;return;&#13;&#10;&#9;&#9;case &quot;feast&quot;:&#13;&#10;&#9;&#9;&#9;feast.quantity--;&#13;&#10;&#9;&#9;&#9;return;&#13;&#10;&#9;&#9;case &quot;gardens&quot;:&#13;&#10;&#9;&#9;&#9;gardens.quantity--;&#13;&#10;&#9;&#9;&#9;return;&#13;&#10;&#9;&#9;case &quot;great hall&quot;:&#13;&#10;&#9;&#9;&#9;greatHall.quantity--;&#13;&#10;&#9;&#9;&#9;return;&#13;&#10;&#9;&#9;case &quot;mine&quot;:&#13;&#10;&#9;&#9;&#9;mine.quantity--;&#13;&#10;&#9;&#9;&#9;return;&#13;&#10;&#9;&#9;case &quot;smithy&quot;:&#13;&#10;&#9;&#9;&#9;smithy.quantity--;&#13;&#10;&#9;&#9;&#9;return;&#13;&#10;&#9;&#9;case &quot;village&quot;:&#13;&#10;&#9;&#9;&#9;village.quantity--;&#13;&#10;&#9;&#9;&#9;return;&#13;&#10;&#9;&#9;case &quot;woodcutter&quot;:&#13;&#10;&#9;&#9;&#9;woodcutter.quantity--;&#13;&#10;&#9;&#9;&#9;return;&#13;&#10;&#9;&#9;case &quot;curse&quot;:&#13;&#10;&#9;&#9;&#9;curse.quantity--;&#13;&#10;&#9;&#9;&#9;return;&#13;&#10;&#9;&#9;}&#13;&#10;&#9;&#9;&#13;&#10;&#9;}&#13;&#10;&#13;&#10;&#9;public void addCard(String string) {&#13;&#10;&#9;&#9;switch(string){&#13;&#10;&#9;&#9;case &quot;copper&quot;:&#13;&#10;&#9;&#9;&#9;copper.quantity++;&#13;&#10;&#9;&#9;&#9;return;&#13;&#10;&#9;&#9;case &quot;silver&quot;:&#13;&#10;&#9;&#9;&#9;silver.quantity++;&#13;&#10;&#9;&#9;&#9;return;&#13;&#10;&#9;&#9;case &quot;gold&quot;:&#13;&#10;&#9;&#9;&#9;gold.quantity++;&#13;&#10;&#9;&#9;&#9;return;&#13;&#10;&#9;&#9;case &quot;estate&quot;:&#13;&#10;&#9;&#9;&#9;estate.quantity++;&#13;&#10;&#9;&#9;&#9;return;&#13;&#10;&#9;&#9;case &quot;duchy&quot;:&#13;&#10;&#9;&#9;&#9;duchy.quantity++;&#13;&#10;&#9;&#9;&#9;return;&#13;&#10;&#9;&#9;case &quot;province&quot;:&#13;&#10;&#9;&#9;&#9;province.quantity++;&#13;&#10;&#9;&#9;&#9;return;&#13;&#10;&#9;&#9;case &quot;adventurer&quot;:&#13;&#10;&#9;&#9;&#9;adventurer.quantity++;&#13;&#10;&#9;&#9;&#9;return;&#13;&#10;&#9;&#9;case &quot;ambassador&quot;:&#13;&#10;&#9;&#9;&#9;ambassador.quantity++;&#13;&#10;&#9;&#9;&#9;return;&#13;&#10;&#9;&#9;case &quot;baron&quot;:&#13;&#10;&#9;&#9;&#9;baron.quantity++;&#13;&#10;&#9;&#9;&#9;return;&#13;&#10;&#9;&#9;case &quot;council room&quot;:&#13;&#10;&#9;&#9;&#9;councilRoom.quantity++;&#13;&#10;&#9;&#9;&#9;return;&#13;&#10;&#9;&#9;case &quot;cutpurse&quot;:&#13;&#10;&#9;&#9;&#9;cutPurse.quantity++;&#13;&#10;&#9;&#9;&#9;return; &#13;&#10;&#9;&#9;case &quot;embargo&quot;:&#13;&#10;&#9;&#9;&#9;embargo.quantity++;&#13;&#10;&#9;&#9;&#9;return;&#13;&#10;&#9;&#9;case &quot;feast&quot;:&#13;&#10;&#9;&#9;&#9;feast.quantity++;&#13;&#10;&#9;&#9;&#9;return;&#13;&#10;&#9;&#9;case &quot;gardens&quot;:&#13;&#10;&#9;&#9;&#9;gardens.quantity++;&#13;&#10;&#9;&#9;&#9;return;&#13;&#10;&#9;&#9;case &quot;great hall&quot;:&#13;&#10;&#9;&#9;&#9;greatHall.quantity++;&#13;&#10;&#9;&#9;&#9;return;&#13;&#10;&#9;&#9;case &quot;mine&quot;:&#13;&#10;&#9;&#9;&#9;mine.quantity++;&#13;&#10;&#9;&#9;&#9;return;&#13;&#10;&#9;&#9;case &quot;smithy&quot;:&#13;&#10;&#9;&#9;&#9;smithy.quantity++;&#13;&#10;&#9;&#9;&#9;return;&#13;&#10;&#9;&#9;case &quot;village&quot;:&#13;&#10;&#9;&#9;&#9;village.quantity++;&#13;&#10;&#9;&#9;&#9;return;&#13;&#10;&#9;&#9;case &quot;woodcutter&quot;:&#13;&#10;&#9;&#9;&#9;woodcutter.quantity++;&#13;&#10;&#9;&#9;&#9;return;&#13;&#10;&#9;&#9;case &quot;curse&quot;:&#13;&#10;&#9;&#9;&#9;curse.quantity++;&#13;&#10;&#9;&#9;&#9;return;&#13;&#10;&#9;&#9;}&#13;&#10;&#9;&#9;&#13;&#10;&#9;}&#13;&#10;&#13;&#10;&#9;public int howMany(String ofWhat){&#13;&#10;&#9;&#9;switch(ofWhat){&#13;&#10;&#9;&#9;case &quot;copper&quot;:&#13;&#10;&#9;&#9;&#9;return copper.quantity;&#13;&#10;&#9;&#9;case &quot;silver&quot;:&#13;&#10;&#9;&#9;&#9;return silver.quantity;&#13;&#10;&#9;&#9;case &quot;gold&quot;:&#13;&#10;&#9;&#9;&#9;return gold.quantity;&#13;&#10;&#9;&#9;case &quot;estate&quot;:&#13;&#10;&#9;&#9;&#9;return estate.quantity;&#13;&#10;&#9;&#9;case &quot;duchy&quot;:&#13;&#10;&#9;&#9;&#9;return duchy.quantity;&#13;&#10;&#9;&#9;case &quot;province&quot;:&#13;&#10;&#9;&#9;&#9;return province.quantity;&#13;&#10;&#9;&#9;case &quot;adventurer&quot;:&#13;&#10;&#9;&#9;&#9;return adventurer.quantity;&#13;&#10;&#9;&#9;case &quot;ambassador&quot;:&#13;&#10;&#9;&#9;&#9;return ambassador.quantity;&#13;&#10;&#9;&#9;case &quot;baron&quot;:&#13;&#10;&#9;&#9;&#9;return baron.quantity;&#13;&#10;&#9;&#9;case &quot;council room&quot;:&#13;&#10;&#9;&#9;&#9;return councilRoom.quantity;&#13;&#10;&#9;&#9;case &quot;cutpurse&quot;:&#13;&#10;&#9;&#9;&#9;return cutPurse.quantity; &#13;&#10;&#9;&#9;case &quot;embargo&quot;:&#13;&#10;&#9;&#9;&#9;return embargo.quantity;&#13;&#10;&#9;&#9;case &quot;feast&quot;:&#13;&#10;&#9;&#9;&#9;return feast.quantity;&#13;&#10;&#9;&#9;case &quot;gardens&quot;:&#13;&#10;&#9;&#9;&#9;return gardens.quantity;&#13;&#10;&#9;&#9;case &quot;great hall&quot;:&#13;&#10;&#9;&#9;&#9;return greatHall.quantity;&#13;&#10;&#9;&#9;case &quot;mine&quot;:&#13;&#10;&#9;&#9;&#9;return mine.quantity;&#13;&#10;&#9;&#9;case &quot;smithy&quot;:&#13;&#10;&#9;&#9;&#9;return smithy.quantity;&#13;&#10;&#9;&#9;case &quot;village&quot;:&#13;&#10;&#9;&#9;&#9;return village.quantity;&#13;&#10;&#9;&#9;case &quot;woodcutter&quot;:&#13;&#10;&#9;&#9;&#9;return woodcutter.quantity;&#13;&#10;&#9;&#9;case &quot;curse&quot;:&#13;&#10;&#9;&#9;&#9;return curse.quantity;&#13;&#10;&#9;&#9;}&#13;&#10;&#9;&#9;&#13;&#10;&#9;&#9;return 0;&#13;&#10;&#13;&#10;&#9;}&#13;&#10;&#9;&#13;&#10;&#9;public int cardVP(String ofWhat){&#13;&#10;&#9;&#9;switch(ofWhat){&#13;&#10;&#9;&#9;case &quot;copper&quot;:&#13;&#10;&#9;&#9;&#9;return copper.type.victoryPoints;&#13;&#10;&#9;&#9;case &quot;silver&quot;:&#13;&#10;&#9;&#9;&#9;return silver.type.victoryPoints;&#13;&#10;&#9;&#9;case &quot;gold&quot;:&#13;&#10;&#9;&#9;&#9;return gold.type.victoryPoints;&#13;&#10;&#9;&#9;case &quot;estate&quot;:&#13;&#10;&#9;&#9;&#9;return estate.type.victoryPoints;&#13;&#10;&#9;&#9;case &quot;duchy&quot;:&#13;&#10;&#9;&#9;&#9;return duchy.type.victoryPoints;&#13;&#10;&#9;&#9;case &quot;province&quot;:&#13;&#10;&#9;&#9;&#9;return province.type.victoryPoints;&#13;&#10;&#9;&#9;case &quot;adventurer&quot;:&#13;&#10;&#9;&#9;&#9;return adventurer.type.victoryPoints;&#13;&#10;&#9;&#9;case &quot;ambassador&quot;:&#13;&#10;&#9;&#9;&#9;return ambassador.type.victoryPoints;&#13;&#10;&#9;&#9;case &quot;baron&quot;:&#13;&#10;&#9;&#9;&#9;return baron.type.victoryPoints;&#13;&#10;&#9;&#9;case &quot;council room&quot;:&#13;&#10;&#9;&#9;&#9;return councilRoom.type.victoryPoints;&#13;&#10;&#9;&#9;case &quot;cutpurse&quot;:&#13;&#10;&#9;&#9;&#9;return cutPurse.type.victoryPoints; &#13;&#10;&#9;&#9;case &quot;embargo&quot;:&#13;&#10;&#9;&#9;&#9;return embargo.type.victoryPoints;&#13;&#10;&#9;&#9;case &quot;feast&quot;:&#13;&#10;&#9;&#9;&#9;return feast.type.victoryPoints;&#13;&#10;&#9;&#9;case &quot;gardens&quot;:&#13;&#10;&#9;&#9;&#9;return gardens.type.victoryPoints;&#13;&#10;&#9;&#9;case &quot;great hall&quot;:&#13;&#10;&#9;&#9;&#9;return greatHall.type.victoryPoints;&#13;&#10;&#9;&#9;case &quot;mine&quot;:&#13;&#10;&#9;&#9;&#9;return mine.type.victoryPoints;&#13;&#10;&#9;&#9;case &quot;smithy&quot;:&#13;&#10;&#9;&#9;&#9;return smithy.type.victoryPoints;&#13;&#10;&#9;&#9;case &quot;village&quot;:&#13;&#10;&#9;&#9;&#9;return village.type.victoryPoints;&#13;&#10;&#9;&#9;case &quot;woodcutter&quot;:&#13;&#10;&#9;&#9;&#9;return woodcutter.type.victoryPoints;&#13;&#10;&#9;&#9;case &quot;curse&quot;:&#13;&#10;&#9;&#9;&#9;return curse.type.victoryPoints;&#13;&#10;&#9;&#9;}&#13;&#10;&#9;&#9;&#13;&#10;&#9;&#9;return 0;&#13;&#10;&#13;&#10;&#9;}&#13;&#10;&#9;&#9;&#9;&#13;&#10;&#9;public String toString(){&#13;&#10;&#9;&#9;String returnString=&quot;&quot;;&#13;&#10;&#9;&#9;String theList[]=curse.type.allCards();&#13;&#10;&#9;&#9;&#13;&#10;&#9;&#9;for(String eachCard : theList){&#13;&#10;&#9;&#9;&#9;returnString+=eachCard+&quot; has: &quot;+howMany(eachCard)+&quot; cards currently\n&quot;;&#13;&#10;&#9;&#9;}&#13;&#10;&#9;&#9;&#13;&#10;&#9;&#9;return returnString;&#13;&#10;&#9;&#9;}&#13;&#10;&#13;&#10;&#9;public void addCard(String string, int i) {&#13;&#10;&#9;&#9;if (i==0) return;&#13;&#10;&#9;&#9;switch(string){&#13;&#10;&#9;&#9;case &quot;copper&quot;:&#13;&#10;&#9;&#9;&#9;copper.quantity+=i;&#13;&#10;&#9;&#9;&#9;return;&#13;&#10;&#9;&#9;case &quot;silver&quot;:&#13;&#10;&#9;&#9;&#9;silver.quantity+=i;&#13;&#10;&#9;&#9;&#9;return;&#13;&#10;&#9;&#9;case &quot;gold&quot;:&#13;&#10;&#9;&#9;&#9;gold.quantity+=i;&#13;&#10;&#9;&#9;&#9;return;&#13;&#10;&#9;&#9;case &quot;estate&quot;:&#13;&#10;&#9;&#9;&#9;estate.quantity+=i;&#13;&#10;&#9;&#9;&#9;return;&#13;&#10;&#9;&#9;case &quot;duchy&quot;:&#13;&#10;&#9;&#9;&#9;duchy.quantity+=i;&#13;&#10;&#9;&#9;&#9;return;&#13;&#10;&#9;&#9;case &quot;province&quot;:&#13;&#10;&#9;&#9;&#9;province.quantity+=i;&#13;&#10;&#9;&#9;&#9;return;&#13;&#10;&#9;&#9;case &quot;adventurer&quot;:&#13;&#10;&#9;&#9;&#9;adventurer.quantity+=i;&#13;&#10;&#9;&#9;&#9;return;&#13;&#10;&#9;&#9;case &quot;ambassador&quot;:&#13;&#10;&#9;&#9;&#9;ambassador.quantity+=i;&#13;&#10;&#9;&#9;&#9;return;&#13;&#10;&#9;&#9;case &quot;baron&quot;:&#13;&#10;&#9;&#9;&#9;baron.quantity+=i;&#13;&#10;&#9;&#9;&#9;return;&#13;&#10;&#9;&#9;case &quot;council room&quot;:&#13;&#10;&#9;&#9;&#9;councilRoom.quantity+=i;&#13;&#10;&#9;&#9;&#9;return;&#13;&#10;&#9;&#9;case &quot;cutpurse&quot;:&#13;&#10;&#9;&#9;&#9;cutPurse.quantity+=i;&#13;&#10;&#9;&#9;&#9;return; &#13;&#10;&#9;&#9;case &quot;embargo&quot;:&#13;&#10;&#9;&#9;&#9;embargo.quantity+=i;&#13;&#10;&#9;&#9;&#9;return;&#13;&#10;&#9;&#9;case &quot;feast&quot;:&#13;&#10;&#9;&#9;&#9;feast.quantity+=i;&#13;&#10;&#9;&#9;&#9;return;&#13;&#10;&#9;&#9;case &quot;gardens&quot;:&#13;&#10;&#9;&#9;&#9;gardens.quantity+=i;&#13;&#10;&#9;&#9;&#9;return;&#13;&#10;&#9;&#9;case &quot;great hall&quot;:&#13;&#10;&#9;&#9;&#9;greatHall.quantity+=i;&#13;&#10;&#9;&#9;&#9;return;&#13;&#10;&#9;&#9;case &quot;mine&quot;:&#13;&#10;&#9;&#9;&#9;mine.quantity+=i;&#13;&#10;&#9;&#9;&#9;return;&#13;&#10;&#9;&#9;case &quot;smithy&quot;:&#13;&#10;&#9;&#9;&#9;smithy.quantity+=i;&#13;&#10;&#9;&#9;&#9;return;&#13;&#10;&#9;&#9;case &quot;village&quot;:&#13;&#10;&#9;&#9;&#9;village.quantity+=i;&#13;&#10;&#9;&#9;&#9;return;&#13;&#10;&#9;&#9;case &quot;woodcutter&quot;:&#13;&#10;&#9;&#9;&#9;woodcutter.quantity+=i;&#13;&#10;&#9;&#9;&#9;return;&#13;&#10;&#9;&#9;case &quot;curse&quot;:&#13;&#10;&#9;&#9;&#9;curse.quantity+=i;&#13;&#10;&#9;&#9;&#9;return;&#13;&#10;&#9;&#9;&#13;&#10;&#9;&#9;}&#13;&#10;&#9;}&#13;&#10;&#9;&#13;&#10;&#9;public boolean endgame() {&#13;&#10;&#9;&#9;int emptyPiles=0;&#13;&#10;&#9;&#9;String remainingPiles[]={&quot;copper&quot;, &quot;silver&quot;, &quot;gold&quot;, &quot;estate&quot;, &quot;duchy&quot;, &quot;curse&quot;};&#13;&#10;&#9;&#9;if(province.quantity&lt;1) return true;&#13;&#10;&#9;&#9;for(String card: kingdomCards)&#13;&#10;&#9;&#9;&#9;if(howMany(card)&lt;1) emptyPiles++;&#13;&#10;&#9;&#9;if(emptyPiles&gt;=3) return true;&#13;&#10;&#9;&#9;for(String card: remainingPiles)&#13;&#10;&#9;&#9;&#9;if(howMany(card)&lt;1) emptyPiles++;&#13;&#10;&#9;&#9;if(emptyPiles&gt;=3) return true;&#13;&#10;&#9;&#9;&#13;&#10;&#9;&#9;return false;&#13;&#10;&#9;}&#13;&#10;&#13;&#10;&#13;&#10;&#13;&#10;&#9;&#13;&#10;&#9;public void embargo(String embargo2) {&#13;&#10;&#9;&#9;switch(embargo2){&#13;&#10;&#9;&#9;case &quot;copper&quot;:&#13;&#10;&#9;&#9;&#9;copper.embargoTokens++;&#13;&#10;&#9;&#9;&#9;break;&#13;&#10;&#9;&#9;case &quot;silver&quot;:&#13;&#10;&#9;&#9;&#9;silver.embargoTokens++;&#13;&#10;&#9;&#9;&#9;break;&#13;&#10;&#9;&#9;case &quot;gold&quot;:&#13;&#10;&#9;&#9;&#9;gold.embargoTokens++;&#13;&#10;&#9;&#9;&#9;break;&#13;&#10;&#9;&#9;case &quot;estate&quot;:&#13;&#10;&#9;&#9;&#9;estate.embargoTokens++;&#13;&#10;&#9;&#9;&#9;break;&#13;&#10;&#9;&#9;case &quot;duchy&quot;:&#13;&#10;&#9;&#9;&#9;duchy.embargoTokens++;&#13;&#10;&#9;&#9;&#9;break;&#13;&#10;&#9;&#9;case &quot;province&quot;:&#13;&#10;&#9;&#9;&#9;province.embargoTokens++;&#13;&#10;&#9;&#9;&#9;break;&#13;&#10;&#9;&#9;case &quot;adventurer&quot;:&#13;&#10;&#9;&#9;&#9;adventurer.embargoTokens++;&#13;&#10;&#9;&#9;&#9;break;&#13;&#10;&#9;&#9;case &quot;ambassador&quot;:&#13;&#10;&#9;&#9;&#9;ambassador.embargoTokens++;&#13;&#10;&#9;&#9;&#9;break;&#13;&#10;&#9;&#9;case &quot;baron&quot;:&#13;&#10;&#9;&#9;&#9;baron.embargoTokens++;&#13;&#10;&#9;&#9;&#9;break;&#13;&#10;&#9;&#9;case &quot;council room&quot;:&#13;&#10;&#9;&#9;&#9;councilRoom.embargoTokens++;&#13;&#10;&#9;&#9;case &quot;cutpurse&quot;:&#13;&#10;&#9;&#9;&#9;cutPurse.embargoTokens++;&#13;&#10;&#9;&#9;case &quot;embargo&quot;:&#13;&#10;&#9;&#9;&#9;embargo.embargoTokens++;&#13;&#10;&#9;&#9;&#9;break;&#13;&#10;&#9;&#9;case &quot;feast&quot;:&#13;&#10;&#9;&#9;&#9;feast.embargoTokens++;&#13;&#10;&#9;&#9;&#9;break;&#13;&#10;&#9;&#9;case &quot;gardens&quot;:&#13;&#10;&#9;&#9;&#9;gardens.embargoTokens++;&#13;&#10;&#9;&#9;&#9;break;&#13;&#10;&#9;&#9;case &quot;great hall&quot;:&#13;&#10;&#9;&#9;&#9;greatHall.embargoTokens++;&#13;&#10;&#9;&#9;&#9;break;&#13;&#10;&#9;&#9;case &quot;mine&quot;:&#13;&#10;&#9;&#9;&#9;mine.embargoTokens++;&#13;&#10;&#9;&#9;&#9;break;&#13;&#10;&#9;&#9;case &quot;smithy&quot;:&#13;&#10;&#9;&#9;&#9;smithy.embargoTokens++;&#13;&#10;&#9;&#9;&#9;break;&#13;&#10;&#9;&#9;case &quot;village&quot;:&#13;&#10;&#9;&#9;&#9;village.embargoTokens++;&#13;&#10;&#9;&#9;&#9;break;&#13;&#10;&#9;&#9;case &quot;woodcutter&quot;:&#13;&#10;&#9;&#9;&#9;woodcutter.embargoTokens++;&#13;&#10;&#9;&#9;&#9;break;&#13;&#10;&#9;&#9;case &quot;curse&quot;:&#13;&#10;&#9;&#9;&#9;curse.embargoTokens++;&#13;&#10;&#9;&#9;&#9;break;&#13;&#10;&#9;&#9;}&#13;&#10;&#9;&#9;&#13;&#10;&#9;}&#13;&#10;&#13;&#10;&#9;public int isEmbargod(String whatCard) {&#13;&#10;&#9;&#9;switch(whatCard){&#13;&#10;&#9;&#9;case &quot;copper&quot;:&#13;&#10;&#9;&#9;&#9;return copper.embargoTokens;&#13;&#10;&#9;&#9;case &quot;silver&quot;:&#13;&#10;&#9;&#9;&#9;return silver.embargoTokens;&#13;&#10;&#9;&#9;case &quot;gold&quot;:&#13;&#10;&#9;&#9;&#9;return gold.embargoTokens;&#13;&#10;&#9;&#9;case &quot;estate&quot;:&#13;&#10;&#9;&#9;&#9;return estate.embargoTokens;&#13;&#10;&#9;&#9;case &quot;duchy&quot;:&#13;&#10;&#9;&#9;&#9;return duchy.embargoTokens;&#13;&#10;&#9;&#9;case &quot;province&quot;:&#13;&#10;&#9;&#9;&#9;return province.embargoTokens;&#13;&#10;&#9;&#9;case &quot;adventurer&quot;:&#13;&#10;&#9;&#9;&#9;return adventurer.embargoTokens;&#13;&#10;&#9;&#9;case &quot;ambassador&quot;:&#13;&#10;&#9;&#9;&#9;return ambassador.embargoTokens;&#13;&#10;&#9;&#9;case &quot;baron&quot;:&#13;&#10;&#9;&#9;&#9;return baron.embargoTokens;&#13;&#10;&#9;&#9;case &quot;council room&quot;:&#13;&#10;&#9;&#9;&#9;return councilRoom.embargoTokens;&#13;&#10;&#9;&#9;case &quot;cutpurse&quot;:&#13;&#10;&#9;&#9;&#9;return cutPurse.embargoTokens; &#13;&#10;&#9;&#9;case &quot;embargo&quot;:&#13;&#10;&#9;&#9;&#9;return embargo.embargoTokens;&#13;&#10;&#9;&#9;case &quot;feast&quot;:&#13;&#10;&#9;&#9;&#9;return feast.embargoTokens;&#13;&#10;&#9;&#9;case &quot;gardens&quot;:&#13;&#10;&#9;&#9;&#9;return gardens.embargoTokens;&#13;&#10;&#9;&#9;case &quot;great hall&quot;:&#13;&#10;&#9;&#9;&#9;return greatHall.embargoTokens;&#13;&#10;&#9;&#9;case &quot;mine&quot;:&#13;&#10;&#9;&#9;&#9;return mine.embargoTokens;&#13;&#10;&#9;&#9;case &quot;smithy&quot;:&#13;&#10;&#9;&#9;&#9;return smithy.embargoTokens;&#13;&#10;&#9;&#9;case &quot;village&quot;:&#13;&#10;&#9;&#9;&#9;return village.embargoTokens;&#13;&#10;&#9;&#9;case &quot;woodcutter&quot;:&#13;&#10;&#9;&#9;&#9;return woodcutter.embargoTokens;&#13;&#10;&#9;&#9;case &quot;curse&quot;:&#13;&#10;&#9;&#9;&#9;return curse.embargoTokens;&#13;&#10;&#9;&#9;}&#13;&#10;&#9;&#9;&#13;&#10;&#9;&#9;return 0;&#13;&#10;&#9;}&#13;&#10;}&#13;&#10;&#9;" Filename="CardSupply.java" Intrnl_Id="2"/>
<SrcFile Content="import static org.junit.Assert.*;&#13;&#10;&#13;&#10;import org.junit.Test;&#13;&#10;&#13;&#10;public class CardSupplyTest {&#13;&#10;&#13;&#10;&#9;@Test&#13;&#10;&#9;public void testRemoveCard() {&#13;&#10;&#9;&#9;CardSupply testDeck = new CardSupply();&#13;&#10;&#9;&#9;testDeck.removeCard(&quot;copper&quot;);&#13;&#10;&#9;&#9;assert(testDeck.copper.quantity&lt;46);&#13;&#10;&#9;}&#13;&#10;&#13;&#10;&#9;@Test&#13;&#10;&#9;public void testAddCardString() {&#13;&#10;&#9;&#9;CardSupply testDeck = new CardSupply();&#13;&#10;&#9;&#9;testDeck.addCard(&quot;copper&quot;);&#13;&#10;&#9;&#9;assert(testDeck.copper.quantity&gt;46);&#13;&#10;&#9;}&#13;&#10;&#13;&#10;&#9;@Test&#13;&#10;&#9;public void testHowMany() {&#13;&#10;&#9;&#9;CardSupply testDeck = new CardSupply();&#13;&#10;&#9;&#9;int howMany=testDeck.howMany(&quot;province&quot;);&#13;&#10;&#9;&#9;assert(howMany==12);&#13;&#10;&#9;}&#13;&#10;&#13;&#10;&#9;@Test&#13;&#10;&#9;public void testCardVP() {&#13;&#10;&#9;&#9;CardSupply testDeck = new CardSupply();&#13;&#10;&#9;&#9;assert(testDeck.cardVP(&quot;province&quot;)==6);&#13;&#10;&#9;}&#13;&#10;&#13;&#10;&#9;@Test&#13;&#10;&#9;public void testAddCardStringInt() {&#13;&#10;&#9;&#9;CardSupply testDeck = new CardSupply();&#13;&#10;&#9;&#9;testDeck.addCard(&quot;copper&quot;, 54);&#13;&#10;&#9;&#9;assert(testDeck.copper.quantity==100);&#13;&#10;&#9;}&#13;&#10;&#13;&#10;&#9;@Test&#13;&#10;&#9;public void testEndgame() {&#13;&#10;&#9;&#9;fail(&quot;Not yet implemented&quot;);&#13;&#10;&#9;}&#13;&#10;&#13;&#10;}&#13;&#10;" Filename="CardSupplyTest.java" Intrnl_Id="3"/>
<SrcFile Content="&#13;&#10;&#13;&#10;public class PlayTest {&#13;&#10;&#13;&#10;&#9;public static void main(String[] args) {&#13;&#10;&#9;&#9;CardSupply supply=new CardSupply();&#13;&#10;&#9;&#9;Player player1=new Player(supply);&#13;&#10;&#9;&#9;Player player2=new Player(supply);&#13;&#10;&#9;&#9;int player1Victory, player2Victory;&#13;&#10;&#9;&#9;Turn takeTurn;&#13;&#10;&#9;&#9;&#13;&#10;&#9;&#9;while(!supply.endgame())&#13;&#10;&#9;&#9;{&#13;&#10;&#9;&#9;&#9;takeTurn=new Turn(player1, supply);&#13;&#10;&#9;&#9;&#9;takeTurn=new Turn(player2, supply);&#13;&#10;&#9;&#9;&#9;takeTurn.takeTurn(player1, player2, supply);&#13;&#10;&#9;&#9;&#9;takeTurn.takeTurn(player2, player1, supply);&#13;&#10;&#13;&#10;&#9;&#9;}&#13;&#10;&#13;&#10;&#9;&#9;player1Victory = player1.countPoints();&#13;&#10;&#9;&#9;player2Victory = player2.countPoints();&#13;&#10;&#9;&#9;&#13;&#10;&#9;&#9;if(player1Victory&gt;=player2Victory) System.out.println(&quot;Player 1 wins with &quot;+player1Victory+ &quot; points&quot;);&#13;&#10;&#9;&#9;else System.out.println(&quot;Player 2 wins with &quot;+player2Victory+ &quot; points&quot;);&#13;&#10;&#13;&#10;&#13;&#10;&#9;}&#13;&#10;&#13;&#10;}&#13;&#10;" Filename="PlayTest.java" Intrnl_Id="4"/>
<SrcFile Content="import java.util.LinkedList;&#13;&#10;import java.util.List;&#13;&#10;&#13;&#10;public class Player {&#13;&#10;&#9;CardSupply discard, drawPile;&#13;&#10;&#9;&#13;&#10;&#9;public Player(CardSupply supply)&#13;&#10;&#9;{&#13;&#10;&#9;&#9;discard=new CardSupply(supply);&#13;&#10;&#9;&#9;drawPile=new CardSupply(supply);&#13;&#10;&#9;&#9;drawPile.addCard(&quot;copper&quot;, 7);&#13;&#10;&#9;&#9;drawPile.addCard(&quot;estate&quot;, 3);&#13;&#10;&#9;}&#13;&#10;&#13;&#10;&#13;&#10;&#9;public void shuffleDiscard(){ //doesn't actually shuffle, just moves discard back into drawPile&#13;&#10;&#9;&#9;drawPile.adventurer.quantity=discard.adventurer.quantity;&#13;&#10;&#9;&#9;discard.adventurer.quantity=0;&#13;&#10;&#9;&#9;drawPile.ambassador.quantity=discard.ambassador.quantity;&#13;&#10;&#9;&#9;discard.ambassador.quantity=0;&#13;&#10;&#9;&#9;drawPile.copper.quantity=discard.copper.quantity;&#13;&#10;&#9;&#9;discard.copper.quantity=0;&#13;&#10;&#9;&#9;drawPile.silver.quantity=discard.silver.quantity;&#13;&#10;&#9;&#9;discard.silver.quantity=0;&#13;&#10;&#9;&#9;drawPile.gold.quantity=discard.gold.quantity;&#13;&#10;&#9;&#9;discard.gold.quantity=0;&#13;&#10;&#9;&#9;drawPile.estate.quantity=discard.estate.quantity;&#13;&#10;&#9;&#9;discard.estate.quantity=0;&#13;&#10;&#9;&#9;drawPile.baron.quantity=discard.baron.quantity;&#13;&#10;&#9;&#9;discard.baron.quantity=0;&#13;&#10;&#9;&#9;drawPile.duchy.quantity=discard.duchy.quantity;&#13;&#10;&#9;&#9;discard.duchy.quantity=0;&#13;&#10;&#9;&#9;drawPile.province.quantity=discard.province.quantity;&#13;&#10;&#9;&#9;discard.province.quantity=0;&#13;&#10;&#9;&#9;drawPile.curse.quantity=discard.curse.quantity;&#13;&#10;&#9;&#9;discard.curse.quantity=0;&#13;&#10;&#9;&#9;drawPile.councilRoom.quantity=discard.councilRoom.quantity;&#13;&#10;&#9;&#9;discard.councilRoom.quantity=0;&#13;&#10;&#9;&#9;drawPile.cutPurse.quantity=discard.cutPurse.quantity;&#13;&#10;&#9;&#9;discard.cutPurse.quantity=0;&#13;&#10;&#9;&#9;drawPile.embargo.quantity=discard.embargo.quantity;&#13;&#10;&#9;&#9;discard.embargo.quantity=0;&#13;&#10;&#9;&#9;drawPile.feast.quantity=discard.feast.quantity;&#13;&#10;&#9;&#9;discard.feast.quantity=0;&#13;&#10;&#9;&#9;drawPile.gardens.quantity=discard.gardens.quantity;&#13;&#10;&#9;&#9;discard.gardens.quantity=0;&#13;&#10;&#9;&#9;drawPile.greatHall.quantity=discard.greatHall.quantity;&#13;&#10;&#9;&#9;discard.greatHall.quantity=0;&#13;&#10;&#9;&#9;drawPile.mine.quantity=discard.mine.quantity;&#13;&#10;&#9;&#9;discard.mine.quantity=0;&#13;&#10;&#9;&#9;drawPile.smithy.quantity=discard.smithy.quantity;&#13;&#10;&#9;&#9;discard.smithy.quantity=0;&#13;&#10;&#9;&#9;drawPile.village.quantity=discard.village.quantity;&#13;&#10;&#9;&#9;discard.village.quantity=0;&#13;&#10;&#9;&#9;drawPile.woodcutter.quantity=discard.woodcutter.quantity;&#13;&#10;&#9;&#9;discard.woodcutter.quantity=0;&#13;&#10;&#9;&#9;&#13;&#10;&#9;}&#13;&#10;&#13;&#10;&#9;public Card drawCard() {&#13;&#10;&#9;&#9;if(deckSize(drawPile)&lt;1) shuffleDiscard();&#13;&#10;&#9;&#9;return drawPile.drawCard();&#13;&#10;&#9;}&#13;&#10;&#13;&#10;&#13;&#10;&#9;public int deckSize(CardSupply deck) {&#13;&#10;&#9;&#9;List&lt;String&gt; cardsUsed= new LinkedList&lt;String&gt;();&#13;&#10;&#9;&#9;int cardsRemaining=0;&#13;&#10;&#9;&#9;for(String card : deck.kingdomCards)&#13;&#10;&#9;&#9;&#9;cardsUsed.add(card);&#13;&#10;&#9;&#9;cardsUsed.add(&quot;copper&quot;);&#13;&#10;&#9;&#9;cardsUsed.add(&quot;silver&quot;);&#13;&#10;&#9;&#9;cardsUsed.add(&quot;gold&quot;);&#13;&#10;&#9;&#9;cardsUsed.add(&quot;duchy&quot;);&#13;&#10;&#9;&#9;cardsUsed.add(&quot;estate&quot;);&#13;&#10;&#9;&#9;cardsUsed.add(&quot;province&quot;);&#13;&#10;&#9;&#9;cardsUsed.add(&quot;curse&quot;);&#13;&#10;&#9;&#9;for(String card : cardsUsed)&#13;&#10;&#9;&#9;&#9;cardsRemaining+=deck.howMany(card);&#13;&#10;&#9;&#9;return cardsRemaining;&#13;&#10;&#9;}&#13;&#10;&#13;&#10;&#13;&#10;&#9;public int countPoints() {&#13;&#10;&#9;&#9;int myPoints=0;&#13;&#10;&#9;&#9;shuffleDiscard();&#13;&#10;&#9;&#9;for(String card: discard.smithy.type.allCards())&#13;&#10;&#9;&#9;&#9;myPoints+=(discard.cardVP(card)*(drawPile.howMany(card)));&#13;&#10;&#9;&#9;myPoints+=deckSize(drawPile)*drawPile.howMany(&quot;gardens&quot;);&#13;&#10;&#9;&#9;return myPoints;&#13;&#10;&#9;}&#13;&#10;&#9;&#13;&#10;&#9;&#13;&#10;&#9;&#13;&#10;&#9;&#13;&#10;&#13;&#10;}&#13;&#10;" Filename="Player.java" Intrnl_Id="5"/>
<SrcFile Content="&#13;&#10;public class SupplyStack {&#13;&#10;&#9;Card type;&#13;&#10;&#9;int quantity, embargoTokens;&#13;&#10;&#9;&#13;&#10;&#9;public SupplyStack(String type, int count){&#13;&#10;&#9;&#9;this.type=new Card(type);&#13;&#10;&#9;&#9;quantity=count;&#13;&#10;&#9;&#9;embargoTokens=0;&#13;&#10;&#9;}&#13;&#10;&#9;&#13;&#10;&#9;public String getType(){&#13;&#10;&#9;&#9;return type.cardType;&#13;&#10;&#9;}&#13;&#10;&#9;&#13;&#10;&#9;public int hasTreasure(){&#13;&#10;&#9;&#9;return type.worth;&#13;&#10;&#9;}&#13;&#10;&#9;&#9;&#13;&#10;}&#13;&#10;" Filename="SupplyStack.java" Intrnl_Id="6"/>
<SrcFile Content="import java.util.LinkedList;&#13;&#10;import java.util.List;&#13;&#10;import java.util.ListIterator;&#13;&#10;import java.util.Random;&#13;&#10;&#13;&#10;public class Turn {&#13;&#10;&#9;int actions, buys, treasure;&#13;&#10;&#9;List&lt;Card&gt; hand;&#13;&#10;&#9;&#13;&#10;&#9;public Turn(Player player, CardSupply theSupply){&#13;&#10;&#9;&#9;actions=1;&#13;&#10;&#9;&#9;buys=1;&#13;&#10;&#9;&#9;treasure=0;&#13;&#10;&#9;&#9;hand= new LinkedList&lt;Card&gt;();&#13;&#10;&#9;&#9;&#13;&#10;&#9;&#9;for(int i=0; i&lt;5; i++){&#13;&#10;&#9;&#9;&#9;hand.add(player.drawCard());&#13;&#10;&#9;&#9;}&#13;&#10;&#13;&#10;&#9;}&#13;&#10;&#13;&#10;&#9;public void buyCards(Player player, CardSupply theSupply) {&#13;&#10;&#9;&#9;String whatCard=&quot;nothing&quot;;&#13;&#10;&#9;&#9;String pick2[]={&quot;estate&quot;, &quot;embargo&quot;};&#13;&#10;&#9;&#9;String pick3[]={&quot;silver&quot;, &quot;ambassador&quot;, &quot;great hall&quot;, &quot;village&quot;, &quot;woodcutter&quot;};&#13;&#10;&#9;&#9;String pick4[]={&quot;baron&quot;, &quot;cutpurse&quot;, &quot;feast&quot;, &quot;gardens&quot;, &quot;smithy&quot;};&#13;&#10;&#9;&#9;String pick5[]={&quot;council room&quot;, &quot;mine&quot;};&#13;&#10;&#9;&#9;String pick6[]={&quot;gold&quot;, &quot;adventurer&quot;};&#13;&#10;&#9;&#9;Random randomness=new Random();&#13;&#10;&#9;&#9;&#13;&#10;&#9;&#9;switch(treasure){&#13;&#10;&#9;&#9;case 1: //no card costs 1, therefore default to purchasing copper &#13;&#10;&#9;&#9;case 0:&#13;&#10;&#9;&#9;&#9;if(theSupply.copper.quantity&gt;0){&#13;&#10;&#9;&#9;&#9;&#9;player.discard.addCard(&quot;copper&quot;);&#13;&#10;&#9;&#9;&#9;&#9;theSupply.removeCard(&quot;copper&quot;);&#13;&#10;&#9;&#9;&#9;&#9;whatCard=&quot;copper&quot;;&#13;&#10;&#9;&#9;&#9;}&#13;&#10;&#9;&#9;&#9;break;&#13;&#10;&#9;&#9;case 2:&#13;&#10;&#9;&#9;&#9;whatCard = pick2[randomness.nextInt(2)];&#13;&#10;&#9;&#9;&#9;if(theSupply.howMany(whatCard)&lt;1) whatCard=pick2[randomness.nextInt(2)];&#13;&#10;&#9;&#9;&#9;player.discard.addCard(whatCard);&#13;&#10;&#9;&#9;&#9;theSupply.removeCard(whatCard);&#13;&#10;&#9;&#9;&#9;spend(2, player);&#13;&#10;&#9;&#9;&#9;break;&#13;&#10;&#9;&#9;case 3:&#13;&#10;&#9;&#9;&#9;whatCard= pick3[randomness.nextInt(5)];&#13;&#10;&#9;&#9;&#9;if(theSupply.howMany(whatCard)&lt;1){&#13;&#10;&#9;&#9;&#9;&#9;for(int i=0; i&lt;5; i++){ //make sure we're not looking forever&#13;&#10;&#9;&#9;&#9;&#9;&#9;whatCard= pick3[randomness.nextInt(5)];&#13;&#10;&#9;&#9;&#9;&#9;&#9;if(theSupply.howMany(whatCard)&gt;0) break;&#13;&#10;&#9;&#9;&#9;&#9;}&#9;&#9;&#9;&#9;&#9;&#13;&#10;&#9;&#9;&#9;}&#13;&#10;&#9;&#9;&#9;player.discard.addCard(whatCard);&#13;&#10;&#9;&#9;&#9;theSupply.removeCard(whatCard);&#13;&#10;&#9;&#9;&#9;spend(3, player);&#13;&#10;&#9;&#9;&#9;break;&#13;&#10;&#9;&#9;case 4:&#13;&#10;&#9;&#9;&#9;whatCard= pick4[randomness.nextInt(5)];&#13;&#10;&#9;&#9;&#9;if(theSupply.howMany(whatCard)&lt;1){&#13;&#10;&#9;&#9;&#9;&#9;for(int i=0; i&lt;5; i++){ //make sure we're not looking forever&#13;&#10;&#9;&#9;&#9;&#9;&#9;whatCard= pick4[randomness.nextInt(5)];&#13;&#10;&#9;&#9;&#9;&#9;&#9;if(theSupply.howMany(whatCard)&gt;0) break;&#13;&#10;&#9;&#9;&#9;&#9;}&#9;&#9;&#9;&#9;&#9;&#13;&#10;&#9;&#9;&#9;}&#13;&#10;&#9;&#9;&#9;player.discard.addCard(whatCard);&#13;&#10;&#9;&#9;&#9;theSupply.removeCard(whatCard);&#13;&#10;&#9;&#9;&#9;spend(3, player);&#13;&#10;&#9;&#9;&#9;break;&#13;&#10;&#9;&#9;case 5:&#13;&#10;&#9;&#9;&#9;whatCard= pick5[randomness.nextInt(2)];&#13;&#10;&#9;&#9;&#9;if(theSupply.howMany(whatCard)&lt;1){&#13;&#10;&#9;&#9;&#9;&#9;for(int i=0; i&lt;5; i++){ //make sure we're not looking forever&#13;&#10;&#9;&#9;&#9;&#9;&#9;whatCard= pick5[randomness.nextInt(2)];&#13;&#10;&#9;&#9;&#9;&#9;&#9;if(theSupply.howMany(whatCard)&gt;0) break;&#13;&#10;&#9;&#9;&#9;&#9;}&#9;&#9;&#9;&#9;&#9;&#13;&#10;&#9;&#9;&#9;}&#13;&#10;&#9;&#9;&#9;player.discard.addCard(whatCard);&#13;&#10;&#9;&#9;&#9;theSupply.removeCard(whatCard);&#13;&#10;&#9;&#9;&#9;spend(5, player);&#13;&#10;&#9;&#9;&#9;break;&#13;&#10;&#9;&#9;case 6:&#13;&#10;&#9;&#9;&#9;whatCard= pick6[randomness.nextInt(2)];&#13;&#10;&#9;&#9;&#9;if(theSupply.howMany(whatCard)&lt;1){&#13;&#10;&#9;&#9;&#9;&#9;for(int i=0; i&lt;5; i++){ //make sure we're not looking forever&#13;&#10;&#9;&#9;&#9;&#9;&#9;whatCard= pick6[randomness.nextInt(2)];&#13;&#10;&#9;&#9;&#9;&#9;&#9;if(theSupply.howMany(whatCard)&gt;0) break;&#13;&#10;&#9;&#9;&#9;&#9;}&#9;&#9;&#9;&#9;&#9;&#13;&#10;&#9;&#9;&#9;}&#13;&#10;&#9;&#9;&#9;player.discard.addCard(whatCard);&#13;&#10;&#9;&#9;&#9;theSupply.removeCard(whatCard);&#13;&#10;&#9;&#9;&#9;spend(6, player);&#13;&#10;&#9;&#9;&#9;break;&#13;&#10;&#9;&#9;default: &#13;&#10;&#9;&#9;&#9;if(theSupply.province.quantity&gt;0)&#13;&#10;&#9;&#9;&#9;&#9;{&#13;&#10;&#9;&#9;&#9;&#9;player.discard.addCard(&quot;province&quot;);&#13;&#10;&#9;&#9;&#9;&#9;theSupply.removeCard(&quot;province&quot;);&#13;&#10;&#9;&#9;&#9;&#9;spend(8, player);&#13;&#10;&#9;&#9;&#9;&#9;whatCard=&quot;province&quot;;&#13;&#10;&#9;&#9;&#9;&#9;}&#13;&#10;&#9;&#9;}&#13;&#10;&#9;&#9;player.discard.addCard(&quot;curse&quot;, theSupply.isEmbargod(whatCard));&#13;&#10;&#9;&#9;System.out.println(&quot;I purchased &quot;+whatCard);&#13;&#10;&#9;&#9;return;&#13;&#10;&#9;&#9;&#13;&#10;&#9;}&#13;&#10;&#13;&#10;&#9;public void spend(int i, Player player) {&#13;&#10;&#9;&#9;ListIterator&lt;Card&gt; iterator = hand.listIterator();&#13;&#10;&#9;&#9;Card myCard;&#13;&#10;&#9;&#9;while(iterator.hasNext()){&#13;&#10;&#9;&#9;&#9;myCard=iterator.next();&#13;&#10;&#9;&#9;&#9;if(myCard.worth&gt;0){&#13;&#10;&#9;&#9;&#9;&#9;i-=myCard.worth;&#13;&#10;&#9;&#9;&#9;&#9;player.discard.addCard(myCard.cardType);&#13;&#10;&#9;&#9;&#9;&#9;&#13;&#10;&#9;&#9;&#9;&#9;if(i&lt;1) return;&#13;&#10;&#9;&#9;&#9;}&#13;&#10;&#9;&#9;}&#13;&#10;&#9;&#9;&#13;&#10;&#9;}&#13;&#10;&#13;&#10;&#9;public void endTurn(Player player) {&#13;&#10;&#9;&#9;for(int i=0; i&lt;hand.size(); i++){&#13;&#10;&#9;&#9;&#9;player.discard.addCard(hand.get(i).cardType);&#13;&#10;&#9;&#9;}&#13;&#10;&#9;&#9;hand.clear();&#13;&#10;&#9;}&#13;&#10;&#9;&#13;&#10;&#9;public void takeTurn(Player player, Player player2, CardSupply theSupply){&#13;&#10;&#9;&#9;while(actions &gt; 0){&#13;&#10;&#9;&#9;&#9;playAction(player, player2, theSupply);&#13;&#10;&#9;&#9;&#9;actions--;&#13;&#10;&#9;&#9;}&#13;&#10;&#9;&#9;&#13;&#10;&#13;&#10;&#9;&#9;&#13;&#10;&#9;&#9;while(buys &gt; 0){&#13;&#10;&#9;&#9;&#9;for(int i=0; i&lt;hand.size(); i++){&#13;&#10;&#9;&#9;&#9;&#9;treasure+=hand.get(i).worth; //calculate worth.&#13;&#10;&#9;&#9;&#9;}&#13;&#10;&#9;&#9;&#9;buyCards(player, theSupply);&#13;&#10;&#9;&#9;&#9;buys--;&#13;&#10;&#9;&#9;}&#13;&#10;&#9;&#9;&#13;&#10;&#9;&#9;endTurn(player);&#9;&#13;&#10;&#9;}&#13;&#10;&#13;&#10;&#9;public void playAction(Player player, Player player2, CardSupply theSupply) {&#13;&#10;&#9;&#9;for(int i=0; i&lt;hand.size()+1; i++) //go through each card in hand.&#13;&#10;&#9;&#9;{&#13;&#10;&#9;&#9;&#9;if(i==hand.size()) break;&#13;&#10;&#9;&#9;&#9;if(hand.get(i).action){&#13;&#10;&#9;&#9;&#9;&#9;System.out.println(&quot;I play &quot;+hand.get(i).cardType);&#13;&#10;&#9;&#9;&#9;&#9;actions+=hand.get(i).actionsGranted;;&#13;&#10;&#9;&#9;&#9;&#9;buys+=hand.get(i).buysGranted;&#13;&#10;&#9;&#9;&#9;&#9;treasure+=hand.get(i).worth;&#13;&#10;&#9;&#9;&#9;&#9;for(int j=0; j&lt;hand.get(i).cardsGranted; j++){&#13;&#10;&#9;&#9;&#9;&#9;&#9;hand.add(player.drawCard());&#13;&#10;&#9;&#9;&#9;&#9;}&#13;&#10;&#9;&#9;&#9;&#9;Card card=hand.get(i);&#13;&#10;&#9;&#9;&#9;&#9;if(hand.get(i).special) doTheThing(hand.get(i), player, player2, theSupply);&#13;&#10;&#9;&#9;&#9;&#9;else player.discard.addCard(hand.get(i).cardType);&#13;&#10;&#9;&#9;&#9;&#9;hand.remove(card);&#13;&#10;&#9;&#9;&#9;&#9;return;&#13;&#10;&#9;&#9;&#9;}&#13;&#10;&#9;&#9;}&#13;&#10;&#9;&#9;System.out.println(&quot;I forfitted an action&quot;);&#13;&#10;&#9;&#9;return;&#13;&#10;&#9;}&#13;&#10;&#13;&#10;&#9;public void doTheThing(Card card, Player player, Player player2, CardSupply theSupply) {&#13;&#10;&#9;&#9;String whatCard;&#13;&#10;&#9;&#9;Random randomness = new Random();&#13;&#10;&#9;&#9;switch(card.cardType){&#13;&#10;&#9;&#9;case &quot;mine&quot;:&#13;&#10;&#9;&#9;&#9;ListIterator&lt;Card&gt; myHand = hand.listIterator();&#13;&#10;&#9;&#9;&#9;Card thisCard;&#13;&#10;&#9;&#9;&#9;&#13;&#10;&#9;&#9;&#9;while(myHand.hasNext()){&#13;&#10;&#9;&#9;&#9;&#9;thisCard=myHand.next();&#13;&#10;&#9;&#9;&#9;&#9;if(thisCard.cardType==&quot;copper&quot;)&#13;&#10;&#9;&#9;&#9;&#9;{&#13;&#10;&#9;&#9;&#9;&#9;&#9;hand.remove(card);&#13;&#10;&#9;&#9;&#9;&#9;&#9;hand.add(new Card(&quot;silver&quot;));&#13;&#10;&#9;&#9;&#9;&#9;&#9;return;&#13;&#10;&#9;&#9;&#9;&#9;}&#13;&#10;&#9;&#9;&#9;&#9;else if(thisCard.cardType==&quot;silver&quot;)&#13;&#10;&#9;&#9;&#9;&#9;{&#13;&#10;&#9;&#9;&#9;&#9;&#9;hand.remove(card);&#13;&#10;&#9;&#9;&#9;&#9;&#9;hand.add(new Card(&quot;gold&quot;));&#13;&#10;&#9;&#9;&#9;&#9;&#9;return;&#13;&#10;&#9;&#9;&#9;&#9;}&#13;&#10;&#9;&#9;&#9;}&#13;&#10;&#9;&#9;&#9;System.out.println(&quot;I chose to forfit my use of Mine&quot;);&#13;&#10;&#9;&#9;&#9;break;&#13;&#10;&#9;&#9;case &quot;feast&quot;:&#13;&#10;&#9;&#9;&#9;hand.remove(card);&#13;&#10;&#9;&#9;&#9;String pick[]={&quot;estate&quot;, &quot;embargo&quot;, &quot;silver&quot;, &quot;ambassador&quot;, &quot;great hall&quot;, &quot;village&quot;, &quot;woodcutter&quot;, &quot;baron&quot;, &quot;cutpurse&quot;, &quot;feast&quot;, &quot;gardens&quot;, &quot;smithy&quot;, &quot;council room&quot;, &quot;mine&quot;};&#13;&#10;&#9;&#9;&#9;whatCard= pick[randomness.nextInt(14)];&#13;&#10;&#9;&#9;&#9;if(theSupply.howMany(whatCard)&lt;1){&#13;&#10;&#9;&#9;&#9;&#9;for(int i=0; i&lt;14; i++){ //make sure we're not looking forever&#13;&#10;&#9;&#9;&#9;&#9;&#9;whatCard= pick[randomness.nextInt(2)];&#13;&#10;&#9;&#9;&#9;&#9;&#9;if(theSupply.howMany(whatCard)&gt;0) break;&#13;&#10;&#9;&#9;&#9;&#9;}&#13;&#10;&#9;&#9;&#9;if(whatCard==null) System.out.println(&quot;I didn't find a card to pick up&quot;);&#13;&#10;&#9;&#9;&#9;else hand.add(new Card(whatCard));&#13;&#10;&#9;&#9;&#9;return;&#13;&#10;&#9;&#9;&#9;}&#13;&#10;&#9;&#9;case &quot;embargo&quot;:&#13;&#10;&#9;&#9;&#9;hand.remove(card);&#13;&#10;&#9;&#9;&#9;String embargo = theSupply.kingdomCards.get(randomness.nextInt(theSupply.kingdomCards.size()));&#13;&#10;&#9;&#9;&#9;theSupply.embargo(embargo);&#13;&#10;&#9;&#9;&#9;return;&#13;&#10;&#9;&#9;&#13;&#10;&#9;&#9;&#9;}&#13;&#10;&#9;&#9;&#13;&#10;&#9;&#9;return;&#13;&#10;&#9;&#9;}&#9;&#9;&#13;&#10;&#9;&#13;&#10;}&#13;&#10;" Filename="Turn.java" Intrnl_Id="7"/>
<SrcFile Content="import static org.junit.Assert.*;&#13;&#10;&#13;&#10;import org.junit.Test;&#13;&#10;&#13;&#10;public class TurnTest {&#13;&#10;&#13;&#10;&#9;@Test&#13;&#10;&#9;public void testBuyCards() {&#13;&#10;&#9;&#9;CardSupply supply = new CardSupply();&#13;&#10;&#9;&#9;Player player = new Player(supply);&#13;&#10;&#9;&#9;Turn testPurchase= new Turn(player, supply);&#13;&#10;&#9;&#9;int previous = player.deckSize(player.discard);&#13;&#10;&#9;&#9;testPurchase.buyCards(player, supply);&#13;&#10;&#9;&#9;assertTrue(previous!=player.deckSize(player.discard));&#13;&#10;&#9;&#9;&#13;&#10;&#9;}&#13;&#10;&#13;&#10;&#9;@Test&#13;&#10;&#9;public void testEndTurn() {&#13;&#10;&#9;&#9;CardSupply supply = new CardSupply();&#13;&#10;&#9;&#9;Player player = new Player(supply);&#13;&#10;&#9;&#9;Turn testEndTurn= new Turn(player, supply);&#13;&#10;&#9;&#9;testEndTurn.endTurn(player);&#13;&#10;&#9;&#9;assert(testEndTurn.hand.size()==0);&#13;&#10;&#9;}&#13;&#10;&#13;&#10;&#9;@Test&#13;&#10;&#9;public void testPlayAction() {&#13;&#10;&#9;&#9;CardSupply supply = new CardSupply();&#13;&#10;&#9;&#9;Player player = new Player(supply);&#13;&#10;&#9;&#9;Turn testAction= new Turn(player, supply);&#13;&#10;&#9;&#9;testAction.hand.add(new Card(&quot;embargo&quot;));&#13;&#10;&#9;&#9;int previous = testAction.hand.size();&#13;&#10;&#9;&#9;testAction.playAction(player, player, supply);&#13;&#10;&#9;&#9;assertTrue(previous!=testAction.hand.size());&#13;&#10;&#9;}&#13;&#10;&#13;&#10;}&#13;&#10;" Filename="TurnTest.java" Intrnl_Id="8"/>
</SrcFileList>
<CritList>
<CritListEntry Name="org.codecover.model.utils.criteria.LoopCoverage" PluginName="org.codecover"/>
<CritListEntry Name="org.codecover.model.utils.criteria.ConditionCoverage" PluginName="org.codecover"/>
<CritListEntry Name="org.codecover.model.utils.criteria.BranchCoverage" PluginName="org.codecover"/>
<CritListEntry Name="org.codecover.model.utils.criteria.StatementCoverage" PluginName="org.codecover"/>
</CritList>
<BoolOpList>
<BoolOp Arity="1" Intrnl_Id="9" Name="not (!)">
<BoolAssgnmntBoolMapList>
<MapEntry BoolAssgnmnt="1" Value="false"/>
<MapEntry BoolAssgnmnt="0" Value="true"/>
</BoolAssgnmntBoolMapList>
</BoolOp>
</BoolOpList>
<HierarchyLvlTypeList>
<HierarchyLvlType EnglishName="method" IntrnlName="method" Intrnl_Id="10"/>
<HierarchyLvlType EnglishName="class" IntrnlName="class" Intrnl_Id="11"/>
<HierarchyLvlType EnglishName="default package" IntrnlName="default package" Intrnl_Id="12"/>
</HierarchyLvlTypeList>
<MASTRoot>
<HierarchyLvl HierarchyLvlId="1159" HierarchyLvlTypeId="12" Intrnl_Id="13" Name="default package">
<Header/>
<LocList/>
<HierarchyLvl HierarchyLvlId="1113" HierarchyLvlTypeId="11" Intrnl_Id="14" Name="Card">
<Header>
<Loc EndOffset="19" SrcFileId="1" StartOffset="2"/>
</Header>
<LocList>
<Loc EndOffset="7343" SrcFileId="1" StartOffset="2"/>
</LocList>
<HierarchyLvl HierarchyLvlId="1090" HierarchyLvlTypeId="10" Intrnl_Id="15" Name="Card">
<Header>
<Loc EndOffset="173" SrcFileId="1" StartOffset="149"/>
</Header>
<LocList>
<Loc EndOffset="1582" SrcFileId="1" StartOffset="149"/>
</LocList>
<StmntSeq Intrnl_Id="16">
<LocList>
<Loc EndOffset="195" SrcFileId="1" StartOffset="181"/>
<Loc EndOffset="212" SrcFileId="1" StartOffset="199"/>
<Loc EndOffset="1575" SrcFileId="1" StartOffset="220"/>
</LocList>
<BasicStmnt CovItemId="S1" CovItemPrefix="Card.java" Intrnl_Id="17">
<LocList>
<Loc EndOffset="195" SrcFileId="1" StartOffset="181"/>
</LocList>
</BasicStmnt>
<BasicStmnt CovItemId="S2" CovItemPrefix="Card.java" Intrnl_Id="18">
<LocList>
<Loc EndOffset="212" SrcFileId="1" StartOffset="199"/>
</LocList>
</BasicStmnt>
<CondStmnt CovItemId="S3" CovItemPrefix="Card.java" Intrnl_Id="19">
<Branch CovItemId="B1" CovItemPrefix="Card.java" Implct="false" Intrnl_Id="20">
<Cond>
<Loc EndOffset="251" SrcFileId="1" StartOffset="238"/>
</Cond>
<LocList>
<Loc EndOffset="287" SrcFileId="1" StartOffset="258"/>
</LocList>
<StmntSeq Intrnl_Id="21">
<LocList>
<Loc EndOffset="275" SrcFileId="1" StartOffset="258"/>
<Loc EndOffset="287" SrcFileId="1" StartOffset="281"/>
</LocList>
<BasicStmnt CovItemId="S4" CovItemPrefix="Card.java" Intrnl_Id="22">
<LocList>
<Loc EndOffset="275" SrcFileId="1" StartOffset="258"/>
</LocList>
</BasicStmnt>
<BasicStmnt CovItemId="S5" CovItemPrefix="Card.java" Intrnl_Id="23">
<LocList>
<Loc EndOffset="287" SrcFileId="1" StartOffset="281"/>
</LocList>
</BasicStmnt>
</StmntSeq>
</Branch>
<Branch CovItemId="B2" CovItemPrefix="Card.java" Implct="false" Intrnl_Id="24">
<Cond>
<Loc EndOffset="305" SrcFileId="1" StartOffset="292"/>
</Cond>
<LocList>
<Loc EndOffset="341" SrcFileId="1" StartOffset="312"/>
</LocList>
<StmntSeq Intrnl_Id="25">
<LocList>
<Loc EndOffset="329" SrcFileId="1" StartOffset="312"/>
<Loc EndOffset="341" SrcFileId="1" StartOffset="335"/>
</LocList>
<BasicStmnt CovItemId="S6" CovItemPrefix="Card.java" Intrnl_Id="26">
<LocList>
<Loc EndOffset="329" SrcFileId="1" StartOffset="312"/>
</LocList>
</BasicStmnt>
<BasicStmnt CovItemId="S7" CovItemPrefix="Card.java" Intrnl_Id="27">
<LocList>
<Loc EndOffset="341" SrcFileId="1" StartOffset="335"/>
</LocList>
</BasicStmnt>
</StmntSeq>
</Branch>
<Branch CovItemId="B3" CovItemPrefix="Card.java" Implct="false" Intrnl_Id="28">
<Cond>
<Loc EndOffset="357" SrcFileId="1" StartOffset="346"/>
</Cond>
<LocList>
<Loc EndOffset="391" SrcFileId="1" StartOffset="364"/>
</LocList>
<StmntSeq Intrnl_Id="29">
<LocList>
<Loc EndOffset="379" SrcFileId="1" StartOffset="364"/>
<Loc EndOffset="391" SrcFileId="1" StartOffset="385"/>
</LocList>
<BasicStmnt CovItemId="S8" CovItemPrefix="Card.java" Intrnl_Id="30">
<LocList>
<Loc EndOffset="379" SrcFileId="1" StartOffset="364"/>
</LocList>
</BasicStmnt>
<BasicStmnt CovItemId="S9" CovItemPrefix="Card.java" Intrnl_Id="31">
<LocList>
<Loc EndOffset="391" SrcFileId="1" StartOffset="385"/>
</LocList>
</BasicStmnt>
</StmntSeq>
</Branch>
<Branch CovItemId="B4" CovItemPrefix="Card.java" Implct="false" Intrnl_Id="32">
<Cond>
<Loc EndOffset="409" SrcFileId="1" StartOffset="396"/>
</Cond>
<LocList>
<Loc EndOffset="445" SrcFileId="1" StartOffset="416"/>
</LocList>
<StmntSeq Intrnl_Id="33">
<LocList>
<Loc EndOffset="433" SrcFileId="1" StartOffset="416"/>
<Loc EndOffset="445" SrcFileId="1" StartOffset="439"/>
</LocList>
<BasicStmnt CovItemId="S10" CovItemPrefix="Card.java" Intrnl_Id="34">
<LocList>
<Loc EndOffset="433" SrcFileId="1" StartOffset="416"/>
</LocList>
</BasicStmnt>
<BasicStmnt CovItemId="S11" CovItemPrefix="Card.java" Intrnl_Id="35">
<LocList>
<Loc EndOffset="445" SrcFileId="1" StartOffset="439"/>
</LocList>
</BasicStmnt>
</StmntSeq>
</Branch>
<Branch CovItemId="B5" CovItemPrefix="Card.java" Implct="false" Intrnl_Id="36">
<Cond>
<Loc EndOffset="462" SrcFileId="1" StartOffset="450"/>
</Cond>
<LocList>
<Loc EndOffset="497" SrcFileId="1" StartOffset="469"/>
</LocList>
<StmntSeq Intrnl_Id="37">
<LocList>
<Loc EndOffset="485" SrcFileId="1" StartOffset="469"/>
<Loc EndOffset="497" SrcFileId="1" StartOffset="491"/>
</LocList>
<BasicStmnt CovItemId="S12" CovItemPrefix="Card.java" Intrnl_Id="38">
<LocList>
<Loc EndOffset="485" SrcFileId="1" StartOffset="469"/>
</LocList>
</BasicStmnt>
<BasicStmnt CovItemId="S13" CovItemPrefix="Card.java" Intrnl_Id="39">
<LocList>
<Loc EndOffset="497" SrcFileId="1" StartOffset="491"/>
</LocList>
</BasicStmnt>
</StmntSeq>
</Branch>
<Branch CovItemId="B6" CovItemPrefix="Card.java" Implct="false" Intrnl_Id="40">
<Cond>
<Loc EndOffset="517" SrcFileId="1" StartOffset="502"/>
</Cond>
<LocList>
<Loc EndOffset="555" SrcFileId="1" StartOffset="524"/>
</LocList>
<StmntSeq Intrnl_Id="41">
<LocList>
<Loc EndOffset="543" SrcFileId="1" StartOffset="524"/>
<Loc EndOffset="555" SrcFileId="1" StartOffset="549"/>
</LocList>
<BasicStmnt CovItemId="S14" CovItemPrefix="Card.java" Intrnl_Id="42">
<LocList>
<Loc EndOffset="543" SrcFileId="1" StartOffset="524"/>
</LocList>
</BasicStmnt>
<BasicStmnt CovItemId="S15" CovItemPrefix="Card.java" Intrnl_Id="43">
<LocList>
<Loc EndOffset="555" SrcFileId="1" StartOffset="549"/>
</LocList>
</BasicStmnt>
</StmntSeq>
</Branch>
<Branch CovItemId="B7" CovItemPrefix="Card.java" Implct="false" Intrnl_Id="44">
<Cond>
<Loc EndOffset="577" SrcFileId="1" StartOffset="560"/>
</Cond>
<LocList>
<Loc EndOffset="635" SrcFileId="1" StartOffset="584"/>
</LocList>
<StmntSeq Intrnl_Id="45">
<LocList>
<Loc EndOffset="605" SrcFileId="1" StartOffset="584"/>
<Loc EndOffset="623" SrcFileId="1" StartOffset="611"/>
<Loc EndOffset="635" SrcFileId="1" StartOffset="629"/>
</LocList>
<BasicStmnt CovItemId="S16" CovItemPrefix="Card.java" Intrnl_Id="46">
<LocList>
<Loc EndOffset="605" SrcFileId="1" StartOffset="584"/>
</LocList>
</BasicStmnt>
<BasicStmnt CovItemId="S17" CovItemPrefix="Card.java" Intrnl_Id="47">
<LocList>
<Loc EndOffset="623" SrcFileId="1" StartOffset="611"/>
</LocList>
</BasicStmnt>
<BasicStmnt CovItemId="S18" CovItemPrefix="Card.java" Intrnl_Id="48">
<LocList>
<Loc EndOffset="635" SrcFileId="1" StartOffset="629"/>
</LocList>
</BasicStmnt>
</StmntSeq>
</Branch>
<Branch CovItemId="B8" CovItemPrefix="Card.java" Implct="false" Intrnl_Id="49">
<Cond>
<Loc EndOffset="657" SrcFileId="1" StartOffset="640"/>
</Cond>
<LocList>
<Loc EndOffset="715" SrcFileId="1" StartOffset="664"/>
</LocList>
<StmntSeq Intrnl_Id="50">
<LocList>
<Loc EndOffset="685" SrcFileId="1" StartOffset="664"/>
<Loc EndOffset="703" SrcFileId="1" StartOffset="691"/>
<Loc EndOffset="715" SrcFileId="1" StartOffset="709"/>
</LocList>
<BasicStmnt CovItemId="S19" CovItemPrefix="Card.java" Intrnl_Id="51">
<LocList>
<Loc EndOffset="685" SrcFileId="1" StartOffset="664"/>
</LocList>
</BasicStmnt>
<BasicStmnt CovItemId="S20" CovItemPrefix="Card.java" Intrnl_Id="52">
<LocList>
<Loc EndOffset="703" SrcFileId="1" StartOffset="691"/>
</LocList>
</BasicStmnt>
<BasicStmnt CovItemId="S21" CovItemPrefix="Card.java" Intrnl_Id="53">
<LocList>
<Loc EndOffset="715" SrcFileId="1" StartOffset="709"/>
</LocList>
</BasicStmnt>
</StmntSeq>
</Branch>
<Branch CovItemId="B9" CovItemPrefix="Card.java" Implct="false" Intrnl_Id="54">
<Cond>
<Loc EndOffset="732" SrcFileId="1" StartOffset="720"/>
</Cond>
<LocList>
<Loc EndOffset="785" SrcFileId="1" StartOffset="739"/>
</LocList>
<StmntSeq Intrnl_Id="55">
<LocList>
<Loc EndOffset="755" SrcFileId="1" StartOffset="739"/>
<Loc EndOffset="773" SrcFileId="1" StartOffset="761"/>
<Loc EndOffset="785" SrcFileId="1" StartOffset="779"/>
</LocList>
<BasicStmnt CovItemId="S22" CovItemPrefix="Card.java" Intrnl_Id="56">
<LocList>
<Loc EndOffset="755" SrcFileId="1" StartOffset="739"/>
</LocList>
</BasicStmnt>
<BasicStmnt CovItemId="S23" CovItemPrefix="Card.java" Intrnl_Id="57">
<LocList>
<Loc EndOffset="773" SrcFileId="1" StartOffset="761"/>
</LocList>
</BasicStmnt>
<BasicStmnt CovItemId="S24" CovItemPrefix="Card.java" Intrnl_Id="58">
<LocList>
<Loc EndOffset="785" SrcFileId="1" StartOffset="779"/>
</LocList>
</BasicStmnt>
</StmntSeq>
</Branch>
<Branch CovItemId="B10" CovItemPrefix="Card.java" Implct="false" Intrnl_Id="59">
<Cond>
<Loc EndOffset="809" SrcFileId="1" StartOffset="790"/>
</Cond>
<LocList>
<Loc EndOffset="868" SrcFileId="1" StartOffset="816"/>
</LocList>
<StmntSeq Intrnl_Id="60">
<LocList>
<Loc EndOffset="838" SrcFileId="1" StartOffset="816"/>
<Loc EndOffset="856" SrcFileId="1" StartOffset="844"/>
<Loc EndOffset="868" SrcFileId="1" StartOffset="862"/>
</LocList>
<BasicStmnt CovItemId="S25" CovItemPrefix="Card.java" Intrnl_Id="61">
<LocList>
<Loc EndOffset="838" SrcFileId="1" StartOffset="816"/>
</LocList>
</BasicStmnt>
<BasicStmnt CovItemId="S26" CovItemPrefix="Card.java" Intrnl_Id="62">
<LocList>
<Loc EndOffset="856" SrcFileId="1" StartOffset="844"/>
</LocList>
</BasicStmnt>
<BasicStmnt CovItemId="S27" CovItemPrefix="Card.java" Intrnl_Id="63">
<LocList>
<Loc EndOffset="868" SrcFileId="1" StartOffset="862"/>
</LocList>
</BasicStmnt>
</StmntSeq>
</Branch>
<Branch CovItemId="B11" CovItemPrefix="Card.java" Implct="false" Intrnl_Id="64">
<Cond>
<Loc EndOffset="888" SrcFileId="1" StartOffset="873"/>
</Cond>
<LocList>
<Loc EndOffset="944" SrcFileId="1" StartOffset="895"/>
</LocList>
<StmntSeq Intrnl_Id="65">
<LocList>
<Loc EndOffset="914" SrcFileId="1" StartOffset="895"/>
<Loc EndOffset="932" SrcFileId="1" StartOffset="920"/>
<Loc EndOffset="944" SrcFileId="1" StartOffset="938"/>
</LocList>
<BasicStmnt CovItemId="S28" CovItemPrefix="Card.java" Intrnl_Id="66">
<LocList>
<Loc EndOffset="914" SrcFileId="1" StartOffset="895"/>
</LocList>
</BasicStmnt>
<BasicStmnt CovItemId="S29" CovItemPrefix="Card.java" Intrnl_Id="67">
<LocList>
<Loc EndOffset="932" SrcFileId="1" StartOffset="920"/>
</LocList>
</BasicStmnt>
<BasicStmnt CovItemId="S30" CovItemPrefix="Card.java" Intrnl_Id="68">
<LocList>
<Loc EndOffset="944" SrcFileId="1" StartOffset="938"/>
</LocList>
</BasicStmnt>
</StmntSeq>
</Branch>
<Branch CovItemId="B12" CovItemPrefix="Card.java" Implct="false" Intrnl_Id="69">
<Cond>
<Loc EndOffset="963" SrcFileId="1" StartOffset="949"/>
</Cond>
<LocList>
<Loc EndOffset="1018" SrcFileId="1" StartOffset="970"/>
</LocList>
<StmntSeq Intrnl_Id="70">
<LocList>
<Loc EndOffset="988" SrcFileId="1" StartOffset="970"/>
<Loc EndOffset="1006" SrcFileId="1" StartOffset="994"/>
<Loc EndOffset="1018" SrcFileId="1" StartOffset="1012"/>
</LocList>
<BasicStmnt CovItemId="S31" CovItemPrefix="Card.java" Intrnl_Id="71">
<LocList>
<Loc EndOffset="988" SrcFileId="1" StartOffset="970"/>
</LocList>
</BasicStmnt>
<BasicStmnt CovItemId="S32" CovItemPrefix="Card.java" Intrnl_Id="72">
<LocList>
<Loc EndOffset="1006" SrcFileId="1" StartOffset="994"/>
</LocList>
</BasicStmnt>
<BasicStmnt CovItemId="S33" CovItemPrefix="Card.java" Intrnl_Id="73">
<LocList>
<Loc EndOffset="1018" SrcFileId="1" StartOffset="1012"/>
</LocList>
</BasicStmnt>
</StmntSeq>
</Branch>
<Branch CovItemId="B13" CovItemPrefix="Card.java" Implct="false" Intrnl_Id="74">
<Cond>
<Loc EndOffset="1035" SrcFileId="1" StartOffset="1023"/>
</Cond>
<LocList>
<Loc EndOffset="1088" SrcFileId="1" StartOffset="1042"/>
</LocList>
<StmntSeq Intrnl_Id="75">
<LocList>
<Loc EndOffset="1058" SrcFileId="1" StartOffset="1042"/>
<Loc EndOffset="1076" SrcFileId="1" StartOffset="1064"/>
<Loc EndOffset="1088" SrcFileId="1" StartOffset="1082"/>
</LocList>
<BasicStmnt CovItemId="S34" CovItemPrefix="Card.java" Intrnl_Id="76">
<LocList>
<Loc EndOffset="1058" SrcFileId="1" StartOffset="1042"/>
</LocList>
</BasicStmnt>
<BasicStmnt CovItemId="S35" CovItemPrefix="Card.java" Intrnl_Id="77">
<LocList>
<Loc EndOffset="1076" SrcFileId="1" StartOffset="1064"/>
</LocList>
</BasicStmnt>
<BasicStmnt CovItemId="S36" CovItemPrefix="Card.java" Intrnl_Id="78">
<LocList>
<Loc EndOffset="1088" SrcFileId="1" StartOffset="1082"/>
</LocList>
</BasicStmnt>
</StmntSeq>
</Branch>
<Branch CovItemId="B14" CovItemPrefix="Card.java" Implct="false" Intrnl_Id="79">
<Cond>
<Loc EndOffset="1107" SrcFileId="1" StartOffset="1093"/>
</Cond>
<LocList>
<Loc EndOffset="1144" SrcFileId="1" StartOffset="1114"/>
</LocList>
<StmntSeq Intrnl_Id="80">
<LocList>
<Loc EndOffset="1132" SrcFileId="1" StartOffset="1114"/>
<Loc EndOffset="1144" SrcFileId="1" StartOffset="1138"/>
</LocList>
<BasicStmnt CovItemId="S37" CovItemPrefix="Card.java" Intrnl_Id="81">
<LocList>
<Loc EndOffset="1132" SrcFileId="1" StartOffset="1114"/>
</LocList>
</BasicStmnt>
<BasicStmnt CovItemId="S38" CovItemPrefix="Card.java" Intrnl_Id="82">
<LocList>
<Loc EndOffset="1144" SrcFileId="1" StartOffset="1138"/>
</LocList>
</BasicStmnt>
</StmntSeq>
</Branch>
<Branch CovItemId="B15" CovItemPrefix="Card.java" Implct="false" Intrnl_Id="83">
<Cond>
<Loc EndOffset="1166" SrcFileId="1" StartOffset="1149"/>
</Cond>
<LocList>
<Loc EndOffset="1223" SrcFileId="1" StartOffset="1173"/>
</LocList>
<StmntSeq Intrnl_Id="84">
<LocList>
<Loc EndOffset="1193" SrcFileId="1" StartOffset="1173"/>
<Loc EndOffset="1211" SrcFileId="1" StartOffset="1199"/>
<Loc EndOffset="1223" SrcFileId="1" StartOffset="1217"/>
</LocList>
<BasicStmnt CovItemId="S39" CovItemPrefix="Card.java" Intrnl_Id="85">
<LocList>
<Loc EndOffset="1193" SrcFileId="1" StartOffset="1173"/>
</LocList>
</BasicStmnt>
<BasicStmnt CovItemId="S40" CovItemPrefix="Card.java" Intrnl_Id="86">
<LocList>
<Loc EndOffset="1211" SrcFileId="1" StartOffset="1199"/>
</LocList>
</BasicStmnt>
<BasicStmnt CovItemId="S41" CovItemPrefix="Card.java" Intrnl_Id="87">
<LocList>
<Loc EndOffset="1223" SrcFileId="1" StartOffset="1217"/>
</LocList>
</BasicStmnt>
</StmntSeq>
</Branch>
<Branch CovItemId="B16" CovItemPrefix="Card.java" Implct="false" Intrnl_Id="88">
<Cond>
<Loc EndOffset="1239" SrcFileId="1" StartOffset="1228"/>
</Cond>
<LocList>
<Loc EndOffset="1291" SrcFileId="1" StartOffset="1246"/>
</LocList>
<StmntSeq Intrnl_Id="89">
<LocList>
<Loc EndOffset="1261" SrcFileId="1" StartOffset="1246"/>
<Loc EndOffset="1279" SrcFileId="1" StartOffset="1267"/>
<Loc EndOffset="1291" SrcFileId="1" StartOffset="1285"/>
</LocList>
<BasicStmnt CovItemId="S42" CovItemPrefix="Card.java" Intrnl_Id="90">
<LocList>
<Loc EndOffset="1261" SrcFileId="1" StartOffset="1246"/>
</LocList>
</BasicStmnt>
<BasicStmnt CovItemId="S43" CovItemPrefix="Card.java" Intrnl_Id="91">
<LocList>
<Loc EndOffset="1279" SrcFileId="1" StartOffset="1267"/>
</LocList>
</BasicStmnt>
<BasicStmnt CovItemId="S44" CovItemPrefix="Card.java" Intrnl_Id="92">
<LocList>
<Loc EndOffset="1291" SrcFileId="1" StartOffset="1285"/>
</LocList>
</BasicStmnt>
</StmntSeq>
</Branch>
<Branch CovItemId="B17" CovItemPrefix="Card.java" Implct="false" Intrnl_Id="93">
<Cond>
<Loc EndOffset="1309" SrcFileId="1" StartOffset="1296"/>
</Cond>
<LocList>
<Loc EndOffset="1363" SrcFileId="1" StartOffset="1316"/>
</LocList>
<StmntSeq Intrnl_Id="94">
<LocList>
<Loc EndOffset="1333" SrcFileId="1" StartOffset="1316"/>
<Loc EndOffset="1351" SrcFileId="1" StartOffset="1339"/>
<Loc EndOffset="1363" SrcFileId="1" StartOffset="1357"/>
</LocList>
<BasicStmnt CovItemId="S45" CovItemPrefix="Card.java" Intrnl_Id="95">
<LocList>
<Loc EndOffset="1333" SrcFileId="1" StartOffset="1316"/>
</LocList>
</BasicStmnt>
<BasicStmnt CovItemId="S46" CovItemPrefix="Card.java" Intrnl_Id="96">
<LocList>
<Loc EndOffset="1351" SrcFileId="1" StartOffset="1339"/>
</LocList>
</BasicStmnt>
<BasicStmnt CovItemId="S47" CovItemPrefix="Card.java" Intrnl_Id="97">
<LocList>
<Loc EndOffset="1363" SrcFileId="1" StartOffset="1357"/>
</LocList>
</BasicStmnt>
</StmntSeq>
</Branch>
<Branch CovItemId="B18" CovItemPrefix="Card.java" Implct="false" Intrnl_Id="98">
<Cond>
<Loc EndOffset="1382" SrcFileId="1" StartOffset="1368"/>
</Cond>
<LocList>
<Loc EndOffset="1437" SrcFileId="1" StartOffset="1389"/>
</LocList>
<StmntSeq Intrnl_Id="99">
<LocList>
<Loc EndOffset="1407" SrcFileId="1" StartOffset="1389"/>
<Loc EndOffset="1425" SrcFileId="1" StartOffset="1413"/>
<Loc EndOffset="1437" SrcFileId="1" StartOffset="1431"/>
</LocList>
<BasicStmnt CovItemId="S48" CovItemPrefix="Card.java" Intrnl_Id="100">
<LocList>
<Loc EndOffset="1407" SrcFileId="1" StartOffset="1389"/>
</LocList>
</BasicStmnt>
<BasicStmnt CovItemId="S49" CovItemPrefix="Card.java" Intrnl_Id="101">
<LocList>
<Loc EndOffset="1425" SrcFileId="1" StartOffset="1413"/>
</LocList>
</BasicStmnt>
<BasicStmnt CovItemId="S50" CovItemPrefix="Card.java" Intrnl_Id="102">
<LocList>
<Loc EndOffset="1437" SrcFileId="1" StartOffset="1431"/>
</LocList>
</BasicStmnt>
</StmntSeq>
</Branch>
<Branch CovItemId="B19" CovItemPrefix="Card.java" Implct="false" Intrnl_Id="103">
<Cond>
<Loc EndOffset="1459" SrcFileId="1" StartOffset="1442"/>
</Cond>
<LocList>
<Loc EndOffset="1517" SrcFileId="1" StartOffset="1466"/>
</LocList>
<StmntSeq Intrnl_Id="104">
<LocList>
<Loc EndOffset="1487" SrcFileId="1" StartOffset="1466"/>
<Loc EndOffset="1505" SrcFileId="1" StartOffset="1493"/>
<Loc EndOffset="1517" SrcFileId="1" StartOffset="1511"/>
</LocList>
<BasicStmnt CovItemId="S51" CovItemPrefix="Card.java" Intrnl_Id="105">
<LocList>
<Loc EndOffset="1487" SrcFileId="1" StartOffset="1466"/>
</LocList>
</BasicStmnt>
<BasicStmnt CovItemId="S52" CovItemPrefix="Card.java" Intrnl_Id="106">
<LocList>
<Loc EndOffset="1505" SrcFileId="1" StartOffset="1493"/>
</LocList>
</BasicStmnt>
<BasicStmnt CovItemId="S53" CovItemPrefix="Card.java" Intrnl_Id="107">
<LocList>
<Loc EndOffset="1517" SrcFileId="1" StartOffset="1511"/>
</LocList>
</BasicStmnt>
</StmntSeq>
</Branch>
<Branch CovItemId="B20" CovItemPrefix="Card.java" Implct="false" Intrnl_Id="108">
<Cond>
<Loc EndOffset="1534" SrcFileId="1" StartOffset="1522"/>
</Cond>
<LocList>
<Loc EndOffset="1569" SrcFileId="1" StartOffset="1541"/>
</LocList>
<StmntSeq Intrnl_Id="109">
<LocList>
<Loc EndOffset="1557" SrcFileId="1" StartOffset="1541"/>
<Loc EndOffset="1569" SrcFileId="1" StartOffset="1563"/>
</LocList>
<BasicStmnt CovItemId="S54" CovItemPrefix="Card.java" Intrnl_Id="110">
<LocList>
<Loc EndOffset="1557" SrcFileId="1" StartOffset="1541"/>
</LocList>
</BasicStmnt>
<BasicStmnt CovItemId="S55" CovItemPrefix="Card.java" Intrnl_Id="111">
<LocList>
<Loc EndOffset="1569" SrcFileId="1" StartOffset="1563"/>
</LocList>
</BasicStmnt>
</StmntSeq>
</Branch>
<Branch CovItemId="B21" CovItemPrefix="Card.java" Implct="true" Intrnl_Id="112">
<Cond/>
<LocList/>
<StmntSeq Intrnl_Id="113">
<LocList/>
</StmntSeq>
</Branch>
<Keyword EndOffset="226" SrcFileId="1" StartOffset="220"/>
<LocList>
<Loc EndOffset="1575" SrcFileId="1" StartOffset="220"/>
</LocList>
</CondStmnt>
</StmntSeq>
</HierarchyLvl>
<HierarchyLvl HierarchyLvlId="1091" HierarchyLvlTypeId="10" Intrnl_Id="114" Name="makeCurse">
<Header>
<Loc EndOffset="1618" SrcFileId="1" StartOffset="1585"/>
</Header>
<LocList>
<Loc EndOffset="1792" SrcFileId="1" StartOffset="1585"/>
</LocList>
<StmntSeq Intrnl_Id="115">
<LocList>
<Loc EndOffset="1636" SrcFileId="1" StartOffset="1624"/>
<Loc EndOffset="1653" SrcFileId="1" StartOffset="1640"/>
<Loc EndOffset="1679" SrcFileId="1" StartOffset="1657"/>
<Loc EndOffset="1702" SrcFileId="1" StartOffset="1683"/>
<Loc EndOffset="1726" SrcFileId="1" StartOffset="1706"/>
<Loc EndOffset="1754" SrcFileId="1" StartOffset="1730"/>
<Loc EndOffset="1772" SrcFileId="1" StartOffset="1758"/>
<Loc EndOffset="1784" SrcFileId="1" StartOffset="1777"/>
</LocList>
<BasicStmnt CovItemId="S56" CovItemPrefix="Card.java" Intrnl_Id="116">
<LocList>
<Loc EndOffset="1636" SrcFileId="1" StartOffset="1624"/>
</LocList>
</BasicStmnt>
<BasicStmnt CovItemId="S57" CovItemPrefix="Card.java" Intrnl_Id="117">
<LocList>
<Loc EndOffset="1653" SrcFileId="1" StartOffset="1640"/>
</LocList>
</BasicStmnt>
<BasicStmnt CovItemId="S58" CovItemPrefix="Card.java" Intrnl_Id="118">
<LocList>
<Loc EndOffset="1679" SrcFileId="1" StartOffset="1657"/>
</LocList>
</BasicStmnt>
<BasicStmnt CovItemId="S59" CovItemPrefix="Card.java" Intrnl_Id="119">
<LocList>
<Loc EndOffset="1702" SrcFileId="1" StartOffset="1683"/>
</LocList>
</BasicStmnt>
<BasicStmnt CovItemId="S60" CovItemPrefix="Card.java" Intrnl_Id="120">
<LocList>
<Loc EndOffset="1726" SrcFileId="1" StartOffset="1706"/>
</LocList>
</BasicStmnt>
<BasicStmnt CovItemId="S61" CovItemPrefix="Card.java" Intrnl_Id="121">
<LocList>
<Loc EndOffset="1754" SrcFileId="1" StartOffset="1730"/>
</LocList>
</BasicStmnt>
<BasicStmnt CovItemId="S62" CovItemPrefix="Card.java" Intrnl_Id="122">
<LocList>
<Loc EndOffset="1772" SrcFileId="1" StartOffset="1758"/>
</LocList>
</BasicStmnt>
<BasicStmnt CovItemId="S63" CovItemPrefix="Card.java" Intrnl_Id="123">
<LocList>
<Loc EndOffset="1784" SrcFileId="1" StartOffset="1777"/>
</LocList>
</BasicStmnt>
</StmntSeq>
</HierarchyLvl>
<HierarchyLvl HierarchyLvlId="1092" HierarchyLvlTypeId="10" Intrnl_Id="124" Name="makeMine">
<Header>
<Loc EndOffset="1827" SrcFileId="1" StartOffset="1795"/>
</Header>
<LocList>
<Loc EndOffset="2084" SrcFileId="1" StartOffset="1795"/>
</LocList>
<StmntSeq Intrnl_Id="125">
<LocList>
<Loc EndOffset="1845" SrcFileId="1" StartOffset="1833"/>
<Loc EndOffset="1862" SrcFileId="1" StartOffset="1849"/>
<Loc EndOffset="1888" SrcFileId="1" StartOffset="1866"/>
<Loc EndOffset="1911" SrcFileId="1" StartOffset="1892"/>
<Loc EndOffset="1935" SrcFileId="1" StartOffset="1915"/>
<Loc EndOffset="1960" SrcFileId="1" StartOffset="1939"/>
<Loc EndOffset="1977" SrcFileId="1" StartOffset="1964"/>
<Loc EndOffset="2076" SrcFileId="1" StartOffset="2069"/>
</LocList>
<BasicStmnt CovItemId="S64" CovItemPrefix="Card.java" Intrnl_Id="126">
<LocList>
<Loc EndOffset="1845" SrcFileId="1" StartOffset="1833"/>
</LocList>
</BasicStmnt>
<BasicStmnt CovItemId="S65" CovItemPrefix="Card.java" Intrnl_Id="127">
<LocList>
<Loc EndOffset="1862" SrcFileId="1" StartOffset="1849"/>
</LocList>
</BasicStmnt>
<BasicStmnt CovItemId="S66" CovItemPrefix="Card.java" Intrnl_Id="128">
<LocList>
<Loc EndOffset="1888" SrcFileId="1" StartOffset="1866"/>
</LocList>
</BasicStmnt>
<BasicStmnt CovItemId="S67" CovItemPrefix="Card.java" Intrnl_Id="129">
<LocList>
<Loc EndOffset="1911" SrcFileId="1" StartOffset="1892"/>
</LocList>
</BasicStmnt>
<BasicStmnt CovItemId="S68" CovItemPrefix="Card.java" Intrnl_Id="130">
<LocList>
<Loc EndOffset="1935" SrcFileId="1" StartOffset="1915"/>
</LocList>
</BasicStmnt>
<BasicStmnt CovItemId="S69" CovItemPrefix="Card.java" Intrnl_Id="131">
<LocList>
<Loc EndOffset="1960" SrcFileId="1" StartOffset="1939"/>
</LocList>
</BasicStmnt>
<BasicStmnt CovItemId="S70" CovItemPrefix="Card.java" Intrnl_Id="132">
<LocList>
<Loc EndOffset="1977" SrcFileId="1" StartOffset="1964"/>
</LocList>
</BasicStmnt>
<BasicStmnt CovItemId="S71" CovItemPrefix="Card.java" Intrnl_Id="133">
<LocList>
<Loc EndOffset="2076" SrcFileId="1" StartOffset="2069"/>
</LocList>
</BasicStmnt>
</StmntSeq>
</HierarchyLvl>
<HierarchyLvl HierarchyLvlId="1093" HierarchyLvlTypeId="10" Intrnl_Id="134" Name="makeGreatHall">
<Header>
<Loc EndOffset="2124" SrcFileId="1" StartOffset="2087"/>
</Header>
<LocList>
<Loc EndOffset="2297" SrcFileId="1" StartOffset="2087"/>
</LocList>
<StmntSeq Intrnl_Id="135">
<LocList>
<Loc EndOffset="2142" SrcFileId="1" StartOffset="2130"/>
<Loc EndOffset="2159" SrcFileId="1" StartOffset="2146"/>
<Loc EndOffset="2185" SrcFileId="1" StartOffset="2163"/>
<Loc EndOffset="2208" SrcFileId="1" StartOffset="2189"/>
<Loc EndOffset="2232" SrcFileId="1" StartOffset="2212"/>
<Loc EndOffset="2257" SrcFileId="1" StartOffset="2236"/>
<Loc EndOffset="2275" SrcFileId="1" StartOffset="2261"/>
<Loc EndOffset="2288" SrcFileId="1" StartOffset="2281"/>
</LocList>
<BasicStmnt CovItemId="S72" CovItemPrefix="Card.java" Intrnl_Id="136">
<LocList>
<Loc EndOffset="2142" SrcFileId="1" StartOffset="2130"/>
</LocList>
</BasicStmnt>
<BasicStmnt CovItemId="S73" CovItemPrefix="Card.java" Intrnl_Id="137">
<LocList>
<Loc EndOffset="2159" SrcFileId="1" StartOffset="2146"/>
</LocList>
</BasicStmnt>
<BasicStmnt CovItemId="S74" CovItemPrefix="Card.java" Intrnl_Id="138">
<LocList>
<Loc EndOffset="2185" SrcFileId="1" StartOffset="2163"/>
</LocList>
</BasicStmnt>
<BasicStmnt CovItemId="S75" CovItemPrefix="Card.java" Intrnl_Id="139">
<LocList>
<Loc EndOffset="2208" SrcFileId="1" StartOffset="2189"/>
</LocList>
</BasicStmnt>
<BasicStmnt CovItemId="S76" CovItemPrefix="Card.java" Intrnl_Id="140">
<LocList>
<Loc EndOffset="2232" SrcFileId="1" StartOffset="2212"/>
</LocList>
</BasicStmnt>
<BasicStmnt CovItemId="S77" CovItemPrefix="Card.java" Intrnl_Id="141">
<LocList>
<Loc EndOffset="2257" SrcFileId="1" StartOffset="2236"/>
</LocList>
</BasicStmnt>
<BasicStmnt CovItemId="S78" CovItemPrefix="Card.java" Intrnl_Id="142">
<LocList>
<Loc EndOffset="2275" SrcFileId="1" StartOffset="2261"/>
</LocList>
</BasicStmnt>
<BasicStmnt CovItemId="S79" CovItemPrefix="Card.java" Intrnl_Id="143">
<LocList>
<Loc EndOffset="2288" SrcFileId="1" StartOffset="2281"/>
</LocList>
</BasicStmnt>
</StmntSeq>
</HierarchyLvl>
<HierarchyLvl HierarchyLvlId="1094" HierarchyLvlTypeId="10" Intrnl_Id="144" Name="makeGardens">
<Header>
<Loc EndOffset="2335" SrcFileId="1" StartOffset="2300"/>
</Header>
<LocList>
<Loc EndOffset="2562" SrcFileId="1" StartOffset="2300"/>
</LocList>
<StmntSeq Intrnl_Id="145">
<LocList>
<Loc EndOffset="2353" SrcFileId="1" StartOffset="2341"/>
<Loc EndOffset="2370" SrcFileId="1" StartOffset="2357"/>
<Loc EndOffset="2396" SrcFileId="1" StartOffset="2374"/>
<Loc EndOffset="2419" SrcFileId="1" StartOffset="2400"/>
<Loc EndOffset="2443" SrcFileId="1" StartOffset="2423"/>
<Loc EndOffset="2468" SrcFileId="1" StartOffset="2447"/>
<Loc EndOffset="2485" SrcFileId="1" StartOffset="2472"/>
<Loc EndOffset="2553" SrcFileId="1" StartOffset="2546"/>
</LocList>
<BasicStmnt CovItemId="S80" CovItemPrefix="Card.java" Intrnl_Id="146">
<LocList>
<Loc EndOffset="2353" SrcFileId="1" StartOffset="2341"/>
</LocList>
</BasicStmnt>
<BasicStmnt CovItemId="S81" CovItemPrefix="Card.java" Intrnl_Id="147">
<LocList>
<Loc EndOffset="2370" SrcFileId="1" StartOffset="2357"/>
</LocList>
</BasicStmnt>
<BasicStmnt CovItemId="S82" CovItemPrefix="Card.java" Intrnl_Id="148">
<LocList>
<Loc EndOffset="2396" SrcFileId="1" StartOffset="2374"/>
</LocList>
</BasicStmnt>
<BasicStmnt CovItemId="S83" CovItemPrefix="Card.java" Intrnl_Id="149">
<LocList>
<Loc EndOffset="2419" SrcFileId="1" StartOffset="2400"/>
</LocList>
</BasicStmnt>
<BasicStmnt CovItemId="S84" CovItemPrefix="Card.java" Intrnl_Id="150">
<LocList>
<Loc EndOffset="2443" SrcFileId="1" StartOffset="2423"/>
</LocList>
</BasicStmnt>
<BasicStmnt CovItemId="S85" CovItemPrefix="Card.java" Intrnl_Id="151">
<LocList>
<Loc EndOffset="2468" SrcFileId="1" StartOffset="2447"/>
</LocList>
</BasicStmnt>
<BasicStmnt CovItemId="S86" CovItemPrefix="Card.java" Intrnl_Id="152">
<LocList>
<Loc EndOffset="2485" SrcFileId="1" StartOffset="2472"/>
</LocList>
</BasicStmnt>
<BasicStmnt CovItemId="S87" CovItemPrefix="Card.java" Intrnl_Id="153">
<LocList>
<Loc EndOffset="2553" SrcFileId="1" StartOffset="2546"/>
</LocList>
</BasicStmnt>
</StmntSeq>
</HierarchyLvl>
<HierarchyLvl HierarchyLvlId="1095" HierarchyLvlTypeId="10" Intrnl_Id="154" Name="makeFeast">
<Header>
<Loc EndOffset="2598" SrcFileId="1" StartOffset="2565"/>
</Header>
<LocList>
<Loc EndOffset="2821" SrcFileId="1" StartOffset="2565"/>
</LocList>
<StmntSeq Intrnl_Id="155">
<LocList>
<Loc EndOffset="2616" SrcFileId="1" StartOffset="2604"/>
<Loc EndOffset="2633" SrcFileId="1" StartOffset="2620"/>
<Loc EndOffset="2659" SrcFileId="1" StartOffset="2637"/>
<Loc EndOffset="2682" SrcFileId="1" StartOffset="2663"/>
<Loc EndOffset="2706" SrcFileId="1" StartOffset="2686"/>
<Loc EndOffset="2731" SrcFileId="1" StartOffset="2710"/>
<Loc EndOffset="2748" SrcFileId="1" StartOffset="2735"/>
<Loc EndOffset="2812" SrcFileId="1" StartOffset="2805"/>
</LocList>
<BasicStmnt CovItemId="S88" CovItemPrefix="Card.java" Intrnl_Id="156">
<LocList>
<Loc EndOffset="2616" SrcFileId="1" StartOffset="2604"/>
</LocList>
</BasicStmnt>
<BasicStmnt CovItemId="S89" CovItemPrefix="Card.java" Intrnl_Id="157">
<LocList>
<Loc EndOffset="2633" SrcFileId="1" StartOffset="2620"/>
</LocList>
</BasicStmnt>
<BasicStmnt CovItemId="S90" CovItemPrefix="Card.java" Intrnl_Id="158">
<LocList>
<Loc EndOffset="2659" SrcFileId="1" StartOffset="2637"/>
</LocList>
</BasicStmnt>
<BasicStmnt CovItemId="S91" CovItemPrefix="Card.java" Intrnl_Id="159">
<LocList>
<Loc EndOffset="2682" SrcFileId="1" StartOffset="2663"/>
</LocList>
</BasicStmnt>
<BasicStmnt CovItemId="S92" CovItemPrefix="Card.java" Intrnl_Id="160">
<LocList>
<Loc EndOffset="2706" SrcFileId="1" StartOffset="2686"/>
</LocList>
</BasicStmnt>
<BasicStmnt CovItemId="S93" CovItemPrefix="Card.java" Intrnl_Id="161">
<LocList>
<Loc EndOffset="2731" SrcFileId="1" StartOffset="2710"/>
</LocList>
</BasicStmnt>
<BasicStmnt CovItemId="S94" CovItemPrefix="Card.java" Intrnl_Id="162">
<LocList>
<Loc EndOffset="2748" SrcFileId="1" StartOffset="2735"/>
</LocList>
</BasicStmnt>
<BasicStmnt CovItemId="S95" CovItemPrefix="Card.java" Intrnl_Id="163">
<LocList>
<Loc EndOffset="2812" SrcFileId="1" StartOffset="2805"/>
</LocList>
</BasicStmnt>
</StmntSeq>
</HierarchyLvl>
<HierarchyLvl HierarchyLvlId="1096" HierarchyLvlTypeId="10" Intrnl_Id="164" Name="makeEmbargo">
<Header>
<Loc EndOffset="2859" SrcFileId="1" StartOffset="2824"/>
</Header>
<LocList>
<Loc EndOffset="3176" SrcFileId="1" StartOffset="2824"/>
</LocList>
<StmntSeq Intrnl_Id="165">
<LocList>
<Loc EndOffset="2877" SrcFileId="1" StartOffset="2865"/>
<Loc EndOffset="2894" SrcFileId="1" StartOffset="2881"/>
<Loc EndOffset="2920" SrcFileId="1" StartOffset="2898"/>
<Loc EndOffset="2943" SrcFileId="1" StartOffset="2924"/>
<Loc EndOffset="2967" SrcFileId="1" StartOffset="2947"/>
<Loc EndOffset="2992" SrcFileId="1" StartOffset="2971"/>
<Loc EndOffset="3009" SrcFileId="1" StartOffset="2996"/>
<Loc EndOffset="3167" SrcFileId="1" StartOffset="3160"/>
</LocList>
<BasicStmnt CovItemId="S96" CovItemPrefix="Card.java" Intrnl_Id="166">
<LocList>
<Loc EndOffset="2877" SrcFileId="1" StartOffset="2865"/>
</LocList>
</BasicStmnt>
<BasicStmnt CovItemId="S97" CovItemPrefix="Card.java" Intrnl_Id="167">
<LocList>
<Loc EndOffset="2894" SrcFileId="1" StartOffset="2881"/>
</LocList>
</BasicStmnt>
<BasicStmnt CovItemId="S98" CovItemPrefix="Card.java" Intrnl_Id="168">
<LocList>
<Loc EndOffset="2920" SrcFileId="1" StartOffset="2898"/>
</LocList>
</BasicStmnt>
<BasicStmnt CovItemId="S99" CovItemPrefix="Card.java" Intrnl_Id="169">
<LocList>
<Loc EndOffset="2943" SrcFileId="1" StartOffset="2924"/>
</LocList>
</BasicStmnt>
<BasicStmnt CovItemId="S100" CovItemPrefix="Card.java" Intrnl_Id="170">
<LocList>
<Loc EndOffset="2967" SrcFileId="1" StartOffset="2947"/>
</LocList>
</BasicStmnt>
<BasicStmnt CovItemId="S101" CovItemPrefix="Card.java" Intrnl_Id="171">
<LocList>
<Loc EndOffset="2992" SrcFileId="1" StartOffset="2971"/>
</LocList>
</BasicStmnt>
<BasicStmnt CovItemId="S102" CovItemPrefix="Card.java" Intrnl_Id="172">
<LocList>
<Loc EndOffset="3009" SrcFileId="1" StartOffset="2996"/>
</LocList>
</BasicStmnt>
<BasicStmnt CovItemId="S103" CovItemPrefix="Card.java" Intrnl_Id="173">
<LocList>
<Loc EndOffset="3167" SrcFileId="1" StartOffset="3160"/>
</LocList>
</BasicStmnt>
</StmntSeq>
</HierarchyLvl>
<HierarchyLvl HierarchyLvlId="1097" HierarchyLvlTypeId="10" Intrnl_Id="174" Name="makeCutpurse">
<Header>
<Loc EndOffset="3215" SrcFileId="1" StartOffset="3179"/>
</Header>
<LocList>
<Loc EndOffset="3463" SrcFileId="1" StartOffset="3179"/>
</LocList>
<StmntSeq Intrnl_Id="175">
<LocList>
<Loc EndOffset="3233" SrcFileId="1" StartOffset="3221"/>
<Loc EndOffset="3250" SrcFileId="1" StartOffset="3237"/>
<Loc EndOffset="3276" SrcFileId="1" StartOffset="3254"/>
<Loc EndOffset="3299" SrcFileId="1" StartOffset="3280"/>
<Loc EndOffset="3323" SrcFileId="1" StartOffset="3303"/>
<Loc EndOffset="3348" SrcFileId="1" StartOffset="3327"/>
<Loc EndOffset="3365" SrcFileId="1" StartOffset="3352"/>
<Loc EndOffset="3454" SrcFileId="1" StartOffset="3447"/>
</LocList>
<BasicStmnt CovItemId="S104" CovItemPrefix="Card.java" Intrnl_Id="176">
<LocList>
<Loc EndOffset="3233" SrcFileId="1" StartOffset="3221"/>
</LocList>
</BasicStmnt>
<BasicStmnt CovItemId="S105" CovItemPrefix="Card.java" Intrnl_Id="177">
<LocList>
<Loc EndOffset="3250" SrcFileId="1" StartOffset="3237"/>
</LocList>
</BasicStmnt>
<BasicStmnt CovItemId="S106" CovItemPrefix="Card.java" Intrnl_Id="178">
<LocList>
<Loc EndOffset="3276" SrcFileId="1" StartOffset="3254"/>
</LocList>
</BasicStmnt>
<BasicStmnt CovItemId="S107" CovItemPrefix="Card.java" Intrnl_Id="179">
<LocList>
<Loc EndOffset="3299" SrcFileId="1" StartOffset="3280"/>
</LocList>
</BasicStmnt>
<BasicStmnt CovItemId="S108" CovItemPrefix="Card.java" Intrnl_Id="180">
<LocList>
<Loc EndOffset="3323" SrcFileId="1" StartOffset="3303"/>
</LocList>
</BasicStmnt>
<BasicStmnt CovItemId="S109" CovItemPrefix="Card.java" Intrnl_Id="181">
<LocList>
<Loc EndOffset="3348" SrcFileId="1" StartOffset="3327"/>
</LocList>
</BasicStmnt>
<BasicStmnt CovItemId="S110" CovItemPrefix="Card.java" Intrnl_Id="182">
<LocList>
<Loc EndOffset="3365" SrcFileId="1" StartOffset="3352"/>
</LocList>
</BasicStmnt>
<BasicStmnt CovItemId="S111" CovItemPrefix="Card.java" Intrnl_Id="183">
<LocList>
<Loc EndOffset="3454" SrcFileId="1" StartOffset="3447"/>
</LocList>
</BasicStmnt>
</StmntSeq>
</HierarchyLvl>
<HierarchyLvl HierarchyLvlId="1098" HierarchyLvlTypeId="10" Intrnl_Id="184" Name="makeBaron">
<Header>
<Loc EndOffset="3499" SrcFileId="1" StartOffset="3466"/>
</Header>
<LocList>
<Loc EndOffset="3738" SrcFileId="1" StartOffset="3466"/>
</LocList>
<StmntSeq Intrnl_Id="185">
<LocList>
<Loc EndOffset="3517" SrcFileId="1" StartOffset="3505"/>
<Loc EndOffset="3534" SrcFileId="1" StartOffset="3521"/>
<Loc EndOffset="3560" SrcFileId="1" StartOffset="3538"/>
<Loc EndOffset="3583" SrcFileId="1" StartOffset="3564"/>
<Loc EndOffset="3607" SrcFileId="1" StartOffset="3587"/>
<Loc EndOffset="3632" SrcFileId="1" StartOffset="3611"/>
<Loc EndOffset="3649" SrcFileId="1" StartOffset="3636"/>
<Loc EndOffset="3729" SrcFileId="1" StartOffset="3722"/>
</LocList>
<BasicStmnt CovItemId="S112" CovItemPrefix="Card.java" Intrnl_Id="186">
<LocList>
<Loc EndOffset="3517" SrcFileId="1" StartOffset="3505"/>
</LocList>
</BasicStmnt>
<BasicStmnt CovItemId="S113" CovItemPrefix="Card.java" Intrnl_Id="187">
<LocList>
<Loc EndOffset="3534" SrcFileId="1" StartOffset="3521"/>
</LocList>
</BasicStmnt>
<BasicStmnt CovItemId="S114" CovItemPrefix="Card.java" Intrnl_Id="188">
<LocList>
<Loc EndOffset="3560" SrcFileId="1" StartOffset="3538"/>
</LocList>
</BasicStmnt>
<BasicStmnt CovItemId="S115" CovItemPrefix="Card.java" Intrnl_Id="189">
<LocList>
<Loc EndOffset="3583" SrcFileId="1" StartOffset="3564"/>
</LocList>
</BasicStmnt>
<BasicStmnt CovItemId="S116" CovItemPrefix="Card.java" Intrnl_Id="190">
<LocList>
<Loc EndOffset="3607" SrcFileId="1" StartOffset="3587"/>
</LocList>
</BasicStmnt>
<BasicStmnt CovItemId="S117" CovItemPrefix="Card.java" Intrnl_Id="191">
<LocList>
<Loc EndOffset="3632" SrcFileId="1" StartOffset="3611"/>
</LocList>
</BasicStmnt>
<BasicStmnt CovItemId="S118" CovItemPrefix="Card.java" Intrnl_Id="192">
<LocList>
<Loc EndOffset="3649" SrcFileId="1" StartOffset="3636"/>
</LocList>
</BasicStmnt>
<BasicStmnt CovItemId="S119" CovItemPrefix="Card.java" Intrnl_Id="193">
<LocList>
<Loc EndOffset="3729" SrcFileId="1" StartOffset="3722"/>
</LocList>
</BasicStmnt>
</StmntSeq>
</HierarchyLvl>
<HierarchyLvl HierarchyLvlId="1099" HierarchyLvlTypeId="10" Intrnl_Id="194" Name="makeAmbassador">
<Header>
<Loc EndOffset="3779" SrcFileId="1" StartOffset="3741"/>
</Header>
<LocList>
<Loc EndOffset="4088" SrcFileId="1" StartOffset="3741"/>
</LocList>
<StmntSeq Intrnl_Id="195">
<LocList>
<Loc EndOffset="3797" SrcFileId="1" StartOffset="3785"/>
<Loc EndOffset="3814" SrcFileId="1" StartOffset="3801"/>
<Loc EndOffset="3840" SrcFileId="1" StartOffset="3818"/>
<Loc EndOffset="3863" SrcFileId="1" StartOffset="3844"/>
<Loc EndOffset="3887" SrcFileId="1" StartOffset="3867"/>
<Loc EndOffset="3912" SrcFileId="1" StartOffset="3891"/>
<Loc EndOffset="3929" SrcFileId="1" StartOffset="3916"/>
<Loc EndOffset="4079" SrcFileId="1" StartOffset="4072"/>
</LocList>
<BasicStmnt CovItemId="S120" CovItemPrefix="Card.java" Intrnl_Id="196">
<LocList>
<Loc EndOffset="3797" SrcFileId="1" StartOffset="3785"/>
</LocList>
</BasicStmnt>
<BasicStmnt CovItemId="S121" CovItemPrefix="Card.java" Intrnl_Id="197">
<LocList>
<Loc EndOffset="3814" SrcFileId="1" StartOffset="3801"/>
</LocList>
</BasicStmnt>
<BasicStmnt CovItemId="S122" CovItemPrefix="Card.java" Intrnl_Id="198">
<LocList>
<Loc EndOffset="3840" SrcFileId="1" StartOffset="3818"/>
</LocList>
</BasicStmnt>
<BasicStmnt CovItemId="S123" CovItemPrefix="Card.java" Intrnl_Id="199">
<LocList>
<Loc EndOffset="3863" SrcFileId="1" StartOffset="3844"/>
</LocList>
</BasicStmnt>
<BasicStmnt CovItemId="S124" CovItemPrefix="Card.java" Intrnl_Id="200">
<LocList>
<Loc EndOffset="3887" SrcFileId="1" StartOffset="3867"/>
</LocList>
</BasicStmnt>
<BasicStmnt CovItemId="S125" CovItemPrefix="Card.java" Intrnl_Id="201">
<LocList>
<Loc EndOffset="3912" SrcFileId="1" StartOffset="3891"/>
</LocList>
</BasicStmnt>
<BasicStmnt CovItemId="S126" CovItemPrefix="Card.java" Intrnl_Id="202">
<LocList>
<Loc EndOffset="3929" SrcFileId="1" StartOffset="3916"/>
</LocList>
</BasicStmnt>
<BasicStmnt CovItemId="S127" CovItemPrefix="Card.java" Intrnl_Id="203">
<LocList>
<Loc EndOffset="4079" SrcFileId="1" StartOffset="4072"/>
</LocList>
</BasicStmnt>
</StmntSeq>
</HierarchyLvl>
<HierarchyLvl HierarchyLvlId="1100" HierarchyLvlTypeId="10" Intrnl_Id="204" Name="makeWoodcutter">
<Header>
<Loc EndOffset="4129" SrcFileId="1" StartOffset="4091"/>
</Header>
<LocList>
<Loc EndOffset="4300" SrcFileId="1" StartOffset="4091"/>
</LocList>
<StmntSeq Intrnl_Id="205">
<LocList>
<Loc EndOffset="4147" SrcFileId="1" StartOffset="4135"/>
<Loc EndOffset="4164" SrcFileId="1" StartOffset="4151"/>
<Loc EndOffset="4190" SrcFileId="1" StartOffset="4168"/>
<Loc EndOffset="4213" SrcFileId="1" StartOffset="4194"/>
<Loc EndOffset="4237" SrcFileId="1" StartOffset="4217"/>
<Loc EndOffset="4262" SrcFileId="1" StartOffset="4241"/>
<Loc EndOffset="4280" SrcFileId="1" StartOffset="4266"/>
<Loc EndOffset="4291" SrcFileId="1" StartOffset="4284"/>
</LocList>
<BasicStmnt CovItemId="S128" CovItemPrefix="Card.java" Intrnl_Id="206">
<LocList>
<Loc EndOffset="4147" SrcFileId="1" StartOffset="4135"/>
</LocList>
</BasicStmnt>
<BasicStmnt CovItemId="S129" CovItemPrefix="Card.java" Intrnl_Id="207">
<LocList>
<Loc EndOffset="4164" SrcFileId="1" StartOffset="4151"/>
</LocList>
</BasicStmnt>
<BasicStmnt CovItemId="S130" CovItemPrefix="Card.java" Intrnl_Id="208">
<LocList>
<Loc EndOffset="4190" SrcFileId="1" StartOffset="4168"/>
</LocList>
</BasicStmnt>
<BasicStmnt CovItemId="S131" CovItemPrefix="Card.java" Intrnl_Id="209">
<LocList>
<Loc EndOffset="4213" SrcFileId="1" StartOffset="4194"/>
</LocList>
</BasicStmnt>
<BasicStmnt CovItemId="S132" CovItemPrefix="Card.java" Intrnl_Id="210">
<LocList>
<Loc EndOffset="4237" SrcFileId="1" StartOffset="4217"/>
</LocList>
</BasicStmnt>
<BasicStmnt CovItemId="S133" CovItemPrefix="Card.java" Intrnl_Id="211">
<LocList>
<Loc EndOffset="4262" SrcFileId="1" StartOffset="4241"/>
</LocList>
</BasicStmnt>
<BasicStmnt CovItemId="S134" CovItemPrefix="Card.java" Intrnl_Id="212">
<LocList>
<Loc EndOffset="4280" SrcFileId="1" StartOffset="4266"/>
</LocList>
</BasicStmnt>
<BasicStmnt CovItemId="S135" CovItemPrefix="Card.java" Intrnl_Id="213">
<LocList>
<Loc EndOffset="4291" SrcFileId="1" StartOffset="4284"/>
</LocList>
</BasicStmnt>
</StmntSeq>
</HierarchyLvl>
<HierarchyLvl HierarchyLvlId="1101" HierarchyLvlTypeId="10" Intrnl_Id="214" Name="makeVillage">
<Header>
<Loc EndOffset="4338" SrcFileId="1" StartOffset="4303"/>
</Header>
<LocList>
<Loc EndOffset="4509" SrcFileId="1" StartOffset="4303"/>
</LocList>
<StmntSeq Intrnl_Id="215">
<LocList>
<Loc EndOffset="4356" SrcFileId="1" StartOffset="4344"/>
<Loc EndOffset="4373" SrcFileId="1" StartOffset="4360"/>
<Loc EndOffset="4399" SrcFileId="1" StartOffset="4377"/>
<Loc EndOffset="4422" SrcFileId="1" StartOffset="4403"/>
<Loc EndOffset="4446" SrcFileId="1" StartOffset="4426"/>
<Loc EndOffset="4471" SrcFileId="1" StartOffset="4450"/>
<Loc EndOffset="4489" SrcFileId="1" StartOffset="4475"/>
<Loc EndOffset="4500" SrcFileId="1" StartOffset="4493"/>
</LocList>
<BasicStmnt CovItemId="S136" CovItemPrefix="Card.java" Intrnl_Id="216">
<LocList>
<Loc EndOffset="4356" SrcFileId="1" StartOffset="4344"/>
</LocList>
</BasicStmnt>
<BasicStmnt CovItemId="S137" CovItemPrefix="Card.java" Intrnl_Id="217">
<LocList>
<Loc EndOffset="4373" SrcFileId="1" StartOffset="4360"/>
</LocList>
</BasicStmnt>
<BasicStmnt CovItemId="S138" CovItemPrefix="Card.java" Intrnl_Id="218">
<LocList>
<Loc EndOffset="4399" SrcFileId="1" StartOffset="4377"/>
</LocList>
</BasicStmnt>
<BasicStmnt CovItemId="S139" CovItemPrefix="Card.java" Intrnl_Id="219">
<LocList>
<Loc EndOffset="4422" SrcFileId="1" StartOffset="4403"/>
</LocList>
</BasicStmnt>
<BasicStmnt CovItemId="S140" CovItemPrefix="Card.java" Intrnl_Id="220">
<LocList>
<Loc EndOffset="4446" SrcFileId="1" StartOffset="4426"/>
</LocList>
</BasicStmnt>
<BasicStmnt CovItemId="S141" CovItemPrefix="Card.java" Intrnl_Id="221">
<LocList>
<Loc EndOffset="4471" SrcFileId="1" StartOffset="4450"/>
</LocList>
</BasicStmnt>
<BasicStmnt CovItemId="S142" CovItemPrefix="Card.java" Intrnl_Id="222">
<LocList>
<Loc EndOffset="4489" SrcFileId="1" StartOffset="4475"/>
</LocList>
</BasicStmnt>
<BasicStmnt CovItemId="S143" CovItemPrefix="Card.java" Intrnl_Id="223">
<LocList>
<Loc EndOffset="4500" SrcFileId="1" StartOffset="4493"/>
</LocList>
</BasicStmnt>
</StmntSeq>
</HierarchyLvl>
<HierarchyLvl HierarchyLvlId="1102" HierarchyLvlTypeId="10" Intrnl_Id="224" Name="makeSmithy">
<Header>
<Loc EndOffset="4546" SrcFileId="1" StartOffset="4512"/>
</Header>
<LocList>
<Loc EndOffset="4717" SrcFileId="1" StartOffset="4512"/>
</LocList>
<StmntSeq Intrnl_Id="225">
<LocList>
<Loc EndOffset="4564" SrcFileId="1" StartOffset="4552"/>
<Loc EndOffset="4581" SrcFileId="1" StartOffset="4568"/>
<Loc EndOffset="4607" SrcFileId="1" StartOffset="4585"/>
<Loc EndOffset="4630" SrcFileId="1" StartOffset="4611"/>
<Loc EndOffset="4654" SrcFileId="1" StartOffset="4634"/>
<Loc EndOffset="4679" SrcFileId="1" StartOffset="4658"/>
<Loc EndOffset="4697" SrcFileId="1" StartOffset="4683"/>
<Loc EndOffset="4708" SrcFileId="1" StartOffset="4701"/>
</LocList>
<BasicStmnt CovItemId="S144" CovItemPrefix="Card.java" Intrnl_Id="226">
<LocList>
<Loc EndOffset="4564" SrcFileId="1" StartOffset="4552"/>
</LocList>
</BasicStmnt>
<BasicStmnt CovItemId="S145" CovItemPrefix="Card.java" Intrnl_Id="227">
<LocList>
<Loc EndOffset="4581" SrcFileId="1" StartOffset="4568"/>
</LocList>
</BasicStmnt>
<BasicStmnt CovItemId="S146" CovItemPrefix="Card.java" Intrnl_Id="228">
<LocList>
<Loc EndOffset="4607" SrcFileId="1" StartOffset="4585"/>
</LocList>
</BasicStmnt>
<BasicStmnt CovItemId="S147" CovItemPrefix="Card.java" Intrnl_Id="229">
<LocList>
<Loc EndOffset="4630" SrcFileId="1" StartOffset="4611"/>
</LocList>
</BasicStmnt>
<BasicStmnt CovItemId="S148" CovItemPrefix="Card.java" Intrnl_Id="230">
<LocList>
<Loc EndOffset="4654" SrcFileId="1" StartOffset="4634"/>
</LocList>
</BasicStmnt>
<BasicStmnt CovItemId="S149" CovItemPrefix="Card.java" Intrnl_Id="231">
<LocList>
<Loc EndOffset="4679" SrcFileId="1" StartOffset="4658"/>
</LocList>
</BasicStmnt>
<BasicStmnt CovItemId="S150" CovItemPrefix="Card.java" Intrnl_Id="232">
<LocList>
<Loc EndOffset="4697" SrcFileId="1" StartOffset="4683"/>
</LocList>
</BasicStmnt>
<BasicStmnt CovItemId="S151" CovItemPrefix="Card.java" Intrnl_Id="233">
<LocList>
<Loc EndOffset="4708" SrcFileId="1" StartOffset="4701"/>
</LocList>
</BasicStmnt>
</StmntSeq>
</HierarchyLvl>
<HierarchyLvl HierarchyLvlId="1103" HierarchyLvlTypeId="10" Intrnl_Id="234" Name="makeCouncilRoom">
<Header>
<Loc EndOffset="4762" SrcFileId="1" StartOffset="4723"/>
</Header>
<LocList>
<Loc EndOffset="4965" SrcFileId="1" StartOffset="4723"/>
</LocList>
<StmntSeq Intrnl_Id="235">
<LocList>
<Loc EndOffset="4780" SrcFileId="1" StartOffset="4768"/>
<Loc EndOffset="4797" SrcFileId="1" StartOffset="4784"/>
<Loc EndOffset="4823" SrcFileId="1" StartOffset="4801"/>
<Loc EndOffset="4846" SrcFileId="1" StartOffset="4827"/>
<Loc EndOffset="4870" SrcFileId="1" StartOffset="4850"/>
<Loc EndOffset="4895" SrcFileId="1" StartOffset="4874"/>
<Loc EndOffset="4912" SrcFileId="1" StartOffset="4899"/>
<Loc EndOffset="4956" SrcFileId="1" StartOffset="4949"/>
</LocList>
<BasicStmnt CovItemId="S152" CovItemPrefix="Card.java" Intrnl_Id="236">
<LocList>
<Loc EndOffset="4780" SrcFileId="1" StartOffset="4768"/>
</LocList>
</BasicStmnt>
<BasicStmnt CovItemId="S153" CovItemPrefix="Card.java" Intrnl_Id="237">
<LocList>
<Loc EndOffset="4797" SrcFileId="1" StartOffset="4784"/>
</LocList>
</BasicStmnt>
<BasicStmnt CovItemId="S154" CovItemPrefix="Card.java" Intrnl_Id="238">
<LocList>
<Loc EndOffset="4823" SrcFileId="1" StartOffset="4801"/>
</LocList>
</BasicStmnt>
<BasicStmnt CovItemId="S155" CovItemPrefix="Card.java" Intrnl_Id="239">
<LocList>
<Loc EndOffset="4846" SrcFileId="1" StartOffset="4827"/>
</LocList>
</BasicStmnt>
<BasicStmnt CovItemId="S156" CovItemPrefix="Card.java" Intrnl_Id="240">
<LocList>
<Loc EndOffset="4870" SrcFileId="1" StartOffset="4850"/>
</LocList>
</BasicStmnt>
<BasicStmnt CovItemId="S157" CovItemPrefix="Card.java" Intrnl_Id="241">
<LocList>
<Loc EndOffset="4895" SrcFileId="1" StartOffset="4874"/>
</LocList>
</BasicStmnt>
<BasicStmnt CovItemId="S158" CovItemPrefix="Card.java" Intrnl_Id="242">
<LocList>
<Loc EndOffset="4912" SrcFileId="1" StartOffset="4899"/>
</LocList>
</BasicStmnt>
<BasicStmnt CovItemId="S159" CovItemPrefix="Card.java" Intrnl_Id="243">
<LocList>
<Loc EndOffset="4956" SrcFileId="1" StartOffset="4949"/>
</LocList>
</BasicStmnt>
</StmntSeq>
</HierarchyLvl>
<HierarchyLvl HierarchyLvlId="1104" HierarchyLvlTypeId="10" Intrnl_Id="244" Name="makeAdventurer">
<Header>
<Loc EndOffset="5008" SrcFileId="1" StartOffset="4970"/>
</Header>
<LocList>
<Loc EndOffset="5179" SrcFileId="1" StartOffset="4970"/>
</LocList>
<StmntSeq Intrnl_Id="245">
<LocList>
<Loc EndOffset="5026" SrcFileId="1" StartOffset="5014"/>
<Loc EndOffset="5043" SrcFileId="1" StartOffset="5030"/>
<Loc EndOffset="5069" SrcFileId="1" StartOffset="5047"/>
<Loc EndOffset="5092" SrcFileId="1" StartOffset="5073"/>
<Loc EndOffset="5116" SrcFileId="1" StartOffset="5096"/>
<Loc EndOffset="5141" SrcFileId="1" StartOffset="5120"/>
<Loc EndOffset="5159" SrcFileId="1" StartOffset="5145"/>
<Loc EndOffset="5170" SrcFileId="1" StartOffset="5163"/>
</LocList>
<BasicStmnt CovItemId="S160" CovItemPrefix="Card.java" Intrnl_Id="246">
<LocList>
<Loc EndOffset="5026" SrcFileId="1" StartOffset="5014"/>
</LocList>
</BasicStmnt>
<BasicStmnt CovItemId="S161" CovItemPrefix="Card.java" Intrnl_Id="247">
<LocList>
<Loc EndOffset="5043" SrcFileId="1" StartOffset="5030"/>
</LocList>
</BasicStmnt>
<BasicStmnt CovItemId="S162" CovItemPrefix="Card.java" Intrnl_Id="248">
<LocList>
<Loc EndOffset="5069" SrcFileId="1" StartOffset="5047"/>
</LocList>
</BasicStmnt>
<BasicStmnt CovItemId="S163" CovItemPrefix="Card.java" Intrnl_Id="249">
<LocList>
<Loc EndOffset="5092" SrcFileId="1" StartOffset="5073"/>
</LocList>
</BasicStmnt>
<BasicStmnt CovItemId="S164" CovItemPrefix="Card.java" Intrnl_Id="250">
<LocList>
<Loc EndOffset="5116" SrcFileId="1" StartOffset="5096"/>
</LocList>
</BasicStmnt>
<BasicStmnt CovItemId="S165" CovItemPrefix="Card.java" Intrnl_Id="251">
<LocList>
<Loc EndOffset="5141" SrcFileId="1" StartOffset="5120"/>
</LocList>
</BasicStmnt>
<BasicStmnt CovItemId="S166" CovItemPrefix="Card.java" Intrnl_Id="252">
<LocList>
<Loc EndOffset="5159" SrcFileId="1" StartOffset="5145"/>
</LocList>
</BasicStmnt>
<BasicStmnt CovItemId="S167" CovItemPrefix="Card.java" Intrnl_Id="253">
<LocList>
<Loc EndOffset="5170" SrcFileId="1" StartOffset="5163"/>
</LocList>
</BasicStmnt>
</StmntSeq>
</HierarchyLvl>
<HierarchyLvl HierarchyLvlId="1105" HierarchyLvlTypeId="10" Intrnl_Id="254" Name="makeProvince">
<Header>
<Loc EndOffset="5218" SrcFileId="1" StartOffset="5182"/>
</Header>
<LocList>
<Loc EndOffset="5389" SrcFileId="1" StartOffset="5182"/>
</LocList>
<StmntSeq Intrnl_Id="255">
<LocList>
<Loc EndOffset="5236" SrcFileId="1" StartOffset="5224"/>
<Loc EndOffset="5253" SrcFileId="1" StartOffset="5240"/>
<Loc EndOffset="5279" SrcFileId="1" StartOffset="5257"/>
<Loc EndOffset="5302" SrcFileId="1" StartOffset="5283"/>
<Loc EndOffset="5326" SrcFileId="1" StartOffset="5306"/>
<Loc EndOffset="5351" SrcFileId="1" StartOffset="5330"/>
<Loc EndOffset="5369" SrcFileId="1" StartOffset="5355"/>
<Loc EndOffset="5380" SrcFileId="1" StartOffset="5373"/>
</LocList>
<BasicStmnt CovItemId="S168" CovItemPrefix="Card.java" Intrnl_Id="256">
<LocList>
<Loc EndOffset="5236" SrcFileId="1" StartOffset="5224"/>
</LocList>
</BasicStmnt>
<BasicStmnt CovItemId="S169" CovItemPrefix="Card.java" Intrnl_Id="257">
<LocList>
<Loc EndOffset="5253" SrcFileId="1" StartOffset="5240"/>
</LocList>
</BasicStmnt>
<BasicStmnt CovItemId="S170" CovItemPrefix="Card.java" Intrnl_Id="258">
<LocList>
<Loc EndOffset="5279" SrcFileId="1" StartOffset="5257"/>
</LocList>
</BasicStmnt>
<BasicStmnt CovItemId="S171" CovItemPrefix="Card.java" Intrnl_Id="259">
<LocList>
<Loc EndOffset="5302" SrcFileId="1" StartOffset="5283"/>
</LocList>
</BasicStmnt>
<BasicStmnt CovItemId="S172" CovItemPrefix="Card.java" Intrnl_Id="260">
<LocList>
<Loc EndOffset="5326" SrcFileId="1" StartOffset="5306"/>
</LocList>
</BasicStmnt>
<BasicStmnt CovItemId="S173" CovItemPrefix="Card.java" Intrnl_Id="261">
<LocList>
<Loc EndOffset="5351" SrcFileId="1" StartOffset="5330"/>
</LocList>
</BasicStmnt>
<BasicStmnt CovItemId="S174" CovItemPrefix="Card.java" Intrnl_Id="262">
<LocList>
<Loc EndOffset="5369" SrcFileId="1" StartOffset="5355"/>
</LocList>
</BasicStmnt>
<BasicStmnt CovItemId="S175" CovItemPrefix="Card.java" Intrnl_Id="263">
<LocList>
<Loc EndOffset="5380" SrcFileId="1" StartOffset="5373"/>
</LocList>
</BasicStmnt>
</StmntSeq>
</HierarchyLvl>
<HierarchyLvl HierarchyLvlId="1106" HierarchyLvlTypeId="10" Intrnl_Id="264" Name="makeDuchy">
<Header>
<Loc EndOffset="5425" SrcFileId="1" StartOffset="5392"/>
</Header>
<LocList>
<Loc EndOffset="5596" SrcFileId="1" StartOffset="5392"/>
</LocList>
<StmntSeq Intrnl_Id="265">
<LocList>
<Loc EndOffset="5443" SrcFileId="1" StartOffset="5431"/>
<Loc EndOffset="5460" SrcFileId="1" StartOffset="5447"/>
<Loc EndOffset="5486" SrcFileId="1" StartOffset="5464"/>
<Loc EndOffset="5509" SrcFileId="1" StartOffset="5490"/>
<Loc EndOffset="5533" SrcFileId="1" StartOffset="5513"/>
<Loc EndOffset="5558" SrcFileId="1" StartOffset="5537"/>
<Loc EndOffset="5576" SrcFileId="1" StartOffset="5562"/>
<Loc EndOffset="5587" SrcFileId="1" StartOffset="5580"/>
</LocList>
<BasicStmnt CovItemId="S176" CovItemPrefix="Card.java" Intrnl_Id="266">
<LocList>
<Loc EndOffset="5443" SrcFileId="1" StartOffset="5431"/>
</LocList>
</BasicStmnt>
<BasicStmnt CovItemId="S177" CovItemPrefix="Card.java" Intrnl_Id="267">
<LocList>
<Loc EndOffset="5460" SrcFileId="1" StartOffset="5447"/>
</LocList>
</BasicStmnt>
<BasicStmnt CovItemId="S178" CovItemPrefix="Card.java" Intrnl_Id="268">
<LocList>
<Loc EndOffset="5486" SrcFileId="1" StartOffset="5464"/>
</LocList>
</BasicStmnt>
<BasicStmnt CovItemId="S179" CovItemPrefix="Card.java" Intrnl_Id="269">
<LocList>
<Loc EndOffset="5509" SrcFileId="1" StartOffset="5490"/>
</LocList>
</BasicStmnt>
<BasicStmnt CovItemId="S180" CovItemPrefix="Card.java" Intrnl_Id="270">
<LocList>
<Loc EndOffset="5533" SrcFileId="1" StartOffset="5513"/>
</LocList>
</BasicStmnt>
<BasicStmnt CovItemId="S181" CovItemPrefix="Card.java" Intrnl_Id="271">
<LocList>
<Loc EndOffset="5558" SrcFileId="1" StartOffset="5537"/>
</LocList>
</BasicStmnt>
<BasicStmnt CovItemId="S182" CovItemPrefix="Card.java" Intrnl_Id="272">
<LocList>
<Loc EndOffset="5576" SrcFileId="1" StartOffset="5562"/>
</LocList>
</BasicStmnt>
<BasicStmnt CovItemId="S183" CovItemPrefix="Card.java" Intrnl_Id="273">
<LocList>
<Loc EndOffset="5587" SrcFileId="1" StartOffset="5580"/>
</LocList>
</BasicStmnt>
</StmntSeq>
</HierarchyLvl>
<HierarchyLvl HierarchyLvlId="1107" HierarchyLvlTypeId="10" Intrnl_Id="274" Name="makeEstate">
<Header>
<Loc EndOffset="5633" SrcFileId="1" StartOffset="5599"/>
</Header>
<LocList>
<Loc EndOffset="5804" SrcFileId="1" StartOffset="5599"/>
</LocList>
<StmntSeq Intrnl_Id="275">
<LocList>
<Loc EndOffset="5651" SrcFileId="1" StartOffset="5639"/>
<Loc EndOffset="5668" SrcFileId="1" StartOffset="5655"/>
<Loc EndOffset="5694" SrcFileId="1" StartOffset="5672"/>
<Loc EndOffset="5717" SrcFileId="1" StartOffset="5698"/>
<Loc EndOffset="5741" SrcFileId="1" StartOffset="5721"/>
<Loc EndOffset="5766" SrcFileId="1" StartOffset="5745"/>
<Loc EndOffset="5784" SrcFileId="1" StartOffset="5770"/>
<Loc EndOffset="5795" SrcFileId="1" StartOffset="5788"/>
</LocList>
<BasicStmnt CovItemId="S184" CovItemPrefix="Card.java" Intrnl_Id="276">
<LocList>
<Loc EndOffset="5651" SrcFileId="1" StartOffset="5639"/>
</LocList>
</BasicStmnt>
<BasicStmnt CovItemId="S185" CovItemPrefix="Card.java" Intrnl_Id="277">
<LocList>
<Loc EndOffset="5668" SrcFileId="1" StartOffset="5655"/>
</LocList>
</BasicStmnt>
<BasicStmnt CovItemId="S186" CovItemPrefix="Card.java" Intrnl_Id="278">
<LocList>
<Loc EndOffset="5694" SrcFileId="1" StartOffset="5672"/>
</LocList>
</BasicStmnt>
<BasicStmnt CovItemId="S187" CovItemPrefix="Card.java" Intrnl_Id="279">
<LocList>
<Loc EndOffset="5717" SrcFileId="1" StartOffset="5698"/>
</LocList>
</BasicStmnt>
<BasicStmnt CovItemId="S188" CovItemPrefix="Card.java" Intrnl_Id="280">
<LocList>
<Loc EndOffset="5741" SrcFileId="1" StartOffset="5721"/>
</LocList>
</BasicStmnt>
<BasicStmnt CovItemId="S189" CovItemPrefix="Card.java" Intrnl_Id="281">
<LocList>
<Loc EndOffset="5766" SrcFileId="1" StartOffset="5745"/>
</LocList>
</BasicStmnt>
<BasicStmnt CovItemId="S190" CovItemPrefix="Card.java" Intrnl_Id="282">
<LocList>
<Loc EndOffset="5784" SrcFileId="1" StartOffset="5770"/>
</LocList>
</BasicStmnt>
<BasicStmnt CovItemId="S191" CovItemPrefix="Card.java" Intrnl_Id="283">
<LocList>
<Loc EndOffset="5795" SrcFileId="1" StartOffset="5788"/>
</LocList>
</BasicStmnt>
</StmntSeq>
</HierarchyLvl>
<HierarchyLvl HierarchyLvlId="1108" HierarchyLvlTypeId="10" Intrnl_Id="284" Name="makeGold">
<Header>
<Loc EndOffset="5841" SrcFileId="1" StartOffset="5809"/>
</Header>
<LocList>
<Loc EndOffset="6009" SrcFileId="1" StartOffset="5809"/>
</LocList>
<StmntSeq Intrnl_Id="285">
<LocList>
<Loc EndOffset="5859" SrcFileId="1" StartOffset="5847"/>
<Loc EndOffset="5876" SrcFileId="1" StartOffset="5863"/>
<Loc EndOffset="5902" SrcFileId="1" StartOffset="5880"/>
<Loc EndOffset="5925" SrcFileId="1" StartOffset="5906"/>
<Loc EndOffset="5949" SrcFileId="1" StartOffset="5929"/>
<Loc EndOffset="5974" SrcFileId="1" StartOffset="5953"/>
<Loc EndOffset="5992" SrcFileId="1" StartOffset="5978"/>
<Loc EndOffset="6003" SrcFileId="1" StartOffset="5996"/>
</LocList>
<BasicStmnt CovItemId="S192" CovItemPrefix="Card.java" Intrnl_Id="286">
<LocList>
<Loc EndOffset="5859" SrcFileId="1" StartOffset="5847"/>
</LocList>
</BasicStmnt>
<BasicStmnt CovItemId="S193" CovItemPrefix="Card.java" Intrnl_Id="287">
<LocList>
<Loc EndOffset="5876" SrcFileId="1" StartOffset="5863"/>
</LocList>
</BasicStmnt>
<BasicStmnt CovItemId="S194" CovItemPrefix="Card.java" Intrnl_Id="288">
<LocList>
<Loc EndOffset="5902" SrcFileId="1" StartOffset="5880"/>
</LocList>
</BasicStmnt>
<BasicStmnt CovItemId="S195" CovItemPrefix="Card.java" Intrnl_Id="289">
<LocList>
<Loc EndOffset="5925" SrcFileId="1" StartOffset="5906"/>
</LocList>
</BasicStmnt>
<BasicStmnt CovItemId="S196" CovItemPrefix="Card.java" Intrnl_Id="290">
<LocList>
<Loc EndOffset="5949" SrcFileId="1" StartOffset="5929"/>
</LocList>
</BasicStmnt>
<BasicStmnt CovItemId="S197" CovItemPrefix="Card.java" Intrnl_Id="291">
<LocList>
<Loc EndOffset="5974" SrcFileId="1" StartOffset="5953"/>
</LocList>
</BasicStmnt>
<BasicStmnt CovItemId="S198" CovItemPrefix="Card.java" Intrnl_Id="292">
<LocList>
<Loc EndOffset="5992" SrcFileId="1" StartOffset="5978"/>
</LocList>
</BasicStmnt>
<BasicStmnt CovItemId="S199" CovItemPrefix="Card.java" Intrnl_Id="293">
<LocList>
<Loc EndOffset="6003" SrcFileId="1" StartOffset="5996"/>
</LocList>
</BasicStmnt>
</StmntSeq>
</HierarchyLvl>
<HierarchyLvl HierarchyLvlId="1109" HierarchyLvlTypeId="10" Intrnl_Id="294" Name="makeSilver">
<Header>
<Loc EndOffset="6048" SrcFileId="1" StartOffset="6014"/>
</Header>
<LocList>
<Loc EndOffset="6218" SrcFileId="1" StartOffset="6014"/>
</LocList>
<StmntSeq Intrnl_Id="295">
<LocList>
<Loc EndOffset="6066" SrcFileId="1" StartOffset="6054"/>
<Loc EndOffset="6083" SrcFileId="1" StartOffset="6070"/>
<Loc EndOffset="6109" SrcFileId="1" StartOffset="6087"/>
<Loc EndOffset="6132" SrcFileId="1" StartOffset="6113"/>
<Loc EndOffset="6156" SrcFileId="1" StartOffset="6136"/>
<Loc EndOffset="6181" SrcFileId="1" StartOffset="6160"/>
<Loc EndOffset="6199" SrcFileId="1" StartOffset="6185"/>
<Loc EndOffset="6210" SrcFileId="1" StartOffset="6203"/>
</LocList>
<BasicStmnt CovItemId="S200" CovItemPrefix="Card.java" Intrnl_Id="296">
<LocList>
<Loc EndOffset="6066" SrcFileId="1" StartOffset="6054"/>
</LocList>
</BasicStmnt>
<BasicStmnt CovItemId="S201" CovItemPrefix="Card.java" Intrnl_Id="297">
<LocList>
<Loc EndOffset="6083" SrcFileId="1" StartOffset="6070"/>
</LocList>
</BasicStmnt>
<BasicStmnt CovItemId="S202" CovItemPrefix="Card.java" Intrnl_Id="298">
<LocList>
<Loc EndOffset="6109" SrcFileId="1" StartOffset="6087"/>
</LocList>
</BasicStmnt>
<BasicStmnt CovItemId="S203" CovItemPrefix="Card.java" Intrnl_Id="299">
<LocList>
<Loc EndOffset="6132" SrcFileId="1" StartOffset="6113"/>
</LocList>
</BasicStmnt>
<BasicStmnt CovItemId="S204" CovItemPrefix="Card.java" Intrnl_Id="300">
<LocList>
<Loc EndOffset="6156" SrcFileId="1" StartOffset="6136"/>
</LocList>
</BasicStmnt>
<BasicStmnt CovItemId="S205" CovItemPrefix="Card.java" Intrnl_Id="301">
<LocList>
<Loc EndOffset="6181" SrcFileId="1" StartOffset="6160"/>
</LocList>
</BasicStmnt>
<BasicStmnt CovItemId="S206" CovItemPrefix="Card.java" Intrnl_Id="302">
<LocList>
<Loc EndOffset="6199" SrcFileId="1" StartOffset="6185"/>
</LocList>
</BasicStmnt>
<BasicStmnt CovItemId="S207" CovItemPrefix="Card.java" Intrnl_Id="303">
<LocList>
<Loc EndOffset="6210" SrcFileId="1" StartOffset="6203"/>
</LocList>
</BasicStmnt>
</StmntSeq>
</HierarchyLvl>
<HierarchyLvl HierarchyLvlId="1110" HierarchyLvlTypeId="10" Intrnl_Id="304" Name="makeCopper">
<Header>
<Loc EndOffset="6257" SrcFileId="1" StartOffset="6223"/>
</Header>
<LocList>
<Loc EndOffset="6429" SrcFileId="1" StartOffset="6223"/>
</LocList>
<StmntSeq Intrnl_Id="305">
<LocList>
<Loc EndOffset="6275" SrcFileId="1" StartOffset="6263"/>
<Loc EndOffset="6292" SrcFileId="1" StartOffset="6279"/>
<Loc EndOffset="6318" SrcFileId="1" StartOffset="6296"/>
<Loc EndOffset="6341" SrcFileId="1" StartOffset="6322"/>
<Loc EndOffset="6365" SrcFileId="1" StartOffset="6345"/>
<Loc EndOffset="6390" SrcFileId="1" StartOffset="6369"/>
<Loc EndOffset="6408" SrcFileId="1" StartOffset="6394"/>
<Loc EndOffset="6419" SrcFileId="1" StartOffset="6412"/>
</LocList>
<BasicStmnt CovItemId="S208" CovItemPrefix="Card.java" Intrnl_Id="306">
<LocList>
<Loc EndOffset="6275" SrcFileId="1" StartOffset="6263"/>
</LocList>
</BasicStmnt>
<BasicStmnt CovItemId="S209" CovItemPrefix="Card.java" Intrnl_Id="307">
<LocList>
<Loc EndOffset="6292" SrcFileId="1" StartOffset="6279"/>
</LocList>
</BasicStmnt>
<BasicStmnt CovItemId="S210" CovItemPrefix="Card.java" Intrnl_Id="308">
<LocList>
<Loc EndOffset="6318" SrcFileId="1" StartOffset="6296"/>
</LocList>
</BasicStmnt>
<BasicStmnt CovItemId="S211" CovItemPrefix="Card.java" Intrnl_Id="309">
<LocList>
<Loc EndOffset="6341" SrcFileId="1" StartOffset="6322"/>
</LocList>
</BasicStmnt>
<BasicStmnt CovItemId="S212" CovItemPrefix="Card.java" Intrnl_Id="310">
<LocList>
<Loc EndOffset="6365" SrcFileId="1" StartOffset="6345"/>
</LocList>
</BasicStmnt>
<BasicStmnt CovItemId="S213" CovItemPrefix="Card.java" Intrnl_Id="311">
<LocList>
<Loc EndOffset="6390" SrcFileId="1" StartOffset="6369"/>
</LocList>
</BasicStmnt>
<BasicStmnt CovItemId="S214" CovItemPrefix="Card.java" Intrnl_Id="312">
<LocList>
<Loc EndOffset="6408" SrcFileId="1" StartOffset="6394"/>
</LocList>
</BasicStmnt>
<BasicStmnt CovItemId="S215" CovItemPrefix="Card.java" Intrnl_Id="313">
<LocList>
<Loc EndOffset="6419" SrcFileId="1" StartOffset="6412"/>
</LocList>
</BasicStmnt>
</StmntSeq>
</HierarchyLvl>
<HierarchyLvl HierarchyLvlId="1111" HierarchyLvlTypeId="10" Intrnl_Id="314" Name="toString">
<Header>
<Loc EndOffset="6459" SrcFileId="1" StartOffset="6435"/>
</Header>
<LocList>
<Loc EndOffset="7036" SrcFileId="1" StartOffset="6435"/>
</LocList>
<StmntSeq Intrnl_Id="315">
<LocList>
<Loc EndOffset="6503" SrcFileId="1" StartOffset="6482"/>
<Loc EndOffset="7032" SrcFileId="1" StartOffset="7018"/>
</LocList>
<BasicStmnt CovItemId="S216" CovItemPrefix="Card.java" Intrnl_Id="316">
<LocList>
<Loc EndOffset="6503" SrcFileId="1" StartOffset="6482"/>
</LocList>
</BasicStmnt>
<BasicStmnt CovItemId="S217" CovItemPrefix="Card.java" Intrnl_Id="317">
<LocList>
<Loc EndOffset="7032" SrcFileId="1" StartOffset="7018"/>
</LocList>
</BasicStmnt>
</StmntSeq>
</HierarchyLvl>
<HierarchyLvl HierarchyLvlId="1112" HierarchyLvlTypeId="10" Intrnl_Id="318" Name="allCards">
<Header>
<Loc EndOffset="7068" SrcFileId="1" StartOffset="7042"/>
</Header>
<LocList>
<Loc EndOffset="7338" SrcFileId="1" StartOffset="7042"/>
</LocList>
<StmntSeq Intrnl_Id="319">
<LocList>
<Loc EndOffset="7314" SrcFileId="1" StartOffset="7073"/>
<Loc EndOffset="7334" SrcFileId="1" StartOffset="7318"/>
</LocList>
<BasicStmnt CovItemId="S218" CovItemPrefix="Card.java" Intrnl_Id="320">
<LocList>
<Loc EndOffset="7314" SrcFileId="1" StartOffset="7073"/>
</LocList>
</BasicStmnt>
<BasicStmnt CovItemId="S219" CovItemPrefix="Card.java" Intrnl_Id="321">
<LocList>
<Loc EndOffset="7334" SrcFileId="1" StartOffset="7318"/>
</LocList>
</BasicStmnt>
</StmntSeq>
</HierarchyLvl>
</HierarchyLvl>
<HierarchyLvl HierarchyLvlId="1127" HierarchyLvlTypeId="11" Intrnl_Id="322" Name="CardSupply">
<Header>
<Loc EndOffset="105" SrcFileId="2" StartOffset="82"/>
</Header>
<LocList>
<Loc EndOffset="12731" SrcFileId="2" StartOffset="82"/>
</LocList>
<StmntSeq Intrnl_Id="323">
<LocList>
<Loc EndOffset="384" SrcFileId="2" StartOffset="331"/>
</LocList>
<BasicStmnt CovItemId="S1" CovItemPrefix="CardSupply.java" Intrnl_Id="324">
<LocList>
<Loc EndOffset="384" SrcFileId="2" StartOffset="331"/>
</LocList>
</BasicStmnt>
</StmntSeq>
<HierarchyLvl HierarchyLvlId="1114" HierarchyLvlTypeId="10" Intrnl_Id="325" Name="CardSupply">
<Header>
<Loc EndOffset="458" SrcFileId="2" StartOffset="429"/>
</Header>
<LocList>
<Loc EndOffset="1616" SrcFileId="2" StartOffset="429"/>
</LocList>
<StmntSeq Intrnl_Id="326">
<LocList>
<Loc EndOffset="501" SrcFileId="2" StartOffset="463"/>
<Loc EndOffset="565" SrcFileId="2" StartOffset="527"/>
<Loc EndOffset="625" SrcFileId="2" StartOffset="590"/>
<Loc EndOffset="676" SrcFileId="2" StartOffset="638"/>
<Loc EndOffset="726" SrcFileId="2" StartOffset="690"/>
<Loc EndOffset="782" SrcFileId="2" StartOffset="740"/>
<Loc EndOffset="833" SrcFileId="2" StartOffset="796"/>
<Loc EndOffset="906" SrcFileId="2" StartOffset="861"/>
<Loc EndOffset="964" SrcFileId="2" StartOffset="920"/>
<Loc EndOffset="1015" SrcFileId="2" StartOffset="978"/>
<Loc EndOffset="1076" SrcFileId="2" StartOffset="1029"/>
<Loc EndOffset="1132" SrcFileId="2" StartOffset="1090"/>
<Loc EndOffset="1186" SrcFileId="2" StartOffset="1146"/>
<Loc EndOffset="1237" SrcFileId="2" StartOffset="1200"/>
<Loc EndOffset="1291" SrcFileId="2" StartOffset="1251"/>
<Loc EndOffset="1350" SrcFileId="2" StartOffset="1305"/>
<Loc EndOffset="1399" SrcFileId="2" StartOffset="1364"/>
<Loc EndOffset="1451" SrcFileId="2" StartOffset="1413"/>
<Loc EndOffset="1505" SrcFileId="2" StartOffset="1465"/>
<Loc EndOffset="1564" SrcFileId="2" StartOffset="1519"/>
<Loc EndOffset="1611" SrcFileId="2" StartOffset="1578"/>
</LocList>
<BasicStmnt CovItemId="S2" CovItemPrefix="CardSupply.java" Intrnl_Id="327">
<LocList>
<Loc EndOffset="501" SrcFileId="2" StartOffset="463"/>
</LocList>
</BasicStmnt>
<BasicStmnt CovItemId="S3" CovItemPrefix="CardSupply.java" Intrnl_Id="328">
<LocList>
<Loc EndOffset="565" SrcFileId="2" StartOffset="527"/>
</LocList>
</BasicStmnt>
<BasicStmnt CovItemId="S4" CovItemPrefix="CardSupply.java" Intrnl_Id="329">
<LocList>
<Loc EndOffset="625" SrcFileId="2" StartOffset="590"/>
</LocList>
</BasicStmnt>
<BasicStmnt CovItemId="S5" CovItemPrefix="CardSupply.java" Intrnl_Id="330">
<LocList>
<Loc EndOffset="676" SrcFileId="2" StartOffset="638"/>
</LocList>
</BasicStmnt>
<BasicStmnt CovItemId="S6" CovItemPrefix="CardSupply.java" Intrnl_Id="331">
<LocList>
<Loc EndOffset="726" SrcFileId="2" StartOffset="690"/>
</LocList>
</BasicStmnt>
<BasicStmnt CovItemId="S7" CovItemPrefix="CardSupply.java" Intrnl_Id="332">
<LocList>
<Loc EndOffset="782" SrcFileId="2" StartOffset="740"/>
</LocList>
</BasicStmnt>
<BasicStmnt CovItemId="S8" CovItemPrefix="CardSupply.java" Intrnl_Id="333">
<LocList>
<Loc EndOffset="833" SrcFileId="2" StartOffset="796"/>
</LocList>
</BasicStmnt>
<BasicStmnt CovItemId="S9" CovItemPrefix="CardSupply.java" Intrnl_Id="334">
<LocList>
<Loc EndOffset="906" SrcFileId="2" StartOffset="861"/>
</LocList>
</BasicStmnt>
<BasicStmnt CovItemId="S10" CovItemPrefix="CardSupply.java" Intrnl_Id="335">
<LocList>
<Loc EndOffset="964" SrcFileId="2" StartOffset="920"/>
</LocList>
</BasicStmnt>
<BasicStmnt CovItemId="S11" CovItemPrefix="CardSupply.java" Intrnl_Id="336">
<LocList>
<Loc EndOffset="1015" SrcFileId="2" StartOffset="978"/>
</LocList>
</BasicStmnt>
<BasicStmnt CovItemId="S12" CovItemPrefix="CardSupply.java" Intrnl_Id="337">
<LocList>
<Loc EndOffset="1076" SrcFileId="2" StartOffset="1029"/>
</LocList>
</BasicStmnt>
<BasicStmnt CovItemId="S13" CovItemPrefix="CardSupply.java" Intrnl_Id="338">
<LocList>
<Loc EndOffset="1132" SrcFileId="2" StartOffset="1090"/>
</LocList>
</BasicStmnt>
<BasicStmnt CovItemId="S14" CovItemPrefix="CardSupply.java" Intrnl_Id="339">
<LocList>
<Loc EndOffset="1186" SrcFileId="2" StartOffset="1146"/>
</LocList>
</BasicStmnt>
<BasicStmnt CovItemId="S15" CovItemPrefix="CardSupply.java" Intrnl_Id="340">
<LocList>
<Loc EndOffset="1237" SrcFileId="2" StartOffset="1200"/>
</LocList>
</BasicStmnt>
<BasicStmnt CovItemId="S16" CovItemPrefix="CardSupply.java" Intrnl_Id="341">
<LocList>
<Loc EndOffset="1291" SrcFileId="2" StartOffset="1251"/>
</LocList>
</BasicStmnt>
<BasicStmnt CovItemId="S17" CovItemPrefix="CardSupply.java" Intrnl_Id="342">
<LocList>
<Loc EndOffset="1350" SrcFileId="2" StartOffset="1305"/>
</LocList>
</BasicStmnt>
<BasicStmnt CovItemId="S18" CovItemPrefix="CardSupply.java" Intrnl_Id="343">
<LocList>
<Loc EndOffset="1399" SrcFileId="2" StartOffset="1364"/>
</LocList>
</BasicStmnt>
<BasicStmnt CovItemId="S19" CovItemPrefix="CardSupply.java" Intrnl_Id="344">
<LocList>
<Loc EndOffset="1451" SrcFileId="2" StartOffset="1413"/>
</LocList>
</BasicStmnt>
<BasicStmnt CovItemId="S20" CovItemPrefix="CardSupply.java" Intrnl_Id="345">
<LocList>
<Loc EndOffset="1505" SrcFileId="2" StartOffset="1465"/>
</LocList>
</BasicStmnt>
<BasicStmnt CovItemId="S21" CovItemPrefix="CardSupply.java" Intrnl_Id="346">
<LocList>
<Loc EndOffset="1564" SrcFileId="2" StartOffset="1519"/>
</LocList>
</BasicStmnt>
<BasicStmnt CovItemId="S22" CovItemPrefix="CardSupply.java" Intrnl_Id="347">
<LocList>
<Loc EndOffset="1611" SrcFileId="2" StartOffset="1578"/>
</LocList>
</BasicStmnt>
</StmntSeq>
</HierarchyLvl>
<HierarchyLvl HierarchyLvlId="1115" HierarchyLvlTypeId="10" Intrnl_Id="348" Name="CardSupply">
<Header>
<Loc EndOffset="1639" SrcFileId="2" StartOffset="1627"/>
</Header>
<LocList>
<Loc EndOffset="2824" SrcFileId="2" StartOffset="1627"/>
</LocList>
<StmntSeq Intrnl_Id="349">
<LocList>
<Loc EndOffset="1683" SrcFileId="2" StartOffset="1644"/>
<Loc EndOffset="1749" SrcFileId="2" StartOffset="1709"/>
<Loc EndOffset="1811" SrcFileId="2" StartOffset="1774"/>
<Loc EndOffset="1864" SrcFileId="2" StartOffset="1824"/>
<Loc EndOffset="1916" SrcFileId="2" StartOffset="1878"/>
<Loc EndOffset="1974" SrcFileId="2" StartOffset="1930"/>
<Loc EndOffset="2027" SrcFileId="2" StartOffset="1988"/>
<Loc EndOffset="2102" SrcFileId="2" StartOffset="2055"/>
<Loc EndOffset="2162" SrcFileId="2" StartOffset="2116"/>
<Loc EndOffset="2215" SrcFileId="2" StartOffset="2176"/>
<Loc EndOffset="2278" SrcFileId="2" StartOffset="2229"/>
<Loc EndOffset="2336" SrcFileId="2" StartOffset="2292"/>
<Loc EndOffset="2392" SrcFileId="2" StartOffset="2350"/>
<Loc EndOffset="2445" SrcFileId="2" StartOffset="2406"/>
<Loc EndOffset="2501" SrcFileId="2" StartOffset="2459"/>
<Loc EndOffset="2562" SrcFileId="2" StartOffset="2515"/>
<Loc EndOffset="2613" SrcFileId="2" StartOffset="2576"/>
<Loc EndOffset="2667" SrcFileId="2" StartOffset="2627"/>
<Loc EndOffset="2723" SrcFileId="2" StartOffset="2681"/>
<Loc EndOffset="2784" SrcFileId="2" StartOffset="2737"/>
<Loc EndOffset="2819" SrcFileId="2" StartOffset="2798"/>
</LocList>
<BasicStmnt CovItemId="S23" CovItemPrefix="CardSupply.java" Intrnl_Id="350">
<LocList>
<Loc EndOffset="1683" SrcFileId="2" StartOffset="1644"/>
</LocList>
</BasicStmnt>
<BasicStmnt CovItemId="S24" CovItemPrefix="CardSupply.java" Intrnl_Id="351">
<LocList>
<Loc EndOffset="1749" SrcFileId="2" StartOffset="1709"/>
</LocList>
</BasicStmnt>
<BasicStmnt CovItemId="S25" CovItemPrefix="CardSupply.java" Intrnl_Id="352">
<LocList>
<Loc EndOffset="1811" SrcFileId="2" StartOffset="1774"/>
</LocList>
</BasicStmnt>
<BasicStmnt CovItemId="S26" CovItemPrefix="CardSupply.java" Intrnl_Id="353">
<LocList>
<Loc EndOffset="1864" SrcFileId="2" StartOffset="1824"/>
</LocList>
</BasicStmnt>
<BasicStmnt CovItemId="S27" CovItemPrefix="CardSupply.java" Intrnl_Id="354">
<LocList>
<Loc EndOffset="1916" SrcFileId="2" StartOffset="1878"/>
</LocList>
</BasicStmnt>
<BasicStmnt CovItemId="S28" CovItemPrefix="CardSupply.java" Intrnl_Id="355">
<LocList>
<Loc EndOffset="1974" SrcFileId="2" StartOffset="1930"/>
</LocList>
</BasicStmnt>
<BasicStmnt CovItemId="S29" CovItemPrefix="CardSupply.java" Intrnl_Id="356">
<LocList>
<Loc EndOffset="2027" SrcFileId="2" StartOffset="1988"/>
</LocList>
</BasicStmnt>
<BasicStmnt CovItemId="S30" CovItemPrefix="CardSupply.java" Intrnl_Id="357">
<LocList>
<Loc EndOffset="2102" SrcFileId="2" StartOffset="2055"/>
</LocList>
</BasicStmnt>
<BasicStmnt CovItemId="S31" CovItemPrefix="CardSupply.java" Intrnl_Id="358">
<LocList>
<Loc EndOffset="2162" SrcFileId="2" StartOffset="2116"/>
</LocList>
</BasicStmnt>
<BasicStmnt CovItemId="S32" CovItemPrefix="CardSupply.java" Intrnl_Id="359">
<LocList>
<Loc EndOffset="2215" SrcFileId="2" StartOffset="2176"/>
</LocList>
</BasicStmnt>
<BasicStmnt CovItemId="S33" CovItemPrefix="CardSupply.java" Intrnl_Id="360">
<LocList>
<Loc EndOffset="2278" SrcFileId="2" StartOffset="2229"/>
</LocList>
</BasicStmnt>
<BasicStmnt CovItemId="S34" CovItemPrefix="CardSupply.java" Intrnl_Id="361">
<LocList>
<Loc EndOffset="2336" SrcFileId="2" StartOffset="2292"/>
</LocList>
</BasicStmnt>
<BasicStmnt CovItemId="S35" CovItemPrefix="CardSupply.java" Intrnl_Id="362">
<LocList>
<Loc EndOffset="2392" SrcFileId="2" StartOffset="2350"/>
</LocList>
</BasicStmnt>
<BasicStmnt CovItemId="S36" CovItemPrefix="CardSupply.java" Intrnl_Id="363">
<LocList>
<Loc EndOffset="2445" SrcFileId="2" StartOffset="2406"/>
</LocList>
</BasicStmnt>
<BasicStmnt CovItemId="S37" CovItemPrefix="CardSupply.java" Intrnl_Id="364">
<LocList>
<Loc EndOffset="2501" SrcFileId="2" StartOffset="2459"/>
</LocList>
</BasicStmnt>
<BasicStmnt CovItemId="S38" CovItemPrefix="CardSupply.java" Intrnl_Id="365">
<LocList>
<Loc EndOffset="2562" SrcFileId="2" StartOffset="2515"/>
</LocList>
</BasicStmnt>
<BasicStmnt CovItemId="S39" CovItemPrefix="CardSupply.java" Intrnl_Id="366">
<LocList>
<Loc EndOffset="2613" SrcFileId="2" StartOffset="2576"/>
</LocList>
</BasicStmnt>
<BasicStmnt CovItemId="S40" CovItemPrefix="CardSupply.java" Intrnl_Id="367">
<LocList>
<Loc EndOffset="2667" SrcFileId="2" StartOffset="2627"/>
</LocList>
</BasicStmnt>
<BasicStmnt CovItemId="S41" CovItemPrefix="CardSupply.java" Intrnl_Id="368">
<LocList>
<Loc EndOffset="2723" SrcFileId="2" StartOffset="2681"/>
</LocList>
</BasicStmnt>
<BasicStmnt CovItemId="S42" CovItemPrefix="CardSupply.java" Intrnl_Id="369">
<LocList>
<Loc EndOffset="2784" SrcFileId="2" StartOffset="2737"/>
</LocList>
</BasicStmnt>
<BasicStmnt CovItemId="S43" CovItemPrefix="CardSupply.java" Intrnl_Id="370">
<LocList>
<Loc EndOffset="2819" SrcFileId="2" StartOffset="2798"/>
</LocList>
</BasicStmnt>
</StmntSeq>
</HierarchyLvl>
<HierarchyLvl HierarchyLvlId="1116" HierarchyLvlTypeId="10" Intrnl_Id="371" Name="selectKingdomCards">
<Header>
<Loc EndOffset="2864" SrcFileId="2" StartOffset="2831"/>
</Header>
<LocList>
<Loc EndOffset="3259" SrcFileId="2" StartOffset="2831"/>
</LocList>
<StmntSeq Intrnl_Id="372">
<LocList>
<Loc EndOffset="3042" SrcFileId="2" StartOffset="2870"/>
<Loc EndOffset="3077" SrcFileId="2" StartOffset="3046"/>
<Loc EndOffset="3251" SrcFileId="2" StartOffset="3099"/>
</LocList>
<BasicStmnt CovItemId="S44" CovItemPrefix="CardSupply.java" Intrnl_Id="373">
<LocList>
<Loc EndOffset="3042" SrcFileId="2" StartOffset="2870"/>
</LocList>
</BasicStmnt>
<BasicStmnt CovItemId="S45" CovItemPrefix="CardSupply.java" Intrnl_Id="374">
<LocList>
<Loc EndOffset="3077" SrcFileId="2" StartOffset="3046"/>
</LocList>
</BasicStmnt>
<LoopStmnt CovItemId="S46" CovItemPrefix="CardSupply.java" Intrnl_Id="375" MltplExecId="L1-2" MltplExecPrefix="CardSupply.java" NvrExecId="L1-0" NvrExecPrefix="CardSupply.java" OnceExecutedId="L1-1" OnceExecutedPrefix="CardSupply.java" OptBodyExec="true">
<StmntSeq Intrnl_Id="376">
<LocList>
<Loc EndOffset="3163" SrcFileId="2" StartOffset="3134"/>
<Loc EndOffset="3246" SrcFileId="2" StartOffset="3168"/>
</LocList>
<BasicStmnt CovItemId="S47" CovItemPrefix="CardSupply.java" Intrnl_Id="377">
<LocList>
<Loc EndOffset="3163" SrcFileId="2" StartOffset="3134"/>
</LocList>
</BasicStmnt>
<CondStmnt CovItemId="S48" CovItemPrefix="CardSupply.java" Intrnl_Id="378">
<Branch CovItemId="B1" CovItemPrefix="CardSupply.java" Implct="false" Intrnl_Id="379">
<Cond/>
<LocList>
<Loc EndOffset="3246" SrcFileId="2" StartOffset="3212"/>
</LocList>
<StmntSeq Intrnl_Id="380">
<LocList>
<Loc EndOffset="3246" SrcFileId="2" StartOffset="3212"/>
</LocList>
<BasicStmnt CovItemId="S49" CovItemPrefix="CardSupply.java" Intrnl_Id="381">
<LocList>
<Loc EndOffset="3246" SrcFileId="2" StartOffset="3212"/>
</LocList>
</BasicStmnt>
</StmntSeq>
</Branch>
<Branch CovItemId="B2" CovItemPrefix="CardSupply.java" Implct="true" Intrnl_Id="382">
<Cond/>
<LocList/>
<StmntSeq Intrnl_Id="383">
<LocList/>
</StmntSeq>
</Branch>
<Keyword EndOffset="3170" SrcFileId="2" StartOffset="3168"/>
<LocList>
<Loc EndOffset="3246" SrcFileId="2" StartOffset="3168"/>
</LocList>
<RootTerm CovItemId="C2" CovItemPrefix="CardSupply.java" Intrnl_Id="384">
<OpTerm BooleanOpId="9" Intrnl_Id="385">
<BasicBoolTerm Intrnl_Id="386">
<LocList>
<Loc EndOffset="3210" SrcFileId="2" StartOffset="3172"/>
</LocList>
</BasicBoolTerm>
<LocList>
<Loc EndOffset="3172" SrcFileId="2" StartOffset="3171"/>
</LocList>
</OpTerm>
</RootTerm>
</CondStmnt>
</StmntSeq>
<Keyword EndOffset="3104" SrcFileId="2" StartOffset="3099"/>
<LocList>
<Loc EndOffset="3251" SrcFileId="2" StartOffset="3099"/>
</LocList>
<RootTerm CovItemId="C1" CovItemPrefix="CardSupply.java" Intrnl_Id="387">
<BasicBoolTerm Intrnl_Id="388">
<LocList>
<Loc EndOffset="3127" SrcFileId="2" StartOffset="3105"/>
</LocList>
</BasicBoolTerm>
</RootTerm>
</LoopStmnt>
</StmntSeq>
</HierarchyLvl>
<HierarchyLvl HierarchyLvlId="1117" HierarchyLvlTypeId="10" Intrnl_Id="389" Name="drawCard">
<Header>
<Loc EndOffset="3287" SrcFileId="2" StartOffset="3265"/>
</Header>
<LocList>
<Loc EndOffset="3792" SrcFileId="2" StartOffset="3265"/>
</LocList>
<StmntSeq Intrnl_Id="390">
<LocList>
<Loc EndOffset="3339" SrcFileId="2" StartOffset="3292"/>
<Loc EndOffset="3385" SrcFileId="2" StartOffset="3343"/>
<Loc EndOffset="3446" SrcFileId="2" StartOffset="3389"/>
<Loc EndOffset="3482" SrcFileId="2" StartOffset="3450"/>
<Loc EndOffset="3545" SrcFileId="2" StartOffset="3516"/>
<Loc EndOffset="3692" SrcFileId="2" StartOffset="3549"/>
<Loc EndOffset="3732" SrcFileId="2" StartOffset="3696"/>
<Loc EndOffset="3767" SrcFileId="2" StartOffset="3736"/>
<Loc EndOffset="3783" SrcFileId="2" StartOffset="3771"/>
</LocList>
<BasicStmnt CovItemId="S50" CovItemPrefix="CardSupply.java" Intrnl_Id="391">
<LocList>
<Loc EndOffset="3339" SrcFileId="2" StartOffset="3292"/>
</LocList>
</BasicStmnt>
<BasicStmnt CovItemId="S51" CovItemPrefix="CardSupply.java" Intrnl_Id="392">
<LocList>
<Loc EndOffset="3385" SrcFileId="2" StartOffset="3343"/>
</LocList>
</BasicStmnt>
<LoopStmnt CovItemId="S52" CovItemPrefix="CardSupply.java" Intrnl_Id="393" MltplExecId="L2-2" MltplExecPrefix="CardSupply.java" NvrExecId="L2-0" NvrExecPrefix="CardSupply.java" OnceExecutedId="L2-1" OnceExecutedPrefix="CardSupply.java" OptBodyExec="true">
<StmntSeq Intrnl_Id="394">
<LocList>
<Loc EndOffset="3441" SrcFileId="2" StartOffset="3423"/>
</LocList>
<BasicStmnt CovItemId="S53" CovItemPrefix="CardSupply.java" Intrnl_Id="395">
<LocList>
<Loc EndOffset="3441" SrcFileId="2" StartOffset="3423"/>
</LocList>
</BasicStmnt>
</StmntSeq>
<Keyword EndOffset="3392" SrcFileId="2" StartOffset="3389"/>
<LocList>
<Loc EndOffset="3446" SrcFileId="2" StartOffset="3389"/>
</LocList>
</LoopStmnt>
<BasicStmnt CovItemId="S54" CovItemPrefix="CardSupply.java" Intrnl_Id="396">
<LocList>
<Loc EndOffset="3482" SrcFileId="2" StartOffset="3450"/>
</LocList>
</BasicStmnt>
<BasicStmnt CovItemId="S55" CovItemPrefix="CardSupply.java" Intrnl_Id="397">
<LocList>
<Loc EndOffset="3545" SrcFileId="2" StartOffset="3516"/>
</LocList>
</BasicStmnt>
<LoopStmnt CovItemId="S56" CovItemPrefix="CardSupply.java" Intrnl_Id="398" MltplExecId="L3-2" MltplExecPrefix="CardSupply.java" NvrExecId="L3-0" NvrExecPrefix="CardSupply.java" OnceExecutedId="L3-1" OnceExecutedPrefix="CardSupply.java" OptBodyExec="true">
<StmntSeq Intrnl_Id="399">
<LocList>
<Loc EndOffset="3687" SrcFileId="2" StartOffset="3658"/>
</LocList>
<BasicStmnt CovItemId="S57" CovItemPrefix="CardSupply.java" Intrnl_Id="400">
<LocList>
<Loc EndOffset="3687" SrcFileId="2" StartOffset="3658"/>
</LocList>
</BasicStmnt>
</StmntSeq>
<Keyword EndOffset="3554" SrcFileId="2" StartOffset="3549"/>
<LocList>
<Loc EndOffset="3692" SrcFileId="2" StartOffset="3549"/>
</LocList>
<RootTerm CovItemId="C3" CovItemPrefix="CardSupply.java" Intrnl_Id="401">
<BasicBoolTerm Intrnl_Id="402">
<LocList>
<Loc EndOffset="3585" SrcFileId="2" StartOffset="3555"/>
</LocList>
</BasicBoolTerm>
</RootTerm>
</LoopStmnt>
<BasicStmnt CovItemId="S58" CovItemPrefix="CardSupply.java" Intrnl_Id="403">
<LocList>
<Loc EndOffset="3732" SrcFileId="2" StartOffset="3696"/>
</LocList>
</BasicStmnt>
<BasicStmnt CovItemId="S59" CovItemPrefix="CardSupply.java" Intrnl_Id="404">
<LocList>
<Loc EndOffset="3767" SrcFileId="2" StartOffset="3736"/>
</LocList>
</BasicStmnt>
<BasicStmnt CovItemId="S60" CovItemPrefix="CardSupply.java" Intrnl_Id="405">
<LocList>
<Loc EndOffset="3783" SrcFileId="2" StartOffset="3771"/>
</LocList>
</BasicStmnt>
</StmntSeq>
</HierarchyLvl>
<HierarchyLvl HierarchyLvlId="1118" HierarchyLvlTypeId="10" Intrnl_Id="406" Name="removeCard">
<Header>
<Loc EndOffset="3835" SrcFileId="2" StartOffset="3798"/>
</Header>
<LocList>
<Loc EndOffset="4970" SrcFileId="2" StartOffset="3798"/>
</LocList>
<StmntSeq Intrnl_Id="407">
<LocList>
<Loc EndOffset="4962" SrcFileId="2" StartOffset="3841"/>
</LocList>
<CondStmnt CovItemId="S61" CovItemPrefix="CardSupply.java" Intrnl_Id="408">
<Branch CovItemId="B3" CovItemPrefix="CardSupply.java" Implct="false" Intrnl_Id="409">
<Cond>
<Loc EndOffset="3873" SrcFileId="2" StartOffset="3860"/>
</Cond>
<LocList>
<Loc EndOffset="3909" SrcFileId="2" StartOffset="3879"/>
</LocList>
<StmntSeq Intrnl_Id="410">
<LocList>
<Loc EndOffset="3897" SrcFileId="2" StartOffset="3879"/>
<Loc EndOffset="3909" SrcFileId="2" StartOffset="3902"/>
</LocList>
<BasicStmnt CovItemId="S62" CovItemPrefix="CardSupply.java" Intrnl_Id="411">
<LocList>
<Loc EndOffset="3897" SrcFileId="2" StartOffset="3879"/>
</LocList>
</BasicStmnt>
<BasicStmnt CovItemId="S63" CovItemPrefix="CardSupply.java" Intrnl_Id="412">
<LocList>
<Loc EndOffset="3909" SrcFileId="2" StartOffset="3902"/>
</LocList>
</BasicStmnt>
</StmntSeq>
</Branch>
<Branch CovItemId="B4" CovItemPrefix="CardSupply.java" Implct="false" Intrnl_Id="413">
<Cond>
<Loc EndOffset="3926" SrcFileId="2" StartOffset="3913"/>
</Cond>
<LocList>
<Loc EndOffset="3962" SrcFileId="2" StartOffset="3932"/>
</LocList>
<StmntSeq Intrnl_Id="414">
<LocList>
<Loc EndOffset="3950" SrcFileId="2" StartOffset="3932"/>
<Loc EndOffset="3962" SrcFileId="2" StartOffset="3955"/>
</LocList>
<BasicStmnt CovItemId="S64" CovItemPrefix="CardSupply.java" Intrnl_Id="415">
<LocList>
<Loc EndOffset="3950" SrcFileId="2" StartOffset="3932"/>
</LocList>
</BasicStmnt>
<BasicStmnt CovItemId="S65" CovItemPrefix="CardSupply.java" Intrnl_Id="416">
<LocList>
<Loc EndOffset="3962" SrcFileId="2" StartOffset="3955"/>
</LocList>
</BasicStmnt>
</StmntSeq>
</Branch>
<Branch CovItemId="B5" CovItemPrefix="CardSupply.java" Implct="false" Intrnl_Id="417">
<Cond>
<Loc EndOffset="3977" SrcFileId="2" StartOffset="3966"/>
</Cond>
<LocList>
<Loc EndOffset="4011" SrcFileId="2" StartOffset="3983"/>
</LocList>
<StmntSeq Intrnl_Id="418">
<LocList>
<Loc EndOffset="3999" SrcFileId="2" StartOffset="3983"/>
<Loc EndOffset="4011" SrcFileId="2" StartOffset="4004"/>
</LocList>
<BasicStmnt CovItemId="S66" CovItemPrefix="CardSupply.java" Intrnl_Id="419">
<LocList>
<Loc EndOffset="3999" SrcFileId="2" StartOffset="3983"/>
</LocList>
</BasicStmnt>
<BasicStmnt CovItemId="S67" CovItemPrefix="CardSupply.java" Intrnl_Id="420">
<LocList>
<Loc EndOffset="4011" SrcFileId="2" StartOffset="4004"/>
</LocList>
</BasicStmnt>
</StmntSeq>
</Branch>
<Branch CovItemId="B6" CovItemPrefix="CardSupply.java" Implct="false" Intrnl_Id="421">
<Cond>
<Loc EndOffset="4028" SrcFileId="2" StartOffset="4015"/>
</Cond>
<LocList>
<Loc EndOffset="4064" SrcFileId="2" StartOffset="4034"/>
</LocList>
<StmntSeq Intrnl_Id="422">
<LocList>
<Loc EndOffset="4052" SrcFileId="2" StartOffset="4034"/>
<Loc EndOffset="4064" SrcFileId="2" StartOffset="4057"/>
</LocList>
<BasicStmnt CovItemId="S68" CovItemPrefix="CardSupply.java" Intrnl_Id="423">
<LocList>
<Loc EndOffset="4052" SrcFileId="2" StartOffset="4034"/>
</LocList>
</BasicStmnt>
<BasicStmnt CovItemId="S69" CovItemPrefix="CardSupply.java" Intrnl_Id="424">
<LocList>
<Loc EndOffset="4064" SrcFileId="2" StartOffset="4057"/>
</LocList>
</BasicStmnt>
</StmntSeq>
</Branch>
<Branch CovItemId="B7" CovItemPrefix="CardSupply.java" Implct="false" Intrnl_Id="425">
<Cond>
<Loc EndOffset="4080" SrcFileId="2" StartOffset="4068"/>
</Cond>
<LocList>
<Loc EndOffset="4115" SrcFileId="2" StartOffset="4086"/>
</LocList>
<StmntSeq Intrnl_Id="426">
<LocList>
<Loc EndOffset="4103" SrcFileId="2" StartOffset="4086"/>
<Loc EndOffset="4115" SrcFileId="2" StartOffset="4108"/>
</LocList>
<BasicStmnt CovItemId="S70" CovItemPrefix="CardSupply.java" Intrnl_Id="427">
<LocList>
<Loc EndOffset="4103" SrcFileId="2" StartOffset="4086"/>
</LocList>
</BasicStmnt>
<BasicStmnt CovItemId="S71" CovItemPrefix="CardSupply.java" Intrnl_Id="428">
<LocList>
<Loc EndOffset="4115" SrcFileId="2" StartOffset="4108"/>
</LocList>
</BasicStmnt>
</StmntSeq>
</Branch>
<Branch CovItemId="B8" CovItemPrefix="CardSupply.java" Implct="false" Intrnl_Id="429">
<Cond>
<Loc EndOffset="4134" SrcFileId="2" StartOffset="4119"/>
</Cond>
<LocList>
<Loc EndOffset="4172" SrcFileId="2" StartOffset="4140"/>
</LocList>
<StmntSeq Intrnl_Id="430">
<LocList>
<Loc EndOffset="4160" SrcFileId="2" StartOffset="4140"/>
<Loc EndOffset="4172" SrcFileId="2" StartOffset="4165"/>
</LocList>
<BasicStmnt CovItemId="S72" CovItemPrefix="CardSupply.java" Intrnl_Id="431">
<LocList>
<Loc EndOffset="4160" SrcFileId="2" StartOffset="4140"/>
</LocList>
</BasicStmnt>
<BasicStmnt CovItemId="S73" CovItemPrefix="CardSupply.java" Intrnl_Id="432">
<LocList>
<Loc EndOffset="4172" SrcFileId="2" StartOffset="4165"/>
</LocList>
</BasicStmnt>
</StmntSeq>
</Branch>
<Branch CovItemId="B9" CovItemPrefix="CardSupply.java" Implct="false" Intrnl_Id="433">
<Cond>
<Loc EndOffset="4193" SrcFileId="2" StartOffset="4176"/>
</Cond>
<LocList>
<Loc EndOffset="4233" SrcFileId="2" StartOffset="4199"/>
</LocList>
<StmntSeq Intrnl_Id="434">
<LocList>
<Loc EndOffset="4221" SrcFileId="2" StartOffset="4199"/>
<Loc EndOffset="4233" SrcFileId="2" StartOffset="4226"/>
</LocList>
<BasicStmnt CovItemId="S74" CovItemPrefix="CardSupply.java" Intrnl_Id="435">
<LocList>
<Loc EndOffset="4221" SrcFileId="2" StartOffset="4199"/>
</LocList>
</BasicStmnt>
<BasicStmnt CovItemId="S75" CovItemPrefix="CardSupply.java" Intrnl_Id="436">
<LocList>
<Loc EndOffset="4233" SrcFileId="2" StartOffset="4226"/>
</LocList>
</BasicStmnt>
</StmntSeq>
</Branch>
<Branch CovItemId="B10" CovItemPrefix="CardSupply.java" Implct="false" Intrnl_Id="437">
<Cond>
<Loc EndOffset="4254" SrcFileId="2" StartOffset="4237"/>
</Cond>
<LocList>
<Loc EndOffset="4294" SrcFileId="2" StartOffset="4260"/>
</LocList>
<StmntSeq Intrnl_Id="438">
<LocList>
<Loc EndOffset="4282" SrcFileId="2" StartOffset="4260"/>
<Loc EndOffset="4294" SrcFileId="2" StartOffset="4287"/>
</LocList>
<BasicStmnt CovItemId="S76" CovItemPrefix="CardSupply.java" Intrnl_Id="439">
<LocList>
<Loc EndOffset="4282" SrcFileId="2" StartOffset="4260"/>
</LocList>
</BasicStmnt>
<BasicStmnt CovItemId="S77" CovItemPrefix="CardSupply.java" Intrnl_Id="440">
<LocList>
<Loc EndOffset="4294" SrcFileId="2" StartOffset="4287"/>
</LocList>
</BasicStmnt>
</StmntSeq>
</Branch>
<Branch CovItemId="B11" CovItemPrefix="CardSupply.java" Implct="false" Intrnl_Id="441">
<Cond>
<Loc EndOffset="4310" SrcFileId="2" StartOffset="4298"/>
</Cond>
<LocList>
<Loc EndOffset="4345" SrcFileId="2" StartOffset="4316"/>
</LocList>
<StmntSeq Intrnl_Id="442">
<LocList>
<Loc EndOffset="4333" SrcFileId="2" StartOffset="4316"/>
<Loc EndOffset="4345" SrcFileId="2" StartOffset="4338"/>
</LocList>
<BasicStmnt CovItemId="S78" CovItemPrefix="CardSupply.java" Intrnl_Id="443">
<LocList>
<Loc EndOffset="4333" SrcFileId="2" StartOffset="4316"/>
</LocList>
</BasicStmnt>
<BasicStmnt CovItemId="S79" CovItemPrefix="CardSupply.java" Intrnl_Id="444">
<LocList>
<Loc EndOffset="4345" SrcFileId="2" StartOffset="4338"/>
</LocList>
</BasicStmnt>
</StmntSeq>
</Branch>
<Branch CovItemId="B12" CovItemPrefix="CardSupply.java" Implct="false" Intrnl_Id="445">
<Cond>
<Loc EndOffset="4368" SrcFileId="2" StartOffset="4349"/>
</Cond>
<LocList>
<Loc EndOffset="4409" SrcFileId="2" StartOffset="4374"/>
</LocList>
<StmntSeq Intrnl_Id="446">
<LocList>
<Loc EndOffset="4397" SrcFileId="2" StartOffset="4374"/>
<Loc EndOffset="4409" SrcFileId="2" StartOffset="4402"/>
</LocList>
<BasicStmnt CovItemId="S80" CovItemPrefix="CardSupply.java" Intrnl_Id="447">
<LocList>
<Loc EndOffset="4397" SrcFileId="2" StartOffset="4374"/>
</LocList>
</BasicStmnt>
<BasicStmnt CovItemId="S81" CovItemPrefix="CardSupply.java" Intrnl_Id="448">
<LocList>
<Loc EndOffset="4409" SrcFileId="2" StartOffset="4402"/>
</LocList>
</BasicStmnt>
</StmntSeq>
</Branch>
<Branch CovItemId="B13" CovItemPrefix="CardSupply.java" Implct="false" Intrnl_Id="449">
<Cond>
<Loc EndOffset="4428" SrcFileId="2" StartOffset="4413"/>
</Cond>
<LocList>
<Loc EndOffset="4466" SrcFileId="2" StartOffset="4434"/>
</LocList>
<StmntSeq Intrnl_Id="450">
<LocList>
<Loc EndOffset="4454" SrcFileId="2" StartOffset="4434"/>
<Loc EndOffset="4466" SrcFileId="2" StartOffset="4459"/>
</LocList>
<BasicStmnt CovItemId="S82" CovItemPrefix="CardSupply.java" Intrnl_Id="451">
<LocList>
<Loc EndOffset="4454" SrcFileId="2" StartOffset="4434"/>
</LocList>
</BasicStmnt>
<BasicStmnt CovItemId="S83" CovItemPrefix="CardSupply.java" Intrnl_Id="452">
<LocList>
<Loc EndOffset="4466" SrcFileId="2" StartOffset="4459"/>
</LocList>
</BasicStmnt>
</StmntSeq>
</Branch>
<Branch CovItemId="B14" CovItemPrefix="CardSupply.java" Implct="false" Intrnl_Id="453">
<Cond>
<Loc EndOffset="4485" SrcFileId="2" StartOffset="4471"/>
</Cond>
<LocList>
<Loc EndOffset="4522" SrcFileId="2" StartOffset="4491"/>
</LocList>
<StmntSeq Intrnl_Id="454">
<LocList>
<Loc EndOffset="4510" SrcFileId="2" StartOffset="4491"/>
<Loc EndOffset="4522" SrcFileId="2" StartOffset="4515"/>
</LocList>
<BasicStmnt CovItemId="S84" CovItemPrefix="CardSupply.java" Intrnl_Id="455">
<LocList>
<Loc EndOffset="4510" SrcFileId="2" StartOffset="4491"/>
</LocList>
</BasicStmnt>
<BasicStmnt CovItemId="S85" CovItemPrefix="CardSupply.java" Intrnl_Id="456">
<LocList>
<Loc EndOffset="4522" SrcFileId="2" StartOffset="4515"/>
</LocList>
</BasicStmnt>
</StmntSeq>
</Branch>
<Branch CovItemId="B15" CovItemPrefix="CardSupply.java" Implct="false" Intrnl_Id="457">
<Cond>
<Loc EndOffset="4538" SrcFileId="2" StartOffset="4526"/>
</Cond>
<LocList>
<Loc EndOffset="4573" SrcFileId="2" StartOffset="4544"/>
</LocList>
<StmntSeq Intrnl_Id="458">
<LocList>
<Loc EndOffset="4561" SrcFileId="2" StartOffset="4544"/>
<Loc EndOffset="4573" SrcFileId="2" StartOffset="4566"/>
</LocList>
<BasicStmnt CovItemId="S86" CovItemPrefix="CardSupply.java" Intrnl_Id="459">
<LocList>
<Loc EndOffset="4561" SrcFileId="2" StartOffset="4544"/>
</LocList>
</BasicStmnt>
<BasicStmnt CovItemId="S87" CovItemPrefix="CardSupply.java" Intrnl_Id="460">
<LocList>
<Loc EndOffset="4573" SrcFileId="2" StartOffset="4566"/>
</LocList>
</BasicStmnt>
</StmntSeq>
</Branch>
<Branch CovItemId="B16" CovItemPrefix="CardSupply.java" Implct="false" Intrnl_Id="461">
<Cond>
<Loc EndOffset="4591" SrcFileId="2" StartOffset="4577"/>
</Cond>
<LocList>
<Loc EndOffset="4628" SrcFileId="2" StartOffset="4597"/>
</LocList>
<StmntSeq Intrnl_Id="462">
<LocList>
<Loc EndOffset="4616" SrcFileId="2" StartOffset="4597"/>
<Loc EndOffset="4628" SrcFileId="2" StartOffset="4621"/>
</LocList>
<BasicStmnt CovItemId="S88" CovItemPrefix="CardSupply.java" Intrnl_Id="463">
<LocList>
<Loc EndOffset="4616" SrcFileId="2" StartOffset="4597"/>
</LocList>
</BasicStmnt>
<BasicStmnt CovItemId="S89" CovItemPrefix="CardSupply.java" Intrnl_Id="464">
<LocList>
<Loc EndOffset="4628" SrcFileId="2" StartOffset="4621"/>
</LocList>
</BasicStmnt>
</StmntSeq>
</Branch>
<Branch CovItemId="B17" CovItemPrefix="CardSupply.java" Implct="false" Intrnl_Id="465">
<Cond>
<Loc EndOffset="4649" SrcFileId="2" StartOffset="4632"/>
</Cond>
<LocList>
<Loc EndOffset="4688" SrcFileId="2" StartOffset="4655"/>
</LocList>
<StmntSeq Intrnl_Id="466">
<LocList>
<Loc EndOffset="4676" SrcFileId="2" StartOffset="4655"/>
<Loc EndOffset="4688" SrcFileId="2" StartOffset="4681"/>
</LocList>
<BasicStmnt CovItemId="S90" CovItemPrefix="CardSupply.java" Intrnl_Id="467">
<LocList>
<Loc EndOffset="4676" SrcFileId="2" StartOffset="4655"/>
</LocList>
</BasicStmnt>
<BasicStmnt CovItemId="S91" CovItemPrefix="CardSupply.java" Intrnl_Id="468">
<LocList>
<Loc EndOffset="4688" SrcFileId="2" StartOffset="4681"/>
</LocList>
</BasicStmnt>
</StmntSeq>
</Branch>
<Branch CovItemId="B18" CovItemPrefix="CardSupply.java" Implct="false" Intrnl_Id="469">
<Cond>
<Loc EndOffset="4703" SrcFileId="2" StartOffset="4692"/>
</Cond>
<LocList>
<Loc EndOffset="4737" SrcFileId="2" StartOffset="4709"/>
</LocList>
<StmntSeq Intrnl_Id="470">
<LocList>
<Loc EndOffset="4725" SrcFileId="2" StartOffset="4709"/>
<Loc EndOffset="4737" SrcFileId="2" StartOffset="4730"/>
</LocList>
<BasicStmnt CovItemId="S92" CovItemPrefix="CardSupply.java" Intrnl_Id="471">
<LocList>
<Loc EndOffset="4725" SrcFileId="2" StartOffset="4709"/>
</LocList>
</BasicStmnt>
<BasicStmnt CovItemId="S93" CovItemPrefix="CardSupply.java" Intrnl_Id="472">
<LocList>
<Loc EndOffset="4737" SrcFileId="2" StartOffset="4730"/>
</LocList>
</BasicStmnt>
</StmntSeq>
</Branch>
<Branch CovItemId="B19" CovItemPrefix="CardSupply.java" Implct="false" Intrnl_Id="473">
<Cond>
<Loc EndOffset="4754" SrcFileId="2" StartOffset="4741"/>
</Cond>
<LocList>
<Loc EndOffset="4790" SrcFileId="2" StartOffset="4760"/>
</LocList>
<StmntSeq Intrnl_Id="474">
<LocList>
<Loc EndOffset="4778" SrcFileId="2" StartOffset="4760"/>
<Loc EndOffset="4790" SrcFileId="2" StartOffset="4783"/>
</LocList>
<BasicStmnt CovItemId="S94" CovItemPrefix="CardSupply.java" Intrnl_Id="475">
<LocList>
<Loc EndOffset="4778" SrcFileId="2" StartOffset="4760"/>
</LocList>
</BasicStmnt>
<BasicStmnt CovItemId="S95" CovItemPrefix="CardSupply.java" Intrnl_Id="476">
<LocList>
<Loc EndOffset="4790" SrcFileId="2" StartOffset="4783"/>
</LocList>
</BasicStmnt>
</StmntSeq>
</Branch>
<Branch CovItemId="B20" CovItemPrefix="CardSupply.java" Implct="false" Intrnl_Id="477">
<Cond>
<Loc EndOffset="4808" SrcFileId="2" StartOffset="4794"/>
</Cond>
<LocList>
<Loc EndOffset="4845" SrcFileId="2" StartOffset="4814"/>
</LocList>
<StmntSeq Intrnl_Id="478">
<LocList>
<Loc EndOffset="4833" SrcFileId="2" StartOffset="4814"/>
<Loc EndOffset="4845" SrcFileId="2" StartOffset="4838"/>
</LocList>
<BasicStmnt CovItemId="S96" CovItemPrefix="CardSupply.java" Intrnl_Id="479">
<LocList>
<Loc EndOffset="4833" SrcFileId="2" StartOffset="4814"/>
</LocList>
</BasicStmnt>
<BasicStmnt CovItemId="S97" CovItemPrefix="CardSupply.java" Intrnl_Id="480">
<LocList>
<Loc EndOffset="4845" SrcFileId="2" StartOffset="4838"/>
</LocList>
</BasicStmnt>
</StmntSeq>
</Branch>
<Branch CovItemId="B21" CovItemPrefix="CardSupply.java" Implct="false" Intrnl_Id="481">
<Cond>
<Loc EndOffset="4866" SrcFileId="2" StartOffset="4849"/>
</Cond>
<LocList>
<Loc EndOffset="4906" SrcFileId="2" StartOffset="4872"/>
</LocList>
<StmntSeq Intrnl_Id="482">
<LocList>
<Loc EndOffset="4894" SrcFileId="2" StartOffset="4872"/>
<Loc EndOffset="4906" SrcFileId="2" StartOffset="4899"/>
</LocList>
<BasicStmnt CovItemId="S98" CovItemPrefix="CardSupply.java" Intrnl_Id="483">
<LocList>
<Loc EndOffset="4894" SrcFileId="2" StartOffset="4872"/>
</LocList>
</BasicStmnt>
<BasicStmnt CovItemId="S99" CovItemPrefix="CardSupply.java" Intrnl_Id="484">
<LocList>
<Loc EndOffset="4906" SrcFileId="2" StartOffset="4899"/>
</LocList>
</BasicStmnt>
</StmntSeq>
</Branch>
<Branch CovItemId="B22" CovItemPrefix="CardSupply.java" Implct="false" Intrnl_Id="485">
<Cond>
<Loc EndOffset="4922" SrcFileId="2" StartOffset="4910"/>
</Cond>
<LocList>
<Loc EndOffset="4957" SrcFileId="2" StartOffset="4928"/>
</LocList>
<StmntSeq Intrnl_Id="486">
<LocList>
<Loc EndOffset="4945" SrcFileId="2" StartOffset="4928"/>
<Loc EndOffset="4957" SrcFileId="2" StartOffset="4950"/>
</LocList>
<BasicStmnt CovItemId="S100" CovItemPrefix="CardSupply.java" Intrnl_Id="487">
<LocList>
<Loc EndOffset="4945" SrcFileId="2" StartOffset="4928"/>
</LocList>
</BasicStmnt>
<BasicStmnt CovItemId="S101" CovItemPrefix="CardSupply.java" Intrnl_Id="488">
<LocList>
<Loc EndOffset="4957" SrcFileId="2" StartOffset="4950"/>
</LocList>
</BasicStmnt>
</StmntSeq>
</Branch>
<Branch CovItemId="B23" CovItemPrefix="CardSupply.java" Implct="true" Intrnl_Id="489">
<Cond/>
<LocList/>
<StmntSeq Intrnl_Id="490">
<LocList/>
</StmntSeq>
</Branch>
<Keyword EndOffset="3847" SrcFileId="2" StartOffset="3841"/>
<LocList>
<Loc EndOffset="4962" SrcFileId="2" StartOffset="3841"/>
</LocList>
</CondStmnt>
</StmntSeq>
</HierarchyLvl>
<HierarchyLvl HierarchyLvlId="1119" HierarchyLvlTypeId="10" Intrnl_Id="491" Name="addCard">
<Header>
<Loc EndOffset="5009" SrcFileId="2" StartOffset="4975"/>
</Header>
<LocList>
<Loc EndOffset="6144" SrcFileId="2" StartOffset="4975"/>
</LocList>
<StmntSeq Intrnl_Id="492">
<LocList>
<Loc EndOffset="6136" SrcFileId="2" StartOffset="5015"/>
</LocList>
<CondStmnt CovItemId="S102" CovItemPrefix="CardSupply.java" Intrnl_Id="493">
<Branch CovItemId="B24" CovItemPrefix="CardSupply.java" Implct="false" Intrnl_Id="494">
<Cond>
<Loc EndOffset="5047" SrcFileId="2" StartOffset="5034"/>
</Cond>
<LocList>
<Loc EndOffset="5083" SrcFileId="2" StartOffset="5053"/>
</LocList>
<StmntSeq Intrnl_Id="495">
<LocList>
<Loc EndOffset="5071" SrcFileId="2" StartOffset="5053"/>
<Loc EndOffset="5083" SrcFileId="2" StartOffset="5076"/>
</LocList>
<BasicStmnt CovItemId="S103" CovItemPrefix="CardSupply.java" Intrnl_Id="496">
<LocList>
<Loc EndOffset="5071" SrcFileId="2" StartOffset="5053"/>
</LocList>
</BasicStmnt>
<BasicStmnt CovItemId="S104" CovItemPrefix="CardSupply.java" Intrnl_Id="497">
<LocList>
<Loc EndOffset="5083" SrcFileId="2" StartOffset="5076"/>
</LocList>
</BasicStmnt>
</StmntSeq>
</Branch>
<Branch CovItemId="B25" CovItemPrefix="CardSupply.java" Implct="false" Intrnl_Id="498">
<Cond>
<Loc EndOffset="5100" SrcFileId="2" StartOffset="5087"/>
</Cond>
<LocList>
<Loc EndOffset="5136" SrcFileId="2" StartOffset="5106"/>
</LocList>
<StmntSeq Intrnl_Id="499">
<LocList>
<Loc EndOffset="5124" SrcFileId="2" StartOffset="5106"/>
<Loc EndOffset="5136" SrcFileId="2" StartOffset="5129"/>
</LocList>
<BasicStmnt CovItemId="S105" CovItemPrefix="CardSupply.java" Intrnl_Id="500">
<LocList>
<Loc EndOffset="5124" SrcFileId="2" StartOffset="5106"/>
</LocList>
</BasicStmnt>
<BasicStmnt CovItemId="S106" CovItemPrefix="CardSupply.java" Intrnl_Id="501">
<LocList>
<Loc EndOffset="5136" SrcFileId="2" StartOffset="5129"/>
</LocList>
</BasicStmnt>
</StmntSeq>
</Branch>
<Branch CovItemId="B26" CovItemPrefix="CardSupply.java" Implct="false" Intrnl_Id="502">
<Cond>
<Loc EndOffset="5151" SrcFileId="2" StartOffset="5140"/>
</Cond>
<LocList>
<Loc EndOffset="5185" SrcFileId="2" StartOffset="5157"/>
</LocList>
<StmntSeq Intrnl_Id="503">
<LocList>
<Loc EndOffset="5173" SrcFileId="2" StartOffset="5157"/>
<Loc EndOffset="5185" SrcFileId="2" StartOffset="5178"/>
</LocList>
<BasicStmnt CovItemId="S107" CovItemPrefix="CardSupply.java" Intrnl_Id="504">
<LocList>
<Loc EndOffset="5173" SrcFileId="2" StartOffset="5157"/>
</LocList>
</BasicStmnt>
<BasicStmnt CovItemId="S108" CovItemPrefix="CardSupply.java" Intrnl_Id="505">
<LocList>
<Loc EndOffset="5185" SrcFileId="2" StartOffset="5178"/>
</LocList>
</BasicStmnt>
</StmntSeq>
</Branch>
<Branch CovItemId="B27" CovItemPrefix="CardSupply.java" Implct="false" Intrnl_Id="506">
<Cond>
<Loc EndOffset="5202" SrcFileId="2" StartOffset="5189"/>
</Cond>
<LocList>
<Loc EndOffset="5238" SrcFileId="2" StartOffset="5208"/>
</LocList>
<StmntSeq Intrnl_Id="507">
<LocList>
<Loc EndOffset="5226" SrcFileId="2" StartOffset="5208"/>
<Loc EndOffset="5238" SrcFileId="2" StartOffset="5231"/>
</LocList>
<BasicStmnt CovItemId="S109" CovItemPrefix="CardSupply.java" Intrnl_Id="508">
<LocList>
<Loc EndOffset="5226" SrcFileId="2" StartOffset="5208"/>
</LocList>
</BasicStmnt>
<BasicStmnt CovItemId="S110" CovItemPrefix="CardSupply.java" Intrnl_Id="509">
<LocList>
<Loc EndOffset="5238" SrcFileId="2" StartOffset="5231"/>
</LocList>
</BasicStmnt>
</StmntSeq>
</Branch>
<Branch CovItemId="B28" CovItemPrefix="CardSupply.java" Implct="false" Intrnl_Id="510">
<Cond>
<Loc EndOffset="5254" SrcFileId="2" StartOffset="5242"/>
</Cond>
<LocList>
<Loc EndOffset="5289" SrcFileId="2" StartOffset="5260"/>
</LocList>
<StmntSeq Intrnl_Id="511">
<LocList>
<Loc EndOffset="5277" SrcFileId="2" StartOffset="5260"/>
<Loc EndOffset="5289" SrcFileId="2" StartOffset="5282"/>
</LocList>
<BasicStmnt CovItemId="S111" CovItemPrefix="CardSupply.java" Intrnl_Id="512">
<LocList>
<Loc EndOffset="5277" SrcFileId="2" StartOffset="5260"/>
</LocList>
</BasicStmnt>
<BasicStmnt CovItemId="S112" CovItemPrefix="CardSupply.java" Intrnl_Id="513">
<LocList>
<Loc EndOffset="5289" SrcFileId="2" StartOffset="5282"/>
</LocList>
</BasicStmnt>
</StmntSeq>
</Branch>
<Branch CovItemId="B29" CovItemPrefix="CardSupply.java" Implct="false" Intrnl_Id="514">
<Cond>
<Loc EndOffset="5308" SrcFileId="2" StartOffset="5293"/>
</Cond>
<LocList>
<Loc EndOffset="5346" SrcFileId="2" StartOffset="5314"/>
</LocList>
<StmntSeq Intrnl_Id="515">
<LocList>
<Loc EndOffset="5334" SrcFileId="2" StartOffset="5314"/>
<Loc EndOffset="5346" SrcFileId="2" StartOffset="5339"/>
</LocList>
<BasicStmnt CovItemId="S113" CovItemPrefix="CardSupply.java" Intrnl_Id="516">
<LocList>
<Loc EndOffset="5334" SrcFileId="2" StartOffset="5314"/>
</LocList>
</BasicStmnt>
<BasicStmnt CovItemId="S114" CovItemPrefix="CardSupply.java" Intrnl_Id="517">
<LocList>
<Loc EndOffset="5346" SrcFileId="2" StartOffset="5339"/>
</LocList>
</BasicStmnt>
</StmntSeq>
</Branch>
<Branch CovItemId="B30" CovItemPrefix="CardSupply.java" Implct="false" Intrnl_Id="518">
<Cond>
<Loc EndOffset="5367" SrcFileId="2" StartOffset="5350"/>
</Cond>
<LocList>
<Loc EndOffset="5407" SrcFileId="2" StartOffset="5373"/>
</LocList>
<StmntSeq Intrnl_Id="519">
<LocList>
<Loc EndOffset="5395" SrcFileId="2" StartOffset="5373"/>
<Loc EndOffset="5407" SrcFileId="2" StartOffset="5400"/>
</LocList>
<BasicStmnt CovItemId="S115" CovItemPrefix="CardSupply.java" Intrnl_Id="520">
<LocList>
<Loc EndOffset="5395" SrcFileId="2" StartOffset="5373"/>
</LocList>
</BasicStmnt>
<BasicStmnt CovItemId="S116" CovItemPrefix="CardSupply.java" Intrnl_Id="521">
<LocList>
<Loc EndOffset="5407" SrcFileId="2" StartOffset="5400"/>
</LocList>
</BasicStmnt>
</StmntSeq>
</Branch>
<Branch CovItemId="B31" CovItemPrefix="CardSupply.java" Implct="false" Intrnl_Id="522">
<Cond>
<Loc EndOffset="5428" SrcFileId="2" StartOffset="5411"/>
</Cond>
<LocList>
<Loc EndOffset="5468" SrcFileId="2" StartOffset="5434"/>
</LocList>
<StmntSeq Intrnl_Id="523">
<LocList>
<Loc EndOffset="5456" SrcFileId="2" StartOffset="5434"/>
<Loc EndOffset="5468" SrcFileId="2" StartOffset="5461"/>
</LocList>
<BasicStmnt CovItemId="S117" CovItemPrefix="CardSupply.java" Intrnl_Id="524">
<LocList>
<Loc EndOffset="5456" SrcFileId="2" StartOffset="5434"/>
</LocList>
</BasicStmnt>
<BasicStmnt CovItemId="S118" CovItemPrefix="CardSupply.java" Intrnl_Id="525">
<LocList>
<Loc EndOffset="5468" SrcFileId="2" StartOffset="5461"/>
</LocList>
</BasicStmnt>
</StmntSeq>
</Branch>
<Branch CovItemId="B32" CovItemPrefix="CardSupply.java" Implct="false" Intrnl_Id="526">
<Cond>
<Loc EndOffset="5484" SrcFileId="2" StartOffset="5472"/>
</Cond>
<LocList>
<Loc EndOffset="5519" SrcFileId="2" StartOffset="5490"/>
</LocList>
<StmntSeq Intrnl_Id="527">
<LocList>
<Loc EndOffset="5507" SrcFileId="2" StartOffset="5490"/>
<Loc EndOffset="5519" SrcFileId="2" StartOffset="5512"/>
</LocList>
<BasicStmnt CovItemId="S119" CovItemPrefix="CardSupply.java" Intrnl_Id="528">
<LocList>
<Loc EndOffset="5507" SrcFileId="2" StartOffset="5490"/>
</LocList>
</BasicStmnt>
<BasicStmnt CovItemId="S120" CovItemPrefix="CardSupply.java" Intrnl_Id="529">
<LocList>
<Loc EndOffset="5519" SrcFileId="2" StartOffset="5512"/>
</LocList>
</BasicStmnt>
</StmntSeq>
</Branch>
<Branch CovItemId="B33" CovItemPrefix="CardSupply.java" Implct="false" Intrnl_Id="530">
<Cond>
<Loc EndOffset="5542" SrcFileId="2" StartOffset="5523"/>
</Cond>
<LocList>
<Loc EndOffset="5583" SrcFileId="2" StartOffset="5548"/>
</LocList>
<StmntSeq Intrnl_Id="531">
<LocList>
<Loc EndOffset="5571" SrcFileId="2" StartOffset="5548"/>
<Loc EndOffset="5583" SrcFileId="2" StartOffset="5576"/>
</LocList>
<BasicStmnt CovItemId="S121" CovItemPrefix="CardSupply.java" Intrnl_Id="532">
<LocList>
<Loc EndOffset="5571" SrcFileId="2" StartOffset="5548"/>
</LocList>
</BasicStmnt>
<BasicStmnt CovItemId="S122" CovItemPrefix="CardSupply.java" Intrnl_Id="533">
<LocList>
<Loc EndOffset="5583" SrcFileId="2" StartOffset="5576"/>
</LocList>
</BasicStmnt>
</StmntSeq>
</Branch>
<Branch CovItemId="B34" CovItemPrefix="CardSupply.java" Implct="false" Intrnl_Id="534">
<Cond>
<Loc EndOffset="5602" SrcFileId="2" StartOffset="5587"/>
</Cond>
<LocList>
<Loc EndOffset="5640" SrcFileId="2" StartOffset="5608"/>
</LocList>
<StmntSeq Intrnl_Id="535">
<LocList>
<Loc EndOffset="5628" SrcFileId="2" StartOffset="5608"/>
<Loc EndOffset="5640" SrcFileId="2" StartOffset="5633"/>
</LocList>
<BasicStmnt CovItemId="S123" CovItemPrefix="CardSupply.java" Intrnl_Id="536">
<LocList>
<Loc EndOffset="5628" SrcFileId="2" StartOffset="5608"/>
</LocList>
</BasicStmnt>
<BasicStmnt CovItemId="S124" CovItemPrefix="CardSupply.java" Intrnl_Id="537">
<LocList>
<Loc EndOffset="5640" SrcFileId="2" StartOffset="5633"/>
</LocList>
</BasicStmnt>
</StmntSeq>
</Branch>
<Branch CovItemId="B35" CovItemPrefix="CardSupply.java" Implct="false" Intrnl_Id="538">
<Cond>
<Loc EndOffset="5659" SrcFileId="2" StartOffset="5645"/>
</Cond>
<LocList>
<Loc EndOffset="5696" SrcFileId="2" StartOffset="5665"/>
</LocList>
<StmntSeq Intrnl_Id="539">
<LocList>
<Loc EndOffset="5684" SrcFileId="2" StartOffset="5665"/>
<Loc EndOffset="5696" SrcFileId="2" StartOffset="5689"/>
</LocList>
<BasicStmnt CovItemId="S125" CovItemPrefix="CardSupply.java" Intrnl_Id="540">
<LocList>
<Loc EndOffset="5684" SrcFileId="2" StartOffset="5665"/>
</LocList>
</BasicStmnt>
<BasicStmnt CovItemId="S126" CovItemPrefix="CardSupply.java" Intrnl_Id="541">
<LocList>
<Loc EndOffset="5696" SrcFileId="2" StartOffset="5689"/>
</LocList>
</BasicStmnt>
</StmntSeq>
</Branch>
<Branch CovItemId="B36" CovItemPrefix="CardSupply.java" Implct="false" Intrnl_Id="542">
<Cond>
<Loc EndOffset="5712" SrcFileId="2" StartOffset="5700"/>
</Cond>
<LocList>
<Loc EndOffset="5747" SrcFileId="2" StartOffset="5718"/>
</LocList>
<StmntSeq Intrnl_Id="543">
<LocList>
<Loc EndOffset="5735" SrcFileId="2" StartOffset="5718"/>
<Loc EndOffset="5747" SrcFileId="2" StartOffset="5740"/>
</LocList>
<BasicStmnt CovItemId="S127" CovItemPrefix="CardSupply.java" Intrnl_Id="544">
<LocList>
<Loc EndOffset="5735" SrcFileId="2" StartOffset="5718"/>
</LocList>
</BasicStmnt>
<BasicStmnt CovItemId="S128" CovItemPrefix="CardSupply.java" Intrnl_Id="545">
<LocList>
<Loc EndOffset="5747" SrcFileId="2" StartOffset="5740"/>
</LocList>
</BasicStmnt>
</StmntSeq>
</Branch>
<Branch CovItemId="B37" CovItemPrefix="CardSupply.java" Implct="false" Intrnl_Id="546">
<Cond>
<Loc EndOffset="5765" SrcFileId="2" StartOffset="5751"/>
</Cond>
<LocList>
<Loc EndOffset="5802" SrcFileId="2" StartOffset="5771"/>
</LocList>
<StmntSeq Intrnl_Id="547">
<LocList>
<Loc EndOffset="5790" SrcFileId="2" StartOffset="5771"/>
<Loc EndOffset="5802" SrcFileId="2" StartOffset="5795"/>
</LocList>
<BasicStmnt CovItemId="S129" CovItemPrefix="CardSupply.java" Intrnl_Id="548">
<LocList>
<Loc EndOffset="5790" SrcFileId="2" StartOffset="5771"/>
</LocList>
</BasicStmnt>
<BasicStmnt CovItemId="S130" CovItemPrefix="CardSupply.java" Intrnl_Id="549">
<LocList>
<Loc EndOffset="5802" SrcFileId="2" StartOffset="5795"/>
</LocList>
</BasicStmnt>
</StmntSeq>
</Branch>
<Branch CovItemId="B38" CovItemPrefix="CardSupply.java" Implct="false" Intrnl_Id="550">
<Cond>
<Loc EndOffset="5823" SrcFileId="2" StartOffset="5806"/>
</Cond>
<LocList>
<Loc EndOffset="5862" SrcFileId="2" StartOffset="5829"/>
</LocList>
<StmntSeq Intrnl_Id="551">
<LocList>
<Loc EndOffset="5850" SrcFileId="2" StartOffset="5829"/>
<Loc EndOffset="5862" SrcFileId="2" StartOffset="5855"/>
</LocList>
<BasicStmnt CovItemId="S131" CovItemPrefix="CardSupply.java" Intrnl_Id="552">
<LocList>
<Loc EndOffset="5850" SrcFileId="2" StartOffset="5829"/>
</LocList>
</BasicStmnt>
<BasicStmnt CovItemId="S132" CovItemPrefix="CardSupply.java" Intrnl_Id="553">
<LocList>
<Loc EndOffset="5862" SrcFileId="2" StartOffset="5855"/>
</LocList>
</BasicStmnt>
</StmntSeq>
</Branch>
<Branch CovItemId="B39" CovItemPrefix="CardSupply.java" Implct="false" Intrnl_Id="554">
<Cond>
<Loc EndOffset="5877" SrcFileId="2" StartOffset="5866"/>
</Cond>
<LocList>
<Loc EndOffset="5911" SrcFileId="2" StartOffset="5883"/>
</LocList>
<StmntSeq Intrnl_Id="555">
<LocList>
<Loc EndOffset="5899" SrcFileId="2" StartOffset="5883"/>
<Loc EndOffset="5911" SrcFileId="2" StartOffset="5904"/>
</LocList>
<BasicStmnt CovItemId="S133" CovItemPrefix="CardSupply.java" Intrnl_Id="556">
<LocList>
<Loc EndOffset="5899" SrcFileId="2" StartOffset="5883"/>
</LocList>
</BasicStmnt>
<BasicStmnt CovItemId="S134" CovItemPrefix="CardSupply.java" Intrnl_Id="557">
<LocList>
<Loc EndOffset="5911" SrcFileId="2" StartOffset="5904"/>
</LocList>
</BasicStmnt>
</StmntSeq>
</Branch>
<Branch CovItemId="B40" CovItemPrefix="CardSupply.java" Implct="false" Intrnl_Id="558">
<Cond>
<Loc EndOffset="5928" SrcFileId="2" StartOffset="5915"/>
</Cond>
<LocList>
<Loc EndOffset="5964" SrcFileId="2" StartOffset="5934"/>
</LocList>
<StmntSeq Intrnl_Id="559">
<LocList>
<Loc EndOffset="5952" SrcFileId="2" StartOffset="5934"/>
<Loc EndOffset="5964" SrcFileId="2" StartOffset="5957"/>
</LocList>
<BasicStmnt CovItemId="S135" CovItemPrefix="CardSupply.java" Intrnl_Id="560">
<LocList>
<Loc EndOffset="5952" SrcFileId="2" StartOffset="5934"/>
</LocList>
</BasicStmnt>
<BasicStmnt CovItemId="S136" CovItemPrefix="CardSupply.java" Intrnl_Id="561">
<LocList>
<Loc EndOffset="5964" SrcFileId="2" StartOffset="5957"/>
</LocList>
</BasicStmnt>
</StmntSeq>
</Branch>
<Branch CovItemId="B41" CovItemPrefix="CardSupply.java" Implct="false" Intrnl_Id="562">
<Cond>
<Loc EndOffset="5982" SrcFileId="2" StartOffset="5968"/>
</Cond>
<LocList>
<Loc EndOffset="6019" SrcFileId="2" StartOffset="5988"/>
</LocList>
<StmntSeq Intrnl_Id="563">
<LocList>
<Loc EndOffset="6007" SrcFileId="2" StartOffset="5988"/>
<Loc EndOffset="6019" SrcFileId="2" StartOffset="6012"/>
</LocList>
<BasicStmnt CovItemId="S137" CovItemPrefix="CardSupply.java" Intrnl_Id="564">
<LocList>
<Loc EndOffset="6007" SrcFileId="2" StartOffset="5988"/>
</LocList>
</BasicStmnt>
<BasicStmnt CovItemId="S138" CovItemPrefix="CardSupply.java" Intrnl_Id="565">
<LocList>
<Loc EndOffset="6019" SrcFileId="2" StartOffset="6012"/>
</LocList>
</BasicStmnt>
</StmntSeq>
</Branch>
<Branch CovItemId="B42" CovItemPrefix="CardSupply.java" Implct="false" Intrnl_Id="566">
<Cond>
<Loc EndOffset="6040" SrcFileId="2" StartOffset="6023"/>
</Cond>
<LocList>
<Loc EndOffset="6080" SrcFileId="2" StartOffset="6046"/>
</LocList>
<StmntSeq Intrnl_Id="567">
<LocList>
<Loc EndOffset="6068" SrcFileId="2" StartOffset="6046"/>
<Loc EndOffset="6080" SrcFileId="2" StartOffset="6073"/>
</LocList>
<BasicStmnt CovItemId="S139" CovItemPrefix="CardSupply.java" Intrnl_Id="568">
<LocList>
<Loc EndOffset="6068" SrcFileId="2" StartOffset="6046"/>
</LocList>
</BasicStmnt>
<BasicStmnt CovItemId="S140" CovItemPrefix="CardSupply.java" Intrnl_Id="569">
<LocList>
<Loc EndOffset="6080" SrcFileId="2" StartOffset="6073"/>
</LocList>
</BasicStmnt>
</StmntSeq>
</Branch>
<Branch CovItemId="B43" CovItemPrefix="CardSupply.java" Implct="false" Intrnl_Id="570">
<Cond>
<Loc EndOffset="6096" SrcFileId="2" StartOffset="6084"/>
</Cond>
<LocList>
<Loc EndOffset="6131" SrcFileId="2" StartOffset="6102"/>
</LocList>
<StmntSeq Intrnl_Id="571">
<LocList>
<Loc EndOffset="6119" SrcFileId="2" StartOffset="6102"/>
<Loc EndOffset="6131" SrcFileId="2" StartOffset="6124"/>
</LocList>
<BasicStmnt CovItemId="S141" CovItemPrefix="CardSupply.java" Intrnl_Id="572">
<LocList>
<Loc EndOffset="6119" SrcFileId="2" StartOffset="6102"/>
</LocList>
</BasicStmnt>
<BasicStmnt CovItemId="S142" CovItemPrefix="CardSupply.java" Intrnl_Id="573">
<LocList>
<Loc EndOffset="6131" SrcFileId="2" StartOffset="6124"/>
</LocList>
</BasicStmnt>
</StmntSeq>
</Branch>
<Branch CovItemId="B44" CovItemPrefix="CardSupply.java" Implct="true" Intrnl_Id="574">
<Cond/>
<LocList/>
<StmntSeq Intrnl_Id="575">
<LocList/>
</StmntSeq>
</Branch>
<Keyword EndOffset="5021" SrcFileId="2" StartOffset="5015"/>
<LocList>
<Loc EndOffset="6136" SrcFileId="2" StartOffset="5015"/>
</LocList>
</CondStmnt>
</StmntSeq>
</HierarchyLvl>
<HierarchyLvl HierarchyLvlId="1120" HierarchyLvlTypeId="10" Intrnl_Id="576" Name="howMany">
<Header>
<Loc EndOffset="6182" SrcFileId="2" StartOffset="6149"/>
</Header>
<LocList>
<Loc EndOffset="7191" SrcFileId="2" StartOffset="6149"/>
</LocList>
<StmntSeq Intrnl_Id="577">
<LocList>
<Loc EndOffset="7168" SrcFileId="2" StartOffset="6187"/>
<Loc EndOffset="7185" SrcFileId="2" StartOffset="7176"/>
</LocList>
<CondStmnt CovItemId="S143" CovItemPrefix="CardSupply.java" Intrnl_Id="578">
<Branch CovItemId="B45" CovItemPrefix="CardSupply.java" Implct="false" Intrnl_Id="579">
<Cond>
<Loc EndOffset="6219" SrcFileId="2" StartOffset="6206"/>
</Cond>
<LocList>
<Loc EndOffset="6248" SrcFileId="2" StartOffset="6225"/>
</LocList>
<StmntSeq Intrnl_Id="580">
<LocList>
<Loc EndOffset="6248" SrcFileId="2" StartOffset="6225"/>
</LocList>
<BasicStmnt CovItemId="S144" CovItemPrefix="CardSupply.java" Intrnl_Id="581">
<LocList>
<Loc EndOffset="6248" SrcFileId="2" StartOffset="6225"/>
</LocList>
</BasicStmnt>
</StmntSeq>
</Branch>
<Branch CovItemId="B46" CovItemPrefix="CardSupply.java" Implct="false" Intrnl_Id="582">
<Cond>
<Loc EndOffset="6265" SrcFileId="2" StartOffset="6252"/>
</Cond>
<LocList>
<Loc EndOffset="6294" SrcFileId="2" StartOffset="6271"/>
</LocList>
<StmntSeq Intrnl_Id="583">
<LocList>
<Loc EndOffset="6294" SrcFileId="2" StartOffset="6271"/>
</LocList>
<BasicStmnt CovItemId="S145" CovItemPrefix="CardSupply.java" Intrnl_Id="584">
<LocList>
<Loc EndOffset="6294" SrcFileId="2" StartOffset="6271"/>
</LocList>
</BasicStmnt>
</StmntSeq>
</Branch>
<Branch CovItemId="B47" CovItemPrefix="CardSupply.java" Implct="false" Intrnl_Id="585">
<Cond>
<Loc EndOffset="6309" SrcFileId="2" StartOffset="6298"/>
</Cond>
<LocList>
<Loc EndOffset="6336" SrcFileId="2" StartOffset="6315"/>
</LocList>
<StmntSeq Intrnl_Id="586">
<LocList>
<Loc EndOffset="6336" SrcFileId="2" StartOffset="6315"/>
</LocList>
<BasicStmnt CovItemId="S146" CovItemPrefix="CardSupply.java" Intrnl_Id="587">
<LocList>
<Loc EndOffset="6336" SrcFileId="2" StartOffset="6315"/>
</LocList>
</BasicStmnt>
</StmntSeq>
</Branch>
<Branch CovItemId="B48" CovItemPrefix="CardSupply.java" Implct="false" Intrnl_Id="588">
<Cond>
<Loc EndOffset="6353" SrcFileId="2" StartOffset="6340"/>
</Cond>
<LocList>
<Loc EndOffset="6382" SrcFileId="2" StartOffset="6359"/>
</LocList>
<StmntSeq Intrnl_Id="589">
<LocList>
<Loc EndOffset="6382" SrcFileId="2" StartOffset="6359"/>
</LocList>
<BasicStmnt CovItemId="S147" CovItemPrefix="CardSupply.java" Intrnl_Id="590">
<LocList>
<Loc EndOffset="6382" SrcFileId="2" StartOffset="6359"/>
</LocList>
</BasicStmnt>
</StmntSeq>
</Branch>
<Branch CovItemId="B49" CovItemPrefix="CardSupply.java" Implct="false" Intrnl_Id="591">
<Cond>
<Loc EndOffset="6398" SrcFileId="2" StartOffset="6386"/>
</Cond>
<LocList>
<Loc EndOffset="6426" SrcFileId="2" StartOffset="6404"/>
</LocList>
<StmntSeq Intrnl_Id="592">
<LocList>
<Loc EndOffset="6426" SrcFileId="2" StartOffset="6404"/>
</LocList>
<BasicStmnt CovItemId="S148" CovItemPrefix="CardSupply.java" Intrnl_Id="593">
<LocList>
<Loc EndOffset="6426" SrcFileId="2" StartOffset="6404"/>
</LocList>
</BasicStmnt>
</StmntSeq>
</Branch>
<Branch CovItemId="B50" CovItemPrefix="CardSupply.java" Implct="false" Intrnl_Id="594">
<Cond>
<Loc EndOffset="6445" SrcFileId="2" StartOffset="6430"/>
</Cond>
<LocList>
<Loc EndOffset="6476" SrcFileId="2" StartOffset="6451"/>
</LocList>
<StmntSeq Intrnl_Id="595">
<LocList>
<Loc EndOffset="6476" SrcFileId="2" StartOffset="6451"/>
</LocList>
<BasicStmnt CovItemId="S149" CovItemPrefix="CardSupply.java" Intrnl_Id="596">
<LocList>
<Loc EndOffset="6476" SrcFileId="2" StartOffset="6451"/>
</LocList>
</BasicStmnt>
</StmntSeq>
</Branch>
<Branch CovItemId="B51" CovItemPrefix="CardSupply.java" Implct="false" Intrnl_Id="597">
<Cond>
<Loc EndOffset="6497" SrcFileId="2" StartOffset="6480"/>
</Cond>
<LocList>
<Loc EndOffset="6530" SrcFileId="2" StartOffset="6503"/>
</LocList>
<StmntSeq Intrnl_Id="598">
<LocList>
<Loc EndOffset="6530" SrcFileId="2" StartOffset="6503"/>
</LocList>
<BasicStmnt CovItemId="S150" CovItemPrefix="CardSupply.java" Intrnl_Id="599">
<LocList>
<Loc EndOffset="6530" SrcFileId="2" StartOffset="6503"/>
</LocList>
</BasicStmnt>
</StmntSeq>
</Branch>
<Branch CovItemId="B52" CovItemPrefix="CardSupply.java" Implct="false" Intrnl_Id="600">
<Cond>
<Loc EndOffset="6551" SrcFileId="2" StartOffset="6534"/>
</Cond>
<LocList>
<Loc EndOffset="6584" SrcFileId="2" StartOffset="6557"/>
</LocList>
<StmntSeq Intrnl_Id="601">
<LocList>
<Loc EndOffset="6584" SrcFileId="2" StartOffset="6557"/>
</LocList>
<BasicStmnt CovItemId="S151" CovItemPrefix="CardSupply.java" Intrnl_Id="602">
<LocList>
<Loc EndOffset="6584" SrcFileId="2" StartOffset="6557"/>
</LocList>
</BasicStmnt>
</StmntSeq>
</Branch>
<Branch CovItemId="B53" CovItemPrefix="CardSupply.java" Implct="false" Intrnl_Id="603">
<Cond>
<Loc EndOffset="6600" SrcFileId="2" StartOffset="6588"/>
</Cond>
<LocList>
<Loc EndOffset="6628" SrcFileId="2" StartOffset="6606"/>
</LocList>
<StmntSeq Intrnl_Id="604">
<LocList>
<Loc EndOffset="6628" SrcFileId="2" StartOffset="6606"/>
</LocList>
<BasicStmnt CovItemId="S152" CovItemPrefix="CardSupply.java" Intrnl_Id="605">
<LocList>
<Loc EndOffset="6628" SrcFileId="2" StartOffset="6606"/>
</LocList>
</BasicStmnt>
</StmntSeq>
</Branch>
<Branch CovItemId="B54" CovItemPrefix="CardSupply.java" Implct="false" Intrnl_Id="606">
<Cond>
<Loc EndOffset="6651" SrcFileId="2" StartOffset="6632"/>
</Cond>
<LocList>
<Loc EndOffset="6685" SrcFileId="2" StartOffset="6657"/>
</LocList>
<StmntSeq Intrnl_Id="607">
<LocList>
<Loc EndOffset="6685" SrcFileId="2" StartOffset="6657"/>
</LocList>
<BasicStmnt CovItemId="S153" CovItemPrefix="CardSupply.java" Intrnl_Id="608">
<LocList>
<Loc EndOffset="6685" SrcFileId="2" StartOffset="6657"/>
</LocList>
</BasicStmnt>
</StmntSeq>
</Branch>
<Branch CovItemId="B55" CovItemPrefix="CardSupply.java" Implct="false" Intrnl_Id="609">
<Cond>
<Loc EndOffset="6704" SrcFileId="2" StartOffset="6689"/>
</Cond>
<LocList>
<Loc EndOffset="6735" SrcFileId="2" StartOffset="6710"/>
</LocList>
<StmntSeq Intrnl_Id="610">
<LocList>
<Loc EndOffset="6735" SrcFileId="2" StartOffset="6710"/>
</LocList>
<BasicStmnt CovItemId="S154" CovItemPrefix="CardSupply.java" Intrnl_Id="611">
<LocList>
<Loc EndOffset="6735" SrcFileId="2" StartOffset="6710"/>
</LocList>
</BasicStmnt>
</StmntSeq>
</Branch>
<Branch CovItemId="B56" CovItemPrefix="CardSupply.java" Implct="false" Intrnl_Id="612">
<Cond>
<Loc EndOffset="6754" SrcFileId="2" StartOffset="6740"/>
</Cond>
<LocList>
<Loc EndOffset="6784" SrcFileId="2" StartOffset="6760"/>
</LocList>
<StmntSeq Intrnl_Id="613">
<LocList>
<Loc EndOffset="6784" SrcFileId="2" StartOffset="6760"/>
</LocList>
<BasicStmnt CovItemId="S155" CovItemPrefix="CardSupply.java" Intrnl_Id="614">
<LocList>
<Loc EndOffset="6784" SrcFileId="2" StartOffset="6760"/>
</LocList>
</BasicStmnt>
</StmntSeq>
</Branch>
<Branch CovItemId="B57" CovItemPrefix="CardSupply.java" Implct="false" Intrnl_Id="615">
<Cond>
<Loc EndOffset="6800" SrcFileId="2" StartOffset="6788"/>
</Cond>
<LocList>
<Loc EndOffset="6828" SrcFileId="2" StartOffset="6806"/>
</LocList>
<StmntSeq Intrnl_Id="616">
<LocList>
<Loc EndOffset="6828" SrcFileId="2" StartOffset="6806"/>
</LocList>
<BasicStmnt CovItemId="S156" CovItemPrefix="CardSupply.java" Intrnl_Id="617">
<LocList>
<Loc EndOffset="6828" SrcFileId="2" StartOffset="6806"/>
</LocList>
</BasicStmnt>
</StmntSeq>
</Branch>
<Branch CovItemId="B58" CovItemPrefix="CardSupply.java" Implct="false" Intrnl_Id="618">
<Cond>
<Loc EndOffset="6846" SrcFileId="2" StartOffset="6832"/>
</Cond>
<LocList>
<Loc EndOffset="6876" SrcFileId="2" StartOffset="6852"/>
</LocList>
<StmntSeq Intrnl_Id="619">
<LocList>
<Loc EndOffset="6876" SrcFileId="2" StartOffset="6852"/>
</LocList>
<BasicStmnt CovItemId="S157" CovItemPrefix="CardSupply.java" Intrnl_Id="620">
<LocList>
<Loc EndOffset="6876" SrcFileId="2" StartOffset="6852"/>
</LocList>
</BasicStmnt>
</StmntSeq>
</Branch>
<Branch CovItemId="B59" CovItemPrefix="CardSupply.java" Implct="false" Intrnl_Id="621">
<Cond>
<Loc EndOffset="6897" SrcFileId="2" StartOffset="6880"/>
</Cond>
<LocList>
<Loc EndOffset="6929" SrcFileId="2" StartOffset="6903"/>
</LocList>
<StmntSeq Intrnl_Id="622">
<LocList>
<Loc EndOffset="6929" SrcFileId="2" StartOffset="6903"/>
</LocList>
<BasicStmnt CovItemId="S158" CovItemPrefix="CardSupply.java" Intrnl_Id="623">
<LocList>
<Loc EndOffset="6929" SrcFileId="2" StartOffset="6903"/>
</LocList>
</BasicStmnt>
</StmntSeq>
</Branch>
<Branch CovItemId="B60" CovItemPrefix="CardSupply.java" Implct="false" Intrnl_Id="624">
<Cond>
<Loc EndOffset="6944" SrcFileId="2" StartOffset="6933"/>
</Cond>
<LocList>
<Loc EndOffset="6971" SrcFileId="2" StartOffset="6950"/>
</LocList>
<StmntSeq Intrnl_Id="625">
<LocList>
<Loc EndOffset="6971" SrcFileId="2" StartOffset="6950"/>
</LocList>
<BasicStmnt CovItemId="S159" CovItemPrefix="CardSupply.java" Intrnl_Id="626">
<LocList>
<Loc EndOffset="6971" SrcFileId="2" StartOffset="6950"/>
</LocList>
</BasicStmnt>
</StmntSeq>
</Branch>
<Branch CovItemId="B61" CovItemPrefix="CardSupply.java" Implct="false" Intrnl_Id="627">
<Cond>
<Loc EndOffset="6988" SrcFileId="2" StartOffset="6975"/>
</Cond>
<LocList>
<Loc EndOffset="7017" SrcFileId="2" StartOffset="6994"/>
</LocList>
<StmntSeq Intrnl_Id="628">
<LocList>
<Loc EndOffset="7017" SrcFileId="2" StartOffset="6994"/>
</LocList>
<BasicStmnt CovItemId="S160" CovItemPrefix="CardSupply.java" Intrnl_Id="629">
<LocList>
<Loc EndOffset="7017" SrcFileId="2" StartOffset="6994"/>
</LocList>
</BasicStmnt>
</StmntSeq>
</Branch>
<Branch CovItemId="B62" CovItemPrefix="CardSupply.java" Implct="false" Intrnl_Id="630">
<Cond>
<Loc EndOffset="7035" SrcFileId="2" StartOffset="7021"/>
</Cond>
<LocList>
<Loc EndOffset="7065" SrcFileId="2" StartOffset="7041"/>
</LocList>
<StmntSeq Intrnl_Id="631">
<LocList>
<Loc EndOffset="7065" SrcFileId="2" StartOffset="7041"/>
</LocList>
<BasicStmnt CovItemId="S161" CovItemPrefix="CardSupply.java" Intrnl_Id="632">
<LocList>
<Loc EndOffset="7065" SrcFileId="2" StartOffset="7041"/>
</LocList>
</BasicStmnt>
</StmntSeq>
</Branch>
<Branch CovItemId="B63" CovItemPrefix="CardSupply.java" Implct="false" Intrnl_Id="633">
<Cond>
<Loc EndOffset="7086" SrcFileId="2" StartOffset="7069"/>
</Cond>
<LocList>
<Loc EndOffset="7119" SrcFileId="2" StartOffset="7092"/>
</LocList>
<StmntSeq Intrnl_Id="634">
<LocList>
<Loc EndOffset="7119" SrcFileId="2" StartOffset="7092"/>
</LocList>
<BasicStmnt CovItemId="S162" CovItemPrefix="CardSupply.java" Intrnl_Id="635">
<LocList>
<Loc EndOffset="7119" SrcFileId="2" StartOffset="7092"/>
</LocList>
</BasicStmnt>
</StmntSeq>
</Branch>
<Branch CovItemId="B64" CovItemPrefix="CardSupply.java" Implct="false" Intrnl_Id="636">
<Cond>
<Loc EndOffset="7135" SrcFileId="2" StartOffset="7123"/>
</Cond>
<LocList>
<Loc EndOffset="7163" SrcFileId="2" StartOffset="7141"/>
</LocList>
<StmntSeq Intrnl_Id="637">
<LocList>
<Loc EndOffset="7163" SrcFileId="2" StartOffset="7141"/>
</LocList>
<BasicStmnt CovItemId="S163" CovItemPrefix="CardSupply.java" Intrnl_Id="638">
<LocList>
<Loc EndOffset="7163" SrcFileId="2" StartOffset="7141"/>
</LocList>
</BasicStmnt>
</StmntSeq>
</Branch>
<Branch CovItemId="B65" CovItemPrefix="CardSupply.java" Implct="true" Intrnl_Id="639">
<Cond/>
<LocList/>
<StmntSeq Intrnl_Id="640">
<LocList/>
</StmntSeq>
</Branch>
<Keyword EndOffset="6193" SrcFileId="2" StartOffset="6187"/>
<LocList>
<Loc EndOffset="7168" SrcFileId="2" StartOffset="6187"/>
</LocList>
</CondStmnt>
<BasicStmnt CovItemId="S164" CovItemPrefix="CardSupply.java" Intrnl_Id="641">
<LocList>
<Loc EndOffset="7185" SrcFileId="2" StartOffset="7176"/>
</LocList>
</BasicStmnt>
</StmntSeq>
</HierarchyLvl>
<HierarchyLvl HierarchyLvlId="1121" HierarchyLvlTypeId="10" Intrnl_Id="642" Name="cardVP">
<Header>
<Loc EndOffset="7229" SrcFileId="2" StartOffset="7197"/>
</Header>
<LocList>
<Loc EndOffset="8438" SrcFileId="2" StartOffset="7197"/>
</LocList>
<StmntSeq Intrnl_Id="643">
<LocList>
<Loc EndOffset="8415" SrcFileId="2" StartOffset="7234"/>
<Loc EndOffset="8432" SrcFileId="2" StartOffset="8423"/>
</LocList>
<CondStmnt CovItemId="S165" CovItemPrefix="CardSupply.java" Intrnl_Id="644">
<Branch CovItemId="B66" CovItemPrefix="CardSupply.java" Implct="false" Intrnl_Id="645">
<Cond>
<Loc EndOffset="7266" SrcFileId="2" StartOffset="7253"/>
</Cond>
<LocList>
<Loc EndOffset="7305" SrcFileId="2" StartOffset="7272"/>
</LocList>
<StmntSeq Intrnl_Id="646">
<LocList>
<Loc EndOffset="7305" SrcFileId="2" StartOffset="7272"/>
</LocList>
<BasicStmnt CovItemId="S166" CovItemPrefix="CardSupply.java" Intrnl_Id="647">
<LocList>
<Loc EndOffset="7305" SrcFileId="2" StartOffset="7272"/>
</LocList>
</BasicStmnt>
</StmntSeq>
</Branch>
<Branch CovItemId="B67" CovItemPrefix="CardSupply.java" Implct="false" Intrnl_Id="648">
<Cond>
<Loc EndOffset="7322" SrcFileId="2" StartOffset="7309"/>
</Cond>
<LocList>
<Loc EndOffset="7361" SrcFileId="2" StartOffset="7328"/>
</LocList>
<StmntSeq Intrnl_Id="649">
<LocList>
<Loc EndOffset="7361" SrcFileId="2" StartOffset="7328"/>
</LocList>
<BasicStmnt CovItemId="S167" CovItemPrefix="CardSupply.java" Intrnl_Id="650">
<LocList>
<Loc EndOffset="7361" SrcFileId="2" StartOffset="7328"/>
</LocList>
</BasicStmnt>
</StmntSeq>
</Branch>
<Branch CovItemId="B68" CovItemPrefix="CardSupply.java" Implct="false" Intrnl_Id="651">
<Cond>
<Loc EndOffset="7376" SrcFileId="2" StartOffset="7365"/>
</Cond>
<LocList>
<Loc EndOffset="7413" SrcFileId="2" StartOffset="7382"/>
</LocList>
<StmntSeq Intrnl_Id="652">
<LocList>
<Loc EndOffset="7413" SrcFileId="2" StartOffset="7382"/>
</LocList>
<BasicStmnt CovItemId="S168" CovItemPrefix="CardSupply.java" Intrnl_Id="653">
<LocList>
<Loc EndOffset="7413" SrcFileId="2" StartOffset="7382"/>
</LocList>
</BasicStmnt>
</StmntSeq>
</Branch>
<Branch CovItemId="B69" CovItemPrefix="CardSupply.java" Implct="false" Intrnl_Id="654">
<Cond>
<Loc EndOffset="7430" SrcFileId="2" StartOffset="7417"/>
</Cond>
<LocList>
<Loc EndOffset="7469" SrcFileId="2" StartOffset="7436"/>
</LocList>
<StmntSeq Intrnl_Id="655">
<LocList>
<Loc EndOffset="7469" SrcFileId="2" StartOffset="7436"/>
</LocList>
<BasicStmnt CovItemId="S169" CovItemPrefix="CardSupply.java" Intrnl_Id="656">
<LocList>
<Loc EndOffset="7469" SrcFileId="2" StartOffset="7436"/>
</LocList>
</BasicStmnt>
</StmntSeq>
</Branch>
<Branch CovItemId="B70" CovItemPrefix="CardSupply.java" Implct="false" Intrnl_Id="657">
<Cond>
<Loc EndOffset="7485" SrcFileId="2" StartOffset="7473"/>
</Cond>
<LocList>
<Loc EndOffset="7523" SrcFileId="2" StartOffset="7491"/>
</LocList>
<StmntSeq Intrnl_Id="658">
<LocList>
<Loc EndOffset="7523" SrcFileId="2" StartOffset="7491"/>
</LocList>
<BasicStmnt CovItemId="S170" CovItemPrefix="CardSupply.java" Intrnl_Id="659">
<LocList>
<Loc EndOffset="7523" SrcFileId="2" StartOffset="7491"/>
</LocList>
</BasicStmnt>
</StmntSeq>
</Branch>
<Branch CovItemId="B71" CovItemPrefix="CardSupply.java" Implct="false" Intrnl_Id="660">
<Cond>
<Loc EndOffset="7542" SrcFileId="2" StartOffset="7527"/>
</Cond>
<LocList>
<Loc EndOffset="7583" SrcFileId="2" StartOffset="7548"/>
</LocList>
<StmntSeq Intrnl_Id="661">
<LocList>
<Loc EndOffset="7583" SrcFileId="2" StartOffset="7548"/>
</LocList>
<BasicStmnt CovItemId="S171" CovItemPrefix="CardSupply.java" Intrnl_Id="662">
<LocList>
<Loc EndOffset="7583" SrcFileId="2" StartOffset="7548"/>
</LocList>
</BasicStmnt>
</StmntSeq>
</Branch>
<Branch CovItemId="B72" CovItemPrefix="CardSupply.java" Implct="false" Intrnl_Id="663">
<Cond>
<Loc EndOffset="7604" SrcFileId="2" StartOffset="7587"/>
</Cond>
<LocList>
<Loc EndOffset="7647" SrcFileId="2" StartOffset="7610"/>
</LocList>
<StmntSeq Intrnl_Id="664">
<LocList>
<Loc EndOffset="7647" SrcFileId="2" StartOffset="7610"/>
</LocList>
<BasicStmnt CovItemId="S172" CovItemPrefix="CardSupply.java" Intrnl_Id="665">
<LocList>
<Loc EndOffset="7647" SrcFileId="2" StartOffset="7610"/>
</LocList>
</BasicStmnt>
</StmntSeq>
</Branch>
<Branch CovItemId="B73" CovItemPrefix="CardSupply.java" Implct="false" Intrnl_Id="666">
<Cond>
<Loc EndOffset="7668" SrcFileId="2" StartOffset="7651"/>
</Cond>
<LocList>
<Loc EndOffset="7711" SrcFileId="2" StartOffset="7674"/>
</LocList>
<StmntSeq Intrnl_Id="667">
<LocList>
<Loc EndOffset="7711" SrcFileId="2" StartOffset="7674"/>
</LocList>
<BasicStmnt CovItemId="S173" CovItemPrefix="CardSupply.java" Intrnl_Id="668">
<LocList>
<Loc EndOffset="7711" SrcFileId="2" StartOffset="7674"/>
</LocList>
</BasicStmnt>
</StmntSeq>
</Branch>
<Branch CovItemId="B74" CovItemPrefix="CardSupply.java" Implct="false" Intrnl_Id="669">
<Cond>
<Loc EndOffset="7727" SrcFileId="2" StartOffset="7715"/>
</Cond>
<LocList>
<Loc EndOffset="7765" SrcFileId="2" StartOffset="7733"/>
</LocList>
<StmntSeq Intrnl_Id="670">
<LocList>
<Loc EndOffset="7765" SrcFileId="2" StartOffset="7733"/>
</LocList>
<BasicStmnt CovItemId="S174" CovItemPrefix="CardSupply.java" Intrnl_Id="671">
<LocList>
<Loc EndOffset="7765" SrcFileId="2" StartOffset="7733"/>
</LocList>
</BasicStmnt>
</StmntSeq>
</Branch>
<Branch CovItemId="B75" CovItemPrefix="CardSupply.java" Implct="false" Intrnl_Id="672">
<Cond>
<Loc EndOffset="7788" SrcFileId="2" StartOffset="7769"/>
</Cond>
<LocList>
<Loc EndOffset="7832" SrcFileId="2" StartOffset="7794"/>
</LocList>
<StmntSeq Intrnl_Id="673">
<LocList>
<Loc EndOffset="7832" SrcFileId="2" StartOffset="7794"/>
</LocList>
<BasicStmnt CovItemId="S175" CovItemPrefix="CardSupply.java" Intrnl_Id="674">
<LocList>
<Loc EndOffset="7832" SrcFileId="2" StartOffset="7794"/>
</LocList>
</BasicStmnt>
</StmntSeq>
</Branch>
<Branch CovItemId="B76" CovItemPrefix="CardSupply.java" Implct="false" Intrnl_Id="675">
<Cond>
<Loc EndOffset="7851" SrcFileId="2" StartOffset="7836"/>
</Cond>
<LocList>
<Loc EndOffset="7892" SrcFileId="2" StartOffset="7857"/>
</LocList>
<StmntSeq Intrnl_Id="676">
<LocList>
<Loc EndOffset="7892" SrcFileId="2" StartOffset="7857"/>
</LocList>
<BasicStmnt CovItemId="S176" CovItemPrefix="CardSupply.java" Intrnl_Id="677">
<LocList>
<Loc EndOffset="7892" SrcFileId="2" StartOffset="7857"/>
</LocList>
</BasicStmnt>
</StmntSeq>
</Branch>
<Branch CovItemId="B77" CovItemPrefix="CardSupply.java" Implct="false" Intrnl_Id="678">
<Cond>
<Loc EndOffset="7911" SrcFileId="2" StartOffset="7897"/>
</Cond>
<LocList>
<Loc EndOffset="7951" SrcFileId="2" StartOffset="7917"/>
</LocList>
<StmntSeq Intrnl_Id="679">
<LocList>
<Loc EndOffset="7951" SrcFileId="2" StartOffset="7917"/>
</LocList>
<BasicStmnt CovItemId="S177" CovItemPrefix="CardSupply.java" Intrnl_Id="680">
<LocList>
<Loc EndOffset="7951" SrcFileId="2" StartOffset="7917"/>
</LocList>
</BasicStmnt>
</StmntSeq>
</Branch>
<Branch CovItemId="B78" CovItemPrefix="CardSupply.java" Implct="false" Intrnl_Id="681">
<Cond>
<Loc EndOffset="7967" SrcFileId="2" StartOffset="7955"/>
</Cond>
<LocList>
<Loc EndOffset="8005" SrcFileId="2" StartOffset="7973"/>
</LocList>
<StmntSeq Intrnl_Id="682">
<LocList>
<Loc EndOffset="8005" SrcFileId="2" StartOffset="7973"/>
</LocList>
<BasicStmnt CovItemId="S178" CovItemPrefix="CardSupply.java" Intrnl_Id="683">
<LocList>
<Loc EndOffset="8005" SrcFileId="2" StartOffset="7973"/>
</LocList>
</BasicStmnt>
</StmntSeq>
</Branch>
<Branch CovItemId="B79" CovItemPrefix="CardSupply.java" Implct="false" Intrnl_Id="684">
<Cond>
<Loc EndOffset="8023" SrcFileId="2" StartOffset="8009"/>
</Cond>
<LocList>
<Loc EndOffset="8063" SrcFileId="2" StartOffset="8029"/>
</LocList>
<StmntSeq Intrnl_Id="685">
<LocList>
<Loc EndOffset="8063" SrcFileId="2" StartOffset="8029"/>
</LocList>
<BasicStmnt CovItemId="S179" CovItemPrefix="CardSupply.java" Intrnl_Id="686">
<LocList>
<Loc EndOffset="8063" SrcFileId="2" StartOffset="8029"/>
</LocList>
</BasicStmnt>
</StmntSeq>
</Branch>
<Branch CovItemId="B80" CovItemPrefix="CardSupply.java" Implct="false" Intrnl_Id="687">
<Cond>
<Loc EndOffset="8084" SrcFileId="2" StartOffset="8067"/>
</Cond>
<LocList>
<Loc EndOffset="8126" SrcFileId="2" StartOffset="8090"/>
</LocList>
<StmntSeq Intrnl_Id="688">
<LocList>
<Loc EndOffset="8126" SrcFileId="2" StartOffset="8090"/>
</LocList>
<BasicStmnt CovItemId="S180" CovItemPrefix="CardSupply.java" Intrnl_Id="689">
<LocList>
<Loc EndOffset="8126" SrcFileId="2" StartOffset="8090"/>
</LocList>
</BasicStmnt>
</StmntSeq>
</Branch>
<Branch CovItemId="B81" CovItemPrefix="CardSupply.java" Implct="false" Intrnl_Id="690">
<Cond>
<Loc EndOffset="8141" SrcFileId="2" StartOffset="8130"/>
</Cond>
<LocList>
<Loc EndOffset="8178" SrcFileId="2" StartOffset="8147"/>
</LocList>
<StmntSeq Intrnl_Id="691">
<LocList>
<Loc EndOffset="8178" SrcFileId="2" StartOffset="8147"/>
</LocList>
<BasicStmnt CovItemId="S181" CovItemPrefix="CardSupply.java" Intrnl_Id="692">
<LocList>
<Loc EndOffset="8178" SrcFileId="2" StartOffset="8147"/>
</LocList>
</BasicStmnt>
</StmntSeq>
</Branch>
<Branch CovItemId="B82" CovItemPrefix="CardSupply.java" Implct="false" Intrnl_Id="693">
<Cond>
<Loc EndOffset="8195" SrcFileId="2" StartOffset="8182"/>
</Cond>
<LocList>
<Loc EndOffset="8234" SrcFileId="2" StartOffset="8201"/>
</LocList>
<StmntSeq Intrnl_Id="694">
<LocList>
<Loc EndOffset="8234" SrcFileId="2" StartOffset="8201"/>
</LocList>
<BasicStmnt CovItemId="S182" CovItemPrefix="CardSupply.java" Intrnl_Id="695">
<LocList>
<Loc EndOffset="8234" SrcFileId="2" StartOffset="8201"/>
</LocList>
</BasicStmnt>
</StmntSeq>
</Branch>
<Branch CovItemId="B83" CovItemPrefix="CardSupply.java" Implct="false" Intrnl_Id="696">
<Cond>
<Loc EndOffset="8252" SrcFileId="2" StartOffset="8238"/>
</Cond>
<LocList>
<Loc EndOffset="8292" SrcFileId="2" StartOffset="8258"/>
</LocList>
<StmntSeq Intrnl_Id="697">
<LocList>
<Loc EndOffset="8292" SrcFileId="2" StartOffset="8258"/>
</LocList>
<BasicStmnt CovItemId="S183" CovItemPrefix="CardSupply.java" Intrnl_Id="698">
<LocList>
<Loc EndOffset="8292" SrcFileId="2" StartOffset="8258"/>
</LocList>
</BasicStmnt>
</StmntSeq>
</Branch>
<Branch CovItemId="B84" CovItemPrefix="CardSupply.java" Implct="false" Intrnl_Id="699">
<Cond>
<Loc EndOffset="8313" SrcFileId="2" StartOffset="8296"/>
</Cond>
<LocList>
<Loc EndOffset="8356" SrcFileId="2" StartOffset="8319"/>
</LocList>
<StmntSeq Intrnl_Id="700">
<LocList>
<Loc EndOffset="8356" SrcFileId="2" StartOffset="8319"/>
</LocList>
<BasicStmnt CovItemId="S184" CovItemPrefix="CardSupply.java" Intrnl_Id="701">
<LocList>
<Loc EndOffset="8356" SrcFileId="2" StartOffset="8319"/>
</LocList>
</BasicStmnt>
</StmntSeq>
</Branch>
<Branch CovItemId="B85" CovItemPrefix="CardSupply.java" Implct="false" Intrnl_Id="702">
<Cond>
<Loc EndOffset="8372" SrcFileId="2" StartOffset="8360"/>
</Cond>
<LocList>
<Loc EndOffset="8410" SrcFileId="2" StartOffset="8378"/>
</LocList>
<StmntSeq Intrnl_Id="703">
<LocList>
<Loc EndOffset="8410" SrcFileId="2" StartOffset="8378"/>
</LocList>
<BasicStmnt CovItemId="S185" CovItemPrefix="CardSupply.java" Intrnl_Id="704">
<LocList>
<Loc EndOffset="8410" SrcFileId="2" StartOffset="8378"/>
</LocList>
</BasicStmnt>
</StmntSeq>
</Branch>
<Branch CovItemId="B86" CovItemPrefix="CardSupply.java" Implct="true" Intrnl_Id="705">
<Cond/>
<LocList/>
<StmntSeq Intrnl_Id="706">
<LocList/>
</StmntSeq>
</Branch>
<Keyword EndOffset="7240" SrcFileId="2" StartOffset="7234"/>
<LocList>
<Loc EndOffset="8415" SrcFileId="2" StartOffset="7234"/>
</LocList>
</CondStmnt>
<BasicStmnt CovItemId="S186" CovItemPrefix="CardSupply.java" Intrnl_Id="707">
<LocList>
<Loc EndOffset="8432" SrcFileId="2" StartOffset="8423"/>
</LocList>
</BasicStmnt>
</StmntSeq>
</HierarchyLvl>
<HierarchyLvl HierarchyLvlId="1122" HierarchyLvlTypeId="10" Intrnl_Id="708" Name="toString">
<Header>
<Loc EndOffset="8470" SrcFileId="2" StartOffset="8446"/>
</Header>
<LocList>
<Loc EndOffset="8694" SrcFileId="2" StartOffset="8446"/>
</LocList>
<StmntSeq Intrnl_Id="709">
<LocList>
<Loc EndOffset="8498" SrcFileId="2" StartOffset="8475"/>
<Loc EndOffset="8541" SrcFileId="2" StartOffset="8502"/>
<Loc EndOffset="8661" SrcFileId="2" StartOffset="8549"/>
<Loc EndOffset="8689" SrcFileId="2" StartOffset="8669"/>
</LocList>
<BasicStmnt CovItemId="S187" CovItemPrefix="CardSupply.java" Intrnl_Id="710">
<LocList>
<Loc EndOffset="8498" SrcFileId="2" StartOffset="8475"/>
</LocList>
</BasicStmnt>
<BasicStmnt CovItemId="S188" CovItemPrefix="CardSupply.java" Intrnl_Id="711">
<LocList>
<Loc EndOffset="8541" SrcFileId="2" StartOffset="8502"/>
</LocList>
</BasicStmnt>
<LoopStmnt CovItemId="S189" CovItemPrefix="CardSupply.java" Intrnl_Id="712" MltplExecId="L4-2" MltplExecPrefix="CardSupply.java" NvrExecId="L4-0" NvrExecPrefix="CardSupply.java" OnceExecutedId="L4-1" OnceExecutedPrefix="CardSupply.java" OptBodyExec="true">
<StmntSeq Intrnl_Id="713">
<LocList>
<Loc EndOffset="8656" SrcFileId="2" StartOffset="8585"/>
</LocList>
<BasicStmnt CovItemId="S190" CovItemPrefix="CardSupply.java" Intrnl_Id="714">
<LocList>
<Loc EndOffset="8656" SrcFileId="2" StartOffset="8585"/>
</LocList>
</BasicStmnt>
</StmntSeq>
<Keyword EndOffset="8552" SrcFileId="2" StartOffset="8549"/>
<LocList>
<Loc EndOffset="8661" SrcFileId="2" StartOffset="8549"/>
</LocList>
</LoopStmnt>
<BasicStmnt CovItemId="S191" CovItemPrefix="CardSupply.java" Intrnl_Id="715">
<LocList>
<Loc EndOffset="8689" SrcFileId="2" StartOffset="8669"/>
</LocList>
</BasicStmnt>
</StmntSeq>
</HierarchyLvl>
<HierarchyLvl HierarchyLvlId="1123" HierarchyLvlTypeId="10" Intrnl_Id="716" Name="addCard">
<Header>
<Loc EndOffset="8740" SrcFileId="2" StartOffset="8699"/>
</Header>
<LocList>
<Loc EndOffset="9916" SrcFileId="2" StartOffset="8699"/>
</LocList>
<StmntSeq Intrnl_Id="717">
<LocList>
<Loc EndOffset="8763" SrcFileId="2" StartOffset="8746"/>
<Loc EndOffset="9912" SrcFileId="2" StartOffset="8767"/>
</LocList>
<CondStmnt CovItemId="S192" CovItemPrefix="CardSupply.java" Intrnl_Id="718">
<Branch CovItemId="B87" CovItemPrefix="CardSupply.java" Implct="false" Intrnl_Id="719">
<Cond/>
<LocList>
<Loc EndOffset="8763" SrcFileId="2" StartOffset="8756"/>
</LocList>
<StmntSeq Intrnl_Id="720">
<LocList>
<Loc EndOffset="8763" SrcFileId="2" StartOffset="8756"/>
</LocList>
<BasicStmnt CovItemId="S193" CovItemPrefix="CardSupply.java" Intrnl_Id="721">
<LocList>
<Loc EndOffset="8763" SrcFileId="2" StartOffset="8756"/>
</LocList>
</BasicStmnt>
</StmntSeq>
</Branch>
<Branch CovItemId="B88" CovItemPrefix="CardSupply.java" Implct="true" Intrnl_Id="722">
<Cond/>
<LocList/>
<StmntSeq Intrnl_Id="723">
<LocList/>
</StmntSeq>
</Branch>
<Keyword EndOffset="8748" SrcFileId="2" StartOffset="8746"/>
<LocList>
<Loc EndOffset="8763" SrcFileId="2" StartOffset="8746"/>
</LocList>
<RootTerm CovItemId="C4" CovItemPrefix="CardSupply.java" Intrnl_Id="724">
<BasicBoolTerm Intrnl_Id="725">
<LocList>
<Loc EndOffset="8754" SrcFileId="2" StartOffset="8750"/>
</LocList>
</BasicBoolTerm>
</RootTerm>
</CondStmnt>
<CondStmnt CovItemId="S194" CovItemPrefix="CardSupply.java" Intrnl_Id="726">
<Branch CovItemId="B89" CovItemPrefix="CardSupply.java" Implct="false" Intrnl_Id="727">
<Cond>
<Loc EndOffset="8799" SrcFileId="2" StartOffset="8786"/>
</Cond>
<LocList>
<Loc EndOffset="8836" SrcFileId="2" StartOffset="8805"/>
</LocList>
<StmntSeq Intrnl_Id="728">
<LocList>
<Loc EndOffset="8824" SrcFileId="2" StartOffset="8805"/>
<Loc EndOffset="8836" SrcFileId="2" StartOffset="8829"/>
</LocList>
<BasicStmnt CovItemId="S195" CovItemPrefix="CardSupply.java" Intrnl_Id="729">
<LocList>
<Loc EndOffset="8824" SrcFileId="2" StartOffset="8805"/>
</LocList>
</BasicStmnt>
<BasicStmnt CovItemId="S196" CovItemPrefix="CardSupply.java" Intrnl_Id="730">
<LocList>
<Loc EndOffset="8836" SrcFileId="2" StartOffset="8829"/>
</LocList>
</BasicStmnt>
</StmntSeq>
</Branch>
<Branch CovItemId="B90" CovItemPrefix="CardSupply.java" Implct="false" Intrnl_Id="731">
<Cond>
<Loc EndOffset="8853" SrcFileId="2" StartOffset="8840"/>
</Cond>
<LocList>
<Loc EndOffset="8890" SrcFileId="2" StartOffset="8859"/>
</LocList>
<StmntSeq Intrnl_Id="732">
<LocList>
<Loc EndOffset="8878" SrcFileId="2" StartOffset="8859"/>
<Loc EndOffset="8890" SrcFileId="2" StartOffset="8883"/>
</LocList>
<BasicStmnt CovItemId="S197" CovItemPrefix="CardSupply.java" Intrnl_Id="733">
<LocList>
<Loc EndOffset="8878" SrcFileId="2" StartOffset="8859"/>
</LocList>
</BasicStmnt>
<BasicStmnt CovItemId="S198" CovItemPrefix="CardSupply.java" Intrnl_Id="734">
<LocList>
<Loc EndOffset="8890" SrcFileId="2" StartOffset="8883"/>
</LocList>
</BasicStmnt>
</StmntSeq>
</Branch>
<Branch CovItemId="B91" CovItemPrefix="CardSupply.java" Implct="false" Intrnl_Id="735">
<Cond>
<Loc EndOffset="8905" SrcFileId="2" StartOffset="8894"/>
</Cond>
<LocList>
<Loc EndOffset="8940" SrcFileId="2" StartOffset="8911"/>
</LocList>
<StmntSeq Intrnl_Id="736">
<LocList>
<Loc EndOffset="8928" SrcFileId="2" StartOffset="8911"/>
<Loc EndOffset="8940" SrcFileId="2" StartOffset="8933"/>
</LocList>
<BasicStmnt CovItemId="S199" CovItemPrefix="CardSupply.java" Intrnl_Id="737">
<LocList>
<Loc EndOffset="8928" SrcFileId="2" StartOffset="8911"/>
</LocList>
</BasicStmnt>
<BasicStmnt CovItemId="S200" CovItemPrefix="CardSupply.java" Intrnl_Id="738">
<LocList>
<Loc EndOffset="8940" SrcFileId="2" StartOffset="8933"/>
</LocList>
</BasicStmnt>
</StmntSeq>
</Branch>
<Branch CovItemId="B92" CovItemPrefix="CardSupply.java" Implct="false" Intrnl_Id="739">
<Cond>
<Loc EndOffset="8957" SrcFileId="2" StartOffset="8944"/>
</Cond>
<LocList>
<Loc EndOffset="8994" SrcFileId="2" StartOffset="8963"/>
</LocList>
<StmntSeq Intrnl_Id="740">
<LocList>
<Loc EndOffset="8982" SrcFileId="2" StartOffset="8963"/>
<Loc EndOffset="8994" SrcFileId="2" StartOffset="8987"/>
</LocList>
<BasicStmnt CovItemId="S201" CovItemPrefix="CardSupply.java" Intrnl_Id="741">
<LocList>
<Loc EndOffset="8982" SrcFileId="2" StartOffset="8963"/>
</LocList>
</BasicStmnt>
<BasicStmnt CovItemId="S202" CovItemPrefix="CardSupply.java" Intrnl_Id="742">
<LocList>
<Loc EndOffset="8994" SrcFileId="2" StartOffset="8987"/>
</LocList>
</BasicStmnt>
</StmntSeq>
</Branch>
<Branch CovItemId="B93" CovItemPrefix="CardSupply.java" Implct="false" Intrnl_Id="743">
<Cond>
<Loc EndOffset="9010" SrcFileId="2" StartOffset="8998"/>
</Cond>
<LocList>
<Loc EndOffset="9046" SrcFileId="2" StartOffset="9016"/>
</LocList>
<StmntSeq Intrnl_Id="744">
<LocList>
<Loc EndOffset="9034" SrcFileId="2" StartOffset="9016"/>
<Loc EndOffset="9046" SrcFileId="2" StartOffset="9039"/>
</LocList>
<BasicStmnt CovItemId="S203" CovItemPrefix="CardSupply.java" Intrnl_Id="745">
<LocList>
<Loc EndOffset="9034" SrcFileId="2" StartOffset="9016"/>
</LocList>
</BasicStmnt>
<BasicStmnt CovItemId="S204" CovItemPrefix="CardSupply.java" Intrnl_Id="746">
<LocList>
<Loc EndOffset="9046" SrcFileId="2" StartOffset="9039"/>
</LocList>
</BasicStmnt>
</StmntSeq>
</Branch>
<Branch CovItemId="B94" CovItemPrefix="CardSupply.java" Implct="false" Intrnl_Id="747">
<Cond>
<Loc EndOffset="9065" SrcFileId="2" StartOffset="9050"/>
</Cond>
<LocList>
<Loc EndOffset="9104" SrcFileId="2" StartOffset="9071"/>
</LocList>
<StmntSeq Intrnl_Id="748">
<LocList>
<Loc EndOffset="9092" SrcFileId="2" StartOffset="9071"/>
<Loc EndOffset="9104" SrcFileId="2" StartOffset="9097"/>
</LocList>
<BasicStmnt CovItemId="S205" CovItemPrefix="CardSupply.java" Intrnl_Id="749">
<LocList>
<Loc EndOffset="9092" SrcFileId="2" StartOffset="9071"/>
</LocList>
</BasicStmnt>
<BasicStmnt CovItemId="S206" CovItemPrefix="CardSupply.java" Intrnl_Id="750">
<LocList>
<Loc EndOffset="9104" SrcFileId="2" StartOffset="9097"/>
</LocList>
</BasicStmnt>
</StmntSeq>
</Branch>
<Branch CovItemId="B95" CovItemPrefix="CardSupply.java" Implct="false" Intrnl_Id="751">
<Cond>
<Loc EndOffset="9125" SrcFileId="2" StartOffset="9108"/>
</Cond>
<LocList>
<Loc EndOffset="9166" SrcFileId="2" StartOffset="9131"/>
</LocList>
<StmntSeq Intrnl_Id="752">
<LocList>
<Loc EndOffset="9154" SrcFileId="2" StartOffset="9131"/>
<Loc EndOffset="9166" SrcFileId="2" StartOffset="9159"/>
</LocList>
<BasicStmnt CovItemId="S207" CovItemPrefix="CardSupply.java" Intrnl_Id="753">
<LocList>
<Loc EndOffset="9154" SrcFileId="2" StartOffset="9131"/>
</LocList>
</BasicStmnt>
<BasicStmnt CovItemId="S208" CovItemPrefix="CardSupply.java" Intrnl_Id="754">
<LocList>
<Loc EndOffset="9166" SrcFileId="2" StartOffset="9159"/>
</LocList>
</BasicStmnt>
</StmntSeq>
</Branch>
<Branch CovItemId="B96" CovItemPrefix="CardSupply.java" Implct="false" Intrnl_Id="755">
<Cond>
<Loc EndOffset="9187" SrcFileId="2" StartOffset="9170"/>
</Cond>
<LocList>
<Loc EndOffset="9228" SrcFileId="2" StartOffset="9193"/>
</LocList>
<StmntSeq Intrnl_Id="756">
<LocList>
<Loc EndOffset="9216" SrcFileId="2" StartOffset="9193"/>
<Loc EndOffset="9228" SrcFileId="2" StartOffset="9221"/>
</LocList>
<BasicStmnt CovItemId="S209" CovItemPrefix="CardSupply.java" Intrnl_Id="757">
<LocList>
<Loc EndOffset="9216" SrcFileId="2" StartOffset="9193"/>
</LocList>
</BasicStmnt>
<BasicStmnt CovItemId="S210" CovItemPrefix="CardSupply.java" Intrnl_Id="758">
<LocList>
<Loc EndOffset="9228" SrcFileId="2" StartOffset="9221"/>
</LocList>
</BasicStmnt>
</StmntSeq>
</Branch>
<Branch CovItemId="B97" CovItemPrefix="CardSupply.java" Implct="false" Intrnl_Id="759">
<Cond>
<Loc EndOffset="9244" SrcFileId="2" StartOffset="9232"/>
</Cond>
<LocList>
<Loc EndOffset="9280" SrcFileId="2" StartOffset="9250"/>
</LocList>
<StmntSeq Intrnl_Id="760">
<LocList>
<Loc EndOffset="9268" SrcFileId="2" StartOffset="9250"/>
<Loc EndOffset="9280" SrcFileId="2" StartOffset="9273"/>
</LocList>
<BasicStmnt CovItemId="S211" CovItemPrefix="CardSupply.java" Intrnl_Id="761">
<LocList>
<Loc EndOffset="9268" SrcFileId="2" StartOffset="9250"/>
</LocList>
</BasicStmnt>
<BasicStmnt CovItemId="S212" CovItemPrefix="CardSupply.java" Intrnl_Id="762">
<LocList>
<Loc EndOffset="9280" SrcFileId="2" StartOffset="9273"/>
</LocList>
</BasicStmnt>
</StmntSeq>
</Branch>
<Branch CovItemId="B98" CovItemPrefix="CardSupply.java" Implct="false" Intrnl_Id="763">
<Cond>
<Loc EndOffset="9303" SrcFileId="2" StartOffset="9284"/>
</Cond>
<LocList>
<Loc EndOffset="9345" SrcFileId="2" StartOffset="9309"/>
</LocList>
<StmntSeq Intrnl_Id="764">
<LocList>
<Loc EndOffset="9333" SrcFileId="2" StartOffset="9309"/>
<Loc EndOffset="9345" SrcFileId="2" StartOffset="9338"/>
</LocList>
<BasicStmnt CovItemId="S213" CovItemPrefix="CardSupply.java" Intrnl_Id="765">
<LocList>
<Loc EndOffset="9333" SrcFileId="2" StartOffset="9309"/>
</LocList>
</BasicStmnt>
<BasicStmnt CovItemId="S214" CovItemPrefix="CardSupply.java" Intrnl_Id="766">
<LocList>
<Loc EndOffset="9345" SrcFileId="2" StartOffset="9338"/>
</LocList>
</BasicStmnt>
</StmntSeq>
</Branch>
<Branch CovItemId="B99" CovItemPrefix="CardSupply.java" Implct="false" Intrnl_Id="767">
<Cond>
<Loc EndOffset="9364" SrcFileId="2" StartOffset="9349"/>
</Cond>
<LocList>
<Loc EndOffset="9403" SrcFileId="2" StartOffset="9370"/>
</LocList>
<StmntSeq Intrnl_Id="768">
<LocList>
<Loc EndOffset="9391" SrcFileId="2" StartOffset="9370"/>
<Loc EndOffset="9403" SrcFileId="2" StartOffset="9396"/>
</LocList>
<BasicStmnt CovItemId="S215" CovItemPrefix="CardSupply.java" Intrnl_Id="769">
<LocList>
<Loc EndOffset="9391" SrcFileId="2" StartOffset="9370"/>
</LocList>
</BasicStmnt>
<BasicStmnt CovItemId="S216" CovItemPrefix="CardSupply.java" Intrnl_Id="770">
<LocList>
<Loc EndOffset="9403" SrcFileId="2" StartOffset="9396"/>
</LocList>
</BasicStmnt>
</StmntSeq>
</Branch>
<Branch CovItemId="B100" CovItemPrefix="CardSupply.java" Implct="false" Intrnl_Id="771">
<Cond>
<Loc EndOffset="9422" SrcFileId="2" StartOffset="9408"/>
</Cond>
<LocList>
<Loc EndOffset="9460" SrcFileId="2" StartOffset="9428"/>
</LocList>
<StmntSeq Intrnl_Id="772">
<LocList>
<Loc EndOffset="9448" SrcFileId="2" StartOffset="9428"/>
<Loc EndOffset="9460" SrcFileId="2" StartOffset="9453"/>
</LocList>
<BasicStmnt CovItemId="S217" CovItemPrefix="CardSupply.java" Intrnl_Id="773">
<LocList>
<Loc EndOffset="9448" SrcFileId="2" StartOffset="9428"/>
</LocList>
</BasicStmnt>
<BasicStmnt CovItemId="S218" CovItemPrefix="CardSupply.java" Intrnl_Id="774">
<LocList>
<Loc EndOffset="9460" SrcFileId="2" StartOffset="9453"/>
</LocList>
</BasicStmnt>
</StmntSeq>
</Branch>
<Branch CovItemId="B101" CovItemPrefix="CardSupply.java" Implct="false" Intrnl_Id="775">
<Cond>
<Loc EndOffset="9476" SrcFileId="2" StartOffset="9464"/>
</Cond>
<LocList>
<Loc EndOffset="9512" SrcFileId="2" StartOffset="9482"/>
</LocList>
<StmntSeq Intrnl_Id="776">
<LocList>
<Loc EndOffset="9500" SrcFileId="2" StartOffset="9482"/>
<Loc EndOffset="9512" SrcFileId="2" StartOffset="9505"/>
</LocList>
<BasicStmnt CovItemId="S219" CovItemPrefix="CardSupply.java" Intrnl_Id="777">
<LocList>
<Loc EndOffset="9500" SrcFileId="2" StartOffset="9482"/>
</LocList>
</BasicStmnt>
<BasicStmnt CovItemId="S220" CovItemPrefix="CardSupply.java" Intrnl_Id="778">
<LocList>
<Loc EndOffset="9512" SrcFileId="2" StartOffset="9505"/>
</LocList>
</BasicStmnt>
</StmntSeq>
</Branch>
<Branch CovItemId="B102" CovItemPrefix="CardSupply.java" Implct="false" Intrnl_Id="779">
<Cond>
<Loc EndOffset="9530" SrcFileId="2" StartOffset="9516"/>
</Cond>
<LocList>
<Loc EndOffset="9568" SrcFileId="2" StartOffset="9536"/>
</LocList>
<StmntSeq Intrnl_Id="780">
<LocList>
<Loc EndOffset="9556" SrcFileId="2" StartOffset="9536"/>
<Loc EndOffset="9568" SrcFileId="2" StartOffset="9561"/>
</LocList>
<BasicStmnt CovItemId="S221" CovItemPrefix="CardSupply.java" Intrnl_Id="781">
<LocList>
<Loc EndOffset="9556" SrcFileId="2" StartOffset="9536"/>
</LocList>
</BasicStmnt>
<BasicStmnt CovItemId="S222" CovItemPrefix="CardSupply.java" Intrnl_Id="782">
<LocList>
<Loc EndOffset="9568" SrcFileId="2" StartOffset="9561"/>
</LocList>
</BasicStmnt>
</StmntSeq>
</Branch>
<Branch CovItemId="B103" CovItemPrefix="CardSupply.java" Implct="false" Intrnl_Id="783">
<Cond>
<Loc EndOffset="9589" SrcFileId="2" StartOffset="9572"/>
</Cond>
<LocList>
<Loc EndOffset="9629" SrcFileId="2" StartOffset="9595"/>
</LocList>
<StmntSeq Intrnl_Id="784">
<LocList>
<Loc EndOffset="9617" SrcFileId="2" StartOffset="9595"/>
<Loc EndOffset="9629" SrcFileId="2" StartOffset="9622"/>
</LocList>
<BasicStmnt CovItemId="S223" CovItemPrefix="CardSupply.java" Intrnl_Id="785">
<LocList>
<Loc EndOffset="9617" SrcFileId="2" StartOffset="9595"/>
</LocList>
</BasicStmnt>
<BasicStmnt CovItemId="S224" CovItemPrefix="CardSupply.java" Intrnl_Id="786">
<LocList>
<Loc EndOffset="9629" SrcFileId="2" StartOffset="9622"/>
</LocList>
</BasicStmnt>
</StmntSeq>
</Branch>
<Branch CovItemId="B104" CovItemPrefix="CardSupply.java" Implct="false" Intrnl_Id="787">
<Cond>
<Loc EndOffset="9644" SrcFileId="2" StartOffset="9633"/>
</Cond>
<LocList>
<Loc EndOffset="9679" SrcFileId="2" StartOffset="9650"/>
</LocList>
<StmntSeq Intrnl_Id="788">
<LocList>
<Loc EndOffset="9667" SrcFileId="2" StartOffset="9650"/>
<Loc EndOffset="9679" SrcFileId="2" StartOffset="9672"/>
</LocList>
<BasicStmnt CovItemId="S225" CovItemPrefix="CardSupply.java" Intrnl_Id="789">
<LocList>
<Loc EndOffset="9667" SrcFileId="2" StartOffset="9650"/>
</LocList>
</BasicStmnt>
<BasicStmnt CovItemId="S226" CovItemPrefix="CardSupply.java" Intrnl_Id="790">
<LocList>
<Loc EndOffset="9679" SrcFileId="2" StartOffset="9672"/>
</LocList>
</BasicStmnt>
</StmntSeq>
</Branch>
<Branch CovItemId="B105" CovItemPrefix="CardSupply.java" Implct="false" Intrnl_Id="791">
<Cond>
<Loc EndOffset="9696" SrcFileId="2" StartOffset="9683"/>
</Cond>
<LocList>
<Loc EndOffset="9733" SrcFileId="2" StartOffset="9702"/>
</LocList>
<StmntSeq Intrnl_Id="792">
<LocList>
<Loc EndOffset="9721" SrcFileId="2" StartOffset="9702"/>
<Loc EndOffset="9733" SrcFileId="2" StartOffset="9726"/>
</LocList>
<BasicStmnt CovItemId="S227" CovItemPrefix="CardSupply.java" Intrnl_Id="793">
<LocList>
<Loc EndOffset="9721" SrcFileId="2" StartOffset="9702"/>
</LocList>
</BasicStmnt>
<BasicStmnt CovItemId="S228" CovItemPrefix="CardSupply.java" Intrnl_Id="794">
<LocList>
<Loc EndOffset="9733" SrcFileId="2" StartOffset="9726"/>
</LocList>
</BasicStmnt>
</StmntSeq>
</Branch>
<Branch CovItemId="B106" CovItemPrefix="CardSupply.java" Implct="false" Intrnl_Id="795">
<Cond>
<Loc EndOffset="9751" SrcFileId="2" StartOffset="9737"/>
</Cond>
<LocList>
<Loc EndOffset="9789" SrcFileId="2" StartOffset="9757"/>
</LocList>
<StmntSeq Intrnl_Id="796">
<LocList>
<Loc EndOffset="9777" SrcFileId="2" StartOffset="9757"/>
<Loc EndOffset="9789" SrcFileId="2" StartOffset="9782"/>
</LocList>
<BasicStmnt CovItemId="S229" CovItemPrefix="CardSupply.java" Intrnl_Id="797">
<LocList>
<Loc EndOffset="9777" SrcFileId="2" StartOffset="9757"/>
</LocList>
</BasicStmnt>
<BasicStmnt CovItemId="S230" CovItemPrefix="CardSupply.java" Intrnl_Id="798">
<LocList>
<Loc EndOffset="9789" SrcFileId="2" StartOffset="9782"/>
</LocList>
</BasicStmnt>
</StmntSeq>
</Branch>
<Branch CovItemId="B107" CovItemPrefix="CardSupply.java" Implct="false" Intrnl_Id="799">
<Cond>
<Loc EndOffset="9810" SrcFileId="2" StartOffset="9793"/>
</Cond>
<LocList>
<Loc EndOffset="9851" SrcFileId="2" StartOffset="9816"/>
</LocList>
<StmntSeq Intrnl_Id="800">
<LocList>
<Loc EndOffset="9839" SrcFileId="2" StartOffset="9816"/>
<Loc EndOffset="9851" SrcFileId="2" StartOffset="9844"/>
</LocList>
<BasicStmnt CovItemId="S231" CovItemPrefix="CardSupply.java" Intrnl_Id="801">
<LocList>
<Loc EndOffset="9839" SrcFileId="2" StartOffset="9816"/>
</LocList>
</BasicStmnt>
<BasicStmnt CovItemId="S232" CovItemPrefix="CardSupply.java" Intrnl_Id="802">
<LocList>
<Loc EndOffset="9851" SrcFileId="2" StartOffset="9844"/>
</LocList>
</BasicStmnt>
</StmntSeq>
</Branch>
<Branch CovItemId="B108" CovItemPrefix="CardSupply.java" Implct="false" Intrnl_Id="803">
<Cond>
<Loc EndOffset="9867" SrcFileId="2" StartOffset="9855"/>
</Cond>
<LocList>
<Loc EndOffset="9903" SrcFileId="2" StartOffset="9873"/>
</LocList>
<StmntSeq Intrnl_Id="804">
<LocList>
<Loc EndOffset="9891" SrcFileId="2" StartOffset="9873"/>
<Loc EndOffset="9903" SrcFileId="2" StartOffset="9896"/>
</LocList>
<BasicStmnt CovItemId="S233" CovItemPrefix="CardSupply.java" Intrnl_Id="805">
<LocList>
<Loc EndOffset="9891" SrcFileId="2" StartOffset="9873"/>
</LocList>
</BasicStmnt>
<BasicStmnt CovItemId="S234" CovItemPrefix="CardSupply.java" Intrnl_Id="806">
<LocList>
<Loc EndOffset="9903" SrcFileId="2" StartOffset="9896"/>
</LocList>
</BasicStmnt>
</StmntSeq>
</Branch>
<Branch CovItemId="B109" CovItemPrefix="CardSupply.java" Implct="true" Intrnl_Id="807">
<Cond/>
<LocList/>
<StmntSeq Intrnl_Id="808">
<LocList/>
</StmntSeq>
</Branch>
<Keyword EndOffset="8773" SrcFileId="2" StartOffset="8767"/>
<LocList>
<Loc EndOffset="9912" SrcFileId="2" StartOffset="8767"/>
</LocList>
</CondStmnt>
</StmntSeq>
</HierarchyLvl>
<HierarchyLvl HierarchyLvlId="1124" HierarchyLvlTypeId="10" Intrnl_Id="809" Name="endgame">
<Header>
<Loc EndOffset="9946" SrcFileId="2" StartOffset="9922"/>
</Header>
<LocList>
<Loc EndOffset="10333" SrcFileId="2" StartOffset="9922"/>
</LocList>
<StmntSeq Intrnl_Id="810">
<LocList>
<Loc EndOffset="9969" SrcFileId="2" StartOffset="9952"/>
<Loc EndOffset="10054" SrcFileId="2" StartOffset="9973"/>
<Loc EndOffset="10094" SrcFileId="2" StartOffset="10058"/>
<Loc EndOffset="10166" SrcFileId="2" StartOffset="10098"/>
<Loc EndOffset="10200" SrcFileId="2" StartOffset="10170"/>
<Loc EndOffset="10274" SrcFileId="2" StartOffset="10204"/>
<Loc EndOffset="10308" SrcFileId="2" StartOffset="10278"/>
<Loc EndOffset="10329" SrcFileId="2" StartOffset="10316"/>
</LocList>
<BasicStmnt CovItemId="S235" CovItemPrefix="CardSupply.java" Intrnl_Id="811">
<LocList>
<Loc EndOffset="9969" SrcFileId="2" StartOffset="9952"/>
</LocList>
</BasicStmnt>
<BasicStmnt CovItemId="S236" CovItemPrefix="CardSupply.java" Intrnl_Id="812">
<LocList>
<Loc EndOffset="10054" SrcFileId="2" StartOffset="9973"/>
</LocList>
</BasicStmnt>
<CondStmnt CovItemId="S237" CovItemPrefix="CardSupply.java" Intrnl_Id="813">
<Branch CovItemId="B110" CovItemPrefix="CardSupply.java" Implct="false" Intrnl_Id="814">
<Cond/>
<LocList>
<Loc EndOffset="10094" SrcFileId="2" StartOffset="10082"/>
</LocList>
<StmntSeq Intrnl_Id="815">
<LocList>
<Loc EndOffset="10094" SrcFileId="2" StartOffset="10082"/>
</LocList>
<BasicStmnt CovItemId="S238" CovItemPrefix="CardSupply.java" Intrnl_Id="816">
<LocList>
<Loc EndOffset="10094" SrcFileId="2" StartOffset="10082"/>
</LocList>
</BasicStmnt>
</StmntSeq>
</Branch>
<Branch CovItemId="B111" CovItemPrefix="CardSupply.java" Implct="true" Intrnl_Id="817">
<Cond/>
<LocList/>
<StmntSeq Intrnl_Id="818">
<LocList/>
</StmntSeq>
</Branch>
<Keyword EndOffset="10060" SrcFileId="2" StartOffset="10058"/>
<LocList>
<Loc EndOffset="10094" SrcFileId="2" StartOffset="10058"/>
</LocList>
<RootTerm CovItemId="C5" CovItemPrefix="CardSupply.java" Intrnl_Id="819">
<BasicBoolTerm Intrnl_Id="820">
<LocList>
<Loc EndOffset="10080" SrcFileId="2" StartOffset="10061"/>
</LocList>
</BasicBoolTerm>
</RootTerm>
</CondStmnt>
<LoopStmnt CovItemId="S239" CovItemPrefix="CardSupply.java" Intrnl_Id="821" MltplExecId="L5-2" MltplExecPrefix="CardSupply.java" NvrExecId="L5-0" NvrExecPrefix="CardSupply.java" OnceExecutedId="L5-1" OnceExecutedPrefix="CardSupply.java" OptBodyExec="true">
<StmntSeq Intrnl_Id="822">
<LocList>
<Loc EndOffset="10166" SrcFileId="2" StartOffset="10133"/>
</LocList>
<CondStmnt CovItemId="S240" CovItemPrefix="CardSupply.java" Intrnl_Id="823">
<Branch CovItemId="B112" CovItemPrefix="CardSupply.java" Implct="false" Intrnl_Id="824">
<Cond/>
<LocList>
<Loc EndOffset="10166" SrcFileId="2" StartOffset="10153"/>
</LocList>
<StmntSeq Intrnl_Id="825">
<LocList>
<Loc EndOffset="10166" SrcFileId="2" StartOffset="10153"/>
</LocList>
<BasicStmnt CovItemId="S241" CovItemPrefix="CardSupply.java" Intrnl_Id="826">
<LocList>
<Loc EndOffset="10166" SrcFileId="2" StartOffset="10153"/>
</LocList>
</BasicStmnt>
</StmntSeq>
</Branch>
<Branch CovItemId="B113" CovItemPrefix="CardSupply.java" Implct="true" Intrnl_Id="827">
<Cond/>
<LocList/>
<StmntSeq Intrnl_Id="828">
<LocList/>
</StmntSeq>
</Branch>
<Keyword EndOffset="10135" SrcFileId="2" StartOffset="10133"/>
<LocList>
<Loc EndOffset="10166" SrcFileId="2" StartOffset="10133"/>
</LocList>
<RootTerm CovItemId="C6" CovItemPrefix="CardSupply.java" Intrnl_Id="829">
<BasicBoolTerm Intrnl_Id="830">
<LocList>
<Loc EndOffset="10151" SrcFileId="2" StartOffset="10136"/>
</LocList>
</BasicBoolTerm>
</RootTerm>
</CondStmnt>
</StmntSeq>
<Keyword EndOffset="10101" SrcFileId="2" StartOffset="10098"/>
<LocList>
<Loc EndOffset="10166" SrcFileId="2" StartOffset="10098"/>
</LocList>
</LoopStmnt>
<CondStmnt CovItemId="S242" CovItemPrefix="CardSupply.java" Intrnl_Id="831">
<Branch CovItemId="B114" CovItemPrefix="CardSupply.java" Implct="false" Intrnl_Id="832">
<Cond/>
<LocList>
<Loc EndOffset="10200" SrcFileId="2" StartOffset="10188"/>
</LocList>
<StmntSeq Intrnl_Id="833">
<LocList>
<Loc EndOffset="10200" SrcFileId="2" StartOffset="10188"/>
</LocList>
<BasicStmnt CovItemId="S243" CovItemPrefix="CardSupply.java" Intrnl_Id="834">
<LocList>
<Loc EndOffset="10200" SrcFileId="2" StartOffset="10188"/>
</LocList>
</BasicStmnt>
</StmntSeq>
</Branch>
<Branch CovItemId="B115" CovItemPrefix="CardSupply.java" Implct="true" Intrnl_Id="835">
<Cond/>
<LocList/>
<StmntSeq Intrnl_Id="836">
<LocList/>
</StmntSeq>
</Branch>
<Keyword EndOffset="10172" SrcFileId="2" StartOffset="10170"/>
<LocList>
<Loc EndOffset="10200" SrcFileId="2" StartOffset="10170"/>
</LocList>
<RootTerm CovItemId="C7" CovItemPrefix="CardSupply.java" Intrnl_Id="837">
<BasicBoolTerm Intrnl_Id="838">
<LocList>
<Loc EndOffset="10186" SrcFileId="2" StartOffset="10173"/>
</LocList>
</BasicBoolTerm>
</RootTerm>
</CondStmnt>
<LoopStmnt CovItemId="S244" CovItemPrefix="CardSupply.java" Intrnl_Id="839" MltplExecId="L6-2" MltplExecPrefix="CardSupply.java" NvrExecId="L6-0" NvrExecPrefix="CardSupply.java" OnceExecutedId="L6-1" OnceExecutedPrefix="CardSupply.java" OptBodyExec="true">
<StmntSeq Intrnl_Id="840">
<LocList>
<Loc EndOffset="10274" SrcFileId="2" StartOffset="10241"/>
</LocList>
<CondStmnt CovItemId="S245" CovItemPrefix="CardSupply.java" Intrnl_Id="841">
<Branch CovItemId="B116" CovItemPrefix="CardSupply.java" Implct="false" Intrnl_Id="842">
<Cond/>
<LocList>
<Loc EndOffset="10274" SrcFileId="2" StartOffset="10261"/>
</LocList>
<StmntSeq Intrnl_Id="843">
<LocList>
<Loc EndOffset="10274" SrcFileId="2" StartOffset="10261"/>
</LocList>
<BasicStmnt CovItemId="S246" CovItemPrefix="CardSupply.java" Intrnl_Id="844">
<LocList>
<Loc EndOffset="10274" SrcFileId="2" StartOffset="10261"/>
</LocList>
</BasicStmnt>
</StmntSeq>
</Branch>
<Branch CovItemId="B117" CovItemPrefix="CardSupply.java" Implct="true" Intrnl_Id="845">
<Cond/>
<LocList/>
<StmntSeq Intrnl_Id="846">
<LocList/>
</StmntSeq>
</Branch>
<Keyword EndOffset="10243" SrcFileId="2" StartOffset="10241"/>
<LocList>
<Loc EndOffset="10274" SrcFileId="2" StartOffset="10241"/>
</LocList>
<RootTerm CovItemId="C8" CovItemPrefix="CardSupply.java" Intrnl_Id="847">
<BasicBoolTerm Intrnl_Id="848">
<LocList>
<Loc EndOffset="10259" SrcFileId="2" StartOffset="10244"/>
</LocList>
</BasicBoolTerm>
</RootTerm>
</CondStmnt>
</StmntSeq>
<Keyword EndOffset="10207" SrcFileId="2" StartOffset="10204"/>
<LocList>
<Loc EndOffset="10274" SrcFileId="2" StartOffset="10204"/>
</LocList>
</LoopStmnt>
<CondStmnt CovItemId="S247" CovItemPrefix="CardSupply.java" Intrnl_Id="849">
<Branch CovItemId="B118" CovItemPrefix="CardSupply.java" Implct="false" Intrnl_Id="850">
<Cond/>
<LocList>
<Loc EndOffset="10308" SrcFileId="2" StartOffset="10296"/>
</LocList>
<StmntSeq Intrnl_Id="851">
<LocList>
<Loc EndOffset="10308" SrcFileId="2" StartOffset="10296"/>
</LocList>
<BasicStmnt CovItemId="S248" CovItemPrefix="CardSupply.java" Intrnl_Id="852">
<LocList>
<Loc EndOffset="10308" SrcFileId="2" StartOffset="10296"/>
</LocList>
</BasicStmnt>
</StmntSeq>
</Branch>
<Branch CovItemId="B119" CovItemPrefix="CardSupply.java" Implct="true" Intrnl_Id="853">
<Cond/>
<LocList/>
<StmntSeq Intrnl_Id="854">
<LocList/>
</StmntSeq>
</Branch>
<Keyword EndOffset="10280" SrcFileId="2" StartOffset="10278"/>
<LocList>
<Loc EndOffset="10308" SrcFileId="2" StartOffset="10278"/>
</LocList>
<RootTerm CovItemId="C9" CovItemPrefix="CardSupply.java" Intrnl_Id="855">
<BasicBoolTerm Intrnl_Id="856">
<LocList>
<Loc EndOffset="10294" SrcFileId="2" StartOffset="10281"/>
</LocList>
</BasicBoolTerm>
</RootTerm>
</CondStmnt>
<BasicStmnt CovItemId="S249" CovItemPrefix="CardSupply.java" Intrnl_Id="857">
<LocList>
<Loc EndOffset="10329" SrcFileId="2" StartOffset="10316"/>
</LocList>
</BasicStmnt>
</StmntSeq>
</HierarchyLvl>
<HierarchyLvl HierarchyLvlId="1125" HierarchyLvlTypeId="10" Intrnl_Id="858" Name="embargo">
<Header>
<Loc EndOffset="10381" SrcFileId="2" StartOffset="10345"/>
</Header>
<LocList>
<Loc EndOffset="11575" SrcFileId="2" StartOffset="10345"/>
</LocList>
<StmntSeq Intrnl_Id="859">
<LocList>
<Loc EndOffset="11567" SrcFileId="2" StartOffset="10387"/>
</LocList>
<CondStmnt CovItemId="S250" CovItemPrefix="CardSupply.java" Intrnl_Id="860">
<Branch CovItemId="B120" CovItemPrefix="CardSupply.java" Implct="false" Intrnl_Id="861">
<Cond>
<Loc EndOffset="10421" SrcFileId="2" StartOffset="10408"/>
</Cond>
<LocList>
<Loc EndOffset="10461" SrcFileId="2" StartOffset="10427"/>
</LocList>
<StmntSeq Intrnl_Id="862">
<LocList>
<Loc EndOffset="10450" SrcFileId="2" StartOffset="10427"/>
<Loc EndOffset="10461" SrcFileId="2" StartOffset="10455"/>
</LocList>
<BasicStmnt CovItemId="S251" CovItemPrefix="CardSupply.java" Intrnl_Id="863">
<LocList>
<Loc EndOffset="10450" SrcFileId="2" StartOffset="10427"/>
</LocList>
</BasicStmnt>
<BasicStmnt CovItemId="S252" CovItemPrefix="CardSupply.java" Intrnl_Id="864">
<LocList>
<Loc EndOffset="10461" SrcFileId="2" StartOffset="10455"/>
</LocList>
</BasicStmnt>
</StmntSeq>
</Branch>
<Branch CovItemId="B121" CovItemPrefix="CardSupply.java" Implct="false" Intrnl_Id="865">
<Cond>
<Loc EndOffset="10478" SrcFileId="2" StartOffset="10465"/>
</Cond>
<LocList>
<Loc EndOffset="10518" SrcFileId="2" StartOffset="10484"/>
</LocList>
<StmntSeq Intrnl_Id="866">
<LocList>
<Loc EndOffset="10507" SrcFileId="2" StartOffset="10484"/>
<Loc EndOffset="10518" SrcFileId="2" StartOffset="10512"/>
</LocList>
<BasicStmnt CovItemId="S253" CovItemPrefix="CardSupply.java" Intrnl_Id="867">
<LocList>
<Loc EndOffset="10507" SrcFileId="2" StartOffset="10484"/>
</LocList>
</BasicStmnt>
<BasicStmnt CovItemId="S254" CovItemPrefix="CardSupply.java" Intrnl_Id="868">
<LocList>
<Loc EndOffset="10518" SrcFileId="2" StartOffset="10512"/>
</LocList>
</BasicStmnt>
</StmntSeq>
</Branch>
<Branch CovItemId="B122" CovItemPrefix="CardSupply.java" Implct="false" Intrnl_Id="869">
<Cond>
<Loc EndOffset="10533" SrcFileId="2" StartOffset="10522"/>
</Cond>
<LocList>
<Loc EndOffset="10571" SrcFileId="2" StartOffset="10539"/>
</LocList>
<StmntSeq Intrnl_Id="870">
<LocList>
<Loc EndOffset="10560" SrcFileId="2" StartOffset="10539"/>
<Loc EndOffset="10571" SrcFileId="2" StartOffset="10565"/>
</LocList>
<BasicStmnt CovItemId="S255" CovItemPrefix="CardSupply.java" Intrnl_Id="871">
<LocList>
<Loc EndOffset="10560" SrcFileId="2" StartOffset="10539"/>
</LocList>
</BasicStmnt>
<BasicStmnt CovItemId="S256" CovItemPrefix="CardSupply.java" Intrnl_Id="872">
<LocList>
<Loc EndOffset="10571" SrcFileId="2" StartOffset="10565"/>
</LocList>
</BasicStmnt>
</StmntSeq>
</Branch>
<Branch CovItemId="B123" CovItemPrefix="CardSupply.java" Implct="false" Intrnl_Id="873">
<Cond>
<Loc EndOffset="10588" SrcFileId="2" StartOffset="10575"/>
</Cond>
<LocList>
<Loc EndOffset="10628" SrcFileId="2" StartOffset="10594"/>
</LocList>
<StmntSeq Intrnl_Id="874">
<LocList>
<Loc EndOffset="10617" SrcFileId="2" StartOffset="10594"/>
<Loc EndOffset="10628" SrcFileId="2" StartOffset="10622"/>
</LocList>
<BasicStmnt CovItemId="S257" CovItemPrefix="CardSupply.java" Intrnl_Id="875">
<LocList>
<Loc EndOffset="10617" SrcFileId="2" StartOffset="10594"/>
</LocList>
</BasicStmnt>
<BasicStmnt CovItemId="S258" CovItemPrefix="CardSupply.java" Intrnl_Id="876">
<LocList>
<Loc EndOffset="10628" SrcFileId="2" StartOffset="10622"/>
</LocList>
</BasicStmnt>
</StmntSeq>
</Branch>
<Branch CovItemId="B124" CovItemPrefix="CardSupply.java" Implct="false" Intrnl_Id="877">
<Cond>
<Loc EndOffset="10644" SrcFileId="2" StartOffset="10632"/>
</Cond>
<LocList>
<Loc EndOffset="10683" SrcFileId="2" StartOffset="10650"/>
</LocList>
<StmntSeq Intrnl_Id="878">
<LocList>
<Loc EndOffset="10672" SrcFileId="2" StartOffset="10650"/>
<Loc EndOffset="10683" SrcFileId="2" StartOffset="10677"/>
</LocList>
<BasicStmnt CovItemId="S259" CovItemPrefix="CardSupply.java" Intrnl_Id="879">
<LocList>
<Loc EndOffset="10672" SrcFileId="2" StartOffset="10650"/>
</LocList>
</BasicStmnt>
<BasicStmnt CovItemId="S260" CovItemPrefix="CardSupply.java" Intrnl_Id="880">
<LocList>
<Loc EndOffset="10683" SrcFileId="2" StartOffset="10677"/>
</LocList>
</BasicStmnt>
</StmntSeq>
</Branch>
<Branch CovItemId="B125" CovItemPrefix="CardSupply.java" Implct="false" Intrnl_Id="881">
<Cond>
<Loc EndOffset="10702" SrcFileId="2" StartOffset="10687"/>
</Cond>
<LocList>
<Loc EndOffset="10744" SrcFileId="2" StartOffset="10708"/>
</LocList>
<StmntSeq Intrnl_Id="882">
<LocList>
<Loc EndOffset="10733" SrcFileId="2" StartOffset="10708"/>
<Loc EndOffset="10744" SrcFileId="2" StartOffset="10738"/>
</LocList>
<BasicStmnt CovItemId="S261" CovItemPrefix="CardSupply.java" Intrnl_Id="883">
<LocList>
<Loc EndOffset="10733" SrcFileId="2" StartOffset="10708"/>
</LocList>
</BasicStmnt>
<BasicStmnt CovItemId="S262" CovItemPrefix="CardSupply.java" Intrnl_Id="884">
<LocList>
<Loc EndOffset="10744" SrcFileId="2" StartOffset="10738"/>
</LocList>
</BasicStmnt>
</StmntSeq>
</Branch>
<Branch CovItemId="B126" CovItemPrefix="CardSupply.java" Implct="false" Intrnl_Id="885">
<Cond>
<Loc EndOffset="10765" SrcFileId="2" StartOffset="10748"/>
</Cond>
<LocList>
<Loc EndOffset="10809" SrcFileId="2" StartOffset="10771"/>
</LocList>
<StmntSeq Intrnl_Id="886">
<LocList>
<Loc EndOffset="10798" SrcFileId="2" StartOffset="10771"/>
<Loc EndOffset="10809" SrcFileId="2" StartOffset="10803"/>
</LocList>
<BasicStmnt CovItemId="S263" CovItemPrefix="CardSupply.java" Intrnl_Id="887">
<LocList>
<Loc EndOffset="10798" SrcFileId="2" StartOffset="10771"/>
</LocList>
</BasicStmnt>
<BasicStmnt CovItemId="S264" CovItemPrefix="CardSupply.java" Intrnl_Id="888">
<LocList>
<Loc EndOffset="10809" SrcFileId="2" StartOffset="10803"/>
</LocList>
</BasicStmnt>
</StmntSeq>
</Branch>
<Branch CovItemId="B127" CovItemPrefix="CardSupply.java" Implct="false" Intrnl_Id="889">
<Cond>
<Loc EndOffset="10830" SrcFileId="2" StartOffset="10813"/>
</Cond>
<LocList>
<Loc EndOffset="10874" SrcFileId="2" StartOffset="10836"/>
</LocList>
<StmntSeq Intrnl_Id="890">
<LocList>
<Loc EndOffset="10863" SrcFileId="2" StartOffset="10836"/>
<Loc EndOffset="10874" SrcFileId="2" StartOffset="10868"/>
</LocList>
<BasicStmnt CovItemId="S265" CovItemPrefix="CardSupply.java" Intrnl_Id="891">
<LocList>
<Loc EndOffset="10863" SrcFileId="2" StartOffset="10836"/>
</LocList>
</BasicStmnt>
<BasicStmnt CovItemId="S266" CovItemPrefix="CardSupply.java" Intrnl_Id="892">
<LocList>
<Loc EndOffset="10874" SrcFileId="2" StartOffset="10868"/>
</LocList>
</BasicStmnt>
</StmntSeq>
</Branch>
<Branch CovItemId="B128" CovItemPrefix="CardSupply.java" Implct="false" Intrnl_Id="893">
<Cond>
<Loc EndOffset="10890" SrcFileId="2" StartOffset="10878"/>
</Cond>
<LocList>
<Loc EndOffset="10929" SrcFileId="2" StartOffset="10896"/>
</LocList>
<StmntSeq Intrnl_Id="894">
<LocList>
<Loc EndOffset="10918" SrcFileId="2" StartOffset="10896"/>
<Loc EndOffset="10929" SrcFileId="2" StartOffset="10923"/>
</LocList>
<BasicStmnt CovItemId="S267" CovItemPrefix="CardSupply.java" Intrnl_Id="895">
<LocList>
<Loc EndOffset="10918" SrcFileId="2" StartOffset="10896"/>
</LocList>
</BasicStmnt>
<BasicStmnt CovItemId="S268" CovItemPrefix="CardSupply.java" Intrnl_Id="896">
<LocList>
<Loc EndOffset="10929" SrcFileId="2" StartOffset="10923"/>
</LocList>
</BasicStmnt>
</StmntSeq>
</Branch>
<Branch CovItemId="B129" CovItemPrefix="CardSupply.java" Implct="false" Intrnl_Id="897">
<Cond>
<Loc EndOffset="10952" SrcFileId="2" StartOffset="10933"/>
</Cond>
<LocList>
<Loc EndOffset="10986" SrcFileId="2" StartOffset="10958"/>
</LocList>
<StmntSeq Intrnl_Id="898">
<LocList>
<Loc EndOffset="10986" SrcFileId="2" StartOffset="10958"/>
</LocList>
<BasicStmnt CovItemId="S269" CovItemPrefix="CardSupply.java" Intrnl_Id="899">
<LocList>
<Loc EndOffset="10986" SrcFileId="2" StartOffset="10958"/>
</LocList>
</BasicStmnt>
</StmntSeq>
</Branch>
<Branch CovItemId="B130" CovItemPrefix="CardSupply.java" Implct="false" Intrnl_Id="900">
<Cond>
<Loc EndOffset="11005" SrcFileId="2" StartOffset="10990"/>
</Cond>
<LocList>
<Loc EndOffset="11036" SrcFileId="2" StartOffset="11011"/>
</LocList>
<StmntSeq Intrnl_Id="901">
<LocList>
<Loc EndOffset="11036" SrcFileId="2" StartOffset="11011"/>
</LocList>
<BasicStmnt CovItemId="S270" CovItemPrefix="CardSupply.java" Intrnl_Id="902">
<LocList>
<Loc EndOffset="11036" SrcFileId="2" StartOffset="11011"/>
</LocList>
</BasicStmnt>
</StmntSeq>
</Branch>
<Branch CovItemId="B131" CovItemPrefix="CardSupply.java" Implct="false" Intrnl_Id="903">
<Cond>
<Loc EndOffset="11054" SrcFileId="2" StartOffset="11040"/>
</Cond>
<LocList>
<Loc EndOffset="11095" SrcFileId="2" StartOffset="11060"/>
</LocList>
<StmntSeq Intrnl_Id="904">
<LocList>
<Loc EndOffset="11084" SrcFileId="2" StartOffset="11060"/>
<Loc EndOffset="11095" SrcFileId="2" StartOffset="11089"/>
</LocList>
<BasicStmnt CovItemId="S271" CovItemPrefix="CardSupply.java" Intrnl_Id="905">
<LocList>
<Loc EndOffset="11084" SrcFileId="2" StartOffset="11060"/>
</LocList>
</BasicStmnt>
<BasicStmnt CovItemId="S272" CovItemPrefix="CardSupply.java" Intrnl_Id="906">
<LocList>
<Loc EndOffset="11095" SrcFileId="2" StartOffset="11089"/>
</LocList>
</BasicStmnt>
</StmntSeq>
</Branch>
<Branch CovItemId="B132" CovItemPrefix="CardSupply.java" Implct="false" Intrnl_Id="907">
<Cond>
<Loc EndOffset="11111" SrcFileId="2" StartOffset="11099"/>
</Cond>
<LocList>
<Loc EndOffset="11150" SrcFileId="2" StartOffset="11117"/>
</LocList>
<StmntSeq Intrnl_Id="908">
<LocList>
<Loc EndOffset="11139" SrcFileId="2" StartOffset="11117"/>
<Loc EndOffset="11150" SrcFileId="2" StartOffset="11144"/>
</LocList>
<BasicStmnt CovItemId="S273" CovItemPrefix="CardSupply.java" Intrnl_Id="909">
<LocList>
<Loc EndOffset="11139" SrcFileId="2" StartOffset="11117"/>
</LocList>
</BasicStmnt>
<BasicStmnt CovItemId="S274" CovItemPrefix="CardSupply.java" Intrnl_Id="910">
<LocList>
<Loc EndOffset="11150" SrcFileId="2" StartOffset="11144"/>
</LocList>
</BasicStmnt>
</StmntSeq>
</Branch>
<Branch CovItemId="B133" CovItemPrefix="CardSupply.java" Implct="false" Intrnl_Id="911">
<Cond>
<Loc EndOffset="11168" SrcFileId="2" StartOffset="11154"/>
</Cond>
<LocList>
<Loc EndOffset="11209" SrcFileId="2" StartOffset="11174"/>
</LocList>
<StmntSeq Intrnl_Id="912">
<LocList>
<Loc EndOffset="11198" SrcFileId="2" StartOffset="11174"/>
<Loc EndOffset="11209" SrcFileId="2" StartOffset="11203"/>
</LocList>
<BasicStmnt CovItemId="S275" CovItemPrefix="CardSupply.java" Intrnl_Id="913">
<LocList>
<Loc EndOffset="11198" SrcFileId="2" StartOffset="11174"/>
</LocList>
</BasicStmnt>
<BasicStmnt CovItemId="S276" CovItemPrefix="CardSupply.java" Intrnl_Id="914">
<LocList>
<Loc EndOffset="11209" SrcFileId="2" StartOffset="11203"/>
</LocList>
</BasicStmnt>
</StmntSeq>
</Branch>
<Branch CovItemId="B134" CovItemPrefix="CardSupply.java" Implct="false" Intrnl_Id="915">
<Cond>
<Loc EndOffset="11230" SrcFileId="2" StartOffset="11213"/>
</Cond>
<LocList>
<Loc EndOffset="11273" SrcFileId="2" StartOffset="11236"/>
</LocList>
<StmntSeq Intrnl_Id="916">
<LocList>
<Loc EndOffset="11262" SrcFileId="2" StartOffset="11236"/>
<Loc EndOffset="11273" SrcFileId="2" StartOffset="11267"/>
</LocList>
<BasicStmnt CovItemId="S277" CovItemPrefix="CardSupply.java" Intrnl_Id="917">
<LocList>
<Loc EndOffset="11262" SrcFileId="2" StartOffset="11236"/>
</LocList>
</BasicStmnt>
<BasicStmnt CovItemId="S278" CovItemPrefix="CardSupply.java" Intrnl_Id="918">
<LocList>
<Loc EndOffset="11273" SrcFileId="2" StartOffset="11267"/>
</LocList>
</BasicStmnt>
</StmntSeq>
</Branch>
<Branch CovItemId="B135" CovItemPrefix="CardSupply.java" Implct="false" Intrnl_Id="919">
<Cond>
<Loc EndOffset="11288" SrcFileId="2" StartOffset="11277"/>
</Cond>
<LocList>
<Loc EndOffset="11326" SrcFileId="2" StartOffset="11294"/>
</LocList>
<StmntSeq Intrnl_Id="920">
<LocList>
<Loc EndOffset="11315" SrcFileId="2" StartOffset="11294"/>
<Loc EndOffset="11326" SrcFileId="2" StartOffset="11320"/>
</LocList>
<BasicStmnt CovItemId="S279" CovItemPrefix="CardSupply.java" Intrnl_Id="921">
<LocList>
<Loc EndOffset="11315" SrcFileId="2" StartOffset="11294"/>
</LocList>
</BasicStmnt>
<BasicStmnt CovItemId="S280" CovItemPrefix="CardSupply.java" Intrnl_Id="922">
<LocList>
<Loc EndOffset="11326" SrcFileId="2" StartOffset="11320"/>
</LocList>
</BasicStmnt>
</StmntSeq>
</Branch>
<Branch CovItemId="B136" CovItemPrefix="CardSupply.java" Implct="false" Intrnl_Id="923">
<Cond>
<Loc EndOffset="11343" SrcFileId="2" StartOffset="11330"/>
</Cond>
<LocList>
<Loc EndOffset="11383" SrcFileId="2" StartOffset="11349"/>
</LocList>
<StmntSeq Intrnl_Id="924">
<LocList>
<Loc EndOffset="11372" SrcFileId="2" StartOffset="11349"/>
<Loc EndOffset="11383" SrcFileId="2" StartOffset="11377"/>
</LocList>
<BasicStmnt CovItemId="S281" CovItemPrefix="CardSupply.java" Intrnl_Id="925">
<LocList>
<Loc EndOffset="11372" SrcFileId="2" StartOffset="11349"/>
</LocList>
</BasicStmnt>
<BasicStmnt CovItemId="S282" CovItemPrefix="CardSupply.java" Intrnl_Id="926">
<LocList>
<Loc EndOffset="11383" SrcFileId="2" StartOffset="11377"/>
</LocList>
</BasicStmnt>
</StmntSeq>
</Branch>
<Branch CovItemId="B137" CovItemPrefix="CardSupply.java" Implct="false" Intrnl_Id="927">
<Cond>
<Loc EndOffset="11401" SrcFileId="2" StartOffset="11387"/>
</Cond>
<LocList>
<Loc EndOffset="11442" SrcFileId="2" StartOffset="11407"/>
</LocList>
<StmntSeq Intrnl_Id="928">
<LocList>
<Loc EndOffset="11431" SrcFileId="2" StartOffset="11407"/>
<Loc EndOffset="11442" SrcFileId="2" StartOffset="11436"/>
</LocList>
<BasicStmnt CovItemId="S283" CovItemPrefix="CardSupply.java" Intrnl_Id="929">
<LocList>
<Loc EndOffset="11431" SrcFileId="2" StartOffset="11407"/>
</LocList>
</BasicStmnt>
<BasicStmnt CovItemId="S284" CovItemPrefix="CardSupply.java" Intrnl_Id="930">
<LocList>
<Loc EndOffset="11442" SrcFileId="2" StartOffset="11436"/>
</LocList>
</BasicStmnt>
</StmntSeq>
</Branch>
<Branch CovItemId="B138" CovItemPrefix="CardSupply.java" Implct="false" Intrnl_Id="931">
<Cond>
<Loc EndOffset="11463" SrcFileId="2" StartOffset="11446"/>
</Cond>
<LocList>
<Loc EndOffset="11507" SrcFileId="2" StartOffset="11469"/>
</LocList>
<StmntSeq Intrnl_Id="932">
<LocList>
<Loc EndOffset="11496" SrcFileId="2" StartOffset="11469"/>
<Loc EndOffset="11507" SrcFileId="2" StartOffset="11501"/>
</LocList>
<BasicStmnt CovItemId="S285" CovItemPrefix="CardSupply.java" Intrnl_Id="933">
<LocList>
<Loc EndOffset="11496" SrcFileId="2" StartOffset="11469"/>
</LocList>
</BasicStmnt>
<BasicStmnt CovItemId="S286" CovItemPrefix="CardSupply.java" Intrnl_Id="934">
<LocList>
<Loc EndOffset="11507" SrcFileId="2" StartOffset="11501"/>
</LocList>
</BasicStmnt>
</StmntSeq>
</Branch>
<Branch CovItemId="B139" CovItemPrefix="CardSupply.java" Implct="false" Intrnl_Id="935">
<Cond>
<Loc EndOffset="11523" SrcFileId="2" StartOffset="11511"/>
</Cond>
<LocList>
<Loc EndOffset="11562" SrcFileId="2" StartOffset="11529"/>
</LocList>
<StmntSeq Intrnl_Id="936">
<LocList>
<Loc EndOffset="11551" SrcFileId="2" StartOffset="11529"/>
<Loc EndOffset="11562" SrcFileId="2" StartOffset="11556"/>
</LocList>
<BasicStmnt CovItemId="S287" CovItemPrefix="CardSupply.java" Intrnl_Id="937">
<LocList>
<Loc EndOffset="11551" SrcFileId="2" StartOffset="11529"/>
</LocList>
</BasicStmnt>
<BasicStmnt CovItemId="S288" CovItemPrefix="CardSupply.java" Intrnl_Id="938">
<LocList>
<Loc EndOffset="11562" SrcFileId="2" StartOffset="11556"/>
</LocList>
</BasicStmnt>
</StmntSeq>
</Branch>
<Branch CovItemId="B140" CovItemPrefix="CardSupply.java" Implct="true" Intrnl_Id="939">
<Cond/>
<LocList/>
<StmntSeq Intrnl_Id="940">
<LocList/>
</StmntSeq>
</Branch>
<Keyword EndOffset="10393" SrcFileId="2" StartOffset="10387"/>
<LocList>
<Loc EndOffset="11567" SrcFileId="2" StartOffset="10387"/>
</LocList>
</CondStmnt>
</StmntSeq>
</HierarchyLvl>
<HierarchyLvl HierarchyLvlId="1126" HierarchyLvlTypeId="10" Intrnl_Id="941" Name="isEmbargod">
<Header>
<Loc EndOffset="11618" SrcFileId="2" StartOffset="11580"/>
</Header>
<LocList>
<Loc EndOffset="12728" SrcFileId="2" StartOffset="11580"/>
</LocList>
<StmntSeq Intrnl_Id="942">
<LocList>
<Loc EndOffset="12707" SrcFileId="2" StartOffset="11624"/>
<Loc EndOffset="12724" SrcFileId="2" StartOffset="12715"/>
</LocList>
<CondStmnt CovItemId="S289" CovItemPrefix="CardSupply.java" Intrnl_Id="943">
<Branch CovItemId="B141" CovItemPrefix="CardSupply.java" Implct="false" Intrnl_Id="944">
<Cond>
<Loc EndOffset="11658" SrcFileId="2" StartOffset="11645"/>
</Cond>
<LocList>
<Loc EndOffset="11692" SrcFileId="2" StartOffset="11664"/>
</LocList>
<StmntSeq Intrnl_Id="945">
<LocList>
<Loc EndOffset="11692" SrcFileId="2" StartOffset="11664"/>
</LocList>
<BasicStmnt CovItemId="S290" CovItemPrefix="CardSupply.java" Intrnl_Id="946">
<LocList>
<Loc EndOffset="11692" SrcFileId="2" StartOffset="11664"/>
</LocList>
</BasicStmnt>
</StmntSeq>
</Branch>
<Branch CovItemId="B142" CovItemPrefix="CardSupply.java" Implct="false" Intrnl_Id="947">
<Cond>
<Loc EndOffset="11709" SrcFileId="2" StartOffset="11696"/>
</Cond>
<LocList>
<Loc EndOffset="11743" SrcFileId="2" StartOffset="11715"/>
</LocList>
<StmntSeq Intrnl_Id="948">
<LocList>
<Loc EndOffset="11743" SrcFileId="2" StartOffset="11715"/>
</LocList>
<BasicStmnt CovItemId="S291" CovItemPrefix="CardSupply.java" Intrnl_Id="949">
<LocList>
<Loc EndOffset="11743" SrcFileId="2" StartOffset="11715"/>
</LocList>
</BasicStmnt>
</StmntSeq>
</Branch>
<Branch CovItemId="B143" CovItemPrefix="CardSupply.java" Implct="false" Intrnl_Id="950">
<Cond>
<Loc EndOffset="11758" SrcFileId="2" StartOffset="11747"/>
</Cond>
<LocList>
<Loc EndOffset="11790" SrcFileId="2" StartOffset="11764"/>
</LocList>
<StmntSeq Intrnl_Id="951">
<LocList>
<Loc EndOffset="11790" SrcFileId="2" StartOffset="11764"/>
</LocList>
<BasicStmnt CovItemId="S292" CovItemPrefix="CardSupply.java" Intrnl_Id="952">
<LocList>
<Loc EndOffset="11790" SrcFileId="2" StartOffset="11764"/>
</LocList>
</BasicStmnt>
</StmntSeq>
</Branch>
<Branch CovItemId="B144" CovItemPrefix="CardSupply.java" Implct="false" Intrnl_Id="953">
<Cond>
<Loc EndOffset="11807" SrcFileId="2" StartOffset="11794"/>
</Cond>
<LocList>
<Loc EndOffset="11841" SrcFileId="2" StartOffset="11813"/>
</LocList>
<StmntSeq Intrnl_Id="954">
<LocList>
<Loc EndOffset="11841" SrcFileId="2" StartOffset="11813"/>
</LocList>
<BasicStmnt CovItemId="S293" CovItemPrefix="CardSupply.java" Intrnl_Id="955">
<LocList>
<Loc EndOffset="11841" SrcFileId="2" StartOffset="11813"/>
</LocList>
</BasicStmnt>
</StmntSeq>
</Branch>
<Branch CovItemId="B145" CovItemPrefix="CardSupply.java" Implct="false" Intrnl_Id="956">
<Cond>
<Loc EndOffset="11857" SrcFileId="2" StartOffset="11845"/>
</Cond>
<LocList>
<Loc EndOffset="11890" SrcFileId="2" StartOffset="11863"/>
</LocList>
<StmntSeq Intrnl_Id="957">
<LocList>
<Loc EndOffset="11890" SrcFileId="2" StartOffset="11863"/>
</LocList>
<BasicStmnt CovItemId="S294" CovItemPrefix="CardSupply.java" Intrnl_Id="958">
<LocList>
<Loc EndOffset="11890" SrcFileId="2" StartOffset="11863"/>
</LocList>
</BasicStmnt>
</StmntSeq>
</Branch>
<Branch CovItemId="B146" CovItemPrefix="CardSupply.java" Implct="false" Intrnl_Id="959">
<Cond>
<Loc EndOffset="11909" SrcFileId="2" StartOffset="11894"/>
</Cond>
<LocList>
<Loc EndOffset="11945" SrcFileId="2" StartOffset="11915"/>
</LocList>
<StmntSeq Intrnl_Id="960">
<LocList>
<Loc EndOffset="11945" SrcFileId="2" StartOffset="11915"/>
</LocList>
<BasicStmnt CovItemId="S295" CovItemPrefix="CardSupply.java" Intrnl_Id="961">
<LocList>
<Loc EndOffset="11945" SrcFileId="2" StartOffset="11915"/>
</LocList>
</BasicStmnt>
</StmntSeq>
</Branch>
<Branch CovItemId="B147" CovItemPrefix="CardSupply.java" Implct="false" Intrnl_Id="962">
<Cond>
<Loc EndOffset="11966" SrcFileId="2" StartOffset="11949"/>
</Cond>
<LocList>
<Loc EndOffset="12004" SrcFileId="2" StartOffset="11972"/>
</LocList>
<StmntSeq Intrnl_Id="963">
<LocList>
<Loc EndOffset="12004" SrcFileId="2" StartOffset="11972"/>
</LocList>
<BasicStmnt CovItemId="S296" CovItemPrefix="CardSupply.java" Intrnl_Id="964">
<LocList>
<Loc EndOffset="12004" SrcFileId="2" StartOffset="11972"/>
</LocList>
</BasicStmnt>
</StmntSeq>
</Branch>
<Branch CovItemId="B148" CovItemPrefix="CardSupply.java" Implct="false" Intrnl_Id="965">
<Cond>
<Loc EndOffset="12025" SrcFileId="2" StartOffset="12008"/>
</Cond>
<LocList>
<Loc EndOffset="12063" SrcFileId="2" StartOffset="12031"/>
</LocList>
<StmntSeq Intrnl_Id="966">
<LocList>
<Loc EndOffset="12063" SrcFileId="2" StartOffset="12031"/>
</LocList>
<BasicStmnt CovItemId="S297" CovItemPrefix="CardSupply.java" Intrnl_Id="967">
<LocList>
<Loc EndOffset="12063" SrcFileId="2" StartOffset="12031"/>
</LocList>
</BasicStmnt>
</StmntSeq>
</Branch>
<Branch CovItemId="B149" CovItemPrefix="CardSupply.java" Implct="false" Intrnl_Id="968">
<Cond>
<Loc EndOffset="12079" SrcFileId="2" StartOffset="12067"/>
</Cond>
<LocList>
<Loc EndOffset="12112" SrcFileId="2" StartOffset="12085"/>
</LocList>
<StmntSeq Intrnl_Id="969">
<LocList>
<Loc EndOffset="12112" SrcFileId="2" StartOffset="12085"/>
</LocList>
<BasicStmnt CovItemId="S298" CovItemPrefix="CardSupply.java" Intrnl_Id="970">
<LocList>
<Loc EndOffset="12112" SrcFileId="2" StartOffset="12085"/>
</LocList>
</BasicStmnt>
</StmntSeq>
</Branch>
<Branch CovItemId="B150" CovItemPrefix="CardSupply.java" Implct="false" Intrnl_Id="971">
<Cond>
<Loc EndOffset="12135" SrcFileId="2" StartOffset="12116"/>
</Cond>
<LocList>
<Loc EndOffset="12174" SrcFileId="2" StartOffset="12141"/>
</LocList>
<StmntSeq Intrnl_Id="972">
<LocList>
<Loc EndOffset="12174" SrcFileId="2" StartOffset="12141"/>
</LocList>
<BasicStmnt CovItemId="S299" CovItemPrefix="CardSupply.java" Intrnl_Id="973">
<LocList>
<Loc EndOffset="12174" SrcFileId="2" StartOffset="12141"/>
</LocList>
</BasicStmnt>
</StmntSeq>
</Branch>
<Branch CovItemId="B151" CovItemPrefix="CardSupply.java" Implct="false" Intrnl_Id="974">
<Cond>
<Loc EndOffset="12193" SrcFileId="2" StartOffset="12178"/>
</Cond>
<LocList>
<Loc EndOffset="12229" SrcFileId="2" StartOffset="12199"/>
</LocList>
<StmntSeq Intrnl_Id="975">
<LocList>
<Loc EndOffset="12229" SrcFileId="2" StartOffset="12199"/>
</LocList>
<BasicStmnt CovItemId="S300" CovItemPrefix="CardSupply.java" Intrnl_Id="976">
<LocList>
<Loc EndOffset="12229" SrcFileId="2" StartOffset="12199"/>
</LocList>
</BasicStmnt>
</StmntSeq>
</Branch>
<Branch CovItemId="B152" CovItemPrefix="CardSupply.java" Implct="false" Intrnl_Id="977">
<Cond>
<Loc EndOffset="12248" SrcFileId="2" StartOffset="12234"/>
</Cond>
<LocList>
<Loc EndOffset="12283" SrcFileId="2" StartOffset="12254"/>
</LocList>
<StmntSeq Intrnl_Id="978">
<LocList>
<Loc EndOffset="12283" SrcFileId="2" StartOffset="12254"/>
</LocList>
<BasicStmnt CovItemId="S301" CovItemPrefix="CardSupply.java" Intrnl_Id="979">
<LocList>
<Loc EndOffset="12283" SrcFileId="2" StartOffset="12254"/>
</LocList>
</BasicStmnt>
</StmntSeq>
</Branch>
<Branch CovItemId="B153" CovItemPrefix="CardSupply.java" Implct="false" Intrnl_Id="980">
<Cond>
<Loc EndOffset="12299" SrcFileId="2" StartOffset="12287"/>
</Cond>
<LocList>
<Loc EndOffset="12332" SrcFileId="2" StartOffset="12305"/>
</LocList>
<StmntSeq Intrnl_Id="981">
<LocList>
<Loc EndOffset="12332" SrcFileId="2" StartOffset="12305"/>
</LocList>
<BasicStmnt CovItemId="S302" CovItemPrefix="CardSupply.java" Intrnl_Id="982">
<LocList>
<Loc EndOffset="12332" SrcFileId="2" StartOffset="12305"/>
</LocList>
</BasicStmnt>
</StmntSeq>
</Branch>
<Branch CovItemId="B154" CovItemPrefix="CardSupply.java" Implct="false" Intrnl_Id="983">
<Cond>
<Loc EndOffset="12350" SrcFileId="2" StartOffset="12336"/>
</Cond>
<LocList>
<Loc EndOffset="12385" SrcFileId="2" StartOffset="12356"/>
</LocList>
<StmntSeq Intrnl_Id="984">
<LocList>
<Loc EndOffset="12385" SrcFileId="2" StartOffset="12356"/>
</LocList>
<BasicStmnt CovItemId="S303" CovItemPrefix="CardSupply.java" Intrnl_Id="985">
<LocList>
<Loc EndOffset="12385" SrcFileId="2" StartOffset="12356"/>
</LocList>
</BasicStmnt>
</StmntSeq>
</Branch>
<Branch CovItemId="B155" CovItemPrefix="CardSupply.java" Implct="false" Intrnl_Id="986">
<Cond>
<Loc EndOffset="12406" SrcFileId="2" StartOffset="12389"/>
</Cond>
<LocList>
<Loc EndOffset="12443" SrcFileId="2" StartOffset="12412"/>
</LocList>
<StmntSeq Intrnl_Id="987">
<LocList>
<Loc EndOffset="12443" SrcFileId="2" StartOffset="12412"/>
</LocList>
<BasicStmnt CovItemId="S304" CovItemPrefix="CardSupply.java" Intrnl_Id="988">
<LocList>
<Loc EndOffset="12443" SrcFileId="2" StartOffset="12412"/>
</LocList>
</BasicStmnt>
</StmntSeq>
</Branch>
<Branch CovItemId="B156" CovItemPrefix="CardSupply.java" Implct="false" Intrnl_Id="989">
<Cond>
<Loc EndOffset="12458" SrcFileId="2" StartOffset="12447"/>
</Cond>
<LocList>
<Loc EndOffset="12490" SrcFileId="2" StartOffset="12464"/>
</LocList>
<StmntSeq Intrnl_Id="990">
<LocList>
<Loc EndOffset="12490" SrcFileId="2" StartOffset="12464"/>
</LocList>
<BasicStmnt CovItemId="S305" CovItemPrefix="CardSupply.java" Intrnl_Id="991">
<LocList>
<Loc EndOffset="12490" SrcFileId="2" StartOffset="12464"/>
</LocList>
</BasicStmnt>
</StmntSeq>
</Branch>
<Branch CovItemId="B157" CovItemPrefix="CardSupply.java" Implct="false" Intrnl_Id="992">
<Cond>
<Loc EndOffset="12507" SrcFileId="2" StartOffset="12494"/>
</Cond>
<LocList>
<Loc EndOffset="12541" SrcFileId="2" StartOffset="12513"/>
</LocList>
<StmntSeq Intrnl_Id="993">
<LocList>
<Loc EndOffset="12541" SrcFileId="2" StartOffset="12513"/>
</LocList>
<BasicStmnt CovItemId="S306" CovItemPrefix="CardSupply.java" Intrnl_Id="994">
<LocList>
<Loc EndOffset="12541" SrcFileId="2" StartOffset="12513"/>
</LocList>
</BasicStmnt>
</StmntSeq>
</Branch>
<Branch CovItemId="B158" CovItemPrefix="CardSupply.java" Implct="false" Intrnl_Id="995">
<Cond>
<Loc EndOffset="12559" SrcFileId="2" StartOffset="12545"/>
</Cond>
<LocList>
<Loc EndOffset="12594" SrcFileId="2" StartOffset="12565"/>
</LocList>
<StmntSeq Intrnl_Id="996">
<LocList>
<Loc EndOffset="12594" SrcFileId="2" StartOffset="12565"/>
</LocList>
<BasicStmnt CovItemId="S307" CovItemPrefix="CardSupply.java" Intrnl_Id="997">
<LocList>
<Loc EndOffset="12594" SrcFileId="2" StartOffset="12565"/>
</LocList>
</BasicStmnt>
</StmntSeq>
</Branch>
<Branch CovItemId="B159" CovItemPrefix="CardSupply.java" Implct="false" Intrnl_Id="998">
<Cond>
<Loc EndOffset="12615" SrcFileId="2" StartOffset="12598"/>
</Cond>
<LocList>
<Loc EndOffset="12653" SrcFileId="2" StartOffset="12621"/>
</LocList>
<StmntSeq Intrnl_Id="999">
<LocList>
<Loc EndOffset="12653" SrcFileId="2" StartOffset="12621"/>
</LocList>
<BasicStmnt CovItemId="S308" CovItemPrefix="CardSupply.java" Intrnl_Id="1000">
<LocList>
<Loc EndOffset="12653" SrcFileId="2" StartOffset="12621"/>
</LocList>
</BasicStmnt>
</StmntSeq>
</Branch>
<Branch CovItemId="B160" CovItemPrefix="CardSupply.java" Implct="false" Intrnl_Id="1001">
<Cond>
<Loc EndOffset="12669" SrcFileId="2" StartOffset="12657"/>
</Cond>
<LocList>
<Loc EndOffset="12702" SrcFileId="2" StartOffset="12675"/>
</LocList>
<StmntSeq Intrnl_Id="1002">
<LocList>
<Loc EndOffset="12702" SrcFileId="2" StartOffset="12675"/>
</LocList>
<BasicStmnt CovItemId="S309" CovItemPrefix="CardSupply.java" Intrnl_Id="1003">
<LocList>
<Loc EndOffset="12702" SrcFileId="2" StartOffset="12675"/>
</LocList>
</BasicStmnt>
</StmntSeq>
</Branch>
<Branch CovItemId="B161" CovItemPrefix="CardSupply.java" Implct="true" Intrnl_Id="1004">
<Cond/>
<LocList/>
<StmntSeq Intrnl_Id="1005">
<LocList/>
</StmntSeq>
</Branch>
<Keyword EndOffset="11630" SrcFileId="2" StartOffset="11624"/>
<LocList>
<Loc EndOffset="12707" SrcFileId="2" StartOffset="11624"/>
</LocList>
</CondStmnt>
<BasicStmnt CovItemId="S310" CovItemPrefix="CardSupply.java" Intrnl_Id="1006">
<LocList>
<Loc EndOffset="12724" SrcFileId="2" StartOffset="12715"/>
</LocList>
</BasicStmnt>
</StmntSeq>
</HierarchyLvl>
</HierarchyLvl>
<HierarchyLvl HierarchyLvlId="1134" HierarchyLvlTypeId="11" Intrnl_Id="1007" Name="CardSupplyTest">
<Header>
<Loc EndOffset="90" SrcFileId="3" StartOffset="63"/>
</Header>
<LocList>
<Loc EndOffset="959" SrcFileId="3" StartOffset="63"/>
</LocList>
<HierarchyLvl HierarchyLvlId="1128" HierarchyLvlTypeId="10" Intrnl_Id="1008" Name="testRemoveCard">
<Header>
<Loc EndOffset="133" SrcFileId="3" StartOffset="97"/>
</Header>
<LocList>
<Loc EndOffset="256" SrcFileId="3" StartOffset="97"/>
</LocList>
<StmntSeq Intrnl_Id="1009">
<LocList>
<Loc EndOffset="178" SrcFileId="3" StartOffset="139"/>
<Loc EndOffset="212" SrcFileId="3" StartOffset="182"/>
</LocList>
<BasicStmnt CovItemId="S1" CovItemPrefix="CardSupplyTest.java" Intrnl_Id="1010">
<LocList>
<Loc EndOffset="178" SrcFileId="3" StartOffset="139"/>
</LocList>
</BasicStmnt>
<BasicStmnt CovItemId="S2" CovItemPrefix="CardSupplyTest.java" Intrnl_Id="1011">
<LocList>
<Loc EndOffset="212" SrcFileId="3" StartOffset="182"/>
</LocList>
</BasicStmnt>
</StmntSeq>
</HierarchyLvl>
<HierarchyLvl HierarchyLvlId="1129" HierarchyLvlTypeId="10" Intrnl_Id="1012" Name="testAddCardString">
<Header>
<Loc EndOffset="300" SrcFileId="3" StartOffset="261"/>
</Header>
<LocList>
<Loc EndOffset="420" SrcFileId="3" StartOffset="261"/>
</LocList>
<StmntSeq Intrnl_Id="1013">
<LocList>
<Loc EndOffset="345" SrcFileId="3" StartOffset="306"/>
<Loc EndOffset="376" SrcFileId="3" StartOffset="349"/>
</LocList>
<BasicStmnt CovItemId="S3" CovItemPrefix="CardSupplyTest.java" Intrnl_Id="1014">
<LocList>
<Loc EndOffset="345" SrcFileId="3" StartOffset="306"/>
</LocList>
</BasicStmnt>
<BasicStmnt CovItemId="S4" CovItemPrefix="CardSupplyTest.java" Intrnl_Id="1015">
<LocList>
<Loc EndOffset="376" SrcFileId="3" StartOffset="349"/>
</LocList>
</BasicStmnt>
</StmntSeq>
</HierarchyLvl>
<HierarchyLvl HierarchyLvlId="1130" HierarchyLvlTypeId="10" Intrnl_Id="1016" Name="testHowMany">
<Header>
<Loc EndOffset="458" SrcFileId="3" StartOffset="425"/>
</Header>
<LocList>
<Loc EndOffset="576" SrcFileId="3" StartOffset="425"/>
</LocList>
<StmntSeq Intrnl_Id="1017">
<LocList>
<Loc EndOffset="503" SrcFileId="3" StartOffset="464"/>
<Loc EndOffset="548" SrcFileId="3" StartOffset="507"/>
</LocList>
<BasicStmnt CovItemId="S5" CovItemPrefix="CardSupplyTest.java" Intrnl_Id="1018">
<LocList>
<Loc EndOffset="503" SrcFileId="3" StartOffset="464"/>
</LocList>
</BasicStmnt>
<BasicStmnt CovItemId="S6" CovItemPrefix="CardSupplyTest.java" Intrnl_Id="1019">
<LocList>
<Loc EndOffset="548" SrcFileId="3" StartOffset="507"/>
</LocList>
</BasicStmnt>
</StmntSeq>
</HierarchyLvl>
<HierarchyLvl HierarchyLvlId="1131" HierarchyLvlTypeId="10" Intrnl_Id="1020" Name="testCardVP">
<Header>
<Loc EndOffset="613" SrcFileId="3" StartOffset="581"/>
</Header>
<LocList>
<Loc EndOffset="705" SrcFileId="3" StartOffset="581"/>
</LocList>
<StmntSeq Intrnl_Id="1021">
<LocList>
<Loc EndOffset="658" SrcFileId="3" StartOffset="619"/>
</LocList>
<BasicStmnt CovItemId="S7" CovItemPrefix="CardSupplyTest.java" Intrnl_Id="1022">
<LocList>
<Loc EndOffset="658" SrcFileId="3" StartOffset="619"/>
</LocList>
</BasicStmnt>
</StmntSeq>
</HierarchyLvl>
<HierarchyLvl HierarchyLvlId="1132" HierarchyLvlTypeId="10" Intrnl_Id="1023" Name="testAddCardStringInt">
<Header>
<Loc EndOffset="752" SrcFileId="3" StartOffset="710"/>
</Header>
<LocList>
<Loc EndOffset="878" SrcFileId="3" StartOffset="710"/>
</LocList>
<StmntSeq Intrnl_Id="1024">
<LocList>
<Loc EndOffset="797" SrcFileId="3" StartOffset="758"/>
<Loc EndOffset="832" SrcFileId="3" StartOffset="801"/>
</LocList>
<BasicStmnt CovItemId="S8" CovItemPrefix="CardSupplyTest.java" Intrnl_Id="1025">
<LocList>
<Loc EndOffset="797" SrcFileId="3" StartOffset="758"/>
</LocList>
</BasicStmnt>
<BasicStmnt CovItemId="S9" CovItemPrefix="CardSupplyTest.java" Intrnl_Id="1026">
<LocList>
<Loc EndOffset="832" SrcFileId="3" StartOffset="801"/>
</LocList>
</BasicStmnt>
</StmntSeq>
</HierarchyLvl>
<HierarchyLvl HierarchyLvlId="1133" HierarchyLvlTypeId="10" Intrnl_Id="1027" Name="testEndgame">
<Header>
<Loc EndOffset="916" SrcFileId="3" StartOffset="883"/>
</Header>
<LocList>
<Loc EndOffset="954" SrcFileId="3" StartOffset="883"/>
</LocList>
<StmntSeq Intrnl_Id="1028">
<LocList>
<Loc EndOffset="950" SrcFileId="3" StartOffset="922"/>
</LocList>
<BasicStmnt CovItemId="S10" CovItemPrefix="CardSupplyTest.java" Intrnl_Id="1029">
<LocList>
<Loc EndOffset="950" SrcFileId="3" StartOffset="922"/>
</LocList>
</BasicStmnt>
</StmntSeq>
</HierarchyLvl>
</HierarchyLvl>
<HierarchyLvl HierarchyLvlId="1136" HierarchyLvlTypeId="11" Intrnl_Id="1030" Name="PlayTest">
<Header>
<Loc EndOffset="25" SrcFileId="4" StartOffset="4"/>
</Header>
<LocList>
<Loc EndOffset="755" SrcFileId="4" StartOffset="4"/>
</LocList>
<HierarchyLvl HierarchyLvlId="1135" HierarchyLvlTypeId="10" Intrnl_Id="1031" Name="main">
<Header>
<Loc EndOffset="70" SrcFileId="4" StartOffset="32"/>
</Header>
<LocList>
<Loc EndOffset="750" SrcFileId="4" StartOffset="32"/>
</LocList>
<StmntSeq Intrnl_Id="1032">
<LocList>
<Loc EndOffset="111" SrcFileId="4" StartOffset="76"/>
<Loc EndOffset="149" SrcFileId="4" StartOffset="115"/>
<Loc EndOffset="187" SrcFileId="4" StartOffset="153"/>
<Loc EndOffset="466" SrcFileId="4" StartOffset="252"/>
<Loc EndOffset="511" SrcFileId="4" StartOffset="472"/>
<Loc EndOffset="554" SrcFileId="4" StartOffset="515"/>
<Loc EndOffset="742" SrcFileId="4" StartOffset="562"/>
</LocList>
<BasicStmnt CovItemId="S1" CovItemPrefix="PlayTest.java" Intrnl_Id="1033">
<LocList>
<Loc EndOffset="111" SrcFileId="4" StartOffset="76"/>
</LocList>
</BasicStmnt>
<BasicStmnt CovItemId="S2" CovItemPrefix="PlayTest.java" Intrnl_Id="1034">
<LocList>
<Loc EndOffset="149" SrcFileId="4" StartOffset="115"/>
</LocList>
</BasicStmnt>
<BasicStmnt CovItemId="S3" CovItemPrefix="PlayTest.java" Intrnl_Id="1035">
<LocList>
<Loc EndOffset="187" SrcFileId="4" StartOffset="153"/>
</LocList>
</BasicStmnt>
<LoopStmnt CovItemId="S4" CovItemPrefix="PlayTest.java" Intrnl_Id="1036" MltplExecId="L1-2" MltplExecPrefix="PlayTest.java" NvrExecId="L1-0" NvrExecPrefix="PlayTest.java" OnceExecutedId="L1-1" OnceExecutedPrefix="PlayTest.java" OptBodyExec="true">
<StmntSeq Intrnl_Id="1037">
<LocList>
<Loc EndOffset="321" SrcFileId="4" StartOffset="286"/>
<Loc EndOffset="361" SrcFileId="4" StartOffset="326"/>
<Loc EndOffset="410" SrcFileId="4" StartOffset="366"/>
<Loc EndOffset="459" SrcFileId="4" StartOffset="415"/>
</LocList>
<BasicStmnt CovItemId="S5" CovItemPrefix="PlayTest.java" Intrnl_Id="1038">
<LocList>
<Loc EndOffset="321" SrcFileId="4" StartOffset="286"/>
</LocList>
</BasicStmnt>
<BasicStmnt CovItemId="S6" CovItemPrefix="PlayTest.java" Intrnl_Id="1039">
<LocList>
<Loc EndOffset="361" SrcFileId="4" StartOffset="326"/>
</LocList>
</BasicStmnt>
<BasicStmnt CovItemId="S7" CovItemPrefix="PlayTest.java" Intrnl_Id="1040">
<LocList>
<Loc EndOffset="410" SrcFileId="4" StartOffset="366"/>
</LocList>
</BasicStmnt>
<BasicStmnt CovItemId="S8" CovItemPrefix="PlayTest.java" Intrnl_Id="1041">
<LocList>
<Loc EndOffset="459" SrcFileId="4" StartOffset="415"/>
</LocList>
</BasicStmnt>
</StmntSeq>
<Keyword EndOffset="257" SrcFileId="4" StartOffset="252"/>
<LocList>
<Loc EndOffset="466" SrcFileId="4" StartOffset="252"/>
</LocList>
<RootTerm CovItemId="C1" CovItemPrefix="PlayTest.java" Intrnl_Id="1042">
<OpTerm BooleanOpId="9" Intrnl_Id="1043">
<BasicBoolTerm Intrnl_Id="1044">
<LocList>
<Loc EndOffset="275" SrcFileId="4" StartOffset="259"/>
</LocList>
</BasicBoolTerm>
<LocList>
<Loc EndOffset="259" SrcFileId="4" StartOffset="258"/>
</LocList>
</OpTerm>
</RootTerm>
</LoopStmnt>
<BasicStmnt CovItemId="S9" CovItemPrefix="PlayTest.java" Intrnl_Id="1045">
<LocList>
<Loc EndOffset="511" SrcFileId="4" StartOffset="472"/>
</LocList>
</BasicStmnt>
<BasicStmnt CovItemId="S10" CovItemPrefix="PlayTest.java" Intrnl_Id="1046">
<LocList>
<Loc EndOffset="554" SrcFileId="4" StartOffset="515"/>
</LocList>
</BasicStmnt>
<CondStmnt CovItemId="S11" CovItemPrefix="PlayTest.java" Intrnl_Id="1047">
<Branch CovItemId="B1" CovItemPrefix="PlayTest.java" Implct="false" Intrnl_Id="1048">
<Cond/>
<LocList>
<Loc EndOffset="665" SrcFileId="4" StartOffset="597"/>
</LocList>
<StmntSeq Intrnl_Id="1049">
<LocList>
<Loc EndOffset="665" SrcFileId="4" StartOffset="597"/>
</LocList>
<BasicStmnt CovItemId="S12" CovItemPrefix="PlayTest.java" Intrnl_Id="1050">
<LocList>
<Loc EndOffset="665" SrcFileId="4" StartOffset="597"/>
</LocList>
</BasicStmnt>
</StmntSeq>
</Branch>
<Branch CovItemId="B2" CovItemPrefix="PlayTest.java" Implct="false" Intrnl_Id="1051">
<Cond>
<Loc EndOffset="673" SrcFileId="4" StartOffset="669"/>
</Cond>
<LocList>
<Loc EndOffset="742" SrcFileId="4" StartOffset="674"/>
</LocList>
<StmntSeq Intrnl_Id="1052">
<LocList>
<Loc EndOffset="742" SrcFileId="4" StartOffset="674"/>
</LocList>
<BasicStmnt CovItemId="S13" CovItemPrefix="PlayTest.java" Intrnl_Id="1053">
<LocList>
<Loc EndOffset="742" SrcFileId="4" StartOffset="674"/>
</LocList>
</BasicStmnt>
</StmntSeq>
</Branch>
<Keyword EndOffset="564" SrcFileId="4" StartOffset="562"/>
<LocList>
<Loc EndOffset="742" SrcFileId="4" StartOffset="562"/>
</LocList>
<RootTerm CovItemId="C2" CovItemPrefix="PlayTest.java" Intrnl_Id="1054">
<BasicBoolTerm Intrnl_Id="1055">
<LocList>
<Loc EndOffset="595" SrcFileId="4" StartOffset="565"/>
</LocList>
</BasicBoolTerm>
</RootTerm>
</CondStmnt>
</StmntSeq>
</HierarchyLvl>
</HierarchyLvl>
<HierarchyLvl HierarchyLvlId="1142" HierarchyLvlTypeId="11" Intrnl_Id="1056" Name="Player">
<Header>
<Loc EndOffset="75" SrcFileId="5" StartOffset="56"/>
</Header>
<LocList>
<Loc EndOffset="3005" SrcFileId="5" StartOffset="56"/>
</LocList>
<HierarchyLvl HierarchyLvlId="1137" HierarchyLvlTypeId="10" Intrnl_Id="1057" Name="Player">
<Header>
<Loc EndOffset="147" SrcFileId="5" StartOffset="115"/>
</Header>
<LocList>
<Loc EndOffset="294" SrcFileId="5" StartOffset="115"/>
</LocList>
<StmntSeq Intrnl_Id="1058">
<LocList>
<Loc EndOffset="186" SrcFileId="5" StartOffset="155"/>
<Loc EndOffset="222" SrcFileId="5" StartOffset="190"/>
<Loc EndOffset="256" SrcFileId="5" StartOffset="226"/>
<Loc EndOffset="290" SrcFileId="5" StartOffset="260"/>
</LocList>
<BasicStmnt CovItemId="S1" CovItemPrefix="Player.java" Intrnl_Id="1059">
<LocList>
<Loc EndOffset="186" SrcFileId="5" StartOffset="155"/>
</LocList>
</BasicStmnt>
<BasicStmnt CovItemId="S2" CovItemPrefix="Player.java" Intrnl_Id="1060">
<LocList>
<Loc EndOffset="222" SrcFileId="5" StartOffset="190"/>
</LocList>
</BasicStmnt>
<BasicStmnt CovItemId="S3" CovItemPrefix="Player.java" Intrnl_Id="1061">
<LocList>
<Loc EndOffset="256" SrcFileId="5" StartOffset="226"/>
</LocList>
</BasicStmnt>
<BasicStmnt CovItemId="S4" CovItemPrefix="Player.java" Intrnl_Id="1062">
<LocList>
<Loc EndOffset="290" SrcFileId="5" StartOffset="260"/>
</LocList>
</BasicStmnt>
</StmntSeq>
</HierarchyLvl>
<HierarchyLvl HierarchyLvlId="1138" HierarchyLvlTypeId="10" Intrnl_Id="1063" Name="shuffleDiscard">
<Header>
<Loc EndOffset="329" SrcFileId="5" StartOffset="301"/>
</Header>
<LocList>
<Loc EndOffset="2121" SrcFileId="5" StartOffset="301"/>
</LocList>
<StmntSeq Intrnl_Id="1064">
<LocList>
<Loc EndOffset="457" SrcFileId="5" StartOffset="400"/>
<Loc EndOffset="491" SrcFileId="5" StartOffset="461"/>
<Loc EndOffset="552" SrcFileId="5" StartOffset="495"/>
<Loc EndOffset="586" SrcFileId="5" StartOffset="556"/>
<Loc EndOffset="639" SrcFileId="5" StartOffset="590"/>
<Loc EndOffset="669" SrcFileId="5" StartOffset="643"/>
<Loc EndOffset="722" SrcFileId="5" StartOffset="673"/>
<Loc EndOffset="752" SrcFileId="5" StartOffset="726"/>
<Loc EndOffset="801" SrcFileId="5" StartOffset="756"/>
<Loc EndOffset="829" SrcFileId="5" StartOffset="805"/>
<Loc EndOffset="882" SrcFileId="5" StartOffset="833"/>
<Loc EndOffset="912" SrcFileId="5" StartOffset="886"/>
<Loc EndOffset="963" SrcFileId="5" StartOffset="916"/>
<Loc EndOffset="992" SrcFileId="5" StartOffset="967"/>
<Loc EndOffset="1043" SrcFileId="5" StartOffset="996"/>
<Loc EndOffset="1072" SrcFileId="5" StartOffset="1047"/>
<Loc EndOffset="1129" SrcFileId="5" StartOffset="1076"/>
<Loc EndOffset="1161" SrcFileId="5" StartOffset="1133"/>
<Loc EndOffset="1212" SrcFileId="5" StartOffset="1165"/>
<Loc EndOffset="1241" SrcFileId="5" StartOffset="1216"/>
<Loc EndOffset="1304" SrcFileId="5" StartOffset="1245"/>
<Loc EndOffset="1339" SrcFileId="5" StartOffset="1308"/>
<Loc EndOffset="1396" SrcFileId="5" StartOffset="1343"/>
<Loc EndOffset="1428" SrcFileId="5" StartOffset="1400"/>
<Loc EndOffset="1483" SrcFileId="5" StartOffset="1432"/>
<Loc EndOffset="1514" SrcFileId="5" StartOffset="1487"/>
<Loc EndOffset="1565" SrcFileId="5" StartOffset="1518"/>
<Loc EndOffset="1594" SrcFileId="5" StartOffset="1569"/>
<Loc EndOffset="1649" SrcFileId="5" StartOffset="1598"/>
<Loc EndOffset="1680" SrcFileId="5" StartOffset="1653"/>
<Loc EndOffset="1739" SrcFileId="5" StartOffset="1684"/>
<Loc EndOffset="1772" SrcFileId="5" StartOffset="1743"/>
<Loc EndOffset="1821" SrcFileId="5" StartOffset="1776"/>
<Loc EndOffset="1849" SrcFileId="5" StartOffset="1825"/>
<Loc EndOffset="1902" SrcFileId="5" StartOffset="1853"/>
<Loc EndOffset="1932" SrcFileId="5" StartOffset="1906"/>
<Loc EndOffset="1987" SrcFileId="5" StartOffset="1936"/>
<Loc EndOffset="2018" SrcFileId="5" StartOffset="1991"/>
<Loc EndOffset="2079" SrcFileId="5" StartOffset="2022"/>
<Loc EndOffset="2113" SrcFileId="5" StartOffset="2083"/>
</LocList>
<BasicStmnt CovItemId="S5" CovItemPrefix="Player.java" Intrnl_Id="1065">
<LocList>
<Loc EndOffset="457" SrcFileId="5" StartOffset="400"/>
</LocList>
</BasicStmnt>
<BasicStmnt CovItemId="S6" CovItemPrefix="Player.java" Intrnl_Id="1066">
<LocList>
<Loc EndOffset="491" SrcFileId="5" StartOffset="461"/>
</LocList>
</BasicStmnt>
<BasicStmnt CovItemId="S7" CovItemPrefix="Player.java" Intrnl_Id="1067">
<LocList>
<Loc EndOffset="552" SrcFileId="5" StartOffset="495"/>
</LocList>
</BasicStmnt>
<BasicStmnt CovItemId="S8" CovItemPrefix="Player.java" Intrnl_Id="1068">
<LocList>
<Loc EndOffset="586" SrcFileId="5" StartOffset="556"/>
</LocList>
</BasicStmnt>
<BasicStmnt CovItemId="S9" CovItemPrefix="Player.java" Intrnl_Id="1069">
<LocList>
<Loc EndOffset="639" SrcFileId="5" StartOffset="590"/>
</LocList>
</BasicStmnt>
<BasicStmnt CovItemId="S10" CovItemPrefix="Player.java" Intrnl_Id="1070">
<LocList>
<Loc EndOffset="669" SrcFileId="5" StartOffset="643"/>
</LocList>
</BasicStmnt>
<BasicStmnt CovItemId="S11" CovItemPrefix="Player.java" Intrnl_Id="1071">
<LocList>
<Loc EndOffset="722" SrcFileId="5" StartOffset="673"/>
</LocList>
</BasicStmnt>
<BasicStmnt CovItemId="S12" CovItemPrefix="Player.java" Intrnl_Id="1072">
<LocList>
<Loc EndOffset="752" SrcFileId="5" StartOffset="726"/>
</LocList>
</BasicStmnt>
<BasicStmnt CovItemId="S13" CovItemPrefix="Player.java" Intrnl_Id="1073">
<LocList>
<Loc EndOffset="801" SrcFileId="5" StartOffset="756"/>
</LocList>
</BasicStmnt>
<BasicStmnt CovItemId="S14" CovItemPrefix="Player.java" Intrnl_Id="1074">
<LocList>
<Loc EndOffset="829" SrcFileId="5" StartOffset="805"/>
</LocList>
</BasicStmnt>
<BasicStmnt CovItemId="S15" CovItemPrefix="Player.java" Intrnl_Id="1075">
<LocList>
<Loc EndOffset="882" SrcFileId="5" StartOffset="833"/>
</LocList>
</BasicStmnt>
<BasicStmnt CovItemId="S16" CovItemPrefix="Player.java" Intrnl_Id="1076">
<LocList>
<Loc EndOffset="912" SrcFileId="5" StartOffset="886"/>
</LocList>
</BasicStmnt>
<BasicStmnt CovItemId="S17" CovItemPrefix="Player.java" Intrnl_Id="1077">
<LocList>
<Loc EndOffset="963" SrcFileId="5" StartOffset="916"/>
</LocList>
</BasicStmnt>
<BasicStmnt CovItemId="S18" CovItemPrefix="Player.java" Intrnl_Id="1078">
<LocList>
<Loc EndOffset="992" SrcFileId="5" StartOffset="967"/>
</LocList>
</BasicStmnt>
<BasicStmnt CovItemId="S19" CovItemPrefix="Player.java" Intrnl_Id="1079">
<LocList>
<Loc EndOffset="1043" SrcFileId="5" StartOffset="996"/>
</LocList>
</BasicStmnt>
<BasicStmnt CovItemId="S20" CovItemPrefix="Player.java" Intrnl_Id="1080">
<LocList>
<Loc EndOffset="1072" SrcFileId="5" StartOffset="1047"/>
</LocList>
</BasicStmnt>
<BasicStmnt CovItemId="S21" CovItemPrefix="Player.java" Intrnl_Id="1081">
<LocList>
<Loc EndOffset="1129" SrcFileId="5" StartOffset="1076"/>
</LocList>
</BasicStmnt>
<BasicStmnt CovItemId="S22" CovItemPrefix="Player.java" Intrnl_Id="1082">
<LocList>
<Loc EndOffset="1161" SrcFileId="5" StartOffset="1133"/>
</LocList>
</BasicStmnt>
<BasicStmnt CovItemId="S23" CovItemPrefix="Player.java" Intrnl_Id="1083">
<LocList>
<Loc EndOffset="1212" SrcFileId="5" StartOffset="1165"/>
</LocList>
</BasicStmnt>
<BasicStmnt CovItemId="S24" CovItemPrefix="Player.java" Intrnl_Id="1084">
<LocList>
<Loc EndOffset="1241" SrcFileId="5" StartOffset="1216"/>
</LocList>
</BasicStmnt>
<BasicStmnt CovItemId="S25" CovItemPrefix="Player.java" Intrnl_Id="1085">
<LocList>
<Loc EndOffset="1304" SrcFileId="5" StartOffset="1245"/>
</LocList>
</BasicStmnt>
<BasicStmnt CovItemId="S26" CovItemPrefix="Player.java" Intrnl_Id="1086">
<LocList>
<Loc EndOffset="1339" SrcFileId="5" StartOffset="1308"/>
</LocList>
</BasicStmnt>
<BasicStmnt CovItemId="S27" CovItemPrefix="Player.java" Intrnl_Id="1087">
<LocList>
<Loc EndOffset="1396" SrcFileId="5" StartOffset="1343"/>
</LocList>
</BasicStmnt>
<BasicStmnt CovItemId="S28" CovItemPrefix="Player.java" Intrnl_Id="1088">
<LocList>
<Loc EndOffset="1428" SrcFileId="5" StartOffset="1400"/>
</LocList>
</BasicStmnt>
<BasicStmnt CovItemId="S29" CovItemPrefix="Player.java" Intrnl_Id="1089">
<LocList>
<Loc EndOffset="1483" SrcFileId="5" StartOffset="1432"/>
</LocList>
</BasicStmnt>
<BasicStmnt CovItemId="S30" CovItemPrefix="Player.java" Intrnl_Id="1090">
<LocList>
<Loc EndOffset="1514" SrcFileId="5" StartOffset="1487"/>
</LocList>
</BasicStmnt>
<BasicStmnt CovItemId="S31" CovItemPrefix="Player.java" Intrnl_Id="1091">
<LocList>
<Loc EndOffset="1565" SrcFileId="5" StartOffset="1518"/>
</LocList>
</BasicStmnt>
<BasicStmnt CovItemId="S32" CovItemPrefix="Player.java" Intrnl_Id="1092">
<LocList>
<Loc EndOffset="1594" SrcFileId="5" StartOffset="1569"/>
</LocList>
</BasicStmnt>
<BasicStmnt CovItemId="S33" CovItemPrefix="Player.java" Intrnl_Id="1093">
<LocList>
<Loc EndOffset="1649" SrcFileId="5" StartOffset="1598"/>
</LocList>
</BasicStmnt>
<BasicStmnt CovItemId="S34" CovItemPrefix="Player.java" Intrnl_Id="1094">
<LocList>
<Loc EndOffset="1680" SrcFileId="5" StartOffset="1653"/>
</LocList>
</BasicStmnt>
<BasicStmnt CovItemId="S35" CovItemPrefix="Player.java" Intrnl_Id="1095">
<LocList>
<Loc EndOffset="1739" SrcFileId="5" StartOffset="1684"/>
</LocList>
</BasicStmnt>
<BasicStmnt CovItemId="S36" CovItemPrefix="Player.java" Intrnl_Id="1096">
<LocList>
<Loc EndOffset="1772" SrcFileId="5" StartOffset="1743"/>
</LocList>
</BasicStmnt>
<BasicStmnt CovItemId="S37" CovItemPrefix="Player.java" Intrnl_Id="1097">
<LocList>
<Loc EndOffset="1821" SrcFileId="5" StartOffset="1776"/>
</LocList>
</BasicStmnt>
<BasicStmnt CovItemId="S38" CovItemPrefix="Player.java" Intrnl_Id="1098">
<LocList>
<Loc EndOffset="1849" SrcFileId="5" StartOffset="1825"/>
</LocList>
</BasicStmnt>
<BasicStmnt CovItemId="S39" CovItemPrefix="Player.java" Intrnl_Id="1099">
<LocList>
<Loc EndOffset="1902" SrcFileId="5" StartOffset="1853"/>
</LocList>
</BasicStmnt>
<BasicStmnt CovItemId="S40" CovItemPrefix="Player.java" Intrnl_Id="1100">
<LocList>
<Loc EndOffset="1932" SrcFileId="5" StartOffset="1906"/>
</LocList>
</BasicStmnt>
<BasicStmnt CovItemId="S41" CovItemPrefix="Player.java" Intrnl_Id="1101">
<LocList>
<Loc EndOffset="1987" SrcFileId="5" StartOffset="1936"/>
</LocList>
</BasicStmnt>
<BasicStmnt CovItemId="S42" CovItemPrefix="Player.java" Intrnl_Id="1102">
<LocList>
<Loc EndOffset="2018" SrcFileId="5" StartOffset="1991"/>
</LocList>
</BasicStmnt>
<BasicStmnt CovItemId="S43" CovItemPrefix="Player.java" Intrnl_Id="1103">
<LocList>
<Loc EndOffset="2079" SrcFileId="5" StartOffset="2022"/>
</LocList>
</BasicStmnt>
<BasicStmnt CovItemId="S44" CovItemPrefix="Player.java" Intrnl_Id="1104">
<LocList>
<Loc EndOffset="2113" SrcFileId="5" StartOffset="2083"/>
</LocList>
</BasicStmnt>
</StmntSeq>
</HierarchyLvl>
<HierarchyLvl HierarchyLvlId="1139" HierarchyLvlTypeId="10" Intrnl_Id="1105" Name="drawCard">
<Header>
<Loc EndOffset="2148" SrcFileId="5" StartOffset="2126"/>
</Header>
<LocList>
<Loc EndOffset="2231" SrcFileId="5" StartOffset="2126"/>
</LocList>
<StmntSeq Intrnl_Id="1106">
<LocList>
<Loc EndOffset="2196" SrcFileId="5" StartOffset="2154"/>
<Loc EndOffset="2227" SrcFileId="5" StartOffset="2200"/>
</LocList>
<CondStmnt CovItemId="S45" CovItemPrefix="Player.java" Intrnl_Id="1107">
<Branch CovItemId="B1" CovItemPrefix="Player.java" Implct="false" Intrnl_Id="1108">
<Cond/>
<LocList>
<Loc EndOffset="2196" SrcFileId="5" StartOffset="2179"/>
</LocList>
<StmntSeq Intrnl_Id="1109">
<LocList>
<Loc EndOffset="2196" SrcFileId="5" StartOffset="2179"/>
</LocList>
<BasicStmnt CovItemId="S46" CovItemPrefix="Player.java" Intrnl_Id="1110">
<LocList>
<Loc EndOffset="2196" SrcFileId="5" StartOffset="2179"/>
</LocList>
</BasicStmnt>
</StmntSeq>
</Branch>
<Branch CovItemId="B2" CovItemPrefix="Player.java" Implct="true" Intrnl_Id="1111">
<Cond/>
<LocList/>
<StmntSeq Intrnl_Id="1112">
<LocList/>
</StmntSeq>
</Branch>
<Keyword EndOffset="2156" SrcFileId="5" StartOffset="2154"/>
<LocList>
<Loc EndOffset="2196" SrcFileId="5" StartOffset="2154"/>
</LocList>
<RootTerm CovItemId="C1" CovItemPrefix="Player.java" Intrnl_Id="1113">
<BasicBoolTerm Intrnl_Id="1114">
<LocList>
<Loc EndOffset="2177" SrcFileId="5" StartOffset="2157"/>
</LocList>
</BasicBoolTerm>
</RootTerm>
</CondStmnt>
<BasicStmnt CovItemId="S47" CovItemPrefix="Player.java" Intrnl_Id="1115">
<LocList>
<Loc EndOffset="2227" SrcFileId="5" StartOffset="2200"/>
</LocList>
</BasicStmnt>
</StmntSeq>
</HierarchyLvl>
<HierarchyLvl HierarchyLvlId="1140" HierarchyLvlTypeId="10" Intrnl_Id="1116" Name="deckSize">
<Header>
<Loc EndOffset="2274" SrcFileId="5" StartOffset="2238"/>
</Header>
<LocList>
<Loc EndOffset="2715" SrcFileId="5" StartOffset="2238"/>
</LocList>
<StmntSeq Intrnl_Id="1117">
<LocList>
<Loc EndOffset="2329" SrcFileId="5" StartOffset="2280"/>
<Loc EndOffset="2354" SrcFileId="5" StartOffset="2333"/>
<Loc EndOffset="2419" SrcFileId="5" StartOffset="2358"/>
<Loc EndOffset="2447" SrcFileId="5" StartOffset="2423"/>
<Loc EndOffset="2475" SrcFileId="5" StartOffset="2451"/>
<Loc EndOffset="2501" SrcFileId="5" StartOffset="2479"/>
<Loc EndOffset="2528" SrcFileId="5" StartOffset="2505"/>
<Loc EndOffset="2556" SrcFileId="5" StartOffset="2532"/>
<Loc EndOffset="2586" SrcFileId="5" StartOffset="2560"/>
<Loc EndOffset="2613" SrcFileId="5" StartOffset="2590"/>
<Loc EndOffset="2685" SrcFileId="5" StartOffset="2617"/>
<Loc EndOffset="2711" SrcFileId="5" StartOffset="2689"/>
</LocList>
<BasicStmnt CovItemId="S48" CovItemPrefix="Player.java" Intrnl_Id="1118">
<LocList>
<Loc EndOffset="2329" SrcFileId="5" StartOffset="2280"/>
</LocList>
</BasicStmnt>
<BasicStmnt CovItemId="S49" CovItemPrefix="Player.java" Intrnl_Id="1119">
<LocList>
<Loc EndOffset="2354" SrcFileId="5" StartOffset="2333"/>
</LocList>
</BasicStmnt>
<LoopStmnt CovItemId="S50" CovItemPrefix="Player.java" Intrnl_Id="1120" MltplExecId="L1-2" MltplExecPrefix="Player.java" NvrExecId="L1-0" NvrExecPrefix="Player.java" OnceExecutedId="L1-1" OnceExecutedPrefix="Player.java" OptBodyExec="true">
<StmntSeq Intrnl_Id="1121">
<LocList>
<Loc EndOffset="2419" SrcFileId="5" StartOffset="2399"/>
</LocList>
<BasicStmnt CovItemId="S51" CovItemPrefix="Player.java" Intrnl_Id="1122">
<LocList>
<Loc EndOffset="2419" SrcFileId="5" StartOffset="2399"/>
</LocList>
</BasicStmnt>
</StmntSeq>
<Keyword EndOffset="2361" SrcFileId="5" StartOffset="2358"/>
<LocList>
<Loc EndOffset="2419" SrcFileId="5" StartOffset="2358"/>
</LocList>
</LoopStmnt>
<BasicStmnt CovItemId="S52" CovItemPrefix="Player.java" Intrnl_Id="1123">
<LocList>
<Loc EndOffset="2447" SrcFileId="5" StartOffset="2423"/>
</LocList>
</BasicStmnt>
<BasicStmnt CovItemId="S53" CovItemPrefix="Player.java" Intrnl_Id="1124">
<LocList>
<Loc EndOffset="2475" SrcFileId="5" StartOffset="2451"/>
</LocList>
</BasicStmnt>
<BasicStmnt CovItemId="S54" CovItemPrefix="Player.java" Intrnl_Id="1125">
<LocList>
<Loc EndOffset="2501" SrcFileId="5" StartOffset="2479"/>
</LocList>
</BasicStmnt>
<BasicStmnt CovItemId="S55" CovItemPrefix="Player.java" Intrnl_Id="1126">
<LocList>
<Loc EndOffset="2528" SrcFileId="5" StartOffset="2505"/>
</LocList>
</BasicStmnt>
<BasicStmnt CovItemId="S56" CovItemPrefix="Player.java" Intrnl_Id="1127">
<LocList>
<Loc EndOffset="2556" SrcFileId="5" StartOffset="2532"/>
</LocList>
</BasicStmnt>
<BasicStmnt CovItemId="S57" CovItemPrefix="Player.java" Intrnl_Id="1128">
<LocList>
<Loc EndOffset="2586" SrcFileId="5" StartOffset="2560"/>
</LocList>
</BasicStmnt>
<BasicStmnt CovItemId="S58" CovItemPrefix="Player.java" Intrnl_Id="1129">
<LocList>
<Loc EndOffset="2613" SrcFileId="5" StartOffset="2590"/>
</LocList>
</BasicStmnt>
<LoopStmnt CovItemId="S59" CovItemPrefix="Player.java" Intrnl_Id="1130" MltplExecId="L2-2" MltplExecPrefix="Player.java" NvrExecId="L2-0" NvrExecPrefix="Player.java" OnceExecutedId="L2-1" OnceExecutedPrefix="Player.java" OptBodyExec="true">
<StmntSeq Intrnl_Id="1131">
<LocList>
<Loc EndOffset="2685" SrcFileId="5" StartOffset="2650"/>
</LocList>
<BasicStmnt CovItemId="S60" CovItemPrefix="Player.java" Intrnl_Id="1132">
<LocList>
<Loc EndOffset="2685" SrcFileId="5" StartOffset="2650"/>
</LocList>
</BasicStmnt>
</StmntSeq>
<Keyword EndOffset="2620" SrcFileId="5" StartOffset="2617"/>
<LocList>
<Loc EndOffset="2685" SrcFileId="5" StartOffset="2617"/>
</LocList>
</LoopStmnt>
<BasicStmnt CovItemId="S61" CovItemPrefix="Player.java" Intrnl_Id="1133">
<LocList>
<Loc EndOffset="2711" SrcFileId="5" StartOffset="2689"/>
</LocList>
</BasicStmnt>
</StmntSeq>
</HierarchyLvl>
<HierarchyLvl HierarchyLvlId="1141" HierarchyLvlTypeId="10" Intrnl_Id="1134" Name="countPoints">
<Header>
<Loc EndOffset="2746" SrcFileId="5" StartOffset="2722"/>
</Header>
<LocList>
<Loc EndOffset="2988" SrcFileId="5" StartOffset="2722"/>
</LocList>
<StmntSeq Intrnl_Id="1135">
<LocList>
<Loc EndOffset="2767" SrcFileId="5" StartOffset="2752"/>
<Loc EndOffset="2788" SrcFileId="5" StartOffset="2771"/>
<Loc EndOffset="2903" SrcFileId="5" StartOffset="2792"/>
<Loc EndOffset="2964" SrcFileId="5" StartOffset="2907"/>
<Loc EndOffset="2984" SrcFileId="5" StartOffset="2968"/>
</LocList>
<BasicStmnt CovItemId="S62" CovItemPrefix="Player.java" Intrnl_Id="1136">
<LocList>
<Loc EndOffset="2767" SrcFileId="5" StartOffset="2752"/>
</LocList>
</BasicStmnt>
<BasicStmnt CovItemId="S63" CovItemPrefix="Player.java" Intrnl_Id="1137">
<LocList>
<Loc EndOffset="2788" SrcFileId="5" StartOffset="2771"/>
</LocList>
</BasicStmnt>
<LoopStmnt CovItemId="S64" CovItemPrefix="Player.java" Intrnl_Id="1138" MltplExecId="L3-2" MltplExecPrefix="Player.java" NvrExecId="L3-0" NvrExecPrefix="Player.java" OnceExecutedId="L3-1" OnceExecutedPrefix="Player.java" OptBodyExec="true">
<StmntSeq Intrnl_Id="1139">
<LocList>
<Loc EndOffset="2903" SrcFileId="5" StartOffset="2845"/>
</LocList>
<BasicStmnt CovItemId="S65" CovItemPrefix="Player.java" Intrnl_Id="1140">
<LocList>
<Loc EndOffset="2903" SrcFileId="5" StartOffset="2845"/>
</LocList>
</BasicStmnt>
</StmntSeq>
<Keyword EndOffset="2795" SrcFileId="5" StartOffset="2792"/>
<LocList>
<Loc EndOffset="2903" SrcFileId="5" StartOffset="2792"/>
</LocList>
</LoopStmnt>
<BasicStmnt CovItemId="S66" CovItemPrefix="Player.java" Intrnl_Id="1141">
<LocList>
<Loc EndOffset="2964" SrcFileId="5" StartOffset="2907"/>
</LocList>
</BasicStmnt>
<BasicStmnt CovItemId="S67" CovItemPrefix="Player.java" Intrnl_Id="1142">
<LocList>
<Loc EndOffset="2984" SrcFileId="5" StartOffset="2968"/>
</LocList>
</BasicStmnt>
</StmntSeq>
</HierarchyLvl>
</HierarchyLvl>
<HierarchyLvl HierarchyLvlId="1146" HierarchyLvlTypeId="11" Intrnl_Id="1143" Name="SupplyStack">
<Header>
<Loc EndOffset="26" SrcFileId="6" StartOffset="2"/>
</Header>
<LocList>
<Loc EndOffset="316" SrcFileId="6" StartOffset="2"/>
</LocList>
<HierarchyLvl HierarchyLvlId="1143" HierarchyLvlTypeId="10" Intrnl_Id="1144" Name="SupplyStack">
<Header>
<Loc EndOffset="120" SrcFileId="6" StartOffset="78"/>
</Header>
<LocList>
<Loc EndOffset="193" SrcFileId="6" StartOffset="78"/>
</LocList>
<StmntSeq Intrnl_Id="1145">
<LocList>
<Loc EndOffset="150" SrcFileId="6" StartOffset="125"/>
<Loc EndOffset="169" SrcFileId="6" StartOffset="154"/>
<Loc EndOffset="189" SrcFileId="6" StartOffset="173"/>
</LocList>
<BasicStmnt CovItemId="S1" CovItemPrefix="SupplyStack.java" Intrnl_Id="1146">
<LocList>
<Loc EndOffset="150" SrcFileId="6" StartOffset="125"/>
</LocList>
</BasicStmnt>
<BasicStmnt CovItemId="S2" CovItemPrefix="SupplyStack.java" Intrnl_Id="1147">
<LocList>
<Loc EndOffset="169" SrcFileId="6" StartOffset="154"/>
</LocList>
</BasicStmnt>
<BasicStmnt CovItemId="S3" CovItemPrefix="SupplyStack.java" Intrnl_Id="1148">
<LocList>
<Loc EndOffset="189" SrcFileId="6" StartOffset="173"/>
</LocList>
</BasicStmnt>
</StmntSeq>
</HierarchyLvl>
<HierarchyLvl HierarchyLvlId="1144" HierarchyLvlTypeId="10" Intrnl_Id="1149" Name="getType">
<Header>
<Loc EndOffset="222" SrcFileId="6" StartOffset="199"/>
</Header>
<LocList>
<Loc EndOffset="252" SrcFileId="6" StartOffset="199"/>
</LocList>
<StmntSeq Intrnl_Id="1150">
<LocList>
<Loc EndOffset="248" SrcFileId="6" StartOffset="227"/>
</LocList>
<BasicStmnt CovItemId="S4" CovItemPrefix="SupplyStack.java" Intrnl_Id="1151">
<LocList>
<Loc EndOffset="248" SrcFileId="6" StartOffset="227"/>
</LocList>
</BasicStmnt>
</StmntSeq>
</HierarchyLvl>
<HierarchyLvl HierarchyLvlId="1145" HierarchyLvlTypeId="10" Intrnl_Id="1152" Name="hasTreasure">
<Header>
<Loc EndOffset="282" SrcFileId="6" StartOffset="258"/>
</Header>
<LocList>
<Loc EndOffset="309" SrcFileId="6" StartOffset="258"/>
</LocList>
<StmntSeq Intrnl_Id="1153">
<LocList>
<Loc EndOffset="305" SrcFileId="6" StartOffset="287"/>
</LocList>
<BasicStmnt CovItemId="S5" CovItemPrefix="SupplyStack.java" Intrnl_Id="1154">
<LocList>
<Loc EndOffset="305" SrcFileId="6" StartOffset="287"/>
</LocList>
</BasicStmnt>
</StmntSeq>
</HierarchyLvl>
</HierarchyLvl>
<HierarchyLvl HierarchyLvlId="1154" HierarchyLvlTypeId="11" Intrnl_Id="1155" Name="Turn">
<Header>
<Loc EndOffset="131" SrcFileId="7" StartOffset="114"/>
</Header>
<LocList>
<Loc EndOffset="6228" SrcFileId="7" StartOffset="114"/>
</LocList>
<HierarchyLvl HierarchyLvlId="1147" HierarchyLvlTypeId="10" Intrnl_Id="1156" Name="Turn">
<Header>
<Loc EndOffset="237" SrcFileId="7" StartOffset="189"/>
</Header>
<LocList>
<Loc EndOffset="386" SrcFileId="7" StartOffset="189"/>
</LocList>
<StmntSeq Intrnl_Id="1157">
<LocList>
<Loc EndOffset="252" SrcFileId="7" StartOffset="242"/>
<Loc EndOffset="263" SrcFileId="7" StartOffset="256"/>
<Loc EndOffset="278" SrcFileId="7" StartOffset="267"/>
<Loc EndOffset="311" SrcFileId="7" StartOffset="282"/>
<Loc EndOffset="380" SrcFileId="7" StartOffset="319"/>
</LocList>
<BasicStmnt CovItemId="S1" CovItemPrefix="Turn.java" Intrnl_Id="1158">
<LocList>
<Loc EndOffset="252" SrcFileId="7" StartOffset="242"/>
</LocList>
</BasicStmnt>
<BasicStmnt CovItemId="S2" CovItemPrefix="Turn.java" Intrnl_Id="1159">
<LocList>
<Loc EndOffset="263" SrcFileId="7" StartOffset="256"/>
</LocList>
</BasicStmnt>
<BasicStmnt CovItemId="S3" CovItemPrefix="Turn.java" Intrnl_Id="1160">
<LocList>
<Loc EndOffset="278" SrcFileId="7" StartOffset="267"/>
</LocList>
</BasicStmnt>
<BasicStmnt CovItemId="S4" CovItemPrefix="Turn.java" Intrnl_Id="1161">
<LocList>
<Loc EndOffset="311" SrcFileId="7" StartOffset="282"/>
</LocList>
</BasicStmnt>
<LoopStmnt CovItemId="S5" CovItemPrefix="Turn.java" Intrnl_Id="1162" MltplExecId="L1-2" MltplExecPrefix="Turn.java" NvrExecId="L1-0" NvrExecPrefix="Turn.java" OnceExecutedId="L1-1" OnceExecutedPrefix="Turn.java" OptBodyExec="true">
<StmntSeq Intrnl_Id="1163">
<LocList>
<Loc EndOffset="375" SrcFileId="7" StartOffset="347"/>
</LocList>
<BasicStmnt CovItemId="S6" CovItemPrefix="Turn.java" Intrnl_Id="1164">
<LocList>
<Loc EndOffset="375" SrcFileId="7" StartOffset="347"/>
</LocList>
</BasicStmnt>
</StmntSeq>
<Keyword EndOffset="322" SrcFileId="7" StartOffset="319"/>
<LocList>
<Loc EndOffset="380" SrcFileId="7" StartOffset="319"/>
</LocList>
<RootTerm CovItemId="C1" CovItemPrefix="Turn.java" Intrnl_Id="1165">
<BasicBoolTerm Intrnl_Id="1166">
<LocList>
<Loc EndOffset="335" SrcFileId="7" StartOffset="332"/>
</LocList>
</BasicBoolTerm>
</RootTerm>
</LoopStmnt>
</StmntSeq>
</HierarchyLvl>
<HierarchyLvl HierarchyLvlId="1148" HierarchyLvlTypeId="10" Intrnl_Id="1167" Name="buyCards">
<Header>
<Loc EndOffset="448" SrcFileId="7" StartOffset="391"/>
</Header>
<LocList>
<Loc EndOffset="3146" SrcFileId="7" StartOffset="391"/>
</LocList>
<StmntSeq Intrnl_Id="1168">
<LocList>
<Loc EndOffset="480" SrcFileId="7" StartOffset="454"/>
<Loc EndOffset="521" SrcFileId="7" StartOffset="484"/>
<Loc EndOffset="604" SrcFileId="7" StartOffset="525"/>
<Loc EndOffset="675" SrcFileId="7" StartOffset="608"/>
<Loc EndOffset="719" SrcFileId="7" StartOffset="679"/>
<Loc EndOffset="761" SrcFileId="7" StartOffset="723"/>
<Loc EndOffset="796" SrcFileId="7" StartOffset="765"/>
<Loc EndOffset="3011" SrcFileId="7" StartOffset="804"/>
<Loc EndOffset="3079" SrcFileId="7" StartOffset="3015"/>
<Loc EndOffset="3127" SrcFileId="7" StartOffset="3083"/>
<Loc EndOffset="3138" SrcFileId="7" StartOffset="3131"/>
</LocList>
<BasicStmnt CovItemId="S7" CovItemPrefix="Turn.java" Intrnl_Id="1169">
<LocList>
<Loc EndOffset="480" SrcFileId="7" StartOffset="454"/>
</LocList>
</BasicStmnt>
<BasicStmnt CovItemId="S8" CovItemPrefix="Turn.java" Intrnl_Id="1170">
<LocList>
<Loc EndOffset="521" SrcFileId="7" StartOffset="484"/>
</LocList>
</BasicStmnt>
<BasicStmnt CovItemId="S9" CovItemPrefix="Turn.java" Intrnl_Id="1171">
<LocList>
<Loc EndOffset="604" SrcFileId="7" StartOffset="525"/>
</LocList>
</BasicStmnt>
<BasicStmnt CovItemId="S10" CovItemPrefix="Turn.java" Intrnl_Id="1172">
<LocList>
<Loc EndOffset="675" SrcFileId="7" StartOffset="608"/>
</LocList>
</BasicStmnt>
<BasicStmnt CovItemId="S11" CovItemPrefix="Turn.java" Intrnl_Id="1173">
<LocList>
<Loc EndOffset="719" SrcFileId="7" StartOffset="679"/>
</LocList>
</BasicStmnt>
<BasicStmnt CovItemId="S12" CovItemPrefix="Turn.java" Intrnl_Id="1174">
<LocList>
<Loc EndOffset="761" SrcFileId="7" StartOffset="723"/>
</LocList>
</BasicStmnt>
<BasicStmnt CovItemId="S13" CovItemPrefix="Turn.java" Intrnl_Id="1175">
<LocList>
<Loc EndOffset="796" SrcFileId="7" StartOffset="765"/>
</LocList>
</BasicStmnt>
<CondStmnt CovItemId="S14" CovItemPrefix="Turn.java" Intrnl_Id="1176">
<Branch CovItemId="B1" CovItemPrefix="Turn.java" Implct="false" Intrnl_Id="1177">
<Cond>
<Loc EndOffset="831" SrcFileId="7" StartOffset="825"/>
</Cond>
<LocList/>
<StmntSeq Intrnl_Id="1178">
<LocList/>
</StmntSeq>
</Branch>
<Branch CovItemId="B2" CovItemPrefix="Turn.java" Implct="false" Intrnl_Id="1179">
<Cond>
<Loc EndOffset="901" SrcFileId="7" StartOffset="895"/>
</Cond>
<LocList>
<Loc EndOffset="1056" SrcFileId="7" StartOffset="907"/>
</LocList>
<StmntSeq Intrnl_Id="1180">
<LocList>
<Loc EndOffset="1045" SrcFileId="7" StartOffset="907"/>
<Loc EndOffset="1056" SrcFileId="7" StartOffset="1050"/>
</LocList>
<CondStmnt CovItemId="S15" CovItemPrefix="Turn.java" Intrnl_Id="1181">
<Branch CovItemId="B3" CovItemPrefix="Turn.java" Implct="false" Intrnl_Id="1182">
<Cond/>
<LocList>
<Loc EndOffset="1045" SrcFileId="7" StartOffset="938"/>
</LocList>
<StmntSeq Intrnl_Id="1183">
<LocList>
<Loc EndOffset="978" SrcFileId="7" StartOffset="945"/>
<Loc EndOffset="1015" SrcFileId="7" StartOffset="984"/>
<Loc EndOffset="1039" SrcFileId="7" StartOffset="1021"/>
</LocList>
<BasicStmnt CovItemId="S16" CovItemPrefix="Turn.java" Intrnl_Id="1184">
<LocList>
<Loc EndOffset="978" SrcFileId="7" StartOffset="945"/>
</LocList>
</BasicStmnt>
<BasicStmnt CovItemId="S17" CovItemPrefix="Turn.java" Intrnl_Id="1185">
<LocList>
<Loc EndOffset="1015" SrcFileId="7" StartOffset="984"/>
</LocList>
</BasicStmnt>
<BasicStmnt CovItemId="S18" CovItemPrefix="Turn.java" Intrnl_Id="1186">
<LocList>
<Loc EndOffset="1039" SrcFileId="7" StartOffset="1021"/>
</LocList>
</BasicStmnt>
</StmntSeq>
</Branch>
<Branch CovItemId="B4" CovItemPrefix="Turn.java" Implct="true" Intrnl_Id="1187">
<Cond/>
<LocList/>
<StmntSeq Intrnl_Id="1188">
<LocList/>
</StmntSeq>
</Branch>
<Keyword EndOffset="909" SrcFileId="7" StartOffset="907"/>
<LocList>
<Loc EndOffset="1045" SrcFileId="7" StartOffset="907"/>
</LocList>
<RootTerm CovItemId="C2" CovItemPrefix="Turn.java" Intrnl_Id="1189">
<BasicBoolTerm Intrnl_Id="1190">
<LocList>
<Loc EndOffset="937" SrcFileId="7" StartOffset="910"/>
</LocList>
</BasicBoolTerm>
</RootTerm>
</CondStmnt>
<BasicStmnt CovItemId="S19" CovItemPrefix="Turn.java" Intrnl_Id="1191">
<LocList>
<Loc EndOffset="1056" SrcFileId="7" StartOffset="1050"/>
</LocList>
</BasicStmnt>
</StmntSeq>
</Branch>
<Branch CovItemId="B5" CovItemPrefix="Turn.java" Implct="false" Intrnl_Id="1192">
<Cond>
<Loc EndOffset="1066" SrcFileId="7" StartOffset="1060"/>
</Cond>
<LocList>
<Loc EndOffset="1296" SrcFileId="7" StartOffset="1072"/>
</LocList>
<StmntSeq Intrnl_Id="1193">
<LocList>
<Loc EndOffset="1112" SrcFileId="7" StartOffset="1072"/>
<Loc EndOffset="1189" SrcFileId="7" StartOffset="1117"/>
<Loc EndOffset="1227" SrcFileId="7" StartOffset="1194"/>
<Loc EndOffset="1263" SrcFileId="7" StartOffset="1232"/>
<Loc EndOffset="1285" SrcFileId="7" StartOffset="1268"/>
<Loc EndOffset="1296" SrcFileId="7" StartOffset="1290"/>
</LocList>
<BasicStmnt CovItemId="S20" CovItemPrefix="Turn.java" Intrnl_Id="1194">
<LocList>
<Loc EndOffset="1112" SrcFileId="7" StartOffset="1072"/>
</LocList>
</BasicStmnt>
<CondStmnt CovItemId="S21" CovItemPrefix="Turn.java" Intrnl_Id="1195">
<Branch CovItemId="B6" CovItemPrefix="Turn.java" Implct="false" Intrnl_Id="1196">
<Cond/>
<LocList>
<Loc EndOffset="1189" SrcFileId="7" StartOffset="1151"/>
</LocList>
<StmntSeq Intrnl_Id="1197">
<LocList>
<Loc EndOffset="1189" SrcFileId="7" StartOffset="1151"/>
</LocList>
<BasicStmnt CovItemId="S22" CovItemPrefix="Turn.java" Intrnl_Id="1198">
<LocList>
<Loc EndOffset="1189" SrcFileId="7" StartOffset="1151"/>
</LocList>
</BasicStmnt>
</StmntSeq>
</Branch>
<Branch CovItemId="B7" CovItemPrefix="Turn.java" Implct="true" Intrnl_Id="1199">
<Cond/>
<LocList/>
<StmntSeq Intrnl_Id="1200">
<LocList/>
</StmntSeq>
</Branch>
<Keyword EndOffset="1119" SrcFileId="7" StartOffset="1117"/>
<LocList>
<Loc EndOffset="1189" SrcFileId="7" StartOffset="1117"/>
</LocList>
<RootTerm CovItemId="C3" CovItemPrefix="Turn.java" Intrnl_Id="1201">
<BasicBoolTerm Intrnl_Id="1202">
<LocList>
<Loc EndOffset="1149" SrcFileId="7" StartOffset="1120"/>
</LocList>
</BasicBoolTerm>
</RootTerm>
</CondStmnt>
<BasicStmnt CovItemId="S23" CovItemPrefix="Turn.java" Intrnl_Id="1203">
<LocList>
<Loc EndOffset="1227" SrcFileId="7" StartOffset="1194"/>
</LocList>
</BasicStmnt>
<BasicStmnt CovItemId="S24" CovItemPrefix="Turn.java" Intrnl_Id="1204">
<LocList>
<Loc EndOffset="1263" SrcFileId="7" StartOffset="1232"/>
</LocList>
</BasicStmnt>
<BasicStmnt CovItemId="S25" CovItemPrefix="Turn.java" Intrnl_Id="1205">
<LocList>
<Loc EndOffset="1285" SrcFileId="7" StartOffset="1268"/>
</LocList>
</BasicStmnt>
<BasicStmnt CovItemId="S26" CovItemPrefix="Turn.java" Intrnl_Id="1206">
<LocList>
<Loc EndOffset="1296" SrcFileId="7" StartOffset="1290"/>
</LocList>
</BasicStmnt>
</StmntSeq>
</Branch>
<Branch CovItemId="B8" CovItemPrefix="Turn.java" Implct="false" Intrnl_Id="1207">
<Cond>
<Loc EndOffset="1306" SrcFileId="7" StartOffset="1300"/>
</Cond>
<LocList>
<Loc EndOffset="1675" SrcFileId="7" StartOffset="1312"/>
</LocList>
<StmntSeq Intrnl_Id="1208">
<LocList>
<Loc EndOffset="1351" SrcFileId="7" StartOffset="1312"/>
<Loc EndOffset="1568" SrcFileId="7" StartOffset="1356"/>
<Loc EndOffset="1606" SrcFileId="7" StartOffset="1573"/>
<Loc EndOffset="1642" SrcFileId="7" StartOffset="1611"/>
<Loc EndOffset="1664" SrcFileId="7" StartOffset="1647"/>
<Loc EndOffset="1675" SrcFileId="7" StartOffset="1669"/>
</LocList>
<BasicStmnt CovItemId="S27" CovItemPrefix="Turn.java" Intrnl_Id="1209">
<LocList>
<Loc EndOffset="1351" SrcFileId="7" StartOffset="1312"/>
</LocList>
</BasicStmnt>
<CondStmnt CovItemId="S28" CovItemPrefix="Turn.java" Intrnl_Id="1210">
<Branch CovItemId="B9" CovItemPrefix="Turn.java" Implct="false" Intrnl_Id="1211">
<Cond/>
<LocList>
<Loc EndOffset="1568" SrcFileId="7" StartOffset="1389"/>
</LocList>
<StmntSeq Intrnl_Id="1212">
<LocList>
<Loc EndOffset="1557" SrcFileId="7" StartOffset="1396"/>
</LocList>
<LoopStmnt CovItemId="S29" CovItemPrefix="Turn.java" Intrnl_Id="1213" MltplExecId="L2-2" MltplExecPrefix="Turn.java" NvrExecId="L2-0" NvrExecPrefix="Turn.java" OnceExecutedId="L2-1" OnceExecutedPrefix="Turn.java" OptBodyExec="true">
<StmntSeq Intrnl_Id="1214">
<LocList>
<Loc EndOffset="1503" SrcFileId="7" StartOffset="1464"/>
<Loc EndOffset="1550" SrcFileId="7" StartOffset="1510"/>
</LocList>
<BasicStmnt CovItemId="S30" CovItemPrefix="Turn.java" Intrnl_Id="1215">
<LocList>
<Loc EndOffset="1503" SrcFileId="7" StartOffset="1464"/>
</LocList>
</BasicStmnt>
<CondStmnt CovItemId="S31" CovItemPrefix="Turn.java" Intrnl_Id="1216">
<Branch CovItemId="B11" CovItemPrefix="Turn.java" Implct="false" Intrnl_Id="1217">
<Cond/>
<LocList>
<Loc EndOffset="1550" SrcFileId="7" StartOffset="1544"/>
</LocList>
<StmntSeq Intrnl_Id="1218">
<LocList>
<Loc EndOffset="1550" SrcFileId="7" StartOffset="1544"/>
</LocList>
<BasicStmnt CovItemId="S32" CovItemPrefix="Turn.java" Intrnl_Id="1219">
<LocList>
<Loc EndOffset="1550" SrcFileId="7" StartOffset="1544"/>
</LocList>
</BasicStmnt>
</StmntSeq>
</Branch>
<Branch CovItemId="B12" CovItemPrefix="Turn.java" Implct="true" Intrnl_Id="1220">
<Cond/>
<LocList/>
<StmntSeq Intrnl_Id="1221">
<LocList/>
</StmntSeq>
</Branch>
<Keyword EndOffset="1512" SrcFileId="7" StartOffset="1510"/>
<LocList>
<Loc EndOffset="1550" SrcFileId="7" StartOffset="1510"/>
</LocList>
<RootTerm CovItemId="C6" CovItemPrefix="Turn.java" Intrnl_Id="1222">
<BasicBoolTerm Intrnl_Id="1223">
<LocList>
<Loc EndOffset="1542" SrcFileId="7" StartOffset="1513"/>
</LocList>
</BasicBoolTerm>
</RootTerm>
</CondStmnt>
</StmntSeq>
<Keyword EndOffset="1399" SrcFileId="7" StartOffset="1396"/>
<LocList>
<Loc EndOffset="1557" SrcFileId="7" StartOffset="1396"/>
</LocList>
<RootTerm CovItemId="C5" CovItemPrefix="Turn.java" Intrnl_Id="1224">
<BasicBoolTerm Intrnl_Id="1225">
<LocList>
<Loc EndOffset="1412" SrcFileId="7" StartOffset="1409"/>
</LocList>
</BasicBoolTerm>
</RootTerm>
</LoopStmnt>
</StmntSeq>
</Branch>
<Branch CovItemId="B10" CovItemPrefix="Turn.java" Implct="true" Intrnl_Id="1226">
<Cond/>
<LocList/>
<StmntSeq Intrnl_Id="1227">
<LocList/>
</StmntSeq>
</Branch>
<Keyword EndOffset="1358" SrcFileId="7" StartOffset="1356"/>
<LocList>
<Loc EndOffset="1568" SrcFileId="7" StartOffset="1356"/>
</LocList>
<RootTerm CovItemId="C4" CovItemPrefix="Turn.java" Intrnl_Id="1228">
<BasicBoolTerm Intrnl_Id="1229">
<LocList>
<Loc EndOffset="1388" SrcFileId="7" StartOffset="1359"/>
</LocList>
</BasicBoolTerm>
</RootTerm>
</CondStmnt>
<BasicStmnt CovItemId="S33" CovItemPrefix="Turn.java" Intrnl_Id="1230">
<LocList>
<Loc EndOffset="1606" SrcFileId="7" StartOffset="1573"/>
</LocList>
</BasicStmnt>
<BasicStmnt CovItemId="S34" CovItemPrefix="Turn.java" Intrnl_Id="1231">
<LocList>
<Loc EndOffset="1642" SrcFileId="7" StartOffset="1611"/>
</LocList>
</BasicStmnt>
<BasicStmnt CovItemId="S35" CovItemPrefix="Turn.java" Intrnl_Id="1232">
<LocList>
<Loc EndOffset="1664" SrcFileId="7" StartOffset="1647"/>
</LocList>
</BasicStmnt>
<BasicStmnt CovItemId="S36" CovItemPrefix="Turn.java" Intrnl_Id="1233">
<LocList>
<Loc EndOffset="1675" SrcFileId="7" StartOffset="1669"/>
</LocList>
</BasicStmnt>
</StmntSeq>
</Branch>
<Branch CovItemId="B13" CovItemPrefix="Turn.java" Implct="false" Intrnl_Id="1234">
<Cond>
<Loc EndOffset="1685" SrcFileId="7" StartOffset="1679"/>
</Cond>
<LocList>
<Loc EndOffset="2054" SrcFileId="7" StartOffset="1691"/>
</LocList>
<StmntSeq Intrnl_Id="1235">
<LocList>
<Loc EndOffset="1730" SrcFileId="7" StartOffset="1691"/>
<Loc EndOffset="1947" SrcFileId="7" StartOffset="1735"/>
<Loc EndOffset="1985" SrcFileId="7" StartOffset="1952"/>
<Loc EndOffset="2021" SrcFileId="7" StartOffset="1990"/>
<Loc EndOffset="2043" SrcFileId="7" StartOffset="2026"/>
<Loc EndOffset="2054" SrcFileId="7" StartOffset="2048"/>
</LocList>
<BasicStmnt CovItemId="S37" CovItemPrefix="Turn.java" Intrnl_Id="1236">
<LocList>
<Loc EndOffset="1730" SrcFileId="7" StartOffset="1691"/>
</LocList>
</BasicStmnt>
<CondStmnt CovItemId="S38" CovItemPrefix="Turn.java" Intrnl_Id="1237">
<Branch CovItemId="B14" CovItemPrefix="Turn.java" Implct="false" Intrnl_Id="1238">
<Cond/>
<LocList>
<Loc EndOffset="1947" SrcFileId="7" StartOffset="1768"/>
</LocList>
<StmntSeq Intrnl_Id="1239">
<LocList>
<Loc EndOffset="1936" SrcFileId="7" StartOffset="1775"/>
</LocList>
<LoopStmnt CovItemId="S39" CovItemPrefix="Turn.java" Intrnl_Id="1240" MltplExecId="L3-2" MltplExecPrefix="Turn.java" NvrExecId="L3-0" NvrExecPrefix="Turn.java" OnceExecutedId="L3-1" OnceExecutedPrefix="Turn.java" OptBodyExec="true">
<StmntSeq Intrnl_Id="1241">
<LocList>
<Loc EndOffset="1882" SrcFileId="7" StartOffset="1843"/>
<Loc EndOffset="1929" SrcFileId="7" StartOffset="1889"/>
</LocList>
<BasicStmnt CovItemId="S40" CovItemPrefix="Turn.java" Intrnl_Id="1242">
<LocList>
<Loc EndOffset="1882" SrcFileId="7" StartOffset="1843"/>
</LocList>
</BasicStmnt>
<CondStmnt CovItemId="S41" CovItemPrefix="Turn.java" Intrnl_Id="1243">
<Branch CovItemId="B16" CovItemPrefix="Turn.java" Implct="false" Intrnl_Id="1244">
<Cond/>
<LocList>
<Loc EndOffset="1929" SrcFileId="7" StartOffset="1923"/>
</LocList>
<StmntSeq Intrnl_Id="1245">
<LocList>
<Loc EndOffset="1929" SrcFileId="7" StartOffset="1923"/>
</LocList>
<BasicStmnt CovItemId="S42" CovItemPrefix="Turn.java" Intrnl_Id="1246">
<LocList>
<Loc EndOffset="1929" SrcFileId="7" StartOffset="1923"/>
</LocList>
</BasicStmnt>
</StmntSeq>
</Branch>
<Branch CovItemId="B17" CovItemPrefix="Turn.java" Implct="true" Intrnl_Id="1247">
<Cond/>
<LocList/>
<StmntSeq Intrnl_Id="1248">
<LocList/>
</StmntSeq>
</Branch>
<Keyword EndOffset="1891" SrcFileId="7" StartOffset="1889"/>
<LocList>
<Loc EndOffset="1929" SrcFileId="7" StartOffset="1889"/>
</LocList>
<RootTerm CovItemId="C9" CovItemPrefix="Turn.java" Intrnl_Id="1249">
<BasicBoolTerm Intrnl_Id="1250">
<LocList>
<Loc EndOffset="1921" SrcFileId="7" StartOffset="1892"/>
</LocList>
</BasicBoolTerm>
</RootTerm>
</CondStmnt>
</StmntSeq>
<Keyword EndOffset="1778" SrcFileId="7" StartOffset="1775"/>
<LocList>
<Loc EndOffset="1936" SrcFileId="7" StartOffset="1775"/>
</LocList>
<RootTerm CovItemId="C8" CovItemPrefix="Turn.java" Intrnl_Id="1251">
<BasicBoolTerm Intrnl_Id="1252">
<LocList>
<Loc EndOffset="1791" SrcFileId="7" StartOffset="1788"/>
</LocList>
</BasicBoolTerm>
</RootTerm>
</LoopStmnt>
</StmntSeq>
</Branch>
<Branch CovItemId="B15" CovItemPrefix="Turn.java" Implct="true" Intrnl_Id="1253">
<Cond/>
<LocList/>
<StmntSeq Intrnl_Id="1254">
<LocList/>
</StmntSeq>
</Branch>
<Keyword EndOffset="1737" SrcFileId="7" StartOffset="1735"/>
<LocList>
<Loc EndOffset="1947" SrcFileId="7" StartOffset="1735"/>
</LocList>
<RootTerm CovItemId="C7" CovItemPrefix="Turn.java" Intrnl_Id="1255">
<BasicBoolTerm Intrnl_Id="1256">
<LocList>
<Loc EndOffset="1767" SrcFileId="7" StartOffset="1738"/>
</LocList>
</BasicBoolTerm>
</RootTerm>
</CondStmnt>
<BasicStmnt CovItemId="S43" CovItemPrefix="Turn.java" Intrnl_Id="1257">
<LocList>
<Loc EndOffset="1985" SrcFileId="7" StartOffset="1952"/>
</LocList>
</BasicStmnt>
<BasicStmnt CovItemId="S44" CovItemPrefix="Turn.java" Intrnl_Id="1258">
<LocList>
<Loc EndOffset="2021" SrcFileId="7" StartOffset="1990"/>
</LocList>
</BasicStmnt>
<BasicStmnt CovItemId="S45" CovItemPrefix="Turn.java" Intrnl_Id="1259">
<LocList>
<Loc EndOffset="2043" SrcFileId="7" StartOffset="2026"/>
</LocList>
</BasicStmnt>
<BasicStmnt CovItemId="S46" CovItemPrefix="Turn.java" Intrnl_Id="1260">
<LocList>
<Loc EndOffset="2054" SrcFileId="7" StartOffset="2048"/>
</LocList>
</BasicStmnt>
</StmntSeq>
</Branch>
<Branch CovItemId="B18" CovItemPrefix="Turn.java" Implct="false" Intrnl_Id="1261">
<Cond>
<Loc EndOffset="2064" SrcFileId="7" StartOffset="2058"/>
</Cond>
<LocList>
<Loc EndOffset="2433" SrcFileId="7" StartOffset="2070"/>
</LocList>
<StmntSeq Intrnl_Id="1262">
<LocList>
<Loc EndOffset="2109" SrcFileId="7" StartOffset="2070"/>
<Loc EndOffset="2326" SrcFileId="7" StartOffset="2114"/>
<Loc EndOffset="2364" SrcFileId="7" StartOffset="2331"/>
<Loc EndOffset="2400" SrcFileId="7" StartOffset="2369"/>
<Loc EndOffset="2422" SrcFileId="7" StartOffset="2405"/>
<Loc EndOffset="2433" SrcFileId="7" StartOffset="2427"/>
</LocList>
<BasicStmnt CovItemId="S47" CovItemPrefix="Turn.java" Intrnl_Id="1263">
<LocList>
<Loc EndOffset="2109" SrcFileId="7" StartOffset="2070"/>
</LocList>
</BasicStmnt>
<CondStmnt CovItemId="S48" CovItemPrefix="Turn.java" Intrnl_Id="1264">
<Branch CovItemId="B19" CovItemPrefix="Turn.java" Implct="false" Intrnl_Id="1265">
<Cond/>
<LocList>
<Loc EndOffset="2326" SrcFileId="7" StartOffset="2147"/>
</LocList>
<StmntSeq Intrnl_Id="1266">
<LocList>
<Loc EndOffset="2315" SrcFileId="7" StartOffset="2154"/>
</LocList>
<LoopStmnt CovItemId="S49" CovItemPrefix="Turn.java" Intrnl_Id="1267" MltplExecId="L4-2" MltplExecPrefix="Turn.java" NvrExecId="L4-0" NvrExecPrefix="Turn.java" OnceExecutedId="L4-1" OnceExecutedPrefix="Turn.java" OptBodyExec="true">
<StmntSeq Intrnl_Id="1268">
<LocList>
<Loc EndOffset="2261" SrcFileId="7" StartOffset="2222"/>
<Loc EndOffset="2308" SrcFileId="7" StartOffset="2268"/>
</LocList>
<BasicStmnt CovItemId="S50" CovItemPrefix="Turn.java" Intrnl_Id="1269">
<LocList>
<Loc EndOffset="2261" SrcFileId="7" StartOffset="2222"/>
</LocList>
</BasicStmnt>
<CondStmnt CovItemId="S51" CovItemPrefix="Turn.java" Intrnl_Id="1270">
<Branch CovItemId="B21" CovItemPrefix="Turn.java" Implct="false" Intrnl_Id="1271">
<Cond/>
<LocList>
<Loc EndOffset="2308" SrcFileId="7" StartOffset="2302"/>
</LocList>
<StmntSeq Intrnl_Id="1272">
<LocList>
<Loc EndOffset="2308" SrcFileId="7" StartOffset="2302"/>
</LocList>
<BasicStmnt CovItemId="S52" CovItemPrefix="Turn.java" Intrnl_Id="1273">
<LocList>
<Loc EndOffset="2308" SrcFileId="7" StartOffset="2302"/>
</LocList>
</BasicStmnt>
</StmntSeq>
</Branch>
<Branch CovItemId="B22" CovItemPrefix="Turn.java" Implct="true" Intrnl_Id="1274">
<Cond/>
<LocList/>
<StmntSeq Intrnl_Id="1275">
<LocList/>
</StmntSeq>
</Branch>
<Keyword EndOffset="2270" SrcFileId="7" StartOffset="2268"/>
<LocList>
<Loc EndOffset="2308" SrcFileId="7" StartOffset="2268"/>
</LocList>
<RootTerm CovItemId="C12" CovItemPrefix="Turn.java" Intrnl_Id="1276">
<BasicBoolTerm Intrnl_Id="1277">
<LocList>
<Loc EndOffset="2300" SrcFileId="7" StartOffset="2271"/>
</LocList>
</BasicBoolTerm>
</RootTerm>
</CondStmnt>
</StmntSeq>
<Keyword EndOffset="2157" SrcFileId="7" StartOffset="2154"/>
<LocList>
<Loc EndOffset="2315" SrcFileId="7" StartOffset="2154"/>
</LocList>
<RootTerm CovItemId="C11" CovItemPrefix="Turn.java" Intrnl_Id="1278">
<BasicBoolTerm Intrnl_Id="1279">
<LocList>
<Loc EndOffset="2170" SrcFileId="7" StartOffset="2167"/>
</LocList>
</BasicBoolTerm>
</RootTerm>
</LoopStmnt>
</StmntSeq>
</Branch>
<Branch CovItemId="B20" CovItemPrefix="Turn.java" Implct="true" Intrnl_Id="1280">
<Cond/>
<LocList/>
<StmntSeq Intrnl_Id="1281">
<LocList/>
</StmntSeq>
</Branch>
<Keyword EndOffset="2116" SrcFileId="7" StartOffset="2114"/>
<LocList>
<Loc EndOffset="2326" SrcFileId="7" StartOffset="2114"/>
</LocList>
<RootTerm CovItemId="C10" CovItemPrefix="Turn.java" Intrnl_Id="1282">
<BasicBoolTerm Intrnl_Id="1283">
<LocList>
<Loc EndOffset="2146" SrcFileId="7" StartOffset="2117"/>
</LocList>
</BasicBoolTerm>
</RootTerm>
</CondStmnt>
<BasicStmnt CovItemId="S53" CovItemPrefix="Turn.java" Intrnl_Id="1284">
<LocList>
<Loc EndOffset="2364" SrcFileId="7" StartOffset="2331"/>
</LocList>
</BasicStmnt>
<BasicStmnt CovItemId="S54" CovItemPrefix="Turn.java" Intrnl_Id="1285">
<LocList>
<Loc EndOffset="2400" SrcFileId="7" StartOffset="2369"/>
</LocList>
</BasicStmnt>
<BasicStmnt CovItemId="S55" CovItemPrefix="Turn.java" Intrnl_Id="1286">
<LocList>
<Loc EndOffset="2422" SrcFileId="7" StartOffset="2405"/>
</LocList>
</BasicStmnt>
<BasicStmnt CovItemId="S56" CovItemPrefix="Turn.java" Intrnl_Id="1287">
<LocList>
<Loc EndOffset="2433" SrcFileId="7" StartOffset="2427"/>
</LocList>
</BasicStmnt>
</StmntSeq>
</Branch>
<Branch CovItemId="B23" CovItemPrefix="Turn.java" Implct="false" Intrnl_Id="1288">
<Cond>
<Loc EndOffset="2443" SrcFileId="7" StartOffset="2437"/>
</Cond>
<LocList>
<Loc EndOffset="2812" SrcFileId="7" StartOffset="2449"/>
</LocList>
<StmntSeq Intrnl_Id="1289">
<LocList>
<Loc EndOffset="2488" SrcFileId="7" StartOffset="2449"/>
<Loc EndOffset="2705" SrcFileId="7" StartOffset="2493"/>
<Loc EndOffset="2743" SrcFileId="7" StartOffset="2710"/>
<Loc EndOffset="2779" SrcFileId="7" StartOffset="2748"/>
<Loc EndOffset="2801" SrcFileId="7" StartOffset="2784"/>
<Loc EndOffset="2812" SrcFileId="7" StartOffset="2806"/>
</LocList>
<BasicStmnt CovItemId="S57" CovItemPrefix="Turn.java" Intrnl_Id="1290">
<LocList>
<Loc EndOffset="2488" SrcFileId="7" StartOffset="2449"/>
</LocList>
</BasicStmnt>
<CondStmnt CovItemId="S58" CovItemPrefix="Turn.java" Intrnl_Id="1291">
<Branch CovItemId="B24" CovItemPrefix="Turn.java" Implct="false" Intrnl_Id="1292">
<Cond/>
<LocList>
<Loc EndOffset="2705" SrcFileId="7" StartOffset="2526"/>
</LocList>
<StmntSeq Intrnl_Id="1293">
<LocList>
<Loc EndOffset="2694" SrcFileId="7" StartOffset="2533"/>
</LocList>
<LoopStmnt CovItemId="S59" CovItemPrefix="Turn.java" Intrnl_Id="1294" MltplExecId="L5-2" MltplExecPrefix="Turn.java" NvrExecId="L5-0" NvrExecPrefix="Turn.java" OnceExecutedId="L5-1" OnceExecutedPrefix="Turn.java" OptBodyExec="true">
<StmntSeq Intrnl_Id="1295">
<LocList>
<Loc EndOffset="2640" SrcFileId="7" StartOffset="2601"/>
<Loc EndOffset="2687" SrcFileId="7" StartOffset="2647"/>
</LocList>
<BasicStmnt CovItemId="S60" CovItemPrefix="Turn.java" Intrnl_Id="1296">
<LocList>
<Loc EndOffset="2640" SrcFileId="7" StartOffset="2601"/>
</LocList>
</BasicStmnt>
<CondStmnt CovItemId="S61" CovItemPrefix="Turn.java" Intrnl_Id="1297">
<Branch CovItemId="B26" CovItemPrefix="Turn.java" Implct="false" Intrnl_Id="1298">
<Cond/>
<LocList>
<Loc EndOffset="2687" SrcFileId="7" StartOffset="2681"/>
</LocList>
<StmntSeq Intrnl_Id="1299">
<LocList>
<Loc EndOffset="2687" SrcFileId="7" StartOffset="2681"/>
</LocList>
<BasicStmnt CovItemId="S62" CovItemPrefix="Turn.java" Intrnl_Id="1300">
<LocList>
<Loc EndOffset="2687" SrcFileId="7" StartOffset="2681"/>
</LocList>
</BasicStmnt>
</StmntSeq>
</Branch>
<Branch CovItemId="B27" CovItemPrefix="Turn.java" Implct="true" Intrnl_Id="1301">
<Cond/>
<LocList/>
<StmntSeq Intrnl_Id="1302">
<LocList/>
</StmntSeq>
</Branch>
<Keyword EndOffset="2649" SrcFileId="7" StartOffset="2647"/>
<LocList>
<Loc EndOffset="2687" SrcFileId="7" StartOffset="2647"/>
</LocList>
<RootTerm CovItemId="C15" CovItemPrefix="Turn.java" Intrnl_Id="1303">
<BasicBoolTerm Intrnl_Id="1304">
<LocList>
<Loc EndOffset="2679" SrcFileId="7" StartOffset="2650"/>
</LocList>
</BasicBoolTerm>
</RootTerm>
</CondStmnt>
</StmntSeq>
<Keyword EndOffset="2536" SrcFileId="7" StartOffset="2533"/>
<LocList>
<Loc EndOffset="2694" SrcFileId="7" StartOffset="2533"/>
</LocList>
<RootTerm CovItemId="C14" CovItemPrefix="Turn.java" Intrnl_Id="1305">
<BasicBoolTerm Intrnl_Id="1306">
<LocList>
<Loc EndOffset="2549" SrcFileId="7" StartOffset="2546"/>
</LocList>
</BasicBoolTerm>
</RootTerm>
</LoopStmnt>
</StmntSeq>
</Branch>
<Branch CovItemId="B25" CovItemPrefix="Turn.java" Implct="true" Intrnl_Id="1307">
<Cond/>
<LocList/>
<StmntSeq Intrnl_Id="1308">
<LocList/>
</StmntSeq>
</Branch>
<Keyword EndOffset="2495" SrcFileId="7" StartOffset="2493"/>
<LocList>
<Loc EndOffset="2705" SrcFileId="7" StartOffset="2493"/>
</LocList>
<RootTerm CovItemId="C13" CovItemPrefix="Turn.java" Intrnl_Id="1309">
<BasicBoolTerm Intrnl_Id="1310">
<LocList>
<Loc EndOffset="2525" SrcFileId="7" StartOffset="2496"/>
</LocList>
</BasicBoolTerm>
</RootTerm>
</CondStmnt>
<BasicStmnt CovItemId="S63" CovItemPrefix="Turn.java" Intrnl_Id="1311">
<LocList>
<Loc EndOffset="2743" SrcFileId="7" StartOffset="2710"/>
</LocList>
</BasicStmnt>
<BasicStmnt CovItemId="S64" CovItemPrefix="Turn.java" Intrnl_Id="1312">
<LocList>
<Loc EndOffset="2779" SrcFileId="7" StartOffset="2748"/>
</LocList>
</BasicStmnt>
<BasicStmnt CovItemId="S65" CovItemPrefix="Turn.java" Intrnl_Id="1313">
<LocList>
<Loc EndOffset="2801" SrcFileId="7" StartOffset="2784"/>
</LocList>
</BasicStmnt>
<BasicStmnt CovItemId="S66" CovItemPrefix="Turn.java" Intrnl_Id="1314">
<LocList>
<Loc EndOffset="2812" SrcFileId="7" StartOffset="2806"/>
</LocList>
</BasicStmnt>
</StmntSeq>
</Branch>
<Branch CovItemId="B28" CovItemPrefix="Turn.java" Implct="false" Intrnl_Id="1315">
<Cond>
<Loc EndOffset="2823" SrcFileId="7" StartOffset="2816"/>
</Cond>
<LocList>
<Loc EndOffset="3006" SrcFileId="7" StartOffset="2830"/>
</LocList>
<StmntSeq Intrnl_Id="1316">
<LocList>
<Loc EndOffset="3006" SrcFileId="7" StartOffset="2830"/>
</LocList>
<CondStmnt CovItemId="S67" CovItemPrefix="Turn.java" Intrnl_Id="1317">
<Branch CovItemId="B29" CovItemPrefix="Turn.java" Implct="false" Intrnl_Id="1318">
<Cond/>
<LocList>
<Loc EndOffset="3006" SrcFileId="7" StartOffset="2869"/>
</LocList>
<StmntSeq Intrnl_Id="1319">
<LocList>
<Loc EndOffset="2911" SrcFileId="7" StartOffset="2876"/>
<Loc EndOffset="2950" SrcFileId="7" StartOffset="2917"/>
<Loc EndOffset="2973" SrcFileId="7" StartOffset="2956"/>
<Loc EndOffset="2999" SrcFileId="7" StartOffset="2979"/>
</LocList>
<BasicStmnt CovItemId="S68" CovItemPrefix="Turn.java" Intrnl_Id="1320">
<LocList>
<Loc EndOffset="2911" SrcFileId="7" StartOffset="2876"/>
</LocList>
</BasicStmnt>
<BasicStmnt CovItemId="S69" CovItemPrefix="Turn.java" Intrnl_Id="1321">
<LocList>
<Loc EndOffset="2950" SrcFileId="7" StartOffset="2917"/>
</LocList>
</BasicStmnt>
<BasicStmnt CovItemId="S70" CovItemPrefix="Turn.java" Intrnl_Id="1322">
<LocList>
<Loc EndOffset="2973" SrcFileId="7" StartOffset="2956"/>
</LocList>
</BasicStmnt>
<BasicStmnt CovItemId="S71" CovItemPrefix="Turn.java" Intrnl_Id="1323">
<LocList>
<Loc EndOffset="2999" SrcFileId="7" StartOffset="2979"/>
</LocList>
</BasicStmnt>
</StmntSeq>
</Branch>
<Branch CovItemId="B30" CovItemPrefix="Turn.java" Implct="true" Intrnl_Id="1324">
<Cond/>
<LocList/>
<StmntSeq Intrnl_Id="1325">
<LocList/>
</StmntSeq>
</Branch>
<Keyword EndOffset="2832" SrcFileId="7" StartOffset="2830"/>
<LocList>
<Loc EndOffset="3006" SrcFileId="7" StartOffset="2830"/>
</LocList>
<RootTerm CovItemId="C16" CovItemPrefix="Turn.java" Intrnl_Id="1326">
<BasicBoolTerm Intrnl_Id="1327">
<LocList>
<Loc EndOffset="2862" SrcFileId="7" StartOffset="2833"/>
</LocList>
</BasicBoolTerm>
</RootTerm>
</CondStmnt>
</StmntSeq>
</Branch>
<Keyword EndOffset="810" SrcFileId="7" StartOffset="804"/>
<LocList>
<Loc EndOffset="3011" SrcFileId="7" StartOffset="804"/>
</LocList>
</CondStmnt>
<BasicStmnt CovItemId="S72" CovItemPrefix="Turn.java" Intrnl_Id="1328">
<LocList>
<Loc EndOffset="3079" SrcFileId="7" StartOffset="3015"/>
</LocList>
</BasicStmnt>
<BasicStmnt CovItemId="S73" CovItemPrefix="Turn.java" Intrnl_Id="1329">
<LocList>
<Loc EndOffset="3127" SrcFileId="7" StartOffset="3083"/>
</LocList>
</BasicStmnt>
<BasicStmnt CovItemId="S74" CovItemPrefix="Turn.java" Intrnl_Id="1330">
<LocList>
<Loc EndOffset="3138" SrcFileId="7" StartOffset="3131"/>
</LocList>
</BasicStmnt>
</StmntSeq>
</HierarchyLvl>
<HierarchyLvl HierarchyLvlId="1149" HierarchyLvlTypeId="10" Intrnl_Id="1331" Name="spend">
<Header>
<Loc EndOffset="3190" SrcFileId="7" StartOffset="3151"/>
</Header>
<LocList>
<Loc EndOffset="3458" SrcFileId="7" StartOffset="3151"/>
</LocList>
<StmntSeq Intrnl_Id="1332">
<LocList>
<Loc EndOffset="3246" SrcFileId="7" StartOffset="3196"/>
<Loc EndOffset="3450" SrcFileId="7" StartOffset="3266"/>
</LocList>
<BasicStmnt CovItemId="S75" CovItemPrefix="Turn.java" Intrnl_Id="1333">
<LocList>
<Loc EndOffset="3246" SrcFileId="7" StartOffset="3196"/>
</LocList>
</BasicStmnt>
<LoopStmnt CovItemId="S76" CovItemPrefix="Turn.java" Intrnl_Id="1334" MltplExecId="L6-2" MltplExecPrefix="Turn.java" NvrExecId="L6-0" NvrExecPrefix="Turn.java" OnceExecutedId="L6-1" OnceExecutedPrefix="Turn.java" OptBodyExec="true">
<StmntSeq Intrnl_Id="1335">
<LocList>
<Loc EndOffset="3320" SrcFileId="7" StartOffset="3297"/>
<Loc EndOffset="3445" SrcFileId="7" StartOffset="3325"/>
</LocList>
<BasicStmnt CovItemId="S77" CovItemPrefix="Turn.java" Intrnl_Id="1336">
<LocList>
<Loc EndOffset="3320" SrcFileId="7" StartOffset="3297"/>
</LocList>
</BasicStmnt>
<CondStmnt CovItemId="S78" CovItemPrefix="Turn.java" Intrnl_Id="1337">
<Branch CovItemId="B31" CovItemPrefix="Turn.java" Implct="false" Intrnl_Id="1338">
<Cond/>
<LocList>
<Loc EndOffset="3445" SrcFileId="7" StartOffset="3343"/>
</LocList>
<StmntSeq Intrnl_Id="1339">
<LocList>
<Loc EndOffset="3366" SrcFileId="7" StartOffset="3350"/>
<Loc EndOffset="3412" SrcFileId="7" StartOffset="3372"/>
<Loc EndOffset="3439" SrcFileId="7" StartOffset="3424"/>
</LocList>
<BasicStmnt CovItemId="S79" CovItemPrefix="Turn.java" Intrnl_Id="1340">
<LocList>
<Loc EndOffset="3366" SrcFileId="7" StartOffset="3350"/>
</LocList>
</BasicStmnt>
<BasicStmnt CovItemId="S80" CovItemPrefix="Turn.java" Intrnl_Id="1341">
<LocList>
<Loc EndOffset="3412" SrcFileId="7" StartOffset="3372"/>
</LocList>
</BasicStmnt>
<CondStmnt CovItemId="S81" CovItemPrefix="Turn.java" Intrnl_Id="1342">
<Branch CovItemId="B33" CovItemPrefix="Turn.java" Implct="false" Intrnl_Id="1343">
<Cond/>
<LocList>
<Loc EndOffset="3439" SrcFileId="7" StartOffset="3432"/>
</LocList>
<StmntSeq Intrnl_Id="1344">
<LocList>
<Loc EndOffset="3439" SrcFileId="7" StartOffset="3432"/>
</LocList>
<BasicStmnt CovItemId="S82" CovItemPrefix="Turn.java" Intrnl_Id="1345">
<LocList>
<Loc EndOffset="3439" SrcFileId="7" StartOffset="3432"/>
</LocList>
</BasicStmnt>
</StmntSeq>
</Branch>
<Branch CovItemId="B34" CovItemPrefix="Turn.java" Implct="true" Intrnl_Id="1346">
<Cond/>
<LocList/>
<StmntSeq Intrnl_Id="1347">
<LocList/>
</StmntSeq>
</Branch>
<Keyword EndOffset="3426" SrcFileId="7" StartOffset="3424"/>
<LocList>
<Loc EndOffset="3439" SrcFileId="7" StartOffset="3424"/>
</LocList>
<RootTerm CovItemId="C19" CovItemPrefix="Turn.java" Intrnl_Id="1348">
<BasicBoolTerm Intrnl_Id="1349">
<LocList>
<Loc EndOffset="3430" SrcFileId="7" StartOffset="3427"/>
</LocList>
</BasicBoolTerm>
</RootTerm>
</CondStmnt>
</StmntSeq>
</Branch>
<Branch CovItemId="B32" CovItemPrefix="Turn.java" Implct="true" Intrnl_Id="1350">
<Cond/>
<LocList/>
<StmntSeq Intrnl_Id="1351">
<LocList/>
</StmntSeq>
</Branch>
<Keyword EndOffset="3327" SrcFileId="7" StartOffset="3325"/>
<LocList>
<Loc EndOffset="3445" SrcFileId="7" StartOffset="3325"/>
</LocList>
<RootTerm CovItemId="C18" CovItemPrefix="Turn.java" Intrnl_Id="1352">
<BasicBoolTerm Intrnl_Id="1353">
<LocList>
<Loc EndOffset="3342" SrcFileId="7" StartOffset="3328"/>
</LocList>
</BasicBoolTerm>
</RootTerm>
</CondStmnt>
</StmntSeq>
<Keyword EndOffset="3271" SrcFileId="7" StartOffset="3266"/>
<LocList>
<Loc EndOffset="3450" SrcFileId="7" StartOffset="3266"/>
</LocList>
<RootTerm CovItemId="C17" CovItemPrefix="Turn.java" Intrnl_Id="1354">
<BasicBoolTerm Intrnl_Id="1355">
<LocList>
<Loc EndOffset="3290" SrcFileId="7" StartOffset="3272"/>
</LocList>
</BasicBoolTerm>
</RootTerm>
</LoopStmnt>
</StmntSeq>
</HierarchyLvl>
<HierarchyLvl HierarchyLvlId="1150" HierarchyLvlTypeId="10" Intrnl_Id="1356" Name="endTurn">
<Header>
<Loc EndOffset="3497" SrcFileId="7" StartOffset="3463"/>
</Header>
<LocList>
<Loc EndOffset="3612" SrcFileId="7" StartOffset="3463"/>
</LocList>
<StmntSeq Intrnl_Id="1357">
<LocList>
<Loc EndOffset="3591" SrcFileId="7" StartOffset="3503"/>
<Loc EndOffset="3608" SrcFileId="7" StartOffset="3595"/>
</LocList>
<LoopStmnt CovItemId="S83" CovItemPrefix="Turn.java" Intrnl_Id="1358" MltplExecId="L7-2" MltplExecPrefix="Turn.java" NvrExecId="L7-0" NvrExecPrefix="Turn.java" OnceExecutedId="L7-1" OnceExecutedPrefix="Turn.java" OptBodyExec="true">
<StmntSeq Intrnl_Id="1359">
<LocList>
<Loc EndOffset="3586" SrcFileId="7" StartOffset="3541"/>
</LocList>
<BasicStmnt CovItemId="S84" CovItemPrefix="Turn.java" Intrnl_Id="1360">
<LocList>
<Loc EndOffset="3586" SrcFileId="7" StartOffset="3541"/>
</LocList>
</BasicStmnt>
</StmntSeq>
<Keyword EndOffset="3506" SrcFileId="7" StartOffset="3503"/>
<LocList>
<Loc EndOffset="3591" SrcFileId="7" StartOffset="3503"/>
</LocList>
<RootTerm CovItemId="C20" CovItemPrefix="Turn.java" Intrnl_Id="1361">
<BasicBoolTerm Intrnl_Id="1362">
<LocList>
<Loc EndOffset="3529" SrcFileId="7" StartOffset="3516"/>
</LocList>
</BasicBoolTerm>
</RootTerm>
</LoopStmnt>
<BasicStmnt CovItemId="S85" CovItemPrefix="Turn.java" Intrnl_Id="1363">
<LocList>
<Loc EndOffset="3608" SrcFileId="7" StartOffset="3595"/>
</LocList>
</BasicStmnt>
</StmntSeq>
</HierarchyLvl>
<HierarchyLvl HierarchyLvlId="1151" HierarchyLvlTypeId="10" Intrnl_Id="1364" Name="takeTurn">
<Header>
<Loc EndOffset="3691" SrcFileId="7" StartOffset="3618"/>
</Header>
<LocList>
<Loc EndOffset="3985" SrcFileId="7" StartOffset="3618"/>
</LocList>
<StmntSeq Intrnl_Id="1365">
<LocList>
<Loc EndOffset="3779" SrcFileId="7" StartOffset="3696"/>
<Loc EndOffset="3956" SrcFileId="7" StartOffset="3793"/>
<Loc EndOffset="3980" SrcFileId="7" StartOffset="3964"/>
</LocList>
<LoopStmnt CovItemId="S86" CovItemPrefix="Turn.java" Intrnl_Id="1366" MltplExecId="L8-2" MltplExecPrefix="Turn.java" NvrExecId="L8-0" NvrExecPrefix="Turn.java" OnceExecutedId="L8-1" OnceExecutedPrefix="Turn.java" OptBodyExec="true">
<StmntSeq Intrnl_Id="1367">
<LocList>
<Loc EndOffset="3759" SrcFileId="7" StartOffset="3720"/>
<Loc EndOffset="3774" SrcFileId="7" StartOffset="3764"/>
</LocList>
<BasicStmnt CovItemId="S87" CovItemPrefix="Turn.java" Intrnl_Id="1368">
<LocList>
<Loc EndOffset="3759" SrcFileId="7" StartOffset="3720"/>
</LocList>
</BasicStmnt>
<BasicStmnt CovItemId="S88" CovItemPrefix="Turn.java" Intrnl_Id="1369">
<LocList>
<Loc EndOffset="3774" SrcFileId="7" StartOffset="3764"/>
</LocList>
</BasicStmnt>
</StmntSeq>
<Keyword EndOffset="3701" SrcFileId="7" StartOffset="3696"/>
<LocList>
<Loc EndOffset="3779" SrcFileId="7" StartOffset="3696"/>
</LocList>
<RootTerm CovItemId="C21" CovItemPrefix="Turn.java" Intrnl_Id="1370">
<BasicBoolTerm Intrnl_Id="1371">
<LocList>
<Loc EndOffset="3713" SrcFileId="7" StartOffset="3702"/>
</LocList>
</BasicBoolTerm>
</RootTerm>
</LoopStmnt>
<LoopStmnt CovItemId="S89" CovItemPrefix="Turn.java" Intrnl_Id="1372" MltplExecId="L9-2" MltplExecPrefix="Turn.java" NvrExecId="L9-0" NvrExecPrefix="Turn.java" OnceExecutedId="L9-1" OnceExecutedPrefix="Turn.java" OptBodyExec="true">
<StmntSeq Intrnl_Id="1373">
<LocList>
<Loc EndOffset="3906" SrcFileId="7" StartOffset="3814"/>
<Loc EndOffset="3939" SrcFileId="7" StartOffset="3911"/>
<Loc EndOffset="3951" SrcFileId="7" StartOffset="3944"/>
</LocList>
<LoopStmnt CovItemId="S90" CovItemPrefix="Turn.java" Intrnl_Id="1374" MltplExecId="L10-2" MltplExecPrefix="Turn.java" NvrExecId="L10-0" NvrExecPrefix="Turn.java" OnceExecutedId="L10-1" OnceExecutedPrefix="Turn.java" OptBodyExec="true">
<StmntSeq Intrnl_Id="1375">
<LocList>
<Loc EndOffset="3881" SrcFileId="7" StartOffset="3853"/>
</LocList>
<BasicStmnt CovItemId="S91" CovItemPrefix="Turn.java" Intrnl_Id="1376">
<LocList>
<Loc EndOffset="3881" SrcFileId="7" StartOffset="3853"/>
</LocList>
</BasicStmnt>
</StmntSeq>
<Keyword EndOffset="3817" SrcFileId="7" StartOffset="3814"/>
<LocList>
<Loc EndOffset="3906" SrcFileId="7" StartOffset="3814"/>
</LocList>
<RootTerm CovItemId="C23" CovItemPrefix="Turn.java" Intrnl_Id="1377">
<BasicBoolTerm Intrnl_Id="1378">
<LocList>
<Loc EndOffset="3840" SrcFileId="7" StartOffset="3827"/>
</LocList>
</BasicBoolTerm>
</RootTerm>
</LoopStmnt>
<BasicStmnt CovItemId="S92" CovItemPrefix="Turn.java" Intrnl_Id="1379">
<LocList>
<Loc EndOffset="3939" SrcFileId="7" StartOffset="3911"/>
</LocList>
</BasicStmnt>
<BasicStmnt CovItemId="S93" CovItemPrefix="Turn.java" Intrnl_Id="1380">
<LocList>
<Loc EndOffset="3951" SrcFileId="7" StartOffset="3944"/>
</LocList>
</BasicStmnt>
</StmntSeq>
<Keyword EndOffset="3798" SrcFileId="7" StartOffset="3793"/>
<LocList>
<Loc EndOffset="3956" SrcFileId="7" StartOffset="3793"/>
</LocList>
<RootTerm CovItemId="C22" CovItemPrefix="Turn.java" Intrnl_Id="1381">
<BasicBoolTerm Intrnl_Id="1382">
<LocList>
<Loc EndOffset="3807" SrcFileId="7" StartOffset="3799"/>
</LocList>
</BasicBoolTerm>
</RootTerm>
</LoopStmnt>
<BasicStmnt CovItemId="S94" CovItemPrefix="Turn.java" Intrnl_Id="1383">
<LocList>
<Loc EndOffset="3980" SrcFileId="7" StartOffset="3964"/>
</LocList>
</BasicStmnt>
</StmntSeq>
</HierarchyLvl>
<HierarchyLvl HierarchyLvlId="1152" HierarchyLvlTypeId="10" Intrnl_Id="1384" Name="playAction">
<Header>
<Loc EndOffset="4065" SrcFileId="7" StartOffset="3990"/>
</Header>
<LocList>
<Loc EndOffset="4741" SrcFileId="7" StartOffset="3990"/>
</LocList>
<StmntSeq Intrnl_Id="1385">
<LocList>
<Loc EndOffset="4678" SrcFileId="7" StartOffset="4071"/>
<Loc EndOffset="4726" SrcFileId="7" StartOffset="4682"/>
<Loc EndOffset="4737" SrcFileId="7" StartOffset="4730"/>
</LocList>
<LoopStmnt CovItemId="S95" CovItemPrefix="Turn.java" Intrnl_Id="1386" MltplExecId="L11-2" MltplExecPrefix="Turn.java" NvrExecId="L11-0" NvrExecPrefix="Turn.java" OnceExecutedId="L11-1" OnceExecutedPrefix="Turn.java" OptBodyExec="true">
<StmntSeq Intrnl_Id="1387">
<LocList>
<Loc EndOffset="4172" SrcFileId="7" StartOffset="4147"/>
<Loc EndOffset="4673" SrcFileId="7" StartOffset="4177"/>
</LocList>
<CondStmnt CovItemId="S96" CovItemPrefix="Turn.java" Intrnl_Id="1388">
<Branch CovItemId="B35" CovItemPrefix="Turn.java" Implct="false" Intrnl_Id="1389">
<Cond/>
<LocList>
<Loc EndOffset="4172" SrcFileId="7" StartOffset="4166"/>
</LocList>
<StmntSeq Intrnl_Id="1390">
<LocList>
<Loc EndOffset="4172" SrcFileId="7" StartOffset="4166"/>
</LocList>
<BasicStmnt CovItemId="S97" CovItemPrefix="Turn.java" Intrnl_Id="1391">
<LocList>
<Loc EndOffset="4172" SrcFileId="7" StartOffset="4166"/>
</LocList>
</BasicStmnt>
</StmntSeq>
</Branch>
<Branch CovItemId="B36" CovItemPrefix="Turn.java" Implct="true" Intrnl_Id="1392">
<Cond/>
<LocList/>
<StmntSeq Intrnl_Id="1393">
<LocList/>
</StmntSeq>
</Branch>
<Keyword EndOffset="4149" SrcFileId="7" StartOffset="4147"/>
<LocList>
<Loc EndOffset="4172" SrcFileId="7" StartOffset="4147"/>
</LocList>
<RootTerm CovItemId="C25" CovItemPrefix="Turn.java" Intrnl_Id="1394">
<BasicBoolTerm Intrnl_Id="1395">
<LocList>
<Loc EndOffset="4164" SrcFileId="7" StartOffset="4150"/>
</LocList>
</BasicBoolTerm>
</RootTerm>
</CondStmnt>
<CondStmnt CovItemId="S98" CovItemPrefix="Turn.java" Intrnl_Id="1396">
<Branch CovItemId="B37" CovItemPrefix="Turn.java" Implct="false" Intrnl_Id="1397">
<Cond/>
<LocList>
<Loc EndOffset="4673" SrcFileId="7" StartOffset="4199"/>
</LocList>
<StmntSeq Intrnl_Id="1398">
<LocList>
<Loc EndOffset="4257" SrcFileId="7" StartOffset="4206"/>
<Loc EndOffset="4299" SrcFileId="7" StartOffset="4263"/>
<Loc EndOffset="4300" SrcFileId="7" StartOffset="4299"/>
<Loc EndOffset="4336" SrcFileId="7" StartOffset="4306"/>
<Loc EndOffset="4370" SrcFileId="7" StartOffset="4342"/>
<Loc EndOffset="4464" SrcFileId="7" StartOffset="4376"/>
<Loc EndOffset="4492" SrcFileId="7" StartOffset="4470"/>
<Loc EndOffset="4630" SrcFileId="7" StartOffset="4498"/>
<Loc EndOffset="4654" SrcFileId="7" StartOffset="4636"/>
<Loc EndOffset="4667" SrcFileId="7" StartOffset="4660"/>
</LocList>
<BasicStmnt CovItemId="S99" CovItemPrefix="Turn.java" Intrnl_Id="1399">
<LocList>
<Loc EndOffset="4257" SrcFileId="7" StartOffset="4206"/>
</LocList>
</BasicStmnt>
<BasicStmnt CovItemId="S100" CovItemPrefix="Turn.java" Intrnl_Id="1400">
<LocList>
<Loc EndOffset="4299" SrcFileId="7" StartOffset="4263"/>
</LocList>
</BasicStmnt>
<BasicStmnt CovItemId="S101" CovItemPrefix="Turn.java" Intrnl_Id="1401">
<LocList>
<Loc EndOffset="4300" SrcFileId="7" StartOffset="4299"/>
</LocList>
</BasicStmnt>
<BasicStmnt CovItemId="S102" CovItemPrefix="Turn.java" Intrnl_Id="1402">
<LocList>
<Loc EndOffset="4336" SrcFileId="7" StartOffset="4306"/>
</LocList>
</BasicStmnt>
<BasicStmnt CovItemId="S103" CovItemPrefix="Turn.java" Intrnl_Id="1403">
<LocList>
<Loc EndOffset="4370" SrcFileId="7" StartOffset="4342"/>
</LocList>
</BasicStmnt>
<LoopStmnt CovItemId="S104" CovItemPrefix="Turn.java" Intrnl_Id="1404" MltplExecId="L12-2" MltplExecPrefix="Turn.java" NvrExecId="L12-0" NvrExecPrefix="Turn.java" OnceExecutedId="L12-1" OnceExecutedPrefix="Turn.java" OptBodyExec="true">
<StmntSeq Intrnl_Id="1405">
<LocList>
<Loc EndOffset="4457" SrcFileId="7" StartOffset="4429"/>
</LocList>
<BasicStmnt CovItemId="S105" CovItemPrefix="Turn.java" Intrnl_Id="1406">
<LocList>
<Loc EndOffset="4457" SrcFileId="7" StartOffset="4429"/>
</LocList>
</BasicStmnt>
</StmntSeq>
<Keyword EndOffset="4379" SrcFileId="7" StartOffset="4376"/>
<LocList>
<Loc EndOffset="4464" SrcFileId="7" StartOffset="4376"/>
</LocList>
<RootTerm CovItemId="C27" CovItemPrefix="Turn.java" Intrnl_Id="1407">
<BasicBoolTerm Intrnl_Id="1408">
<LocList>
<Loc EndOffset="4415" SrcFileId="7" StartOffset="4389"/>
</LocList>
</BasicBoolTerm>
</RootTerm>
</LoopStmnt>
<BasicStmnt CovItemId="S106" CovItemPrefix="Turn.java" Intrnl_Id="1409">
<LocList>
<Loc EndOffset="4492" SrcFileId="7" StartOffset="4470"/>
</LocList>
</BasicStmnt>
<CondStmnt CovItemId="S107" CovItemPrefix="Turn.java" Intrnl_Id="1410">
<Branch CovItemId="B39" CovItemPrefix="Turn.java" Implct="false" Intrnl_Id="1411">
<Cond/>
<LocList>
<Loc EndOffset="4574" SrcFileId="7" StartOffset="4522"/>
</LocList>
<StmntSeq Intrnl_Id="1412">
<LocList>
<Loc EndOffset="4574" SrcFileId="7" StartOffset="4522"/>
</LocList>
<BasicStmnt CovItemId="S108" CovItemPrefix="Turn.java" Intrnl_Id="1413">
<LocList>
<Loc EndOffset="4574" SrcFileId="7" StartOffset="4522"/>
</LocList>
</BasicStmnt>
</StmntSeq>
</Branch>
<Branch CovItemId="B40" CovItemPrefix="Turn.java" Implct="false" Intrnl_Id="1414">
<Cond>
<Loc EndOffset="4584" SrcFileId="7" StartOffset="4580"/>
</Cond>
<LocList>
<Loc EndOffset="4630" SrcFileId="7" StartOffset="4585"/>
</LocList>
<StmntSeq Intrnl_Id="1415">
<LocList>
<Loc EndOffset="4630" SrcFileId="7" StartOffset="4585"/>
</LocList>
<BasicStmnt CovItemId="S109" CovItemPrefix="Turn.java" Intrnl_Id="1416">
<LocList>
<Loc EndOffset="4630" SrcFileId="7" StartOffset="4585"/>
</LocList>
</BasicStmnt>
</StmntSeq>
</Branch>
<Keyword EndOffset="4500" SrcFileId="7" StartOffset="4498"/>
<LocList>
<Loc EndOffset="4630" SrcFileId="7" StartOffset="4498"/>
</LocList>
<RootTerm CovItemId="C28" CovItemPrefix="Turn.java" Intrnl_Id="1417">
<BasicBoolTerm Intrnl_Id="1418">
<LocList>
<Loc EndOffset="4520" SrcFileId="7" StartOffset="4501"/>
</LocList>
</BasicBoolTerm>
</RootTerm>
</CondStmnt>
<BasicStmnt CovItemId="S110" CovItemPrefix="Turn.java" Intrnl_Id="1419">
<LocList>
<Loc EndOffset="4654" SrcFileId="7" StartOffset="4636"/>
</LocList>
</BasicStmnt>
<BasicStmnt CovItemId="S111" CovItemPrefix="Turn.java" Intrnl_Id="1420">
<LocList>
<Loc EndOffset="4667" SrcFileId="7" StartOffset="4660"/>
</LocList>
</BasicStmnt>
</StmntSeq>
</Branch>
<Branch CovItemId="B38" CovItemPrefix="Turn.java" Implct="true" Intrnl_Id="1421">
<Cond/>
<LocList/>
<StmntSeq Intrnl_Id="1422">
<LocList/>
</StmntSeq>
</Branch>
<Keyword EndOffset="4179" SrcFileId="7" StartOffset="4177"/>
<LocList>
<Loc EndOffset="4673" SrcFileId="7" StartOffset="4177"/>
</LocList>
<RootTerm CovItemId="C26" CovItemPrefix="Turn.java" Intrnl_Id="1423">
<BasicBoolTerm Intrnl_Id="1424">
<LocList>
<Loc EndOffset="4198" SrcFileId="7" StartOffset="4180"/>
</LocList>
</BasicBoolTerm>
</RootTerm>
</CondStmnt>
</StmntSeq>
<Keyword EndOffset="4074" SrcFileId="7" StartOffset="4071"/>
<LocList>
<Loc EndOffset="4678" SrcFileId="7" StartOffset="4071"/>
</LocList>
<RootTerm CovItemId="C24" CovItemPrefix="Turn.java" Intrnl_Id="1425">
<BasicBoolTerm Intrnl_Id="1426">
<LocList>
<Loc EndOffset="4099" SrcFileId="7" StartOffset="4084"/>
</LocList>
</BasicBoolTerm>
</RootTerm>
</LoopStmnt>
<BasicStmnt CovItemId="S112" CovItemPrefix="Turn.java" Intrnl_Id="1427">
<LocList>
<Loc EndOffset="4726" SrcFileId="7" StartOffset="4682"/>
</LocList>
</BasicStmnt>
<BasicStmnt CovItemId="S113" CovItemPrefix="Turn.java" Intrnl_Id="1428">
<LocList>
<Loc EndOffset="4737" SrcFileId="7" StartOffset="4730"/>
</LocList>
</BasicStmnt>
</StmntSeq>
</HierarchyLvl>
<HierarchyLvl HierarchyLvlId="1153" HierarchyLvlTypeId="10" Intrnl_Id="1429" Name="doTheThing">
<Header>
<Loc EndOffset="4832" SrcFileId="7" StartOffset="4746"/>
</Header>
<LocList>
<Loc EndOffset="6220" SrcFileId="7" StartOffset="4746"/>
</LocList>
<StmntSeq Intrnl_Id="1430">
<LocList>
<Loc EndOffset="4891" SrcFileId="7" StartOffset="4858"/>
<Loc EndOffset="6200" SrcFileId="7" StartOffset="4895"/>
<Loc EndOffset="6215" SrcFileId="7" StartOffset="6208"/>
</LocList>
<BasicStmnt CovItemId="S114" CovItemPrefix="Turn.java" Intrnl_Id="1431">
<LocList>
<Loc EndOffset="4891" SrcFileId="7" StartOffset="4858"/>
</LocList>
</BasicStmnt>
<CondStmnt CovItemId="S115" CovItemPrefix="Turn.java" Intrnl_Id="1432">
<Branch CovItemId="B41" CovItemPrefix="Turn.java" Implct="false" Intrnl_Id="1433">
<Cond>
<Loc EndOffset="4932" SrcFileId="7" StartOffset="4921"/>
</Cond>
<LocList>
<Loc EndOffset="5400" SrcFileId="7" StartOffset="4938"/>
</LocList>
<StmntSeq Intrnl_Id="1434">
<LocList>
<Loc EndOffset="4986" SrcFileId="7" StartOffset="4938"/>
<Loc EndOffset="5329" SrcFileId="7" StartOffset="5015"/>
<Loc EndOffset="5389" SrcFileId="7" StartOffset="5334"/>
<Loc EndOffset="5400" SrcFileId="7" StartOffset="5394"/>
</LocList>
<BasicStmnt CovItemId="S116" CovItemPrefix="Turn.java" Intrnl_Id="1435">
<LocList>
<Loc EndOffset="4986" SrcFileId="7" StartOffset="4938"/>
</LocList>
</BasicStmnt>
<LoopStmnt CovItemId="S117" CovItemPrefix="Turn.java" Intrnl_Id="1436" MltplExecId="L13-2" MltplExecPrefix="Turn.java" NvrExecId="L13-0" NvrExecPrefix="Turn.java" OnceExecutedId="L13-1" OnceExecutedPrefix="Turn.java" OptBodyExec="true">
<StmntSeq Intrnl_Id="1437">
<LocList>
<Loc EndOffset="5068" SrcFileId="7" StartOffset="5045"/>
<Loc EndOffset="5323" SrcFileId="7" StartOffset="5074"/>
</LocList>
<BasicStmnt CovItemId="S118" CovItemPrefix="Turn.java" Intrnl_Id="1438">
<LocList>
<Loc EndOffset="5068" SrcFileId="7" StartOffset="5045"/>
</LocList>
</BasicStmnt>
<CondStmnt CovItemId="S119" CovItemPrefix="Turn.java" Intrnl_Id="1439">
<Branch CovItemId="B42" CovItemPrefix="Turn.java" Implct="false" Intrnl_Id="1440">
<Cond/>
<LocList>
<Loc EndOffset="5194" SrcFileId="7" StartOffset="5111"/>
</LocList>
<StmntSeq Intrnl_Id="1441">
<LocList>
<Loc EndOffset="5137" SrcFileId="7" StartOffset="5119"/>
<Loc EndOffset="5173" SrcFileId="7" StartOffset="5144"/>
<Loc EndOffset="5187" SrcFileId="7" StartOffset="5180"/>
</LocList>
<BasicStmnt CovItemId="S120" CovItemPrefix="Turn.java" Intrnl_Id="1442">
<LocList>
<Loc EndOffset="5137" SrcFileId="7" StartOffset="5119"/>
</LocList>
</BasicStmnt>
<BasicStmnt CovItemId="S121" CovItemPrefix="Turn.java" Intrnl_Id="1443">
<LocList>
<Loc EndOffset="5173" SrcFileId="7" StartOffset="5144"/>
</LocList>
</BasicStmnt>
<BasicStmnt CovItemId="S122" CovItemPrefix="Turn.java" Intrnl_Id="1444">
<LocList>
<Loc EndOffset="5187" SrcFileId="7" StartOffset="5180"/>
</LocList>
</BasicStmnt>
</StmntSeq>
</Branch>
<Branch CovItemId="B43" CovItemPrefix="Turn.java" Implct="false" Intrnl_Id="1445">
<Cond>
<Loc EndOffset="5204" SrcFileId="7" StartOffset="5200"/>
</Cond>
<LocList>
<Loc EndOffset="5323" SrcFileId="7" StartOffset="5205"/>
</LocList>
<StmntSeq Intrnl_Id="1446">
<LocList>
<Loc EndOffset="5323" SrcFileId="7" StartOffset="5205"/>
</LocList>
<CondStmnt CovItemId="S123" CovItemPrefix="Turn.java" Intrnl_Id="1447">
<Branch CovItemId="B44" CovItemPrefix="Turn.java" Implct="false" Intrnl_Id="1448">
<Cond/>
<LocList>
<Loc EndOffset="5323" SrcFileId="7" StartOffset="5242"/>
</LocList>
<StmntSeq Intrnl_Id="1449">
<LocList>
<Loc EndOffset="5268" SrcFileId="7" StartOffset="5250"/>
<Loc EndOffset="5302" SrcFileId="7" StartOffset="5275"/>
<Loc EndOffset="5316" SrcFileId="7" StartOffset="5309"/>
</LocList>
<BasicStmnt CovItemId="S124" CovItemPrefix="Turn.java" Intrnl_Id="1450">
<LocList>
<Loc EndOffset="5268" SrcFileId="7" StartOffset="5250"/>
</LocList>
</BasicStmnt>
<BasicStmnt CovItemId="S125" CovItemPrefix="Turn.java" Intrnl_Id="1451">
<LocList>
<Loc EndOffset="5302" SrcFileId="7" StartOffset="5275"/>
</LocList>
</BasicStmnt>
<BasicStmnt CovItemId="S126" CovItemPrefix="Turn.java" Intrnl_Id="1452">
<LocList>
<Loc EndOffset="5316" SrcFileId="7" StartOffset="5309"/>
</LocList>
</BasicStmnt>
</StmntSeq>
</Branch>
<Branch CovItemId="B45" CovItemPrefix="Turn.java" Implct="true" Intrnl_Id="1453">
<Cond/>
<LocList/>
<StmntSeq Intrnl_Id="1454">
<LocList/>
</StmntSeq>
</Branch>
<Keyword EndOffset="5207" SrcFileId="7" StartOffset="5205"/>
<LocList>
<Loc EndOffset="5323" SrcFileId="7" StartOffset="5205"/>
</LocList>
<RootTerm CovItemId="C31" CovItemPrefix="Turn.java" Intrnl_Id="1455">
<BasicBoolTerm Intrnl_Id="1456">
<LocList>
<Loc EndOffset="5235" SrcFileId="7" StartOffset="5208"/>
</LocList>
</BasicBoolTerm>
</RootTerm>
</CondStmnt>
</StmntSeq>
</Branch>
<Keyword EndOffset="5076" SrcFileId="7" StartOffset="5074"/>
<LocList>
<Loc EndOffset="5323" SrcFileId="7" StartOffset="5074"/>
</LocList>
<RootTerm CovItemId="C30" CovItemPrefix="Turn.java" Intrnl_Id="1457">
<BasicBoolTerm Intrnl_Id="1458">
<LocList>
<Loc EndOffset="5104" SrcFileId="7" StartOffset="5077"/>
</LocList>
</BasicBoolTerm>
</RootTerm>
</CondStmnt>
</StmntSeq>
<Keyword EndOffset="5020" SrcFileId="7" StartOffset="5015"/>
<LocList>
<Loc EndOffset="5329" SrcFileId="7" StartOffset="5015"/>
</LocList>
<RootTerm CovItemId="C29" CovItemPrefix="Turn.java" Intrnl_Id="1459">
<BasicBoolTerm Intrnl_Id="1460">
<LocList>
<Loc EndOffset="5037" SrcFileId="7" StartOffset="5021"/>
</LocList>
</BasicBoolTerm>
</RootTerm>
</LoopStmnt>
<BasicStmnt CovItemId="S127" CovItemPrefix="Turn.java" Intrnl_Id="1461">
<LocList>
<Loc EndOffset="5389" SrcFileId="7" StartOffset="5334"/>
</LocList>
</BasicStmnt>
<BasicStmnt CovItemId="S128" CovItemPrefix="Turn.java" Intrnl_Id="1462">
<LocList>
<Loc EndOffset="5400" SrcFileId="7" StartOffset="5394"/>
</LocList>
</BasicStmnt>
</StmntSeq>
</Branch>
<Branch CovItemId="B46" CovItemPrefix="Turn.java" Implct="false" Intrnl_Id="1463">
<Cond>
<Loc EndOffset="5416" SrcFileId="7" StartOffset="5404"/>
</Cond>
<LocList>
<Loc EndOffset="6004" SrcFileId="7" StartOffset="5422"/>
</LocList>
<StmntSeq Intrnl_Id="1464">
<LocList>
<Loc EndOffset="5440" SrcFileId="7" StartOffset="5422"/>
<Loc EndOffset="5619" SrcFileId="7" StartOffset="5445"/>
<Loc EndOffset="5663" SrcFileId="7" StartOffset="5624"/>
<Loc EndOffset="6004" SrcFileId="7" StartOffset="5668"/>
</LocList>
<BasicStmnt CovItemId="S129" CovItemPrefix="Turn.java" Intrnl_Id="1465">
<LocList>
<Loc EndOffset="5440" SrcFileId="7" StartOffset="5422"/>
</LocList>
</BasicStmnt>
<BasicStmnt CovItemId="S130" CovItemPrefix="Turn.java" Intrnl_Id="1466">
<LocList>
<Loc EndOffset="5619" SrcFileId="7" StartOffset="5445"/>
</LocList>
</BasicStmnt>
<BasicStmnt CovItemId="S131" CovItemPrefix="Turn.java" Intrnl_Id="1467">
<LocList>
<Loc EndOffset="5663" SrcFileId="7" StartOffset="5624"/>
</LocList>
</BasicStmnt>
<CondStmnt CovItemId="S132" CovItemPrefix="Turn.java" Intrnl_Id="1468">
<Branch CovItemId="B47" CovItemPrefix="Turn.java" Implct="false" Intrnl_Id="1469">
<Cond/>
<LocList>
<Loc EndOffset="6004" SrcFileId="7" StartOffset="5701"/>
</LocList>
<StmntSeq Intrnl_Id="1470">
<LocList>
<Loc EndOffset="5869" SrcFileId="7" StartOffset="5708"/>
<Loc EndOffset="5986" SrcFileId="7" StartOffset="5874"/>
<Loc EndOffset="5998" SrcFileId="7" StartOffset="5991"/>
</LocList>
<LoopStmnt CovItemId="S133" CovItemPrefix="Turn.java" Intrnl_Id="1471" MltplExecId="L14-2" MltplExecPrefix="Turn.java" NvrExecId="L14-0" NvrExecPrefix="Turn.java" OnceExecutedId="L14-1" OnceExecutedPrefix="Turn.java" OptBodyExec="true">
<StmntSeq Intrnl_Id="1472">
<LocList>
<Loc EndOffset="5815" SrcFileId="7" StartOffset="5777"/>
<Loc EndOffset="5862" SrcFileId="7" StartOffset="5822"/>
</LocList>
<BasicStmnt CovItemId="S134" CovItemPrefix="Turn.java" Intrnl_Id="1473">
<LocList>
<Loc EndOffset="5815" SrcFileId="7" StartOffset="5777"/>
</LocList>
</BasicStmnt>
<CondStmnt CovItemId="S135" CovItemPrefix="Turn.java" Intrnl_Id="1474">
<Branch CovItemId="B49" CovItemPrefix="Turn.java" Implct="false" Intrnl_Id="1475">
<Cond/>
<LocList>
<Loc EndOffset="5862" SrcFileId="7" StartOffset="5856"/>
</LocList>
<StmntSeq Intrnl_Id="1476">
<LocList>
<Loc EndOffset="5862" SrcFileId="7" StartOffset="5856"/>
</LocList>
<BasicStmnt CovItemId="S136" CovItemPrefix="Turn.java" Intrnl_Id="1477">
<LocList>
<Loc EndOffset="5862" SrcFileId="7" StartOffset="5856"/>
</LocList>
</BasicStmnt>
</StmntSeq>
</Branch>
<Branch CovItemId="B50" CovItemPrefix="Turn.java" Implct="true" Intrnl_Id="1478">
<Cond/>
<LocList/>
<StmntSeq Intrnl_Id="1479">
<LocList/>
</StmntSeq>
</Branch>
<Keyword EndOffset="5824" SrcFileId="7" StartOffset="5822"/>
<LocList>
<Loc EndOffset="5862" SrcFileId="7" StartOffset="5822"/>
</LocList>
<RootTerm CovItemId="C34" CovItemPrefix="Turn.java" Intrnl_Id="1480">
<BasicBoolTerm Intrnl_Id="1481">
<LocList>
<Loc EndOffset="5854" SrcFileId="7" StartOffset="5825"/>
</LocList>
</BasicBoolTerm>
</RootTerm>
</CondStmnt>
</StmntSeq>
<Keyword EndOffset="5711" SrcFileId="7" StartOffset="5708"/>
<LocList>
<Loc EndOffset="5869" SrcFileId="7" StartOffset="5708"/>
</LocList>
<RootTerm CovItemId="C33" CovItemPrefix="Turn.java" Intrnl_Id="1482">
<BasicBoolTerm Intrnl_Id="1483">
<LocList>
<Loc EndOffset="5725" SrcFileId="7" StartOffset="5721"/>
</LocList>
</BasicBoolTerm>
</RootTerm>
</LoopStmnt>
<CondStmnt CovItemId="S137" CovItemPrefix="Turn.java" Intrnl_Id="1484">
<Branch CovItemId="B51" CovItemPrefix="Turn.java" Implct="false" Intrnl_Id="1485">
<Cond/>
<LocList>
<Loc EndOffset="5947" SrcFileId="7" StartOffset="5893"/>
</LocList>
<StmntSeq Intrnl_Id="1486">
<LocList>
<Loc EndOffset="5947" SrcFileId="7" StartOffset="5893"/>
</LocList>
<BasicStmnt CovItemId="S138" CovItemPrefix="Turn.java" Intrnl_Id="1487">
<LocList>
<Loc EndOffset="5947" SrcFileId="7" StartOffset="5893"/>
</LocList>
</BasicStmnt>
</StmntSeq>
</Branch>
<Branch CovItemId="B52" CovItemPrefix="Turn.java" Implct="false" Intrnl_Id="1488">
<Cond>
<Loc EndOffset="5956" SrcFileId="7" StartOffset="5952"/>
</Cond>
<LocList>
<Loc EndOffset="5986" SrcFileId="7" StartOffset="5957"/>
</LocList>
<StmntSeq Intrnl_Id="1489">
<LocList>
<Loc EndOffset="5986" SrcFileId="7" StartOffset="5957"/>
</LocList>
<BasicStmnt CovItemId="S139" CovItemPrefix="Turn.java" Intrnl_Id="1490">
<LocList>
<Loc EndOffset="5986" SrcFileId="7" StartOffset="5957"/>
</LocList>
</BasicStmnt>
</StmntSeq>
</Branch>
<Keyword EndOffset="5876" SrcFileId="7" StartOffset="5874"/>
<LocList>
<Loc EndOffset="5986" SrcFileId="7" StartOffset="5874"/>
</LocList>
<RootTerm CovItemId="C35" CovItemPrefix="Turn.java" Intrnl_Id="1491">
<BasicBoolTerm Intrnl_Id="1492">
<LocList>
<Loc EndOffset="5891" SrcFileId="7" StartOffset="5877"/>
</LocList>
</BasicBoolTerm>
</RootTerm>
</CondStmnt>
<BasicStmnt CovItemId="S140" CovItemPrefix="Turn.java" Intrnl_Id="1493">
<LocList>
<Loc EndOffset="5998" SrcFileId="7" StartOffset="5991"/>
</LocList>
</BasicStmnt>
</StmntSeq>
</Branch>
<Branch CovItemId="B48" CovItemPrefix="Turn.java" Implct="true" Intrnl_Id="1494">
<Cond/>
<LocList/>
<StmntSeq Intrnl_Id="1495">
<LocList/>
</StmntSeq>
</Branch>
<Keyword EndOffset="5670" SrcFileId="7" StartOffset="5668"/>
<LocList>
<Loc EndOffset="6004" SrcFileId="7" StartOffset="5668"/>
</LocList>
<RootTerm CovItemId="C32" CovItemPrefix="Turn.java" Intrnl_Id="1496">
<BasicBoolTerm Intrnl_Id="1497">
<LocList>
<Loc EndOffset="5700" SrcFileId="7" StartOffset="5671"/>
</LocList>
</BasicBoolTerm>
</RootTerm>
</CondStmnt>
</StmntSeq>
</Branch>
<Branch CovItemId="B53" CovItemPrefix="Turn.java" Implct="false" Intrnl_Id="1498">
<Cond>
<Loc EndOffset="6022" SrcFileId="7" StartOffset="6008"/>
</Cond>
<LocList>
<Loc EndOffset="6190" SrcFileId="7" StartOffset="6028"/>
</LocList>
<StmntSeq Intrnl_Id="1499">
<LocList>
<Loc EndOffset="6046" SrcFileId="7" StartOffset="6028"/>
<Loc EndOffset="6146" SrcFileId="7" StartOffset="6051"/>
<Loc EndOffset="6178" SrcFileId="7" StartOffset="6151"/>
<Loc EndOffset="6190" SrcFileId="7" StartOffset="6183"/>
</LocList>
<BasicStmnt CovItemId="S141" CovItemPrefix="Turn.java" Intrnl_Id="1500">
<LocList>
<Loc EndOffset="6046" SrcFileId="7" StartOffset="6028"/>
</LocList>
</BasicStmnt>
<BasicStmnt CovItemId="S142" CovItemPrefix="Turn.java" Intrnl_Id="1501">
<LocList>
<Loc EndOffset="6146" SrcFileId="7" StartOffset="6051"/>
</LocList>
</BasicStmnt>
<BasicStmnt CovItemId="S143" CovItemPrefix="Turn.java" Intrnl_Id="1502">
<LocList>
<Loc EndOffset="6178" SrcFileId="7" StartOffset="6151"/>
</LocList>
</BasicStmnt>
<BasicStmnt CovItemId="S144" CovItemPrefix="Turn.java" Intrnl_Id="1503">
<LocList>
<Loc EndOffset="6190" SrcFileId="7" StartOffset="6183"/>
</LocList>
</BasicStmnt>
</StmntSeq>
</Branch>
<Branch CovItemId="B54" CovItemPrefix="Turn.java" Implct="true" Intrnl_Id="1504">
<Cond/>
<LocList/>
<StmntSeq Intrnl_Id="1505">
<LocList/>
</StmntSeq>
</Branch>
<Keyword EndOffset="4901" SrcFileId="7" StartOffset="4895"/>
<LocList>
<Loc EndOffset="6200" SrcFileId="7" StartOffset="4895"/>
</LocList>
</CondStmnt>
<BasicStmnt CovItemId="S145" CovItemPrefix="Turn.java" Intrnl_Id="1506">
<LocList>
<Loc EndOffset="6215" SrcFileId="7" StartOffset="6208"/>
</LocList>
</BasicStmnt>
</StmntSeq>
</HierarchyLvl>
</HierarchyLvl>
<HierarchyLvl HierarchyLvlId="1158" HierarchyLvlTypeId="11" Intrnl_Id="1507" Name="TurnTest">
<Header>
<Loc EndOffset="84" SrcFileId="8" StartOffset="63"/>
</Header>
<LocList>
<Loc EndOffset="1020" SrcFileId="8" StartOffset="63"/>
</LocList>
<HierarchyLvl HierarchyLvlId="1155" HierarchyLvlTypeId="10" Intrnl_Id="1508" Name="testBuyCards">
<Header>
<Loc EndOffset="125" SrcFileId="8" StartOffset="91"/>
</Header>
<LocList>
<Loc EndOffset="414" SrcFileId="8" StartOffset="91"/>
</LocList>
<StmntSeq Intrnl_Id="1509">
<LocList>
<Loc EndOffset="168" SrcFileId="8" StartOffset="131"/>
<Loc EndOffset="207" SrcFileId="8" StartOffset="172"/>
<Loc EndOffset="255" SrcFileId="8" StartOffset="211"/>
<Loc EndOffset="306" SrcFileId="8" StartOffset="259"/>
<Loc EndOffset="348" SrcFileId="8" StartOffset="310"/>
<Loc EndOffset="406" SrcFileId="8" StartOffset="352"/>
</LocList>
<BasicStmnt CovItemId="S1" CovItemPrefix="TurnTest.java" Intrnl_Id="1510">
<LocList>
<Loc EndOffset="168" SrcFileId="8" StartOffset="131"/>
</LocList>
</BasicStmnt>
<BasicStmnt CovItemId="S2" CovItemPrefix="TurnTest.java" Intrnl_Id="1511">
<LocList>
<Loc EndOffset="207" SrcFileId="8" StartOffset="172"/>
</LocList>
</BasicStmnt>
<BasicStmnt CovItemId="S3" CovItemPrefix="TurnTest.java" Intrnl_Id="1512">
<LocList>
<Loc EndOffset="255" SrcFileId="8" StartOffset="211"/>
</LocList>
</BasicStmnt>
<BasicStmnt CovItemId="S4" CovItemPrefix="TurnTest.java" Intrnl_Id="1513">
<LocList>
<Loc EndOffset="306" SrcFileId="8" StartOffset="259"/>
</LocList>
</BasicStmnt>
<BasicStmnt CovItemId="S5" CovItemPrefix="TurnTest.java" Intrnl_Id="1514">
<LocList>
<Loc EndOffset="348" SrcFileId="8" StartOffset="310"/>
</LocList>
</BasicStmnt>
<BasicStmnt CovItemId="S6" CovItemPrefix="TurnTest.java" Intrnl_Id="1515">
<LocList>
<Loc EndOffset="406" SrcFileId="8" StartOffset="352"/>
</LocList>
</BasicStmnt>
</StmntSeq>
</HierarchyLvl>
<HierarchyLvl HierarchyLvlId="1156" HierarchyLvlTypeId="10" Intrnl_Id="1516" Name="testEndTurn">
<Header>
<Loc EndOffset="452" SrcFileId="8" StartOffset="419"/>
</Header>
<LocList>
<Loc EndOffset="656" SrcFileId="8" StartOffset="419"/>
</LocList>
<StmntSeq Intrnl_Id="1517">
<LocList>
<Loc EndOffset="495" SrcFileId="8" StartOffset="458"/>
<Loc EndOffset="534" SrcFileId="8" StartOffset="499"/>
<Loc EndOffset="581" SrcFileId="8" StartOffset="538"/>
<Loc EndOffset="613" SrcFileId="8" StartOffset="585"/>
</LocList>
<BasicStmnt CovItemId="S7" CovItemPrefix="TurnTest.java" Intrnl_Id="1518">
<LocList>
<Loc EndOffset="495" SrcFileId="8" StartOffset="458"/>
</LocList>
</BasicStmnt>
<BasicStmnt CovItemId="S8" CovItemPrefix="TurnTest.java" Intrnl_Id="1519">
<LocList>
<Loc EndOffset="534" SrcFileId="8" StartOffset="499"/>
</LocList>
</BasicStmnt>
<BasicStmnt CovItemId="S9" CovItemPrefix="TurnTest.java" Intrnl_Id="1520">
<LocList>
<Loc EndOffset="581" SrcFileId="8" StartOffset="538"/>
</LocList>
</BasicStmnt>
<BasicStmnt CovItemId="S10" CovItemPrefix="TurnTest.java" Intrnl_Id="1521">
<LocList>
<Loc EndOffset="613" SrcFileId="8" StartOffset="585"/>
</LocList>
</BasicStmnt>
</StmntSeq>
</HierarchyLvl>
<HierarchyLvl HierarchyLvlId="1157" HierarchyLvlTypeId="10" Intrnl_Id="1522" Name="testPlayAction">
<Header>
<Loc EndOffset="697" SrcFileId="8" StartOffset="661"/>
</Header>
<LocList>
<Loc EndOffset="1015" SrcFileId="8" StartOffset="661"/>
</LocList>
<StmntSeq Intrnl_Id="1523">
<LocList>
<Loc EndOffset="740" SrcFileId="8" StartOffset="703"/>
<Loc EndOffset="779" SrcFileId="8" StartOffset="744"/>
<Loc EndOffset="825" SrcFileId="8" StartOffset="783"/>
<Loc EndOffset="870" SrcFileId="8" StartOffset="829"/>
<Loc EndOffset="912" SrcFileId="8" StartOffset="874"/>
<Loc EndOffset="962" SrcFileId="8" StartOffset="916"/>
<Loc EndOffset="1011" SrcFileId="8" StartOffset="966"/>
</LocList>
<BasicStmnt CovItemId="S11" CovItemPrefix="TurnTest.java" Intrnl_Id="1524">
<LocList>
<Loc EndOffset="740" SrcFileId="8" StartOffset="703"/>
</LocList>
</BasicStmnt>
<BasicStmnt CovItemId="S12" CovItemPrefix="TurnTest.java" Intrnl_Id="1525">
<LocList>
<Loc EndOffset="779" SrcFileId="8" StartOffset="744"/>
</LocList>
</BasicStmnt>
<BasicStmnt CovItemId="S13" CovItemPrefix="TurnTest.java" Intrnl_Id="1526">
<LocList>
<Loc EndOffset="825" SrcFileId="8" StartOffset="783"/>
</LocList>
</BasicStmnt>
<BasicStmnt CovItemId="S14" CovItemPrefix="TurnTest.java" Intrnl_Id="1527">
<LocList>
<Loc EndOffset="870" SrcFileId="8" StartOffset="829"/>
</LocList>
</BasicStmnt>
<BasicStmnt CovItemId="S15" CovItemPrefix="TurnTest.java" Intrnl_Id="1528">
<LocList>
<Loc EndOffset="912" SrcFileId="8" StartOffset="874"/>
</LocList>
</BasicStmnt>
<BasicStmnt CovItemId="S16" CovItemPrefix="TurnTest.java" Intrnl_Id="1529">
<LocList>
<Loc EndOffset="962" SrcFileId="8" StartOffset="916"/>
</LocList>
</BasicStmnt>
<BasicStmnt CovItemId="S17" CovItemPrefix="TurnTest.java" Intrnl_Id="1530">
<LocList>
<Loc EndOffset="1011" SrcFileId="8" StartOffset="966"/>
</LocList>
</BasicStmnt>
</StmntSeq>
</HierarchyLvl>
</HierarchyLvl>
</HierarchyLvl>
</MASTRoot>
</TestSessionContainer>
